<?xml version="1.0" encoding="UTF-8"?>
<coverage generated="1755715558013" clover="3.2.0">
  <project timestamp="1755715558013" name="All files">
    <metrics statements="1625" coveredstatements="1293" conditionals="879" coveredconditionals="645" methods="372" coveredmethods="298" elements="2876" coveredelements="2236" complexity="0" loc="1625" ncloc="1625" packages="11" files="61" classes="61"/>
    <package name="application.dtos">
      <metrics statements="13" coveredstatements="13" conditionals="0" coveredconditionals="0" methods="0" coveredmethods="0"/>
      <file name="TeamDto.js" path="D:\www\emanager.com\backend\src\application\dtos\TeamDto.js">
        <metrics statements="2" coveredstatements="2" conditionals="0" coveredconditionals="0" methods="0" coveredmethods="0"/>
        <line num="12" count="1" type="stmt"/>
        <line num="21" count="1" type="stmt"/>
      </file>
      <file name="UserDto.js" path="D:\www\emanager.com\backend\src\application\dtos\UserDto.js">
        <metrics statements="11" coveredstatements="11" conditionals="0" coveredconditionals="0" methods="0" coveredmethods="0"/>
        <line num="17" count="1" type="stmt"/>
        <line num="32" count="1" type="stmt"/>
        <line num="49" count="1" type="stmt"/>
        <line num="58" count="1" type="stmt"/>
        <line num="66" count="1" type="stmt"/>
        <line num="74" count="1" type="stmt"/>
        <line num="81" count="1" type="stmt"/>
        <line num="89" count="1" type="stmt"/>
        <line num="95" count="1" type="stmt"/>
        <line num="101" count="1" type="stmt"/>
        <line num="108" count="1" type="stmt"/>
      </file>
    </package>
    <package name="application.services">
      <metrics statements="398" coveredstatements="313" conditionals="276" coveredconditionals="180" methods="60" coveredmethods="52"/>
      <file name="AdminService.js" path="D:\www\emanager.com\backend\src\application\services\AdminService.js">
        <metrics statements="2" coveredstatements="2" conditionals="1" coveredconditionals="1" methods="2" coveredmethods="2"/>
        <line num="3" count="7" type="stmt"/>
        <line num="10" count="1" type="stmt"/>
      </file>
      <file name="AuthService.js" path="D:\www\emanager.com\backend\src\application\services\AuthService.js">
        <metrics statements="167" coveredstatements="149" conditionals="89" coveredconditionals="78" methods="15" coveredmethods="14"/>
        <line num="47" count="68" type="stmt"/>
        <line num="48" count="68" type="stmt"/>
        <line num="49" count="68" type="stmt"/>
        <line num="50" count="68" type="stmt"/>
        <line num="59" count="4" type="stmt"/>
        <line num="62" count="4" type="stmt"/>
        <line num="67" count="4" type="cond" truecount="2" falsecount="0"/>
        <line num="68" count="1" type="stmt"/>
        <line num="85" count="3" type="cond" truecount="2" falsecount="0"/>
        <line num="86" count="1" type="stmt"/>
        <line num="103" count="2" type="stmt"/>
        <line num="104" count="2" type="stmt"/>
        <line num="106" count="2" type="stmt"/>
        <line num="107" count="2" type="stmt"/>
        <line num="109" count="1" type="stmt"/>
        <line num="112" count="1" type="stmt"/>
        <line num="130" count="1" type="stmt"/>
        <line num="139" count="1" type="cond" truecount="1" falsecount="1"/>
        <line num="140" count="0" type="stmt"/>
        <line num="152" count="1" type="stmt"/>
        <line num="154" count="1" type="stmt"/>
        <line num="163" count="8" type="stmt"/>
        <line num="165" count="8" type="cond" truecount="2" falsecount="0"/>
        <line num="166" count="2" type="stmt"/>
        <line num="184" count="6" type="stmt"/>
        <line num="186" count="6" type="cond" truecount="2" falsecount="0"/>
        <line num="187" count="1" type="stmt"/>
        <line num="204" count="5" type="cond" truecount="2" falsecount="0"/>
        <line num="205" count="1" type="stmt"/>
        <line num="223" count="4" type="cond" truecount="4" falsecount="0"/>
        <line num="224" count="1" type="stmt"/>
        <line num="241" count="3" type="stmt"/>
        <line num="242" count="3" type="stmt"/>
        <line num="244" count="2" type="cond" truecount="1" falsecount="1"/>
        <line num="245" count="0" type="stmt"/>
        <line num="262" count="2" type="stmt"/>
        <line num="264" count="1" type="stmt"/>
        <line num="290" count="9" type="stmt"/>
        <line num="292" count="9" type="cond" truecount="2" falsecount="0"/>
        <line num="293" count="2" type="stmt"/>
        <line num="310" count="7" type="stmt"/>
        <line num="311" count="7" type="cond" truecount="2" falsecount="0"/>
        <line num="312" count="1" type="stmt"/>
        <line num="333" count="6" type="cond" truecount="2" falsecount="0"/>
        <line num="334" count="1" type="stmt"/>
        <line num="352" count="5" type="stmt"/>
        <line num="353" count="5" type="stmt"/>
        <line num="355" count="2" type="stmt"/>
        <line num="359" count="5" type="stmt"/>
        <line num="370" count="5" type="stmt"/>
        <line num="377" count="5" type="stmt"/>
        <line num="378" count="5" type="stmt"/>
        <line num="385" count="1" type="stmt"/>
        <line num="388" count="5" type="stmt"/>
        <line num="400" count="2" type="stmt"/>
        <line num="402" count="2" type="cond" truecount="2" falsecount="0"/>
        <line num="403" count="1" type="stmt"/>
        <line num="420" count="1" type="stmt"/>
        <line num="421" count="1" type="stmt"/>
        <line num="430" count="6" type="stmt"/>
        <line num="431" count="6" type="cond" truecount="1" falsecount="1"/>
        <line num="432" count="0" type="stmt"/>
        <line num="449" count="6" type="stmt"/>
        <line num="450" count="5" type="cond" truecount="2" falsecount="0"/>
        <line num="451" count="2" type="stmt"/>
        <line num="468" count="3" type="cond" truecount="2" falsecount="0"/>
        <line num="470" count="1" type="stmt"/>
        <line num="472" count="1" type="cond" truecount="1" falsecount="1"/>
        <line num="473" count="1" type="stmt"/>
        <line num="491" count="0" type="stmt"/>
        <line num="509" count="2" type="stmt"/>
        <line num="512" count="2" type="stmt"/>
        <line num="515" count="2" type="stmt"/>
        <line num="517" count="2" type="cond" truecount="2" falsecount="0"/>
        <line num="518" count="1" type="stmt"/>
        <line num="536" count="1" type="stmt"/>
        <line num="542" count="1" type="cond" truecount="1" falsecount="1"/>
        <line num="543" count="0" type="stmt"/>
        <line num="561" count="1" type="stmt"/>
        <line num="566" count="1" type="cond" truecount="1" falsecount="1"/>
        <line num="567" count="0" type="stmt"/>
        <line num="584" count="1" type="stmt"/>
        <line num="586" count="5" type="stmt"/>
        <line num="587" count="5" type="stmt"/>
        <line num="613" count="4" type="stmt"/>
        <line num="615" count="4" type="cond" truecount="2" falsecount="0"/>
        <line num="616" count="2" type="stmt"/>
        <line num="633" count="2" type="stmt"/>
        <line num="642" count="2" type="stmt"/>
        <line num="644" count="2" type="cond" truecount="2" falsecount="0"/>
        <line num="645" count="1" type="stmt"/>
        <line num="663" count="1" type="stmt"/>
        <line num="664" count="1" type="stmt"/>
        <line num="666" count="1" type="stmt"/>
        <line num="667" count="1" type="stmt"/>
        <line num="669" count="0" type="stmt"/>
        <line num="672" count="0" type="stmt"/>
        <line num="691" count="1" type="stmt"/>
        <line num="697" count="1" type="cond" truecount="1" falsecount="1"/>
        <line num="698" count="0" type="stmt"/>
        <line num="715" count="1" type="stmt"/>
        <line num="725" count="9" type="stmt"/>
        <line num="727" count="9" type="cond" truecount="2" falsecount="0"/>
        <line num="728" count="2" type="stmt"/>
        <line num="746" count="7" type="stmt"/>
        <line num="748" count="7" type="cond" truecount="2" falsecount="0"/>
        <line num="750" count="3" type="stmt"/>
        <line num="752" count="3" type="cond" truecount="2" falsecount="0"/>
        <line num="753" count="1" type="stmt"/>
        <line num="771" count="2" type="cond" truecount="2" falsecount="0"/>
        <line num="772" count="1" type="stmt"/>
        <line num="789" count="1" type="cond" truecount="3" falsecount="1"/>
        <line num="790" count="1" type="stmt"/>
        <line num="809" count="4" type="stmt"/>
        <line num="812" count="3" type="stmt"/>
        <line num="814" count="3" type="cond" truecount="2" falsecount="0"/>
        <line num="815" count="1" type="stmt"/>
        <line num="835" count="2" type="stmt"/>
        <line num="838" count="7" type="cond" truecount="2" falsecount="0"/>
        <line num="839" count="6" type="stmt"/>
        <line num="843" count="1" type="stmt"/>
        <line num="844" count="1" type="stmt"/>
        <line num="868" count="7" type="stmt"/>
        <line num="870" count="7" type="cond" truecount="2" falsecount="0"/>
        <line num="871" count="1" type="stmt"/>
        <line num="879" count="6" type="stmt"/>
        <line num="881" count="5" type="cond" truecount="2" falsecount="0"/>
        <line num="882" count="1" type="stmt"/>
        <line num="890" count="4" type="cond" truecount="2" falsecount="0"/>
        <line num="891" count="1" type="stmt"/>
        <line num="899" count="3" type="cond" truecount="2" falsecount="0"/>
        <line num="900" count="1" type="stmt"/>
        <line num="908" count="2" type="cond" truecount="4" falsecount="0"/>
        <line num="909" count="1" type="stmt"/>
        <line num="917" count="1" type="stmt"/>
        <line num="923" count="1" type="stmt"/>
        <line num="924" count="1" type="stmt"/>
        <line num="948" count="27" type="cond" truecount="4" falsecount="0"/>
        <line num="949" count="23" type="cond" truecount="2" falsecount="0"/>
        <line num="950" count="17" type="stmt"/>
        <line num="951" count="17" type="stmt"/>
        <line num="960" count="3" type="cond" truecount="1" falsecount="1"/>
        <line num="961" count="0" type="stmt"/>
        <line num="966" count="3" type="stmt"/>
        <line num="969" count="3" type="stmt"/>
        <line num="982" count="3" type="stmt"/>
        <line num="983" count="3" type="stmt"/>
        <line num="985" count="3" type="stmt"/>
        <line num="993" count="3" type="stmt"/>
        <line num="1002" count="3" type="stmt"/>
        <line num="1004" count="3" type="cond" truecount="2" falsecount="0"/>
        <line num="1005" count="1" type="stmt"/>
        <line num="1022" count="2" type="cond" truecount="2" falsecount="0"/>
        <line num="1023" count="1" type="stmt"/>
        <line num="1041" count="1" type="stmt"/>
        <line num="1042" count="1" type="stmt"/>
        <line num="1044" count="1" type="stmt"/>
        <line num="1051" count="1" type="stmt"/>
        <line num="1061" count="0" type="cond" truecount="0" falsecount="2"/>
        <line num="1062" count="0" type="stmt"/>
        <line num="1067" count="0" type="stmt"/>
        <line num="1070" count="0" type="stmt"/>
        <line num="1083" count="0" type="stmt"/>
        <line num="1084" count="0" type="stmt"/>
        <line num="1086" count="0" type="stmt"/>
        <line num="1094" count="0" type="stmt"/>
        <line num="1102" count="1" type="stmt"/>
      </file>
      <file name="CountriesService.js" path="D:\www\emanager.com\backend\src\application\services\CountriesService.js">
        <metrics statements="8" coveredstatements="8" conditionals="4" coveredconditionals="3" methods="2" coveredmethods="2"/>
        <line num="12" count="8" type="stmt"/>
        <line num="13" count="8" type="stmt"/>
        <line num="20" count="2" type="stmt"/>
        <line num="21" count="2" type="stmt"/>
        <line num="22" count="1" type="cond" truecount="3" falsecount="1"/>
        <line num="23" count="1" type="stmt"/>
        <line num="30" count="1" type="stmt"/>
        <line num="31" count="1" type="stmt"/>
      </file>
      <file name="GameService.js" path="D:\www\emanager.com\backend\src\application\services\GameService.js">
        <metrics statements="5" coveredstatements="5" conditionals="0" coveredconditionals="0" methods="2" coveredmethods="2"/>
        <line num="16" count="8" type="stmt"/>
        <line num="17" count="8" type="stmt"/>
        <line num="24" count="2" type="stmt"/>
        <line num="25" count="2" type="stmt"/>
        <line num="27" count="1" type="stmt"/>
      </file>
      <file name="ManagerService.js" path="D:\www\emanager.com\backend\src\application\services\ManagerService.js">
        <metrics statements="2" coveredstatements="2" conditionals="1" coveredconditionals="1" methods="2" coveredmethods="2"/>
        <line num="3" count="7" type="stmt"/>
        <line num="10" count="1" type="stmt"/>
      </file>
      <file name="NameModerationService.js" path="D:\www\emanager.com\backend\src\application\services\NameModerationService.js">
        <metrics statements="34" coveredstatements="34" conditionals="50" coveredconditionals="25" methods="6" coveredmethods="6"/>
        <line num="11" count="17" type="stmt"/>
        <line num="12" count="17" type="stmt"/>
        <line num="13" count="17" type="stmt"/>
        <line num="22" count="8" type="cond" truecount="2" falsecount="0"/>
        <line num="23" count="1" type="stmt"/>
        <line num="26" count="1" type="stmt"/>
        <line num="29" count="7" type="stmt"/>
        <line num="30" count="7" type="stmt"/>
        <line num="42" count="6" type="stmt"/>
        <line num="45" count="6" type="cond" truecount="1" falsecount="1"/>
        <line num="46" count="6" type="cond" truecount="1" falsecount="1"/>
        <line num="47" count="6" type="cond" truecount="1" falsecount="1"/>
        <line num="48" count="6" type="cond" truecount="1" falsecount="1"/>
        <line num="49" count="6" type="cond" truecount="1" falsecount="1"/>
        <line num="52" count="6" type="cond" truecount="1" falsecount="1"/>
        <line num="55" count="6" type="cond" truecount="5" falsecount="0"/>
        <line num="61" count="6" type="cond" truecount="2" falsecount="0"/>
        <line num="62" count="1" type="stmt"/>
        <line num="71" count="6" type="stmt"/>
        <line num="73" count="1" type="stmt"/>
        <line num="77" count="1" type="stmt"/>
        <line num="88" count="2" type="stmt"/>
        <line num="89" count="2" type="stmt"/>
        <line num="98" count="1" type="stmt"/>
        <line num="107" count="3" type="cond" truecount="2" falsecount="0"/>
        <line num="108" count="1" type="stmt"/>
        <line num="111" count="2" type="stmt"/>
        <line num="112" count="2" type="stmt"/>
        <line num="124" count="1" type="stmt"/>
        <line num="125" count="1" type="cond" truecount="1" falsecount="1"/>
        <line num="127" count="1" type="stmt"/>
        <line num="141" count="1" type="stmt"/>
        <line num="157" count="1" type="stmt"/>
        <line num="168" count="2" type="stmt"/>
      </file>
      <file name="ProfileService.js" path="D:\www\emanager.com\backend\src\application\services\ProfileService.js">
        <metrics statements="85" coveredstatements="27" conditionals="60" coveredconditionals="13" methods="13" coveredmethods="6"/>
        <line num="13" count="11" type="stmt"/>
        <line num="21" count="1" type="stmt"/>
        <line num="23" count="1" type="cond" truecount="1" falsecount="1"/>
        <line num="24" count="0" type="stmt"/>
        <line num="25" count="0" type="cond" truecount="0" falsecount="2"/>
        <line num="26" count="0" type="stmt"/>
        <line num="29" count="1" type="cond" truecount="1" falsecount="1"/>
        <line num="30" count="0" type="stmt"/>
        <line num="37" count="1" type="stmt"/>
        <line num="38" count="1" type="cond" truecount="1" falsecount="1"/>
        <line num="39" count="1" type="stmt"/>
        <line num="46" count="1" type="stmt"/>
        <line num="47" count="1" type="cond" truecount="3" falsecount="1"/>
        <line num="48" count="1" type="stmt"/>
        <line num="51" count="1" type="cond" truecount="2" falsecount="0"/>
        <line num="59" count="0" type="stmt"/>
        <line num="60" count="0" type="cond" truecount="0" falsecount="2"/>
        <line num="61" count="0" type="stmt"/>
        <line num="68" count="0" type="stmt"/>
        <line num="69" count="0" type="cond" truecount="0" falsecount="2"/>
        <line num="78" count="0" type="stmt"/>
        <line num="79" count="0" type="cond" truecount="0" falsecount="2"/>
        <line num="80" count="0" type="stmt"/>
        <line num="87" count="0" type="stmt"/>
        <line num="88" count="0" type="stmt"/>
        <line num="89" count="0" type="stmt"/>
        <line num="97" count="0" type="stmt"/>
        <line num="98" count="0" type="cond" truecount="0" falsecount="2"/>
        <line num="99" count="0" type="stmt"/>
        <line num="106" count="0" type="stmt"/>
        <line num="110" count="0" type="cond" truecount="0" falsecount="4"/>
        <line num="119" count="0" type="stmt"/>
        <line num="120" count="0" type="cond" truecount="0" falsecount="2"/>
        <line num="121" count="0" type="stmt"/>
        <line num="128" count="0" type="stmt"/>
        <line num="129" count="0" type="cond" truecount="0" falsecount="2"/>
        <line num="132" count="0" type="stmt"/>
        <line num="133" count="0" type="stmt"/>
        <line num="134" count="0" type="stmt"/>
        <line num="136" count="0" type="stmt"/>
        <line num="137" count="0" type="stmt"/>
        <line num="138" count="0" type="stmt"/>
        <line num="139" count="0" type="stmt"/>
        <line num="140" count="0" type="stmt"/>
        <line num="141" count="0" type="cond" truecount="0" falsecount="2"/>
        <line num="142" count="0" type="cond" truecount="0" falsecount="4"/>
        <line num="143" count="0" type="stmt"/>
        <line num="159" count="0" type="cond" truecount="0" falsecount="2"/>
        <line num="160" count="0" type="stmt"/>
        <line num="172" count="0" type="cond" truecount="0" falsecount="2"/>
        <line num="173" count="0" type="stmt"/>
        <line num="176" count="0" type="stmt"/>
        <line num="177" count="0" type="stmt"/>
        <line num="178" count="0" type="stmt"/>
        <line num="179" count="0" type="stmt"/>
        <line num="180" count="0" type="stmt"/>
        <line num="181" count="0" type="cond" truecount="0" falsecount="2"/>
        <line num="182" count="0" type="stmt"/>
        <line num="202" count="0" type="cond" truecount="0" falsecount="2"/>
        <line num="203" count="0" type="stmt"/>
        <line num="206" count="0" type="cond" truecount="0" falsecount="2"/>
        <line num="207" count="0" type="stmt"/>
        <line num="208" count="0" type="stmt"/>
        <line num="210" count="0" type="stmt"/>
        <line num="214" count="0" type="cond" truecount="0" falsecount="4"/>
        <line num="223" count="1" type="stmt"/>
        <line num="224" count="1" type="cond" truecount="1" falsecount="1"/>
        <line num="225" count="0" type="stmt"/>
        <line num="232" count="1" type="stmt"/>
        <line num="233" count="1" type="stmt"/>
        <line num="242" count="1" type="stmt"/>
        <line num="243" count="1" type="cond" truecount="1" falsecount="1"/>
        <line num="244" count="0" type="stmt"/>
        <line num="251" count="1" type="stmt"/>
        <line num="252" count="1" type="stmt"/>
        <line num="260" count="1" type="stmt"/>
        <line num="261" count="1" type="cond" truecount="1" falsecount="1"/>
        <line num="262" count="0" type="stmt"/>
        <line num="269" count="1" type="stmt"/>
        <line num="270" count="1" type="cond" truecount="1" falsecount="1"/>
        <line num="279" count="1" type="stmt"/>
        <line num="280" count="1" type="cond" truecount="1" falsecount="1"/>
        <line num="281" count="0" type="stmt"/>
        <line num="288" count="1" type="stmt"/>
        <line num="289" count="1" type="stmt"/>
      </file>
      <file name="TeamService.js" path="D:\www\emanager.com\backend\src\application\services\TeamService.js">
        <metrics statements="64" coveredstatements="58" conditionals="45" coveredconditionals="37" methods="12" coveredmethods="12"/>
        <line num="18" count="26" type="stmt"/>
        <line num="19" count="26" type="stmt"/>
        <line num="27" count="2" type="stmt"/>
        <line num="29" count="2" type="cond" truecount="1" falsecount="1"/>
        <line num="30" count="0" type="stmt"/>
        <line num="41" count="2" type="stmt"/>
        <line num="50" count="2" type="stmt"/>
        <line num="52" count="2" type="cond" truecount="2" falsecount="0"/>
        <line num="53" count="1" type="stmt"/>
        <line num="70" count="1" type="stmt"/>
        <line num="79" count="3" type="stmt"/>
        <line num="81" count="3" type="stmt"/>
        <line num="82" count="3" type="cond" truecount="2" falsecount="0"/>
        <line num="84" count="3" type="cond" truecount="2" falsecount="0"/>
        <line num="85" count="2" type="cond" truecount="2" falsecount="0"/>
        <line num="86" count="1" type="stmt"/>
        <line num="102" count="1" type="cond" truecount="1" falsecount="1"/>
        <line num="103" count="1" type="stmt"/>
        <line num="121" count="1" type="stmt"/>
        <line num="123" count="1" type="cond" truecount="1" falsecount="1"/>
        <line num="124" count="0" type="stmt"/>
        <line num="135" count="1" type="stmt"/>
        <line num="145" count="4" type="stmt"/>
        <line num="147" count="4" type="stmt"/>
        <line num="148" count="4" type="cond" truecount="3" falsecount="0"/>
        <line num="150" count="4" type="cond" truecount="2" falsecount="0"/>
        <line num="151" count="2" type="cond" truecount="2" falsecount="0"/>
        <line num="152" count="1" type="stmt"/>
        <line num="168" count="1" type="cond" truecount="1" falsecount="1"/>
        <line num="169" count="1" type="stmt"/>
        <line num="187" count="2" type="stmt"/>
        <line num="189" count="2" type="cond" truecount="1" falsecount="1"/>
        <line num="190" count="0" type="stmt"/>
        <line num="201" count="2" type="stmt"/>
        <line num="210" count="2" type="stmt"/>
        <line num="212" count="2" type="cond" truecount="2" falsecount="0"/>
        <line num="213" count="1" type="stmt"/>
        <line num="230" count="1" type="stmt"/>
        <line num="232" count="1" type="cond" truecount="1" falsecount="1"/>
        <line num="233" count="0" type="stmt"/>
        <line num="244" count="1" type="stmt"/>
        <line num="248" count="4" type="stmt"/>
        <line num="250" count="4" type="cond" truecount="2" falsecount="0"/>
        <line num="251" count="1" type="stmt"/>
        <line num="268" count="3" type="stmt"/>
        <line num="270" count="3" type="cond" truecount="2" falsecount="0"/>
        <line num="271" count="1" type="stmt"/>
        <line num="289" count="2" type="cond" truecount="2" falsecount="0"/>
        <line num="290" count="1" type="stmt"/>
        <line num="307" count="1" type="stmt"/>
        <line num="309" count="1" type="cond" truecount="1" falsecount="1"/>
        <line num="310" count="0" type="stmt"/>
        <line num="323" count="1" type="stmt"/>
        <line num="327" count="4" type="stmt"/>
        <line num="329" count="4" type="cond" truecount="2" falsecount="0"/>
        <line num="330" count="1" type="stmt"/>
        <line num="348" count="4" type="cond" truecount="2" falsecount="0"/>
        <line num="349" count="1" type="stmt"/>
        <line num="367" count="2" type="cond" truecount="2" falsecount="0"/>
        <line num="368" count="1" type="stmt"/>
        <line num="385" count="1" type="stmt"/>
        <line num="387" count="1" type="cond" truecount="1" falsecount="1"/>
        <line num="388" count="0" type="stmt"/>
        <line num="401" count="1" type="stmt"/>
      </file>
      <file name="UserService.js" path="D:\www\emanager.com\backend\src\application\services\UserService.js">
        <metrics statements="31" coveredstatements="28" conditionals="26" coveredconditionals="22" methods="6" coveredmethods="6"/>
        <line num="13" count="12" type="stmt"/>
        <line num="25" count="1" type="stmt"/>
        <line num="27" count="1" type="cond" truecount="1" falsecount="1"/>
        <line num="28" count="0" type="stmt"/>
        <line num="39" count="2" type="stmt"/>
        <line num="48" count="2" type="stmt"/>
        <line num="49" count="2" type="cond" truecount="2" falsecount="0"/>
        <line num="50" count="1" type="stmt"/>
        <line num="66" count="1" type="stmt"/>
        <line num="67" count="1" type="stmt"/>
        <line num="77" count="3" type="stmt"/>
        <line num="80" count="3" type="cond" truecount="2" falsecount="0"/>
        <line num="81" count="2" type="stmt"/>
        <line num="82" count="2" type="cond" truecount="4" falsecount="0"/>
        <line num="83" count="1" type="stmt"/>
        <line num="100" count="2" type="cond" truecount="2" falsecount="0"/>
        <line num="101" count="1" type="stmt"/>
        <line num="102" count="1" type="cond" truecount="3" falsecount="1"/>
        <line num="103" count="1" type="stmt"/>
        <line num="121" count="1" type="stmt"/>
        <line num="123" count="1" type="cond" truecount="1" falsecount="1"/>
        <line num="124" count="0" type="stmt"/>
        <line num="141" count="1" type="stmt"/>
        <line num="142" count="1" type="stmt"/>
        <line num="151" count="2" type="stmt"/>
        <line num="152" count="2" type="cond" truecount="2" falsecount="0"/>
        <line num="153" count="1" type="stmt"/>
        <line num="170" count="1" type="stmt"/>
        <line num="172" count="1" type="cond" truecount="1" falsecount="1"/>
        <line num="173" count="0" type="stmt"/>
        <line num="189" count="1" type="stmt"/>
      </file>
    </package>
    <package name="domain.entities">
      <metrics statements="91" coveredstatements="62" conditionals="66" coveredconditionals="56" methods="18" coveredmethods="12"/>
      <file name="Country.js" path="D:\www\emanager.com\backend\src\domain\entities\Country.js">
        <metrics statements="4" coveredstatements="0" conditionals="0" coveredconditionals="0" methods="2" coveredmethods="0"/>
        <line num="16" count="0" type="stmt"/>
        <line num="17" count="0" type="stmt"/>
        <line num="18" count="0" type="stmt"/>
        <line num="26" count="0" type="stmt"/>
      </file>
      <file name="Game.js" path="D:\www\emanager.com\backend\src\domain\entities\Game.js">
        <metrics statements="1" coveredstatements="1" conditionals="0" coveredconditionals="0" methods="1" coveredmethods="1"/>
        <line num="11" count="1" type="stmt"/>
      </file>
      <file name="Profile.js" path="D:\www\emanager.com\backend\src\domain\entities\Profile.js">
        <metrics statements="20" coveredstatements="0" conditionals="5" coveredconditionals="0" methods="4" coveredmethods="0"/>
        <line num="39" count="0" type="stmt"/>
        <line num="40" count="0" type="stmt"/>
        <line num="41" count="0" type="stmt"/>
        <line num="42" count="0" type="stmt"/>
        <line num="43" count="0" type="stmt"/>
        <line num="44" count="0" type="stmt"/>
        <line num="45" count="0" type="stmt"/>
        <line num="46" count="0" type="stmt"/>
        <line num="47" count="0" type="stmt"/>
        <line num="48" count="0" type="stmt"/>
        <line num="49" count="0" type="stmt"/>
        <line num="51" count="0" type="stmt"/>
        <line num="55" count="0" type="cond" truecount="0" falsecount="2"/>
        <line num="56" count="0" type="stmt"/>
        <line num="73" count="0" type="stmt"/>
        <line num="81" count="0" type="stmt"/>
        <line num="93" count="0" type="cond" truecount="0" falsecount="2"/>
        <line num="94" count="0" type="stmt"/>
        <line num="95" count="0" type="stmt"/>
        <line num="98" count="0" type="stmt"/>
      </file>
      <file name="Team.js" path="D:\www\emanager.com\backend\src\domain\entities\Team.js">
        <metrics statements="19" coveredstatements="19" conditionals="16" coveredconditionals="16" methods="2" coveredmethods="2"/>
        <line num="39" count="27" type="stmt"/>
        <line num="40" count="27" type="stmt"/>
        <line num="41" count="27" type="stmt"/>
        <line num="42" count="27" type="stmt"/>
        <line num="43" count="27" type="stmt"/>
        <line num="44" count="27" type="stmt"/>
        <line num="45" count="27" type="stmt"/>
        <line num="46" count="27" type="stmt"/>
        <line num="47" count="27" type="stmt"/>
        <line num="55" count="31" type="cond" truecount="2" falsecount="0"/>
        <line num="56" count="4" type="stmt"/>
        <line num="73" count="27" type="cond" truecount="4" falsecount="0"/>
        <line num="74" count="4" type="stmt"/>
        <line num="91" count="23" type="cond" truecount="2" falsecount="0"/>
        <line num="92" count="4" type="stmt"/>
        <line num="109" count="19" type="cond" truecount="4" falsecount="0"/>
        <line num="110" count="4" type="stmt"/>
        <line num="127" count="15" type="cond" truecount="4" falsecount="0"/>
        <line num="128" count="2" type="stmt"/>
      </file>
      <file name="User.js" path="D:\www\emanager.com\backend\src\domain\entities\User.js">
        <metrics statements="47" coveredstatements="42" conditionals="45" coveredconditionals="40" methods="9" coveredmethods="9"/>
        <line num="82" count="5" type="stmt"/>
        <line num="83" count="5" type="stmt"/>
        <line num="84" count="5" type="stmt"/>
        <line num="85" count="5" type="stmt"/>
        <line num="86" count="5" type="stmt"/>
        <line num="87" count="5" type="stmt"/>
        <line num="88" count="5" type="cond" truecount="2" falsecount="0"/>
        <line num="89" count="5" type="cond" truecount="2" falsecount="0"/>
        <line num="90" count="5" type="cond" truecount="2" falsecount="0"/>
        <line num="91" count="5" type="stmt"/>
        <line num="92" count="5" type="stmt"/>
        <line num="93" count="5" type="stmt"/>
        <line num="94" count="5" type="stmt"/>
        <line num="95" count="5" type="stmt"/>
        <line num="96" count="5" type="stmt"/>
        <line num="97" count="5" type="cond" truecount="2" falsecount="0"/>
        <line num="98" count="5" type="cond" truecount="2" falsecount="0"/>
        <line num="100" count="5" type="stmt"/>
        <line num="108" count="5" type="cond" truecount="1" falsecount="1"/>
        <line num="109" count="0" type="stmt"/>
        <line num="126" count="5" type="cond" truecount="4" falsecount="0"/>
        <line num="127" count="1" type="stmt"/>
        <line num="144" count="4" type="cond" truecount="1" falsecount="1"/>
        <line num="145" count="0" type="stmt"/>
        <line num="162" count="4" type="cond" truecount="2" falsecount="0"/>
        <line num="163" count="1" type="stmt"/>
        <line num="180" count="3" type="cond" truecount="1" falsecount="1"/>
        <line num="181" count="0" type="stmt"/>
        <line num="198" count="3" type="cond" truecount="3" falsecount="1"/>
        <line num="199" count="0" type="stmt"/>
        <line num="216" count="3" type="cond" truecount="3" falsecount="1"/>
        <line num="217" count="0" type="stmt"/>
        <line num="234" count="3" type="cond" truecount="2" falsecount="0"/>
        <line num="235" count="1" type="stmt"/>
        <line num="258" count="2" type="cond" truecount="2" falsecount="0"/>
        <line num="266" count="2" type="stmt"/>
        <line num="274" count="2" type="stmt"/>
        <line num="282" count="1" type="cond" truecount="2" falsecount="0"/>
        <line num="290" count="1" type="stmt"/>
        <line num="302" count="1" type="cond" truecount="3" falsecount="0"/>
        <line num="311" count="2" type="stmt"/>
        <line num="326" count="2" type="cond" truecount="2" falsecount="0"/>
        <line num="327" count="1" type="stmt"/>
        <line num="328" count="1" type="stmt"/>
        <line num="329" count="1" type="stmt"/>
        <line num="330" count="1" type="stmt"/>
        <line num="333" count="2" type="stmt"/>
      </file>
    </package>
    <package name="domain.repositories">
      <metrics statements="47" coveredstatements="33" conditionals="6" coveredconditionals="4" methods="47" coveredmethods="33"/>
      <file name="CountryRepository.js" path="D:\www\emanager.com\backend\src\domain\repositories\CountryRepository.js">
        <metrics statements="1" coveredstatements="1" conditionals="0" coveredconditionals="0" methods="1" coveredmethods="1"/>
        <line num="14" count="1" type="stmt"/>
      </file>
      <file name="GameRepository.js" path="D:\www\emanager.com\backend\src\domain\repositories\GameRepository.js">
        <metrics statements="3" coveredstatements="3" conditionals="0" coveredconditionals="0" methods="3" coveredmethods="3"/>
        <line num="13" count="1" type="stmt"/>
        <line num="21" count="1" type="stmt"/>
        <line num="29" count="1" type="stmt"/>
      </file>
      <file name="ProfileRepository.js" path="D:\www\emanager.com\backend\src\domain\repositories\ProfileRepository.js">
        <metrics statements="14" coveredstatements="0" conditionals="1" coveredconditionals="0" methods="14" coveredmethods="0"/>
        <line num="28" count="0" type="stmt"/>
        <line num="36" count="0" type="stmt"/>
        <line num="45" count="0" type="stmt"/>
        <line num="53" count="0" type="stmt"/>
        <line num="62" count="0" type="stmt"/>
        <line num="70" count="0" type="stmt"/>
        <line num="79" count="0" type="stmt"/>
        <line num="87" count="0" type="stmt"/>
        <line num="97" count="0" type="stmt"/>
        <line num="107" count="0" type="stmt"/>
        <line num="116" count="0" type="stmt"/>
        <line num="124" count="0" type="stmt"/>
        <line num="134" count="0" type="stmt"/>
        <line num="143" count="0" type="stmt"/>
      </file>
      <file name="SessionTokenRepository.js" path="D:\www\emanager.com\backend\src\domain\repositories\SessionTokenRepository.js">
        <metrics statements="5" coveredstatements="5" conditionals="0" coveredconditionals="0" methods="5" coveredmethods="5"/>
        <line num="20" count="1" type="stmt"/>
        <line num="28" count="1" type="stmt"/>
        <line num="36" count="1" type="stmt"/>
        <line num="44" count="1" type="stmt"/>
        <line num="53" count="1" type="stmt"/>
      </file>
      <file name="TeamRepository.js" path="D:\www\emanager.com\backend\src\domain\repositories\TeamRepository.js">
        <metrics statements="9" coveredstatements="9" conditionals="0" coveredconditionals="0" methods="9" coveredmethods="9"/>
        <line num="19" count="1" type="stmt"/>
        <line num="29" count="1" type="stmt"/>
        <line num="39" count="1" type="stmt"/>
        <line num="49" count="1" type="stmt"/>
        <line num="60" count="1" type="stmt"/>
        <line num="71" count="1" type="stmt"/>
        <line num="81" count="1" type="stmt"/>
        <line num="92" count="1" type="stmt"/>
        <line num="103" count="1" type="stmt"/>
      </file>
      <file name="UserRepository.js" path="D:\www\emanager.com\backend\src\domain\repositories\UserRepository.js">
        <metrics statements="15" coveredstatements="15" conditionals="5" coveredconditionals="4" methods="15" coveredmethods="15"/>
        <line num="28" count="1" type="stmt"/>
        <line num="36" count="1" type="stmt"/>
        <line num="44" count="1" type="stmt"/>
        <line num="52" count="1" type="stmt"/>
        <line num="61" count="1" type="stmt"/>
        <line num="69" count="1" type="stmt"/>
        <line num="80" count="1" type="stmt"/>
        <line num="88" count="1" type="stmt"/>
        <line num="96" count="1" type="stmt"/>
        <line num="106" count="1" type="stmt"/>
        <line num="115" count="1" type="stmt"/>
        <line num="125" count="1" type="stmt"/>
        <line num="134" count="1" type="stmt"/>
        <line num="141" count="1" type="stmt"/>
        <line num="150" count="1" type="stmt"/>
      </file>
    </package>
    <package name="infrastructure">
      <metrics statements="11" coveredstatements="11" conditionals="0" coveredconditionals="0" methods="0" coveredmethods="0"/>
      <file name="app.js" path="D:\www\emanager.com\backend\src\infrastructure\app.js">
        <metrics statements="11" coveredstatements="11" conditionals="0" coveredconditionals="0" methods="0" coveredmethods="0"/>
        <line num="11" count="6" type="stmt"/>
        <line num="14" count="6" type="stmt"/>
        <line num="17" count="6" type="stmt"/>
        <line num="20" count="6" type="stmt"/>
        <line num="23" count="6" type="stmt"/>
        <line num="26" count="6" type="stmt"/>
        <line num="29" count="6" type="stmt"/>
        <line num="30" count="6" type="stmt"/>
        <line num="33" count="6" type="stmt"/>
        <line num="36" count="6" type="stmt"/>
        <line num="39" count="6" type="stmt"/>
      </file>
    </package>
    <package name="infrastructure.controllers">
      <metrics statements="276" coveredstatements="196" conditionals="39" coveredconditionals="35" methods="57" coveredmethods="43"/>
      <file name="AdminController.js" path="D:\www\emanager.com\backend\src\infrastructure\controllers\AdminController.js">
        <metrics statements="5" coveredstatements="4" conditionals="0" coveredconditionals="0" methods="2" coveredmethods="2"/>
        <line num="3" count="7" type="stmt"/>
        <line num="13" count="1" type="stmt"/>
        <line num="14" count="1" type="stmt"/>
        <line num="15" count="1" type="stmt"/>
        <line num="17" count="0" type="stmt"/>
      </file>
      <file name="AuthController.js" path="D:\www\emanager.com\backend\src\infrastructure\controllers\AuthController.js">
        <metrics statements="98" coveredstatements="74" conditionals="20" coveredconditionals="20" methods="20" coveredmethods="12"/>
        <line num="7" count="42" type="stmt"/>
        <line num="17" count="5" type="stmt"/>
        <line num="18" count="5" type="stmt"/>
        <line num="19" count="5" type="stmt"/>
        <line num="26" count="3" type="stmt"/>
        <line num="34" count="2" type="stmt"/>
        <line num="45" count="10" type="stmt"/>
        <line num="46" count="10" type="cond" truecount="2" falsecount="0"/>
        <line num="49" count="10" type="cond" truecount="2" falsecount="0"/>
        <line num="50" count="1" type="stmt"/>
        <line num="53" count="9" type="stmt"/>
        <line num="54" count="2" type="stmt"/>
        <line num="56" count="7" type="stmt"/>
        <line num="67" count="9" type="stmt"/>
        <line num="68" count="9" type="stmt"/>
        <line num="72" count="9" type="cond" truecount="6" falsecount="0"/>
        <line num="79" count="9" type="stmt"/>
        <line num="80" count="8" type="stmt"/>
        <line num="82" count="1" type="stmt"/>
        <line num="93" count="3" type="stmt"/>
        <line num="94" count="3" type="stmt"/>
        <line num="95" count="2" type="stmt"/>
        <line num="97" count="1" type="stmt"/>
        <line num="108" count="3" type="stmt"/>
        <line num="109" count="3" type="stmt"/>
        <line num="110" count="3" type="stmt"/>
        <line num="111" count="2" type="stmt"/>
        <line num="113" count="1" type="stmt"/>
        <line num="124" count="3" type="stmt"/>
        <line num="125" count="3" type="stmt"/>
        <line num="126" count="3" type="stmt"/>
        <line num="127" count="2" type="stmt"/>
        <line num="129" count="1" type="stmt"/>
        <line num="140" count="2" type="stmt"/>
        <line num="141" count="2" type="stmt"/>
        <line num="142" count="2" type="stmt"/>
        <line num="143" count="1" type="stmt"/>
        <line num="147" count="1" type="stmt"/>
        <line num="158" count="8" type="stmt"/>
        <line num="159" count="8" type="stmt"/>
        <line num="160" count="8" type="stmt"/>
        <line num="163" count="8" type="cond" truecount="2" falsecount="0"/>
        <line num="165" count="8" type="stmt"/>
        <line num="167" count="7" type="cond" truecount="2" falsecount="0"/>
        <line num="168" count="3" type="stmt"/>
        <line num="172" count="4" type="stmt"/>
        <line num="174" count="1" type="stmt"/>
        <line num="185" count="2" type="stmt"/>
        <line num="186" count="2" type="stmt"/>
        <line num="187" count="2" type="stmt"/>
        <line num="188" count="2" type="stmt"/>
        <line num="189" count="1" type="stmt"/>
        <line num="191" count="1" type="stmt"/>
        <line num="202" count="2" type="stmt"/>
        <line num="203" count="2" type="stmt"/>
        <line num="204" count="2" type="stmt"/>
        <line num="205" count="1" type="stmt"/>
        <line num="207" count="1" type="stmt"/>
        <line num="218" count="0" type="stmt"/>
        <line num="219" count="0" type="stmt"/>
        <line num="221" count="0" type="stmt"/>
        <line num="232" count="0" type="stmt"/>
        <line num="233" count="0" type="stmt"/>
        <line num="235" count="0" type="stmt"/>
        <line num="246" count="0" type="stmt"/>
        <line num="247" count="0" type="stmt"/>
        <line num="265" count="0" type="stmt"/>
        <line num="276" count="0" type="stmt"/>
        <line num="277" count="0" type="stmt"/>
        <line num="295" count="0" type="stmt"/>
        <line num="300" count="0" type="stmt"/>
        <line num="301" count="0" type="stmt"/>
        <line num="303" count="0" type="stmt"/>
        <line num="308" count="0" type="stmt"/>
        <line num="309" count="0" type="stmt"/>
        <line num="311" count="0" type="stmt"/>
        <line num="316" count="0" type="stmt"/>
        <line num="317" count="0" type="stmt"/>
        <line num="335" count="0" type="stmt"/>
        <line num="340" count="0" type="stmt"/>
        <line num="341" count="0" type="stmt"/>
        <line num="359" count="0" type="stmt"/>
        <line num="377" count="4" type="cond" truecount="2" falsecount="0"/>
        <line num="378" count="1" type="stmt"/>
        <line num="379" count="1" type="stmt"/>
        <line num="380" count="1" type="stmt"/>
        <line num="381" count="1" type="stmt"/>
        <line num="382" count="3" type="cond" truecount="2" falsecount="0"/>
        <line num="383" count="1" type="stmt"/>
        <line num="384" count="1" type="stmt"/>
        <line num="385" count="1" type="stmt"/>
        <line num="386" count="1" type="stmt"/>
        <line num="388" count="2" type="stmt"/>
        <line num="389" count="2" type="stmt"/>
        <line num="390" count="2" type="stmt"/>
        <line num="391" count="2" type="stmt"/>
        <line num="395" count="4" type="stmt"/>
        <line num="415" count="4" type="stmt"/>
      </file>
      <file name="CountriesController.js" path="D:\www\emanager.com\backend\src\infrastructure\controllers\CountriesController.js">
        <metrics statements="7" coveredstatements="6" conditionals="2" coveredconditionals="2" methods="2" coveredmethods="2"/>
        <line num="6" count="8" type="stmt"/>
        <line num="16" count="4" type="stmt"/>
        <line num="18" count="4" type="cond" truecount="2" falsecount="0"/>
        <line num="19" count="3" type="stmt"/>
        <line num="22" count="1" type="stmt"/>
        <line num="23" count="1" type="stmt"/>
        <line num="25" count="0" type="stmt"/>
      </file>
      <file name="GameController.js" path="D:\www\emanager.com\backend\src\infrastructure\controllers\GameController.js">
        <metrics statements="5" coveredstatements="5" conditionals="0" coveredconditionals="0" methods="2" coveredmethods="2"/>
        <line num="8" count="8" type="stmt"/>
        <line num="18" count="2" type="stmt"/>
        <line num="19" count="2" type="stmt"/>
        <line num="20" count="1" type="stmt"/>
        <line num="22" count="1" type="stmt"/>
      </file>
      <file name="ManagerController.js" path="D:\www\emanager.com\backend\src\infrastructure\controllers\ManagerController.js">
        <metrics statements="5" coveredstatements="4" conditionals="0" coveredconditionals="0" methods="2" coveredmethods="2"/>
        <line num="3" count="7" type="stmt"/>
        <line num="13" count="1" type="stmt"/>
        <line num="14" count="1" type="stmt"/>
        <line num="15" count="1" type="stmt"/>
        <line num="17" count="0" type="stmt"/>
      </file>
      <file name="ProfileController.js" path="D:\www\emanager.com\backend\src\infrastructure\controllers\ProfileController.js">
        <metrics statements="51" coveredstatements="24" conditionals="0" coveredconditionals="0" methods="10" coveredmethods="6"/>
        <line num="5" count="11" type="stmt"/>
        <line num="12" count="1" type="stmt"/>
        <line num="13" count="1" type="stmt"/>
        <line num="14" count="1" type="stmt"/>
        <line num="15" count="1" type="stmt"/>
        <line num="17" count="0" type="stmt"/>
        <line num="25" count="1" type="stmt"/>
        <line num="26" count="1" type="stmt"/>
        <line num="27" count="1" type="stmt"/>
        <line num="28" count="1" type="stmt"/>
        <line num="29" count="1" type="stmt"/>
        <line num="31" count="0" type="stmt"/>
        <line num="39" count="1" type="stmt"/>
        <line num="40" count="1" type="stmt"/>
        <line num="41" count="1" type="stmt"/>
        <line num="42" count="1" type="stmt"/>
        <line num="43" count="1" type="stmt"/>
        <line num="45" count="0" type="stmt"/>
        <line num="53" count="0" type="stmt"/>
        <line num="54" count="0" type="stmt"/>
        <line num="55" count="0" type="stmt"/>
        <line num="56" count="0" type="stmt"/>
        <line num="57" count="0" type="stmt"/>
        <line num="59" count="0" type="stmt"/>
        <line num="67" count="0" type="stmt"/>
        <line num="68" count="0" type="stmt"/>
        <line num="69" count="0" type="stmt"/>
        <line num="70" count="0" type="stmt"/>
        <line num="72" count="0" type="stmt"/>
        <line num="80" count="1" type="stmt"/>
        <line num="81" count="1" type="stmt"/>
        <line num="82" count="1" type="stmt"/>
        <line num="83" count="1" type="stmt"/>
        <line num="85" count="0" type="stmt"/>
        <line num="93" count="1" type="stmt"/>
        <line num="94" count="1" type="stmt"/>
        <line num="95" count="1" type="stmt"/>
        <line num="96" count="1" type="stmt"/>
        <line num="97" count="1" type="stmt"/>
        <line num="99" count="0" type="stmt"/>
        <line num="107" count="0" type="stmt"/>
        <line num="108" count="0" type="stmt"/>
        <line num="109" count="0" type="stmt"/>
        <line num="110" count="0" type="stmt"/>
        <line num="112" count="0" type="stmt"/>
        <line num="120" count="0" type="stmt"/>
        <line num="121" count="0" type="stmt"/>
        <line num="122" count="0" type="stmt"/>
        <line num="123" count="0" type="stmt"/>
        <line num="124" count="0" type="stmt"/>
        <line num="126" count="0" type="stmt"/>
      </file>
      <file name="TeamController.js" path="D:\www\emanager.com\backend\src\infrastructure\controllers\TeamController.js">
        <metrics statements="38" coveredstatements="36" conditionals="0" coveredconditionals="0" methods="8" coveredmethods="8"/>
        <line num="7" count="18" type="stmt"/>
        <line num="17" count="2" type="stmt"/>
        <line num="18" count="2" type="stmt"/>
        <line num="19" count="2" type="stmt"/>
        <line num="21" count="0" type="stmt"/>
        <line num="32" count="2" type="stmt"/>
        <line num="33" count="2" type="stmt"/>
        <line num="34" count="2" type="stmt"/>
        <line num="35" count="1" type="stmt"/>
        <line num="37" count="1" type="stmt"/>
        <line num="48" count="2" type="stmt"/>
        <line num="49" count="2" type="stmt"/>
        <line num="50" count="2" type="stmt"/>
        <line num="51" count="2" type="stmt"/>
        <line num="53" count="0" type="stmt"/>
        <line num="64" count="2" type="stmt"/>
        <line num="65" count="2" type="stmt"/>
        <line num="66" count="2" type="stmt"/>
        <line num="67" count="2" type="stmt"/>
        <line num="68" count="1" type="stmt"/>
        <line num="70" count="1" type="stmt"/>
        <line num="81" count="2" type="stmt"/>
        <line num="82" count="2" type="stmt"/>
        <line num="83" count="2" type="stmt"/>
        <line num="84" count="1" type="stmt"/>
        <line num="86" count="1" type="stmt"/>
        <line num="97" count="2" type="stmt"/>
        <line num="98" count="2" type="stmt"/>
        <line num="99" count="2" type="stmt"/>
        <line num="100" count="2" type="stmt"/>
        <line num="101" count="1" type="stmt"/>
        <line num="103" count="1" type="stmt"/>
        <line num="114" count="2" type="stmt"/>
        <line num="115" count="2" type="stmt"/>
        <line num="116" count="2" type="stmt"/>
        <line num="117" count="2" type="stmt"/>
        <line num="118" count="1" type="stmt"/>
        <line num="120" count="1" type="stmt"/>
      </file>
      <file name="TimezonesController.js" path="D:\www\emanager.com\backend\src\infrastructure\controllers\TimezonesController.js">
        <metrics statements="20" coveredstatements="10" conditionals="9" coveredconditionals="7" methods="2" coveredmethods="2"/>
        <line num="10" count="8" type="stmt"/>
        <line num="11" count="8" type="cond" truecount="2" falsecount="0"/>
        <line num="21" count="4" type="stmt"/>
        <line num="23" count="4" type="stmt"/>
        <line num="24" count="4" type="cond" truecount="2" falsecount="0"/>
        <line num="25" count="3" type="stmt"/>
        <line num="29" count="1" type="cond" truecount="1" falsecount="1"/>
        <line num="30" count="1" type="stmt"/>
        <line num="31" count="1" type="cond" truecount="1" falsecount="1"/>
        <line num="32" count="0" type="stmt"/>
        <line num="34" count="1" type="stmt"/>
        <line num="38" count="0" type="stmt"/>
        <line num="39" count="0" type="stmt"/>
        <line num="40" count="0" type="stmt"/>
        <line num="47" count="0" type="stmt"/>
        <line num="48" count="0" type="stmt"/>
        <line num="49" count="0" type="stmt"/>
        <line num="50" count="0" type="stmt"/>
        <line num="51" count="0" type="stmt"/>
        <line num="53" count="0" type="stmt"/>
      </file>
      <file name="UserController.js" path="D:\www\emanager.com\backend\src\infrastructure\controllers\UserController.js">
        <metrics statements="47" coveredstatements="33" conditionals="8" coveredconditionals="6" methods="9" coveredmethods="7"/>
        <line num="5" count="15" type="stmt"/>
        <line num="15" count="3" type="stmt"/>
        <line num="17" count="3" type="cond" truecount="2" falsecount="0"/>
        <line num="18" count="3" type="cond" truecount="2" falsecount="0"/>
        <line num="20" count="3" type="stmt"/>
        <line num="23" count="3" type="stmt"/>
        <line num="34" count="3" type="stmt"/>
        <line num="38" count="0" type="stmt"/>
        <line num="49" count="6" type="stmt"/>
        <line num="50" count="6" type="stmt"/>
        <line num="51" count="6" type="stmt"/>
        <line num="52" count="2" type="stmt"/>
        <line num="54" count="4" type="stmt"/>
        <line num="65" count="2" type="stmt"/>
        <line num="66" count="2" type="stmt"/>
        <line num="67" count="2" type="stmt"/>
        <line num="68" count="2" type="stmt"/>
        <line num="69" count="1" type="stmt"/>
        <line num="71" count="1" type="stmt"/>
        <line num="82" count="2" type="stmt"/>
        <line num="83" count="2" type="stmt"/>
        <line num="84" count="2" type="stmt"/>
        <line num="85" count="1" type="stmt"/>
        <line num="87" count="1" type="stmt"/>
        <line num="95" count="0" type="stmt"/>
        <line num="96" count="0" type="stmt"/>
        <line num="97" count="0" type="stmt"/>
        <line num="98" count="0" type="stmt"/>
        <line num="100" count="0" type="stmt"/>
        <line num="108" count="0" type="stmt"/>
        <line num="109" count="0" type="stmt"/>
        <line num="110" count="0" type="stmt"/>
        <line num="111" count="0" type="stmt"/>
        <line num="112" count="0" type="stmt"/>
        <line num="114" count="0" type="stmt"/>
        <line num="122" count="1" type="stmt"/>
        <line num="123" count="1" type="stmt"/>
        <line num="124" count="1" type="cond" truecount="1" falsecount="1"/>
        <line num="125" count="1" type="stmt"/>
        <line num="126" count="1" type="stmt"/>
        <line num="128" count="0" type="stmt"/>
        <line num="136" count="1" type="stmt"/>
        <line num="137" count="1" type="stmt"/>
        <line num="138" count="1" type="cond" truecount="1" falsecount="1"/>
        <line num="139" count="1" type="stmt"/>
        <line num="140" count="1" type="stmt"/>
        <line num="142" count="0" type="stmt"/>
      </file>
    </package>
    <package name="infrastructure.middleware">
      <metrics statements="387" coveredstatements="333" conditionals="222" coveredconditionals="166" methods="73" coveredmethods="65"/>
      <file name="auth.js" path="D:\www\emanager.com\backend\src\infrastructure\middleware\auth.js">
        <metrics statements="34" coveredstatements="33" conditionals="19" coveredconditionals="16" methods="4" coveredmethods="4"/>
        <line num="7" count="6" type="stmt"/>
        <line num="8" count="6" type="stmt"/>
        <line num="15" count="6" type="stmt"/>
        <line num="16" count="4" type="stmt"/>
        <line num="17" count="4" type="stmt"/>
        <line num="19" count="1" type="stmt"/>
        <line num="37" count="6" type="stmt"/>
        <line num="38" count="6" type="stmt"/>
        <line num="39" count="6" type="stmt"/>
        <line num="41" count="6" type="cond" truecount="2" falsecount="0"/>
        <line num="42" count="1" type="stmt"/>
        <line num="53" count="5" type="stmt"/>
        <line num="55" count="5" type="cond" truecount="4" falsecount="0"/>
        <line num="56" count="1" type="stmt"/>
        <line num="67" count="4" type="stmt"/>
        <line num="69" count="3" type="stmt"/>
        <line num="77" count="3" type="cond" truecount="2" falsecount="0"/>
        <line num="78" count="1" type="stmt"/>
        <line num="89" count="2" type="cond" truecount="2" falsecount="0"/>
        <line num="90" count="1" type="stmt"/>
        <line num="101" count="1" type="stmt"/>
        <line num="102" count="1" type="stmt"/>
        <line num="104" count="5" type="stmt"/>
        <line num="113" count="6" type="cond" truecount="0" falsecount="1"/>
        <line num="114" count="58" type="stmt"/>
        <line num="115" count="2" type="stmt"/>
        <line num="116" count="2" type="cond" truecount="1" falsecount="1"/>
        <line num="117" count="0" type="stmt"/>
        <line num="128" count="2" type="cond" truecount="4" falsecount="0"/>
        <line num="129" count="1" type="stmt"/>
        <line num="140" count="1" type="stmt"/>
        <line num="142" count="1" type="stmt"/>
        <line num="150" count="6" type="stmt"/>
        <line num="155" count="6" type="stmt"/>
      </file>
      <file name="cache.js" path="D:\www\emanager.com\backend\src\infrastructure\middleware\cache.js">
        <metrics statements="34" coveredstatements="33" conditionals="28" coveredconditionals="28" methods="4" coveredmethods="4"/>
        <line num="14" count="7" type="cond" truecount="2" falsecount="0"/>
        <line num="15" count="2" type="stmt"/>
        <line num="16" count="2" type="stmt"/>
        <line num="18" count="2" type="stmt"/>
        <line num="19" count="2" type="stmt"/>
        <line num="21" count="2" type="cond" truecount="2" falsecount="0"/>
        <line num="22" count="2" type="cond" truecount="4" falsecount="0"/>
        <line num="23" count="1" type="stmt"/>
        <line num="25" count="1" type="stmt"/>
        <line num="27" count="2" type="stmt"/>
        <line num="29" count="0" type="stmt"/>
        <line num="49" count="7" type="stmt"/>
        <line num="56" count="15" type="cond" truecount="3" falsecount="0"/>
        <line num="58" count="15" type="stmt"/>
        <line num="59" count="8" type="stmt"/>
        <line num="61" count="8" type="stmt"/>
        <line num="62" count="8" type="stmt"/>
        <line num="64" count="8" type="cond" truecount="2" falsecount="0"/>
        <line num="65" count="8" type="cond" truecount="4" falsecount="0"/>
        <line num="66" count="1" type="stmt"/>
        <line num="69" count="7" type="stmt"/>
        <line num="73" count="8" type="stmt"/>
        <line num="76" count="7" type="cond" truecount="2" falsecount="0"/>
        <line num="77" count="6" type="stmt"/>
        <line num="78" count="6" type="stmt"/>
        <line num="79" count="6" type="cond" truecount="2" falsecount="0"/>
        <line num="80" count="2" type="stmt"/>
        <line num="82" count="6" type="cond" truecount="2" falsecount="0"/>
        <line num="83" count="1" type="stmt"/>
        <line num="88" count="6" type="stmt"/>
        <line num="89" count="6" type="stmt"/>
        <line num="90" count="6" type="cond" truecount="2" falsecount="0"/>
        <line num="92" count="6" type="stmt"/>
        <line num="95" count="1" type="stmt"/>
      </file>
      <file name="compression.js" path="D:\www\emanager.com\backend\src\infrastructure\middleware\compression.js">
        <metrics statements="9" coveredstatements="8" conditionals="4" coveredconditionals="3" methods="3" coveredmethods="3"/>
        <line num="11" count="8" type="stmt"/>
        <line num="12" count="6" type="stmt"/>
        <line num="16" count="20" type="cond" truecount="1" falsecount="1"/>
        <line num="17" count="0" type="stmt"/>
        <line num="21" count="20" type="stmt"/>
        <line num="36" count="8" type="stmt"/>
        <line num="37" count="2" type="cond" truecount="2" falsecount="0"/>
        <line num="38" count="1" type="stmt"/>
        <line num="50" count="1" type="stmt"/>
      </file>
      <file name="ensureSelf.js" path="D:\www\emanager.com\backend\src\infrastructure\middleware\ensureSelf.js">
        <metrics statements="27" coveredstatements="9" conditionals="21" coveredconditionals="5" methods="4" coveredmethods="3"/>
        <line num="6" count="7" type="cond" truecount="0" falsecount="1"/>
        <line num="7" count="4" type="stmt"/>
        <line num="8" count="4" type="stmt"/>
        <line num="9" count="4" type="stmt"/>
        <line num="11" count="4" type="cond" truecount="5" falsecount="0"/>
        <line num="12" count="3" type="stmt"/>
        <line num="22" count="1" type="stmt"/>
        <line num="27" count="7" type="cond" truecount="0" falsecount="1"/>
        <line num="28" count="30" type="stmt"/>
        <line num="29" count="0" type="stmt"/>
        <line num="30" count="0" type="stmt"/>
        <line num="31" count="0" type="stmt"/>
        <line num="32" count="0" type="cond" truecount="0" falsecount="4"/>
        <line num="33" count="0" type="stmt"/>
        <line num="42" count="0" type="stmt"/>
        <line num="43" count="0" type="stmt"/>
        <line num="44" count="0" type="stmt"/>
        <line num="49" count="0" type="cond" truecount="0" falsecount="4"/>
        <line num="50" count="0" type="stmt"/>
        <line num="54" count="0" type="cond" truecount="0" falsecount="2"/>
        <line num="55" count="0" type="stmt"/>
        <line num="56" count="0" type="stmt"/>
        <line num="59" count="0" type="stmt"/>
        <line num="60" count="0" type="cond" truecount="0" falsecount="4"/>
        <line num="61" count="0" type="stmt"/>
        <line num="70" count="0" type="stmt"/>
        <line num="72" count="0" type="stmt"/>
      </file>
      <file name="errorHandler.js" path="D:\www\emanager.com\backend\src\infrastructure\middleware\errorHandler.js">
        <metrics statements="32" coveredstatements="32" conditionals="34" coveredconditionals="32" methods="5" coveredmethods="5"/>
        <line num="19" count="9" type="stmt"/>
        <line num="21" count="15" type="cond" truecount="2" falsecount="0"/>
        <line num="22" count="1" type="stmt"/>
        <line num="26" count="14" type="stmt"/>
        <line num="33" count="14" type="stmt"/>
        <line num="48" count="14" type="cond" truecount="2" falsecount="0"/>
        <line num="49" count="1" type="stmt"/>
        <line num="57" count="13" type="cond" truecount="2" falsecount="0"/>
        <line num="58" count="1" type="stmt"/>
        <line num="67" count="12" type="cond" truecount="2" falsecount="0"/>
        <line num="68" count="1" type="stmt"/>
        <line num="82" count="11" type="cond" truecount="2" falsecount="0"/>
        <line num="83" count="4" type="cond" truecount="3" falsecount="0"/>
        <line num="85" count="2" type="stmt"/>
        <line num="102" count="1" type="stmt"/>
        <line num="119" count="1" type="stmt"/>
        <line num="136" count="7" type="cond" truecount="2" falsecount="0"/>
        <line num="137" count="6" type="cond" truecount="2" falsecount="0"/>
        <line num="138" count="6" type="cond" truecount="2" falsecount="0"/>
        <line num="139" count="6" type="stmt"/>
        <line num="143" count="6" type="stmt"/>
        <line num="151" count="6" type="cond" truecount="2" falsecount="0"/>
        <line num="152" count="1" type="stmt"/>
        <line num="155" count="6" type="stmt"/>
        <line num="159" count="1" type="stmt"/>
        <line num="160" count="1" type="stmt"/>
        <line num="182" count="218" type="stmt"/>
        <line num="183" count="25" type="stmt"/>
        <line num="184" count="1" type="stmt"/>
        <line num="193" count="1" type="stmt"/>
        <line num="203" count="9" type="stmt"/>
        <line num="204" count="4" type="stmt"/>
      </file>
      <file name="logging.js" path="D:\www\emanager.com\backend\src\infrastructure\middleware\logging.js">
        <metrics statements="32" coveredstatements="20" conditionals="26" coveredconditionals="14" methods="7" coveredmethods="3"/>
        <line num="7" count="8" type="cond" truecount="0" falsecount="2"/>
        <line num="12" count="8" type="stmt"/>
        <line num="13" count="0" type="cond" truecount="0" falsecount="2"/>
        <line num="14" count="0" type="stmt"/>
        <line num="20" count="0" type="stmt"/>
        <line num="26" count="8" type="stmt"/>
        <line num="27" count="0" type="stmt"/>
        <line num="28" count="0" type="cond" truecount="0" falsecount="2"/>
        <line num="30" count="0" type="cond" truecount="0" falsecount="4"/>
        <line num="31" count="0" type="stmt"/>
        <line num="33" count="0" type="stmt"/>
        <line num="40" count="8" type="stmt"/>
        <line num="46" count="8" type="stmt"/>
        <line num="52" count="8" type="stmt"/>
        <line num="54" count="20" type="cond" truecount="2" falsecount="0"/>
        <line num="56" count="8" type="cond" truecount="2" falsecount="0"/>
        <line num="59" count="8" type="stmt"/>
        <line num="63" count="20" type="stmt"/>
        <line num="64" count="30" type="stmt"/>
        <line num="67" count="30" type="stmt"/>
        <line num="68" count="30" type="stmt"/>
        <line num="69" count="30" type="cond" truecount="2" falsecount="0"/>
        <line num="72" count="30" type="cond" truecount="4" falsecount="0"/>
        <line num="74" count="4" type="stmt"/>
        <line num="80" count="30" type="cond" truecount="4" falsecount="0"/>
        <line num="81" count="1" type="stmt"/>
        <line num="87" count="30" type="stmt"/>
        <line num="91" count="20" type="stmt"/>
        <line num="93" count="0" type="cond" truecount="0" falsecount="2"/>
        <line num="94" count="0" type="stmt"/>
        <line num="106" count="0" type="stmt"/>
        <line num="112" count="0" type="stmt"/>
      </file>
      <file name="requestId.js" path="D:\www\emanager.com\backend\src\infrastructure\middleware\requestId.js">
        <metrics statements="9" coveredstatements="9" conditionals="2" coveredconditionals="2" methods="1" coveredmethods="1"/>
        <line num="13" count="8" type="stmt"/>
        <line num="14" count="28" type="stmt"/>
        <line num="16" count="28" type="cond" truecount="2" falsecount="0"/>
        <line num="19" count="25" type="stmt"/>
        <line num="21" count="25" type="stmt"/>
        <line num="23" count="3" type="stmt"/>
        <line num="24" count="3" type="stmt"/>
        <line num="25" count="1" type="stmt"/>
        <line num="26" count="1" type="stmt"/>
      </file>
      <file name="responseHelpers.js" path="D:\www\emanager.com\backend\src\infrastructure\middleware\responseHelpers.js">
        <metrics statements="17" coveredstatements="17" conditionals="15" coveredconditionals="13" methods="5" coveredmethods="5"/>
        <line num="16" count="10" type="cond" truecount="1" falsecount="2"/>
        <line num="17" count="30" type="stmt"/>
        <line num="27" count="30" type="cond" truecount="2" falsecount="0"/>
        <line num="28" count="3" type="stmt"/>
        <line num="31" count="30" type="stmt"/>
        <line num="50" count="10" type="cond" truecount="2" falsecount="0"/>
        <line num="51" count="22" type="stmt"/>
        <line num="61" count="22" type="cond" truecount="2" falsecount="0"/>
        <line num="62" count="17" type="stmt"/>
        <line num="65" count="22" type="cond" truecount="2" falsecount="0"/>
        <line num="66" count="1" type="stmt"/>
        <line num="69" count="22" type="stmt"/>
        <line num="78" count="10" type="stmt"/>
        <line num="80" count="39" type="stmt"/>
        <line num="81" count="39" type="stmt"/>
        <line num="82" count="4" type="stmt"/>
        <line num="84" count="39" type="stmt"/>
      </file>
      <file name="security.js" path="D:\www\emanager.com\backend\src\infrastructure\middleware\security.js">
        <metrics statements="84" coveredstatements="83" conditionals="18" coveredconditionals="18" methods="19" coveredmethods="18"/>
        <line num="20" count="10" type="stmt"/>
        <line num="21" count="19" type="stmt"/>
        <line num="22" count="29" type="stmt"/>
        <line num="24" count="29" type="cond" truecount="2" falsecount="0"/>
        <line num="25" count="27" type="stmt"/>
        <line num="26" count="4" type="cond" truecount="2" falsecount="0"/>
        <line num="27" count="1" type="stmt"/>
        <line num="33" count="28" type="cond" truecount="2" falsecount="0"/>
        <line num="34" count="3" type="stmt"/>
        <line num="35" count="2" type="cond" truecount="2" falsecount="0"/>
        <line num="36" count="1" type="stmt"/>
        <line num="41" count="28" type="stmt"/>
        <line num="43" count="1" type="stmt"/>
        <line num="70" count="10" type="stmt"/>
        <line num="71" count="19" type="stmt"/>
        <line num="72" count="25" type="stmt"/>
        <line num="73" count="25" type="stmt"/>
        <line num="74" count="24" type="stmt"/>
        <line num="76" count="1" type="stmt"/>
        <line num="101" count="10" type="stmt"/>
        <line num="103" count="19" type="stmt"/>
        <line num="106" count="19" type="stmt"/>
        <line num="116" count="19" type="stmt"/>
        <line num="119" count="19" type="stmt"/>
        <line num="122" count="19" type="stmt"/>
        <line num="125" count="19" type="stmt"/>
        <line num="129" count="0" type="stmt"/>
        <line num="150" count="19" type="stmt"/>
        <line num="153" count="19" type="stmt"/>
        <line num="155" count="24" type="cond" truecount="2" falsecount="0"/>
        <line num="158" count="24" type="stmt"/>
        <line num="161" count="24" type="stmt"/>
        <line num="163" count="24" type="stmt"/>
        <line num="167" count="19" type="stmt"/>
        <line num="169" count="24" type="stmt"/>
        <line num="172" count="24" type="stmt"/>
        <line num="175" count="24" type="stmt"/>
        <line num="178" count="24" type="stmt"/>
        <line num="184" count="24" type="stmt"/>
        <line num="187" count="24" type="stmt"/>
        <line num="193" count="24" type="stmt"/>
        <line num="195" count="24" type="stmt"/>
        <line num="199" count="19" type="stmt"/>
        <line num="200" count="19" type="stmt"/>
        <line num="203" count="19" type="stmt"/>
        <line num="207" count="29" type="stmt"/>
        <line num="215" count="29" type="cond" truecount="2" falsecount="0"/>
        <line num="216" count="4" type="stmt"/>
        <line num="217" count="13" type="cond" truecount="2" falsecount="0"/>
        <line num="218" count="1" type="stmt"/>
        <line num="226" count="28" type="stmt"/>
        <line num="227" count="28" type="cond" truecount="2" falsecount="0"/>
        <line num="229" count="163" type="cond" truecount="2" falsecount="0"/>
        <line num="230" count="1" type="stmt"/>
        <line num="235" count="27" type="stmt"/>
        <line num="245" count="10" type="stmt"/>
        <line num="246" count="1" type="stmt"/>
        <line num="250" count="1" type="stmt"/>
        <line num="259" count="10" type="stmt"/>
        <line num="260" count="1" type="stmt"/>
        <line num="261" count="1" type="stmt"/>
        <line num="270" count="10" type="stmt"/>
        <line num="271" count="1" type="stmt"/>
        <line num="272" count="1" type="stmt"/>
        <line num="281" count="10" type="stmt"/>
        <line num="282" count="1" type="stmt"/>
        <line num="283" count="1" type="stmt"/>
        <line num="292" count="10" type="stmt"/>
        <line num="293" count="1" type="stmt"/>
        <line num="294" count="1" type="stmt"/>
        <line num="303" count="10" type="stmt"/>
        <line num="304" count="1" type="stmt"/>
        <line num="305" count="1" type="stmt"/>
        <line num="306" count="1" type="stmt"/>
        <line num="307" count="1" type="stmt"/>
        <line num="308" count="1" type="stmt"/>
        <line num="315" count="10" type="stmt"/>
        <line num="316" count="1" type="stmt"/>
        <line num="317" count="1" type="stmt"/>
        <line num="318" count="1" type="stmt"/>
        <line num="319" count="1" type="stmt"/>
        <line num="320" count="1" type="stmt"/>
        <line num="321" count="1" type="stmt"/>
        <line num="322" count="1" type="stmt"/>
      </file>
      <file name="timeout.js" path="D:\www\emanager.com\backend\src\infrastructure\middleware\timeout.js">
        <metrics statements="10" coveredstatements="10" conditionals="3" coveredconditionals="3" methods="5" coveredmethods="5"/>
        <line num="9" count="7" type="cond" truecount="1" falsecount="0"/>
        <line num="10" count="61" type="stmt"/>
        <line num="11" count="26" type="stmt"/>
        <line num="12" count="10" type="cond" truecount="2" falsecount="0"/>
        <line num="13" count="9" type="stmt"/>
        <line num="32" count="26" type="stmt"/>
        <line num="33" count="9" type="stmt"/>
        <line num="36" count="26" type="stmt"/>
        <line num="37" count="9" type="stmt"/>
        <line num="40" count="26" type="stmt"/>
      </file>
      <file name="validation.js" path="D:\www\emanager.com\backend\src\infrastructure\middleware\validation.js">
        <metrics statements="99" coveredstatements="79" conditionals="52" coveredconditionals="32" methods="16" coveredmethods="14"/>
        <line num="28" count="7" type="stmt"/>
        <line num="116" count="2" type="stmt"/>
        <line num="192" count="3" type="cond" truecount="2" falsecount="0"/>
        <line num="203" count="3" type="cond" truecount="4" falsecount="0"/>
        <line num="232" count="7" type="stmt"/>
        <line num="233" count="122" type="stmt"/>
        <line num="234" count="25" type="stmt"/>
        <line num="236" count="25" type="cond" truecount="4" falsecount="0"/>
        <line num="237" count="1" type="stmt"/>
        <line num="254" count="24" type="stmt"/>
        <line num="255" count="24" type="cond" truecount="2" falsecount="0"/>
        <line num="256" count="3" type="stmt"/>
        <line num="274" count="21" type="cond" truecount="4" falsecount="0"/>
        <line num="275" count="1" type="stmt"/>
        <line num="294" count="20" type="stmt"/>
        <line num="295" count="20" type="stmt"/>
        <line num="297" count="10" type="cond" truecount="2" falsecount="0"/>
        <line num="298" count="9" type="stmt"/>
        <line num="300" count="9" type="cond" truecount="1" falsecount="1"/>
        <line num="301" count="9" type="stmt"/>
        <line num="303" count="19" type="stmt"/>
        <line num="311" count="9" type="stmt"/>
        <line num="319" count="1" type="stmt"/>
        <line num="338" count="10" type="stmt"/>
        <line num="340" count="10" type="stmt"/>
        <line num="343" count="15" type="stmt"/>
        <line num="356" count="7" type="stmt"/>
        <line num="357" count="7" type="stmt"/>
        <line num="358" count="4" type="stmt"/>
        <line num="359" count="4" type="stmt"/>
        <line num="360" count="4" type="cond" truecount="1" falsecount="1"/>
        <line num="361" count="0" type="stmt"/>
        <line num="373" count="4" type="stmt"/>
        <line num="376" count="1" type="stmt"/>
        <line num="378" count="1" type="stmt"/>
        <line num="380" count="3" type="cond" truecount="1" falsecount="1"/>
        <line num="381" count="3" type="stmt"/>
        <line num="383" count="3" type="cond" truecount="1" falsecount="1"/>
        <line num="384" count="3" type="stmt"/>
        <line num="386" count="3" type="stmt"/>
        <line num="393" count="3" type="stmt"/>
        <line num="400" count="0" type="stmt"/>
        <line num="408" count="7" type="stmt"/>
        <line num="413" count="7" type="stmt"/>
        <line num="418" count="7" type="stmt"/>
        <line num="423" count="7" type="stmt"/>
        <line num="428" count="7" type="stmt"/>
        <line num="433" count="7" type="stmt"/>
        <line num="438" count="7" type="stmt"/>
        <line num="443" count="7" type="stmt"/>
        <line num="448" count="7" type="stmt"/>
        <line num="453" count="7" type="stmt"/>
        <line num="458" count="7" type="stmt"/>
        <line num="465" count="7" type="stmt"/>
        <line num="466" count="0" type="cond" truecount="0" falsecount="4"/>
        <line num="467" count="0" type="cond" truecount="0" falsecount="2"/>
        <line num="468" count="0" type="stmt"/>
        <line num="469" count="0" type="stmt"/>
        <line num="475" count="7" type="stmt"/>
        <line num="476" count="0" type="stmt"/>
        <line num="478" count="0" type="stmt"/>
        <line num="479" count="0" type="stmt"/>
        <line num="480" count="0" type="cond" truecount="0" falsecount="2"/>
        <line num="482" count="0" type="cond" truecount="0" falsecount="2"/>
        <line num="483" count="0" type="stmt"/>
        <line num="494" count="0" type="stmt"/>
        <line num="503" count="0" type="cond" truecount="0" falsecount="2"/>
        <line num="504" count="0" type="stmt"/>
        <line num="515" count="0" type="stmt"/>
        <line num="524" count="0" type="cond" truecount="0" falsecount="4"/>
        <line num="525" count="0" type="stmt"/>
        <line num="528" count="0" type="stmt"/>
        <line num="530" count="0" type="stmt"/>
        <line num="537" count="7" type="stmt"/>
        <line num="540" count="7" type="stmt"/>
        <line num="541" count="7" type="stmt"/>
        <line num="542" count="7" type="stmt"/>
        <line num="543" count="7" type="stmt"/>
        <line num="544" count="7" type="stmt"/>
        <line num="553" count="7" type="stmt"/>
        <line num="554" count="3" type="stmt"/>
        <line num="556" count="3" type="stmt"/>
        <line num="557" count="3" type="cond" truecount="2" falsecount="0"/>
        <line num="558" count="2" type="stmt"/>
        <line num="561" count="2" type="stmt"/>
        <line num="563" count="1" type="stmt"/>
        <line num="573" count="7" type="stmt"/>
        <line num="574" count="4" type="stmt"/>
        <line num="576" count="4" type="cond" truecount="2" falsecount="0"/>
        <line num="577" count="2" type="stmt"/>
        <line num="578" count="4" type="cond" truecount="2" falsecount="0"/>
        <line num="579" count="2" type="stmt"/>
        <line num="585" count="3" type="cond" truecount="2" falsecount="0"/>
        <line num="586" count="2" type="stmt"/>
        <line num="587" count="4" type="cond" truecount="2" falsecount="0"/>
        <line num="588" count="2" type="stmt"/>
        <line num="593" count="3" type="stmt"/>
        <line num="595" count="1" type="stmt"/>
        <line num="596" count="1" type="stmt"/>
      </file>
    </package>
    <package name="infrastructure.repositories">
      <metrics statements="225" coveredstatements="168" conditionals="159" coveredconditionals="102" methods="74" coveredmethods="57"/>
      <file name="PrismaCountryRepository.js" path="D:\www\emanager.com\backend\src\infrastructure\repositories\PrismaCountryRepository.js">
        <metrics statements="5" coveredstatements="5" conditionals="2" coveredconditionals="1" methods="3" coveredmethods="3"/>
        <line num="12" count="7" type="stmt"/>
        <line num="20" count="2" type="cond" truecount="1" falsecount="1"/>
        <line num="21" count="2" type="stmt"/>
        <line num="32" count="1" type="stmt"/>
        <line num="36" count="2" type="stmt"/>
      </file>
      <file name="PrismaGameRepository.js" path="D:\www\emanager.com\backend\src\infrastructure\repositories\PrismaGameRepository.js">
        <metrics statements="9" coveredstatements="9" conditionals="2" coveredconditionals="1" methods="5" coveredmethods="5"/>
        <line num="12" count="9" type="stmt"/>
        <line num="20" count="3" type="cond" truecount="1" falsecount="1"/>
        <line num="21" count="3" type="stmt"/>
        <line num="33" count="1" type="stmt"/>
        <line num="34" count="1" type="stmt"/>
        <line num="42" count="1" type="stmt"/>
        <line num="43" count="1" type="stmt"/>
        <line num="51" count="1" type="stmt"/>
        <line num="52" count="1" type="stmt"/>
      </file>
      <file name="PrismaProfileRepository.js" path="D:\www\emanager.com\backend\src\infrastructure\repositories\PrismaProfileRepository.js">
        <metrics statements="85" coveredstatements="31" conditionals="61" coveredconditionals="14" methods="26" coveredmethods="11"/>
        <line num="16" count="13" type="stmt"/>
        <line num="25" count="4" type="cond" truecount="1" falsecount="1"/>
        <line num="27" count="4" type="stmt"/>
        <line num="48" count="3" type="stmt"/>
        <line num="55" count="3" type="cond" truecount="3" falsecount="0"/>
        <line num="56" count="3" type="stmt"/>
        <line num="57" count="3" type="stmt"/>
        <line num="69" count="0" type="stmt"/>
[...]
      </file>
      <file name="PrismaTeamRepository.js" path="D:\www\emanager.com\backend\src\infrastructure\repositories\PrismaTeamRepository.js">
        <metrics statements="20" coveredstatements="18" conditionals="12" coveredconditionals="7" methods="12" coveredmethods="11"/>
        <line num="12" count="20" type="stmt"/>
        <line num="21" count="7" type="cond" truecount="1" falsecount="1"/>
        <line num="23" count="7" type="stmt"/>
        <line num="52" count="1" type="stmt"/>
        <line num="55" count="1" type="stmt"/>
        <line num="64" count="1" type="stmt"/>
        <line num="68" count="1" type="cond" truecount="1" falsecount="1"/>
        <line num="77" count="1" type="stmt"/>
        <line num="81" count="1" type="stmt"/>
        <line num="90" count="0" type="stmt"/>
        <line num="94" count="0" type="cond" truecount="0" falsecount="2"/>
        <line num="104" count="1" type="stmt"/>
        <line num="113" count="1" type="stmt"/>
        <line num="123" count="1" type="stmt"/>
        <line num="132" count="1" type="stmt"/>
        <line num="141" count="1" type="stmt"/>
        <line num="152" count="1" type="stmt"/>
        <line num="161" count="1" type="stmt"/>
        <line num="170" count="1" type="stmt"/>
        <line num="179" count="1" type="stmt"/>
      </file>
      <file name="PrismaUserRepository.js" path="D:\www\emanager.com\backend\src\infrastructure\repositories\PrismaUserRepository.js">
        <metrics statements="94" coveredstatements="94" conditionals="80" coveredconditionals="77" methods="22" coveredmethods="22"/>
        <line num="17" count="71" type="stmt"/>
        <line num="26" count="30" type="cond" truecount="2" falsecount="0"/>
        <line num="28" count="28" type="stmt"/>
        <line num="64" count="2" type="stmt"/>
        <line num="70" count="2" type="stmt"/>
        <line num="72" count="4" type="stmt"/>
        <line num="73" count="4" type="cond" truecount="4" falsecount="0"/>
        <line num="74" count="4" type="stmt"/>
        <line num="85" count="5" type="stmt"/>
        <line num="89" count="5" type="cond" truecount="1" falsecount="1"/>
        <line num="90" count="5" type="stmt"/>
        <line num="91" count="5" type="cond" truecount="2" falsecount="0"/>
        <line num="92" count="5" type="stmt"/>
        <line num="101" count="2" type="stmt"/>
        <line num="105" count="2" type="cond" truecount="2" falsecount="0"/>
        <line num="106" count="1" type="stmt"/>
        <line num="107" count="1" type="cond" truecount="2" falsecount="0"/>
        <line num="108" count="1" type="stmt"/>
        <line num="117" count="2" type="stmt"/>
        <line num="121" count="2" type="cond" truecount="2" falsecount="0"/>
        <line num="122" count="1" type="stmt"/>
        <line num="123" count="1" type="cond" truecount="2" falsecount="0"/>
        <line num="124" count="1" type="stmt"/>
        <line num="133" count="5" type="stmt"/>
        <line num="134" count="5" type="stmt"/>
        <line num="136" count="5" type="stmt"/>
        <line num="156" count="2" type="stmt"/>
        <line num="157" count="2" type="cond" truecount="2" falsecount="0"/>
        <line num="158" count="2" type="stmt"/>
        <line num="160" count="3" type="cond" truecount="2" falsecount="0"/>
        <line num="161" count="2" type="cond" truecount="2" falsecount="0"/>
        <line num="162" count="1" type="stmt"/>
        <line num="172" count="1" type="cond" truecount="1" falsecount="1"/>
        <line num="173" count="1" type="stmt"/>
        <line num="184" count="1" type="stmt"/>
        <line num="195" count="2" type="stmt"/>
        <line num="210" count="2" type="cond" truecount="2" falsecount="0"/>
        <line num="211" count="1" type="stmt"/>
        <line num="214" count="2" type="stmt"/>
        <line num="219" count="2" type="stmt"/>
        <line num="228" count="1" type="stmt"/>
        <line num="240" count="2" type="stmt"/>
        <line num="250" count="2" type="stmt"/>
        <line num="261" count="1" type="stmt"/>
        <line num="269" count="1" type="stmt"/>
        <line num="280" count="2" type="stmt"/>
        <line num="289" count="2" type="stmt"/>
        <line num="299" count="1" type="stmt"/>
        <line num="309" count="1" type="stmt"/>
        <line num="318" count="2" type="stmt"/>
        <line num="325" count="2" type="cond" truecount="2" falsecount="0"/>
        <line num="326" count="1" type="stmt"/>
        <line num="327" count="1" type="cond" truecount="2" falsecount="0"/>
        <line num="328" count="1" type="stmt"/>
        <line num="337" count="2" type="stmt"/>
        <line num="347" count="2" type="cond" truecount="2" falsecount="0"/>
        <line num="348" count="1" type="stmt"/>
        <line num="349" count="1" type="cond" truecount="2" falsecount="0"/>
        <line num="350" count="1" type="stmt"/>
        <line num="359" count="4" type="stmt"/>
        <line num="370" count="4" type="cond" truecount="2" falsecount="0"/>
        <line num="371" count="2" type="stmt"/>
        <line num="372" count="2" type="cond" truecount="2" falsecount="0"/>
        <line num="373" count="2" type="stmt"/>
        <line num="382" count="2" type="stmt"/>
        <line num="389" count="2" type="cond" truecount="2" falsecount="0"/>
        <line num="390" count="1" type="stmt"/>
        <line num="391" count="1" type="cond" truecount="1" falsecount="1"/>
        <line num="392" count="1" type="stmt"/>
        <line num="401" count="1" type="stmt"/>
        <line num="410" count="1" type="stmt"/>
        <line num="421" count="4" type="stmt"/>
        <line num="436" count="4" type="stmt"/>
        <line num="437" count="4" type="cond" truecount="2" falsecount="0"/>
        <line num="438" count="2" type="stmt"/>
        <line num="439" count="6" type="cond" truecount="2" falsecount="0"/>
        <line num="440" count="5" type="stmt"/>
        <line num="445" count="2" type="stmt"/>
        <line num="446" count="2" type="stmt"/>
        <line num="447" count="2" type="stmt"/>
        <line num="448" count="2" type="stmt"/>
        <line num="449" count="2" type="stmt"/>
        <line num="453" count="4" type="stmt"/>
        <line num="454" count="4" type="stmt"/>
        <line num="459" count="4" type="cond" truecount="2" falsecount="0"/>
        <line num="460" count="3" type="stmt"/>
        <line num="461" count="3" type="cond" truecount="2" falsecount="0"/>
        <line num="462" count="3" type="stmt"/>
        <line num="473" count="2" type="stmt"/>
        <line num="487" count="2" type="stmt"/>
        <line num="488" count="2" type="stmt"/>
        <line num="503" count="1" type="stmt"/>
        <line num="505" count="1" type="stmt"/>
        <line num="506" count="1" type="stmt"/>
      </file>
    </package>
    <package name="infrastructure.validators">
      <metrics statements="52" coveredstatements="44" conditionals="38" coveredconditionals="35" methods="20" coveredmethods="14"/>
      <file name="UserValidator.js" path="D:\www\emanager.com\backend\src\infrastructure\validators\UserValidator.js">
        <metrics statements="52" coveredstatements="44" conditionals="38" coveredconditionals="35" methods="20" coveredmethods="14"/>
        <line num="20" count="6" type="stmt"/>
        <line num="22" count="6" type="cond" truecount="1" falsecount="1"/>
        <line num="23" count="6" type="stmt"/>
        <line num="27" count="6" type="cond" truecount="4" falsecount="0"/>
        <line num="28" count="1" type="stmt"/>
        <line num="31" count="5" type="cond" truecount="2" falsecount="0"/>
        <line num="32" count="2" type="stmt"/>
        <line num="43" count="4" type="stmt"/>
        <line num="46" count="4" type="cond" truecount="4" falsecount="0"/>
        <line num="47" count="2" type="stmt"/>
        <line num="50" count="3" type="cond" truecount="2" falsecount="0"/>
        <line num="51" count="1" type="stmt"/>
        <line num="62" count="2" type="stmt"/>
        <line num="65" count="2" type="stmt"/>
        <line num="74" count="2" type="cond" truecount="2" falsecount="0"/>
        <line num="75" count="1" type="stmt"/>
        <line num="87" count="1" type="stmt"/>
        <line num="97" count="2" type="stmt"/>
        <line num="100" count="2" type="stmt"/>
        <line num="109" count="4" type="cond" truecount="2" falsecount="0"/>
        <line num="110" count="1" type="stmt"/>
        <line num="121" count="3" type="cond" truecount="2" falsecount="0"/>
        <line num="122" count="1" type="stmt"/>
        <line num="136" count="2" type="stmt"/>
        <line num="143" count="2" type="stmt"/>
        <line num="144" count="2" type="stmt"/>
        <line num="154" count="3" type="stmt"/>
        <line num="157" count="3" type="cond" truecount="2" falsecount="0"/>
        <line num="158" count="2" type="stmt"/>
        <line num="170" count="7" type="stmt"/>
        <line num="176" count="0" type="stmt"/>
        <line num="182" count="0" type="stmt"/>
        <line num="188" count="0" type="stmt"/>
        <line num="194" count="0" type="stmt"/>
        <line num="200" count="0" type="stmt"/>
        <line num="210" count="0" type="stmt"/>
        <line num="212" count="0" type="cond" truecount="0" falsecount="2"/>
        <line num="213" count="0" type="stmt"/>
        <line num="234" count="5" type="stmt"/>
        <line num="235" count="5" type="stmt"/>
        <line num="237" count="5" type="cond" truecount="2" falsecount="0"/>
        <line num="238" count="3" type="stmt"/>
        <line num="254" count="3" type="cond" truecount="4" falsecount="0"/>
        <line num="255" count="2" type="stmt"/>
        <line num="275" count="2" type="cond" truecount="2" falsecount="0"/>
        <line num="276" count="1" type="stmt"/>
        <line num="296" count="2" type="cond" truecount="2" falsecount="0"/>
        <line num="297" count="1" type="stmt"/>
        <line num="317" count="2" type="cond" truecount="2" falsecount="0"/>
        <line num="318" count="1" type="stmt"/>
        <line num="334" count="2" type="cond" truecount="2" falsecount="0"/>
        <line num="335" count="1" type="stmt"/>
      </file>
    </package>
    <package name="shared.constants">
      <metrics statements="43" coveredstatements="43" conditionals="8" coveredconditionals="8" methods="8" coveredmethods="8"/>
      <file name="apiCodes.js" path="D:\www\emanager.com\backend\src\shared\constants\apiCodes.js">
        <metrics statements="3" coveredstatements="3" conditionals="0" coveredconditionals="0" methods="0" coveredmethods="0"/>
        <line num="25" count="39" type="stmt"/>
        <line num="113" count="39" type="stmt"/>
        <line num="121" count="39" type="stmt"/>
      </file>
      <file name="apiRoutes.js" path="D:\www\emanager.com\backend\src\shared\constants\apiRoutes.js">
        <metrics statements="17" coveredstatements="17" conditionals="0" coveredconditionals="0" methods="8" coveredmethods="8"/>
        <line num="1" count="7" type="stmt"/>
        <line num="58" count="7" type="stmt"/>
        <line num="59" count="1" type="stmt"/>
        <line num="61" count="7" type="stmt"/>
        <line num="62" count="1" type="stmt"/>
        <line num="64" count="7" type="stmt"/>
        <line num="65" count="2" type="stmt"/>
        <line num="67" count="7" type="stmt"/>
        <line num="68" count="2" type="stmt"/>
        <line num="70" count="7" type="stmt"/>
        <line num="71" count="1" type="stmt"/>
        <line num="73" count="7" type="stmt"/>
        <line num="74" count="2" type="stmt"/>
        <line num="76" count="7" type="stmt"/>
        <line num="77" count="1" type="stmt"/>
        <line num="79" count="7" type="stmt"/>
        <line num="80" count="1" type="stmt"/>
      </file>
      <file name="appRoutes.js" path="D:\www\emanager.com\backend\src\shared\constants\appRoutes.js">
        <metrics statements="1" coveredstatements="1" conditionals="0" coveredconditionals="0" methods="0" coveredmethods="0"/>
        <line num="1" count="10" type="stmt"/>
      </file>
      <file name="httpStatus.js" path="D:\www\emanager.com\backend\src\shared\constants\httpStatus.js">
        <metrics statements="1" coveredstatements="1" conditionals="0" coveredconditionals="0" methods="0" coveredmethods="0"/>
        <line num="5" count="41" type="stmt"/>
      </file>
      <file name="resources.js" path="D:\www\emanager.com\backend\src\shared\constants\resources.js">
        <metrics statements="2" coveredstatements="2" conditionals="0" coveredconditionals="0" methods="0" coveredmethods="0"/>
        <line num="10" count="39" type="stmt"/>
        <line num="51" count="39" type="stmt"/>
      </file>
      <file name="roles.js" path="D:\www\emanager.com\backend\src\shared\constants\roles.js">
        <metrics statements="1" coveredstatements="1" conditionals="0" coveredconditionals="0" methods="0" coveredmethods="0"/>
        <line num="18" count="39" type="stmt"/>
      </file>
      <file name="tokens.js" path="D:\www\emanager.com\backend\src\shared\constants\tokens.js">
        <metrics statements="1" coveredstatements="1" conditionals="0" coveredconditionals="0" methods="0" coveredmethods="0"/>
        <line num="4" count="1" type="stmt"/>
      </file>
      <file name="validation.js" path="D:\www\emanager.com\backend\src\shared\constants\validation.js">
        <metrics statements="17" coveredstatements="17" conditionals="8" coveredconditionals="8" methods="0" coveredmethods="0"/>
        <line num="6" count="39" type="cond" truecount="2" falsecount="0"/>
        <line num="7" count="39" type="cond" truecount="2" falsecount="0"/>
        <line num="8" count="39" type="cond" truecount="2" falsecount="0"/>
        <line num="9" count="39" type="cond" truecount="2" falsecount="0"/>
        <line num="10" count="39" type="stmt"/>
        <line num="11" count="39" type="stmt"/>
        <line num="12" count="39" type="stmt"/>
        <line num="13" count="39" type="stmt"/>
        <line num="14" count="39" type="stmt"/>
        <line num="15" count="39" type="stmt"/>
        <line num="18" count="39" type="stmt"/>
        <line num="19" count="39" type="stmt"/>
        <line num="20" count="39" type="stmt"/>
        <line num="21" count="39" type="stmt"/>
        <line num="22" count="39" type="stmt"/>
        <line num="27" count="39" type="stmt"/>
        <line num="39" count="39" type="stmt"/>
      </file>
    </package>
    <package name="shared.utils">
      <metrics statements="82" coveredstatements="77" conditionals="65" coveredconditionals="59" methods="15" coveredmethods="14"/>
      <file name="error.js" path="D:\www\emanager.com\backend\src\shared\utils\error.js">
        <metrics statements="10" coveredstatements="10" conditionals="13" coveredconditionals="12" methods="1" coveredmethods="1"/>
        <line num="28" count="31" type="cond" truecount="1" falsecount="0"/>
        <line num="38" count="127" type="stmt"/>
        <line num="41" count="127" type="stmt"/>
        <line num="42" count="127" type="stmt"/>
        <line num="43" count="127" type="stmt"/>
        <line num="44" count="127" type="stmt"/>
        <line num="45" count="127" type="stmt"/>
        <line num="46" count="127" type="stmt"/>
        <line num="47" count="127" type="cond" truecount="2" falsecount="0"/>
        <line num="48" count="127" type="stmt"/>
      </file>
      <file name="sanitize.js" path="D:\www\emanager.com\backend\src\shared\utils\sanitize.js">
        <metrics statements="55" coveredstatements="53" conditionals="48" coveredconditionals="43" methods="8" coveredmethods="7"/>
        <line num="9" count="16" type="stmt"/>
        <line num="10" count="68" type="cond" truecount="2" falsecount="0"/>
        <line num="11" count="65" type="stmt"/>
        <line num="12" count="65" type="stmt"/>
        <line num="19" count="1" type="stmt"/>
        <line num="20" count="1" type="stmt"/>
        <line num="29" count="16" type="stmt"/>
        <line num="30" count="16" type="cond" truecount="1" falsecount="1"/>
        <line num="31" count="16" type="stmt"/>
        <line num="39" count="16" type="stmt"/>
        <line num="40" count="8" type="cond" truecount="3" falsecount="1"/>
        <line num="41" count="8" type="stmt"/>
        <line num="42" count="8" type="cond" truecount="2" falsecount="0"/>
        <line num="50" count="16" type="stmt"/>
        <line num="51" count="62" type="cond" truecount="3" falsecount="1"/>
        <line num="53" count="62" type="stmt"/>
        <line num="54" count="62" type="stmt"/>
        <line num="55" count="19" type="cond" truecount="2" falsecount="0"/>
        <line num="56" count="12" type="stmt"/>
        <line num="57" count="7" type="cond" truecount="2" falsecount="0"/>
        <line num="58" count="3" type="stmt"/>
        <line num="59" count="10" type="cond" truecount="2" falsecount="0"/>
        <line num="60" count="8" type="cond" truecount="4" falsecount="0"/>
        <line num="61" count="7" type="cond" truecount="2" falsecount="0"/>
        <line num="62" count="2" type="stmt"/>
        <line num="64" count="4" type="cond" truecount="2" falsecount="0"/>
        <line num="66" count="1" type="stmt"/>
        <line num="67" count="3" type="cond" truecount="3" falsecount="1"/>
        <line num="68" count="3" type="stmt"/>
        <line num="70" count="0" type="stmt"/>
        <line num="73" count="60" type="stmt"/>
        <line num="81" count="16" type="stmt"/>
        <line num="82" count="27" type="stmt"/>
        <line num="84" count="27" type="cond" truecount="2" falsecount="0"/>
        <line num="85" count="25" type="stmt"/>
        <line num="89" count="26" type="cond" truecount="2" falsecount="0"/>
        <line num="90" count="1" type="stmt"/>
        <line num="94" count="26" type="cond" truecount="2" falsecount="0"/>
        <line num="95" count="25" type="stmt"/>
        <line num="98" count="26" type="stmt"/>
        <line num="100" count="1" type="stmt"/>
        <line num="101" count="1" type="stmt"/>
        <line num="110" count="16" type="stmt"/>
        <line num="111" count="15" type="stmt"/>
        <line num="112" count="15" type="cond" truecount="2" falsecount="0"/>
        <line num="113" count="1" type="stmt"/>
        <line num="115" count="14" type="cond" truecount="2" falsecount="0"/>
        <line num="116" count="6" type="stmt"/>
        <line num="118" count="8" type="cond" truecount="4" falsecount="0"/>
        <line num="119" count="4" type="stmt"/>
        <line num="121" count="4" type="cond" truecount="1" falsecount="1"/>
        <line num="122" count="0" type="stmt"/>
        <line num="124" count="4" type="stmt"/>
        <line num="126" count="2" type="stmt"/>
        <line num="127" count="2" type="stmt"/>
      </file>
      <file name="token.js" path="D:\www\emanager.com\backend\src\shared\utils\token.js">
        <metrics statements="17" coveredstatements="14" conditionals="4" coveredconditionals="4" methods="6" coveredmethods="6"/>
        <line num="19" count="13" type="stmt"/>
        <line num="20" count="13" type="stmt"/>
        <line num="21" count="13" type="stmt"/>
        <line num="22" count="13" type="stmt"/>
        <line num="31" count="1" type="stmt"/>
        <line num="32" count="1" type="stmt"/>
        <line num="37" count="0" type="stmt"/>
        <line num="55" count="1" type="stmt"/>
        <line num="56" count="1" type="stmt"/>
        <line num="61" count="0" type="stmt"/>
        <line num="79" count="1" type="stmt"/>
        <line num="91" count="3" type="stmt"/>
        <line num="92" count="3" type="stmt"/>
        <line num="94" count="2" type="stmt"/>
        <line num="112" count="1" type="stmt"/>
        <line num="113" count="1" type="stmt"/>
        <line num="115" count="0" type="stmt"/>
      </file>
    </package>
  </project>
</coverage>
