{"D:\\www\\emanager.com\\backend\\src\\application\\dtos\\TeamDto.js": {"path":"D:\\www\\emanager.com\\backend\\src\\application\\dtos\\TeamDto.js","statementMap":{},"fnMap":{},"branchMap":{},"s":{},"f":{},"b":{}}
,"D:\\www\\emanager.com\\backend\\src\\application\\dtos\\UserDto.js": {"path":"D:\\www\\emanager.com\\backend\\src\\application\\dtos\\UserDto.js","statementMap":{"0":{"start":{"line":14,"column":29},"end":{"line":14,"column":31}},"1":{"start":{"line":26,"column":29},"end":{"line":26,"column":31}},"2":{"start":{"line":40,"column":31},"end":{"line":40,"column":33}},"3":{"start":{"line":49,"column":35},"end":{"line":49,"column":37}},"4":{"start":{"line":57,"column":30},"end":{"line":57,"column":32}},"5":{"start":{"line":65,"column":33},"end":{"line":65,"column":35}},"6":{"start":{"line":72,"column":27},"end":{"line":72,"column":29}},"7":{"start":{"line":80,"column":35},"end":{"line":80,"column":37}},"8":{"start":{"line":86,"column":35},"end":{"line":86,"column":37}},"9":{"start":{"line":92,"column":43},"end":{"line":92,"column":45}},"10":{"start":{"line":99,"column":36},"end":{"line":99,"column":38}}},"fnMap":{},"branchMap":{},"s":{"0":0,"1":0,"2":0,"3":0,"4":0,"5":0,"6":0,"7":0,"8":0,"9":0,"10":0},"f":{},"b":{}}
,"D:\\www\\emanager.com\\backend\\src\\application\\services\\AuthService.js": {"path":"D:\\www\\emanager.com\\backend\\src\\application\\services\\AuthService.js","statementMap":{"0":{"start":{"line":26,"column":4},"end":{"line":26,"column":41}},"1":{"start":{"line":27,"column":4},"end":{"line":27,"column":57}},"2":{"start":{"line":28,"column":4},"end":{"line":28,"column":26}},"3":{"start":{"line":29,"column":4},"end":{"line":29,"column":43}},"4":{"start":{"line":31,"column":26},"end":{"line":31,"column":70}},"5":{"start":{"line":32,"column":4},"end":{"line":32,"column":72}},"6":{"start":{"line":33,"column":4},"end":{"line":33,"column":78}},"7":{"start":{"line":42,"column":4},"end":{"line":42,"column":48}},"8":{"start":{"line":42,"column":35},"end":{"line":42,"column":48}},"9":{"start":{"line":43,"column":4},"end":{"line":43,"column":56}},"10":{"start":{"line":43,"column":29},"end":{"line":43,"column":56}},"11":{"start":{"line":44,"column":18},"end":{"line":44,"column":35}},"12":{"start":{"line":45,"column":18},"end":{"line":45,"column":36}},"13":{"start":{"line":46,"column":4},"end":{"line":46,"column":25}},"14":{"start":{"line":46,"column":16},"end":{"line":46,"column":25}},"15":{"start":{"line":47,"column":16},"end":{"line":47,"column":38}},"16":{"start":{"line":48,"column":17},"end":{"line":48,"column":25}},"17":{"start":{"line":49,"column":19},"end":{"line":49,"column":71}},"18":{"start":{"line":50,"column":4},"end":{"line":50,"column":24}},"19":{"start":{"line":59,"column":42},"end":{"line":59,"column":50}},"20":{"start":{"line":62,"column":50},"end":{"line":65,"column":6}},"21":{"start":{"line":67,"column":4},"end":{"line":72,"column":5}},"22":{"start":{"line":68,"column":6},"end":{"line":71,"column":8}},"23":{"start":{"line":74,"column":30},"end":{"line":74,"column":38}},"24":{"start":{"line":75,"column":34},"end":{"line":75,"column":88}},"25":{"start":{"line":77,"column":24},"end":{"line":84,"column":6}},"26":{"start":{"line":87,"column":4},"end":{"line":87,"column":75}},"27":{"start":{"line":90,"column":38},"end":{"line":90,"column":49}},"28":{"start":{"line":91,"column":4},"end":{"line":91,"column":16}},"29":{"start":{"line":100,"column":27},"end":{"line":100,"column":48}},"30":{"start":{"line":102,"column":4},"end":{"line":107,"column":5}},"31":{"start":{"line":103,"column":6},"end":{"line":106,"column":8}},"32":{"start":{"line":110,"column":17},"end":{"line":110,"column":82}},"33":{"start":{"line":112,"column":4},"end":{"line":117,"column":5}},"34":{"start":{"line":113,"column":6},"end":{"line":116,"column":8}},"35":{"start":{"line":119,"column":4},"end":{"line":124,"column":5}},"36":{"start":{"line":120,"column":6},"end":{"line":123,"column":8}},"37":{"start":{"line":127,"column":4},"end":{"line":132,"column":5}},"38":{"start":{"line":128,"column":6},"end":{"line":131,"column":8}},"39":{"start":{"line":135,"column":4},"end":{"line":135,"column":57}},"40":{"start":{"line":137,"column":4},"end":{"line":137,"column":16}},"41":{"start":{"line":147,"column":19},"end":{"line":147,"column":63}},"42":{"start":{"line":149,"column":4},"end":{"line":154,"column":5}},"43":{"start":{"line":150,"column":6},"end":{"line":153,"column":8}},"44":{"start":{"line":156,"column":28},"end":{"line":156,"column":79}},"45":{"start":{"line":157,"column":4},"end":{"line":162,"column":5}},"46":{"start":{"line":158,"column":6},"end":{"line":161,"column":8}},"47":{"start":{"line":164,"column":4},"end":{"line":169,"column":5}},"48":{"start":{"line":165,"column":6},"end":{"line":168,"column":8}},"49":{"start":{"line":171,"column":17},"end":{"line":179,"column":5}},"50":{"start":{"line":181,"column":19},"end":{"line":185,"column":6}},"51":{"start":{"line":188,"column":4},"end":{"line":197,"column":5}},"52":{"start":{"line":189,"column":6},"end":{"line":194,"column":9}},"53":{"start":{"line":196,"column":6},"end":{"line":196,"column":72}},"54":{"start":{"line":199,"column":4},"end":{"line":202,"column":6}},"55":{"start":{"line":211,"column":19},"end":{"line":211,"column":61}},"56":{"start":{"line":213,"column":4},"end":{"line":218,"column":5}},"57":{"start":{"line":214,"column":6},"end":{"line":217,"column":8}},"58":{"start":{"line":220,"column":38},"end":{"line":220,"column":44}},"59":{"start":{"line":221,"column":4},"end":{"line":221,"column":16}},"60":{"start":{"line":230,"column":4},"end":{"line":285,"column":5}},"61":{"start":{"line":232,"column":27},"end":{"line":232,"column":86}},"62":{"start":{"line":233,"column":6},"end":{"line":238,"column":7}},"63":{"start":{"line":234,"column":8},"end":{"line":237,"column":10}},"64":{"start":{"line":240,"column":6},"end":{"line":247,"column":7}},"65":{"start":{"line":242,"column":8},"end":{"line":242,"column":70}},"66":{"start":{"line":243,"column":8},"end":{"line":246,"column":10}},"67":{"start":{"line":250,"column":6},"end":{"line":250,"column":96}},"68":{"start":{"line":253,"column":22},"end":{"line":253,"column":72}},"69":{"start":{"line":256,"column":21},"end":{"line":256,"column":71}},"70":{"start":{"line":258,"column":6},"end":{"line":263,"column":7}},"71":{"start":{"line":259,"column":8},"end":{"line":262,"column":10}},"72":{"start":{"line":266,"column":24},"end":{"line":270,"column":8}},"73":{"start":{"line":273,"column":6},"end":{"line":276,"column":9}},"74":{"start":{"line":278,"column":6},"end":{"line":278,"column":23}},"75":{"start":{"line":280,"column":6},"end":{"line":280,"column":55}},"76":{"start":{"line":281,"column":6},"end":{"line":284,"column":8}},"77":{"start":{"line":296,"column":18},"end":{"line":296,"column":79}},"78":{"start":{"line":298,"column":4},"end":{"line":304,"column":5}},"79":{"start":{"line":299,"column":6},"end":{"line":303,"column":8}},"80":{"start":{"line":306,"column":4},"end":{"line":306,"column":16}},"81":{"start":{"line":315,"column":17},"end":{"line":315,"column":61}},"82":{"start":{"line":317,"column":4},"end":{"line":322,"column":5}},"83":{"start":{"line":318,"column":6},"end":{"line":321,"column":8}},"84":{"start":{"line":324,"column":23},"end":{"line":324,"column":31}},"85":{"start":{"line":325,"column":4},"end":{"line":329,"column":6}},"86":{"start":{"line":332,"column":4},"end":{"line":332,"column":44}},"87":{"start":{"line":342,"column":17},"end":{"line":342,"column":66}},"88":{"start":{"line":344,"column":4},"end":{"line":349,"column":5}},"89":{"start":{"line":345,"column":6},"end":{"line":348,"column":8}},"90":{"start":{"line":351,"column":4},"end":{"line":355,"column":7}},"91":{"start":{"line":357,"column":4},"end":{"line":357,"column":16}},"92":{"start":{"line":366,"column":4},"end":{"line":369,"column":5}},"93":{"start":{"line":367,"column":6},"end":{"line":367,"column":63}},"94":{"start":{"line":368,"column":6},"end":{"line":368,"column":13}},"95":{"start":{"line":371,"column":4},"end":{"line":395,"column":5}},"96":{"start":{"line":372,"column":22},"end":{"line":372,"column":43}},"97":{"start":{"line":373,"column":17},"end":{"line":377,"column":8}},"98":{"start":{"line":379,"column":24},"end":{"line":379,"column":93}},"99":{"start":{"line":381,"column":23},"end":{"line":389,"column":8}},"100":{"start":{"line":390,"column":6},"end":{"line":390,"column":18}},"101":{"start":{"line":392,"column":6},"end":{"line":392,"column":72}},"102":{"start":{"line":394,"column":6},"end":{"line":394,"column":19}}},"fnMap":{"0":{"name":"(anonymous_0)","decl":{"start":{"line":25,"column":2},"end":{"line":25,"column":3}},"loc":{"start":{"line":25,"column":54},"end":{"line":34,"column":3}},"line":25},"1":{"name":"(anonymous_1)","decl":{"start":{"line":41,"column":2},"end":{"line":41,"column":3}},"loc":{"start":{"line":41,"column":23},"end":{"line":51,"column":3}},"line":41},"2":{"name":"(anonymous_2)","decl":{"start":{"line":58,"column":2},"end":{"line":58,"column":3}},"loc":{"start":{"line":58,"column":27},"end":{"line":92,"column":3}},"line":58},"3":{"name":"(anonymous_3)","decl":{"start":{"line":99,"column":2},"end":{"line":99,"column":3}},"loc":{"start":{"line":99,"column":27},"end":{"line":138,"column":3}},"line":99},"4":{"name":"(anonymous_4)","decl":{"start":{"line":146,"column":2},"end":{"line":146,"column":3}},"loc":{"start":{"line":146,"column":31},"end":{"line":203,"column":3}},"line":146},"5":{"name":"(anonymous_5)","decl":{"start":{"line":210,"column":2},"end":{"line":210,"column":3}},"loc":{"start":{"line":210,"column":22},"end":{"line":222,"column":3}},"line":210},"6":{"name":"(anonymous_6)","decl":{"start":{"line":229,"column":2},"end":{"line":229,"column":3}},"loc":{"start":{"line":229,"column":35},"end":{"line":286,"column":3}},"line":229},"7":{"name":"(anonymous_7)","decl":{"start":{"line":294,"column":2},"end":{"line":294,"column":3}},"loc":{"start":{"line":294,"column":29},"end":{"line":307,"column":3}},"line":294},"8":{"name":"(anonymous_8)","decl":{"start":{"line":314,"column":2},"end":{"line":314,"column":3}},"loc":{"start":{"line":314,"column":30},"end":{"line":333,"column":3}},"line":314},"9":{"name":"(anonymous_9)","decl":{"start":{"line":341,"column":2},"end":{"line":341,"column":3}},"loc":{"start":{"line":341,"column":42},"end":{"line":358,"column":3}},"line":341},"10":{"name":"(anonymous_10)","decl":{"start":{"line":365,"column":2},"end":{"line":365,"column":3}},"loc":{"start":{"line":365,"column":44},"end":{"line":396,"column":3}},"line":365}},"branchMap":{"0":{"loc":{"start":{"line":31,"column":26},"end":{"line":31,"column":70}},"type":"binary-expr","locations":[{"start":{"line":31,"column":26},"end":{"line":31,"column":61}},{"start":{"line":31,"column":65},"end":{"line":31,"column":70}}],"line":31},"1":{"loc":{"start":{"line":42,"column":4},"end":{"line":42,"column":48}},"type":"if","locations":[{"start":{"line":42,"column":4},"end":{"line":42,"column":48}},{"start":{},"end":{}}],"line":42},"2":{"loc":{"start":{"line":43,"column":4},"end":{"line":43,"column":56}},"type":"if","locations":[{"start":{"line":43,"column":4},"end":{"line":43,"column":56}},{"start":{},"end":{}}],"line":43},"3":{"loc":{"start":{"line":46,"column":4},"end":{"line":46,"column":25}},"type":"if","locations":[{"start":{"line":46,"column":4},"end":{"line":46,"column":25}},{"start":{},"end":{}}],"line":46},"4":{"loc":{"start":{"line":67,"column":4},"end":{"line":72,"column":5}},"type":"if","locations":[{"start":{"line":67,"column":4},"end":{"line":72,"column":5}},{"start":{},"end":{}}],"line":67},"5":{"loc":{"start":{"line":67,"column":8},"end":{"line":67,"column":45}},"type":"binary-expr","locations":[{"start":{"line":67,"column":8},"end":{"line":67,"column":23}},{"start":{"line":67,"column":27},"end":{"line":67,"column":45}}],"line":67},"6":{"loc":{"start":{"line":102,"column":4},"end":{"line":107,"column":5}},"type":"if","locations":[{"start":{"line":102,"column":4},"end":{"line":107,"column":5}},{"start":{},"end":{}}],"line":102},"7":{"loc":{"start":{"line":112,"column":4},"end":{"line":117,"column":5}},"type":"if","locations":[{"start":{"line":112,"column":4},"end":{"line":117,"column":5}},{"start":{},"end":{}}],"line":112},"8":{"loc":{"start":{"line":119,"column":4},"end":{"line":124,"column":5}},"type":"if","locations":[{"start":{"line":119,"column":4},"end":{"line":124,"column":5}},{"start":{},"end":{}}],"line":119},"9":{"loc":{"start":{"line":127,"column":4},"end":{"line":132,"column":5}},"type":"if","locations":[{"start":{"line":127,"column":4},"end":{"line":132,"column":5}},{"start":{},"end":{}}],"line":127},"10":{"loc":{"start":{"line":127,"column":8},"end":{"line":127,"column":77}},"type":"binary-expr","locations":[{"start":{"line":127,"column":8},"end":{"line":127,"column":34}},{"start":{"line":127,"column":38},"end":{"line":127,"column":77}}],"line":127},"11":{"loc":{"start":{"line":149,"column":4},"end":{"line":154,"column":5}},"type":"if","locations":[{"start":{"line":149,"column":4},"end":{"line":154,"column":5}},{"start":{},"end":{}}],"line":149},"12":{"loc":{"start":{"line":157,"column":4},"end":{"line":162,"column":5}},"type":"if","locations":[{"start":{"line":157,"column":4},"end":{"line":162,"column":5}},{"start":{},"end":{}}],"line":157},"13":{"loc":{"start":{"line":164,"column":4},"end":{"line":169,"column":5}},"type":"if","locations":[{"start":{"line":164,"column":4},"end":{"line":169,"column":5}},{"start":{},"end":{}}],"line":164},"14":{"loc":{"start":{"line":213,"column":4},"end":{"line":218,"column":5}},"type":"if","locations":[{"start":{"line":213,"column":4},"end":{"line":218,"column":5}},{"start":{},"end":{}}],"line":213},"15":{"loc":{"start":{"line":233,"column":6},"end":{"line":238,"column":7}},"type":"if","locations":[{"start":{"line":233,"column":6},"end":{"line":238,"column":7}},{"start":{},"end":{}}],"line":233},"16":{"loc":{"start":{"line":240,"column":6},"end":{"line":247,"column":7}},"type":"if","locations":[{"start":{"line":240,"column":6},"end":{"line":247,"column":7}},{"start":{},"end":{}}],"line":240},"17":{"loc":{"start":{"line":258,"column":6},"end":{"line":263,"column":7}},"type":"if","locations":[{"start":{"line":258,"column":6},"end":{"line":263,"column":7}},{"start":{},"end":{}}],"line":258},"18":{"loc":{"start":{"line":298,"column":4},"end":{"line":304,"column":5}},"type":"if","locations":[{"start":{"line":298,"column":4},"end":{"line":304,"column":5}},{"start":{},"end":{}}],"line":298},"19":{"loc":{"start":{"line":317,"column":4},"end":{"line":322,"column":5}},"type":"if","locations":[{"start":{"line":317,"column":4},"end":{"line":322,"column":5}},{"start":{},"end":{}}],"line":317},"20":{"loc":{"start":{"line":344,"column":4},"end":{"line":349,"column":5}},"type":"if","locations":[{"start":{"line":344,"column":4},"end":{"line":349,"column":5}},{"start":{},"end":{}}],"line":344},"21":{"loc":{"start":{"line":366,"column":4},"end":{"line":369,"column":5}},"type":"if","locations":[{"start":{"line":366,"column":4},"end":{"line":369,"column":5}},{"start":{},"end":{}}],"line":366}},"s":{"0":12,"1":12,"2":12,"3":12,"4":12,"5":12,"6":12,"7":24,"8":0,"9":24,"10":0,"11":24,"12":24,"13":24,"14":0,"15":24,"16":24,"17":24,"18":24,"19":3,"20":3,"21":3,"22":2,"23":1,"24":1,"25":1,"26":1,"27":1,"28":1,"29":2,"30":2,"31":1,"32":1,"33":1,"34":0,"35":1,"36":0,"37":1,"38":0,"39":1,"40":1,"41":2,"42":2,"43":1,"44":1,"45":1,"46":0,"47":1,"48":0,"49":1,"50":1,"51":1,"52":1,"53":0,"54":1,"55":0,"56":0,"57":0,"58":0,"59":0,"60":1,"61":1,"62":1,"63":1,"64":0,"65":0,"66":0,"67":0,"68":0,"69":0,"70":0,"71":0,"72":0,"73":0,"74":0,"75":1,"76":1,"77":2,"78":2,"79":1,"80":1,"81":0,"82":0,"83":0,"84":0,"85":0,"86":0,"87":0,"88":0,"89":0,"90":0,"91":0,"92":0,"93":0,"94":0,"95":0,"96":0,"97":0,"98":0,"99":0,"100":0,"101":0,"102":0},"f":{"0":12,"1":24,"2":3,"3":2,"4":2,"5":0,"6":1,"7":2,"8":0,"9":0,"10":0},"b":{"0":[12,12],"1":[0,24],"2":[0,24],"3":[0,24],"4":[2,1],"5":[3,2],"6":[1,1],"7":[0,1],"8":[0,1],"9":[0,1],"10":[1,1],"11":[1,1],"12":[0,1],"13":[0,1],"14":[0,0],"15":[1,0],"16":[0,0],"17":[0,0],"18":[1,1],"19":[0,0],"20":[0,0],"21":[0,0]},"_coverageSchema":"1a1c01bbd47fc00a2c39e90264f33305004495a9","hash":"c851c1b2dd1e5b3bf87502ad003a685bce8d154e"}
,"D:\\www\\emanager.com\\backend\\src\\application\\services\\TeamService.js": {"path":"D:\\www\\emanager.com\\backend\\src\\application\\services\\TeamService.js","statementMap":{"0":{"start":{"line":13,"column":4},"end":{"line":13,"column":41}},"1":{"start":{"line":14,"column":4},"end":{"line":14,"column":41}},"2":{"start":{"line":22,"column":18},"end":{"line":22,"column":53}},"3":{"start":{"line":23,"column":4},"end":{"line":23,"column":17}},"4":{"start":{"line":32,"column":17},"end":{"line":32,"column":55}},"5":{"start":{"line":34,"column":4},"end":{"line":36,"column":5}},"6":{"start":{"line":35,"column":6},"end":{"line":35,"column":74}},"7":{"start":{"line":38,"column":4},"end":{"line":38,"column":16}},"8":{"start":{"line":47,"column":35},"end":{"line":47,"column":43}},"9":{"start":{"line":49,"column":21},"end":{"line":49,"column":56}},"10":{"start":{"line":50,"column":25},"end":{"line":50,"column":79}},"11":{"start":{"line":50,"column":46},"end":{"line":50,"column":78}},"12":{"start":{"line":52,"column":4},"end":{"line":59,"column":5}},"13":{"start":{"line":53,"column":6},"end":{"line":55,"column":7}},"14":{"start":{"line":54,"column":8},"end":{"line":54,"column":100}},"15":{"start":{"line":56,"column":6},"end":{"line":58,"column":7}},"16":{"start":{"line":57,"column":8},"end":{"line":57,"column":98}},"17":{"start":{"line":61,"column":17},"end":{"line":61,"column":73}},"18":{"start":{"line":63,"column":4},"end":{"line":63,"column":16}},"19":{"start":{"line":73,"column":26},"end":{"line":73,"column":34}},"20":{"start":{"line":75,"column":18},"end":{"line":75,"column":53}},"21":{"start":{"line":76,"column":25},"end":{"line":76,"column":93}},"22":{"start":{"line":76,"column":43},"end":{"line":76,"column":92}},"23":{"start":{"line":78,"column":4},"end":{"line":85,"column":5}},"24":{"start":{"line":79,"column":6},"end":{"line":81,"column":7}},"25":{"start":{"line":80,"column":8},"end":{"line":80,"column":100}},"26":{"start":{"line":82,"column":6},"end":{"line":84,"column":7}},"27":{"start":{"line":83,"column":8},"end":{"line":83,"column":98}},"28":{"start":{"line":87,"column":17},"end":{"line":87,"column":63}},"29":{"start":{"line":89,"column":4},"end":{"line":89,"column":16}},"30":{"start":{"line":98,"column":17},"end":{"line":98,"column":55}},"31":{"start":{"line":100,"column":4},"end":{"line":102,"column":5}},"32":{"start":{"line":101,"column":6},"end":{"line":101,"column":74}},"33":{"start":{"line":104,"column":4},"end":{"line":104,"column":41}},"34":{"start":{"line":106,"column":4},"end":{"line":106,"column":16}},"35":{"start":{"line":110,"column":17},"end":{"line":110,"column":59}},"36":{"start":{"line":112,"column":4},"end":{"line":114,"column":5}},"37":{"start":{"line":113,"column":6},"end":{"line":113,"column":74}},"38":{"start":{"line":116,"column":17},"end":{"line":116,"column":59}},"39":{"start":{"line":118,"column":4},"end":{"line":120,"column":5}},"40":{"start":{"line":119,"column":6},"end":{"line":119,"column":79}},"41":{"start":{"line":123,"column":4},"end":{"line":128,"column":5}},"42":{"start":{"line":123,"column":38},"end":{"line":123,"column":58}},"43":{"start":{"line":124,"column":6},"end":{"line":127,"column":8}},"44":{"start":{"line":130,"column":24},"end":{"line":130,"column":75}},"45":{"start":{"line":132,"column":4},"end":{"line":132,"column":23}},"46":{"start":{"line":136,"column":17},"end":{"line":136,"column":59}},"47":{"start":{"line":138,"column":4},"end":{"line":140,"column":5}},"48":{"start":{"line":139,"column":6},"end":{"line":139,"column":74}},"49":{"start":{"line":143,"column":4},"end":{"line":145,"column":5}},"50":{"start":{"line":143,"column":39},"end":{"line":143,"column":59}},"51":{"start":{"line":144,"column":6},"end":{"line":144,"column":98}},"52":{"start":{"line":148,"column":4},"end":{"line":150,"column":5}},"53":{"start":{"line":149,"column":6},"end":{"line":149,"column":93}},"54":{"start":{"line":152,"column":24},"end":{"line":152,"column":78}},"55":{"start":{"line":154,"column":4},"end":{"line":154,"column":23}}},"fnMap":{"0":{"name":"(anonymous_0)","decl":{"start":{"line":12,"column":2},"end":{"line":12,"column":3}},"loc":{"start":{"line":12,"column":46},"end":{"line":15,"column":3}},"line":12},"1":{"name":"(anonymous_1)","decl":{"start":{"line":21,"column":2},"end":{"line":21,"column":3}},"loc":{"start":{"line":21,"column":22},"end":{"line":24,"column":3}},"line":21},"2":{"name":"(anonymous_2)","decl":{"start":{"line":31,"column":2},"end":{"line":31,"column":3}},"loc":{"start":{"line":31,"column":24},"end":{"line":39,"column":3}},"line":31},"3":{"name":"(anonymous_3)","decl":{"start":{"line":46,"column":2},"end":{"line":46,"column":3}},"loc":{"start":{"line":46,"column":29},"end":{"line":64,"column":3}},"line":46},"4":{"name":"(anonymous_4)","decl":{"start":{"line":50,"column":39},"end":{"line":50,"column":40}},"loc":{"start":{"line":50,"column":46},"end":{"line":50,"column":78}},"line":50},"5":{"name":"(anonymous_5)","decl":{"start":{"line":72,"column":2},"end":{"line":72,"column":3}},"loc":{"start":{"line":72,"column":33},"end":{"line":90,"column":3}},"line":72},"6":{"name":"(anonymous_6)","decl":{"start":{"line":76,"column":36},"end":{"line":76,"column":37}},"loc":{"start":{"line":76,"column":43},"end":{"line":76,"column":92}},"line":76},"7":{"name":"(anonymous_7)","decl":{"start":{"line":97,"column":2},"end":{"line":97,"column":3}},"loc":{"start":{"line":97,"column":23},"end":{"line":107,"column":3}},"line":97},"8":{"name":"(anonymous_8)","decl":{"start":{"line":109,"column":2},"end":{"line":109,"column":3}},"loc":{"start":{"line":109,"column":34},"end":{"line":133,"column":3}},"line":109},"9":{"name":"(anonymous_9)","decl":{"start":{"line":123,"column":26},"end":{"line":123,"column":27}},"loc":{"start":{"line":123,"column":38},"end":{"line":123,"column":58}},"line":123},"10":{"name":"(anonymous_10)","decl":{"start":{"line":135,"column":2},"end":{"line":135,"column":3}},"loc":{"start":{"line":135,"column":37},"end":{"line":155,"column":3}},"line":135},"11":{"name":"(anonymous_11)","decl":{"start":{"line":143,"column":27},"end":{"line":143,"column":28}},"loc":{"start":{"line":143,"column":39},"end":{"line":143,"column":59}},"line":143}},"branchMap":{"0":{"loc":{"start":{"line":34,"column":4},"end":{"line":36,"column":5}},"type":"if","locations":[{"start":{"line":34,"column":4},"end":{"line":36,"column":5}},{"start":{},"end":{}}],"line":34},"1":{"loc":{"start":{"line":50,"column":46},"end":{"line":50,"column":78}},"type":"binary-expr","locations":[{"start":{"line":50,"column":46},"end":{"line":50,"column":61}},{"start":{"line":50,"column":65},"end":{"line":50,"column":78}}],"line":50},"2":{"loc":{"start":{"line":52,"column":4},"end":{"line":59,"column":5}},"type":"if","locations":[{"start":{"line":52,"column":4},"end":{"line":59,"column":5}},{"start":{},"end":{}}],"line":52},"3":{"loc":{"start":{"line":53,"column":6},"end":{"line":55,"column":7}},"type":"if","locations":[{"start":{"line":53,"column":6},"end":{"line":55,"column":7}},{"start":{},"end":{}}],"line":53},"4":{"loc":{"start":{"line":56,"column":6},"end":{"line":58,"column":7}},"type":"if","locations":[{"start":{"line":56,"column":6},"end":{"line":58,"column":7}},{"start":{},"end":{}}],"line":56},"5":{"loc":{"start":{"line":76,"column":43},"end":{"line":76,"column":92}},"type":"binary-expr","locations":[{"start":{"line":76,"column":44},"end":{"line":76,"column":59}},{"start":{"line":76,"column":63},"end":{"line":76,"column":76}},{"start":{"line":76,"column":81},"end":{"line":76,"column":92}}],"line":76},"6":{"loc":{"start":{"line":78,"column":4},"end":{"line":85,"column":5}},"type":"if","locations":[{"start":{"line":78,"column":4},"end":{"line":85,"column":5}},{"start":{},"end":{}}],"line":78},"7":{"loc":{"start":{"line":79,"column":6},"end":{"line":81,"column":7}},"type":"if","locations":[{"start":{"line":79,"column":6},"end":{"line":81,"column":7}},{"start":{},"end":{}}],"line":79},"8":{"loc":{"start":{"line":82,"column":6},"end":{"line":84,"column":7}},"type":"if","locations":[{"start":{"line":82,"column":6},"end":{"line":84,"column":7}},{"start":{},"end":{}}],"line":82},"9":{"loc":{"start":{"line":100,"column":4},"end":{"line":102,"column":5}},"type":"if","locations":[{"start":{"line":100,"column":4},"end":{"line":102,"column":5}},{"start":{},"end":{}}],"line":100},"10":{"loc":{"start":{"line":112,"column":4},"end":{"line":114,"column":5}},"type":"if","locations":[{"start":{"line":112,"column":4},"end":{"line":114,"column":5}},{"start":{},"end":{}}],"line":112},"11":{"loc":{"start":{"line":118,"column":4},"end":{"line":120,"column":5}},"type":"if","locations":[{"start":{"line":118,"column":4},"end":{"line":120,"column":5}},{"start":{},"end":{}}],"line":118},"12":{"loc":{"start":{"line":123,"column":4},"end":{"line":128,"column":5}},"type":"if","locations":[{"start":{"line":123,"column":4},"end":{"line":128,"column":5}},{"start":{},"end":{}}],"line":123},"13":{"loc":{"start":{"line":138,"column":4},"end":{"line":140,"column":5}},"type":"if","locations":[{"start":{"line":138,"column":4},"end":{"line":140,"column":5}},{"start":{},"end":{}}],"line":138},"14":{"loc":{"start":{"line":143,"column":4},"end":{"line":145,"column":5}},"type":"if","locations":[{"start":{"line":143,"column":4},"end":{"line":145,"column":5}},{"start":{},"end":{}}],"line":143},"15":{"loc":{"start":{"line":148,"column":4},"end":{"line":150,"column":5}},"type":"if","locations":[{"start":{"line":148,"column":4},"end":{"line":150,"column":5}},{"start":{},"end":{}}],"line":148}},"s":{"0":14,"1":14,"2":0,"3":0,"4":2,"5":2,"6":1,"7":1,"8":3,"9":3,"10":3,"11":2,"12":3,"13":2,"14":1,"15":1,"16":1,"17":1,"18":1,"19":0,"20":0,"21":0,"22":0,"23":0,"24":0,"25":0,"26":0,"27":0,"28":0,"29":0,"30":0,"31":0,"32":0,"33":0,"34":0,"35":4,"36":4,"37":1,"38":3,"39":3,"40":1,"41":2,"42":1,"43":1,"44":1,"45":1,"46":3,"47":3,"48":0,"49":3,"50":4,"51":1,"52":2,"53":1,"54":1,"55":1},"f":{"0":14,"1":0,"2":2,"3":3,"4":2,"5":0,"6":0,"7":0,"8":4,"9":1,"10":3,"11":4},"b":{"0":[1,1],"1":[2,1],"2":[2,1],"3":[1,1],"4":[1,0],"5":[0,0,0],"6":[0,0],"7":[0,0],"8":[0,0],"9":[0,0],"10":[1,3],"11":[1,2],"12":[1,1],"13":[0,3],"14":[1,2],"15":[1,1]},"_coverageSchema":"1a1c01bbd47fc00a2c39e90264f33305004495a9","hash":"1067a21c71c810a7b6ec28cf0ad25d3ae36e6a30"}
,"D:\\www\\emanager.com\\backend\\src\\application\\services\\UserService.js": {"path":"D:\\www\\emanager.com\\backend\\src\\application\\services\\UserService.js","statementMap":{"0":{"start":{"line":9,"column":4},"end":{"line":9,"column":41}},"1":{"start":{"line":17,"column":18},"end":{"line":17,"column":53}},"2":{"start":{"line":19,"column":4},"end":{"line":19,"column":58}},"3":{"start":{"line":19,"column":52},"end":{"line":19,"column":56}},"4":{"start":{"line":27,"column":17},"end":{"line":27,"column":55}},"5":{"start":{"line":28,"column":4},"end":{"line":33,"column":5}},"6":{"start":{"line":29,"column":6},"end":{"line":32,"column":8}},"7":{"start":{"line":34,"column":43},"end":{"line":34,"column":47}},"8":{"start":{"line":35,"column":4},"end":{"line":35,"column":21}},"9":{"start":{"line":42,"column":32},"end":{"line":42,"column":40}},"10":{"start":{"line":45,"column":4},"end":{"line":53,"column":5}},"11":{"start":{"line":46,"column":23},"end":{"line":46,"column":67}},"12":{"start":{"line":47,"column":6},"end":{"line":52,"column":7}},"13":{"start":{"line":48,"column":8},"end":{"line":51,"column":10}},"14":{"start":{"line":54,"column":4},"end":{"line":62,"column":5}},"15":{"start":{"line":55,"column":23},"end":{"line":55,"column":73}},"16":{"start":{"line":56,"column":6},"end":{"line":61,"column":7}},"17":{"start":{"line":57,"column":8},"end":{"line":60,"column":10}},"18":{"start":{"line":64,"column":20},"end":{"line":64,"column":66}},"19":{"start":{"line":65,"column":43},"end":{"line":65,"column":50}},"20":{"start":{"line":66,"column":4},"end":{"line":66,"column":21}},"21":{"start":{"line":73,"column":21},"end":{"line":73,"column":59}},"22":{"start":{"line":74,"column":4},"end":{"line":79,"column":5}},"23":{"start":{"line":75,"column":6},"end":{"line":78,"column":8}},"24":{"start":{"line":81,"column":4},"end":{"line":81,"column":41}},"25":{"start":{"line":82,"column":4},"end":{"line":82,"column":16}}},"fnMap":{"0":{"name":"(anonymous_0)","decl":{"start":{"line":8,"column":2},"end":{"line":8,"column":3}},"loc":{"start":{"line":8,"column":30},"end":{"line":10,"column":3}},"line":8},"1":{"name":"(anonymous_1)","decl":{"start":{"line":16,"column":2},"end":{"line":16,"column":3}},"loc":{"start":{"line":16,"column":22},"end":{"line":20,"column":3}},"line":16},"2":{"name":"(anonymous_2)","decl":{"start":{"line":19,"column":21},"end":{"line":19,"column":22}},"loc":{"start":{"line":19,"column":52},"end":{"line":19,"column":56}},"line":19},"3":{"name":"(anonymous_3)","decl":{"start":{"line":26,"column":2},"end":{"line":26,"column":3}},"loc":{"start":{"line":26,"column":24},"end":{"line":36,"column":3}},"line":26},"4":{"name":"(anonymous_4)","decl":{"start":{"line":41,"column":2},"end":{"line":41,"column":3}},"loc":{"start":{"line":41,"column":33},"end":{"line":67,"column":3}},"line":41},"5":{"name":"(anonymous_5)","decl":{"start":{"line":72,"column":2},"end":{"line":72,"column":3}},"loc":{"start":{"line":72,"column":23},"end":{"line":83,"column":3}},"line":72}},"branchMap":{"0":{"loc":{"start":{"line":28,"column":4},"end":{"line":33,"column":5}},"type":"if","locations":[{"start":{"line":28,"column":4},"end":{"line":33,"column":5}},{"start":{},"end":{}}],"line":28},"1":{"loc":{"start":{"line":45,"column":4},"end":{"line":53,"column":5}},"type":"if","locations":[{"start":{"line":45,"column":4},"end":{"line":53,"column":5}},{"start":{},"end":{}}],"line":45},"2":{"loc":{"start":{"line":47,"column":6},"end":{"line":52,"column":7}},"type":"if","locations":[{"start":{"line":47,"column":6},"end":{"line":52,"column":7}},{"start":{},"end":{}}],"line":47},"3":{"loc":{"start":{"line":47,"column":10},"end":{"line":47,"column":40}},"type":"binary-expr","locations":[{"start":{"line":47,"column":10},"end":{"line":47,"column":18}},{"start":{"line":47,"column":22},"end":{"line":47,"column":40}}],"line":47},"4":{"loc":{"start":{"line":54,"column":4},"end":{"line":62,"column":5}},"type":"if","locations":[{"start":{"line":54,"column":4},"end":{"line":62,"column":5}},{"start":{},"end":{}}],"line":54},"5":{"loc":{"start":{"line":56,"column":6},"end":{"line":61,"column":7}},"type":"if","locations":[{"start":{"line":56,"column":6},"end":{"line":61,"column":7}},{"start":{},"end":{}}],"line":56},"6":{"loc":{"start":{"line":56,"column":10},"end":{"line":56,"column":40}},"type":"binary-expr","locations":[{"start":{"line":56,"column":10},"end":{"line":56,"column":18}},{"start":{"line":56,"column":22},"end":{"line":56,"column":40}}],"line":56},"7":{"loc":{"start":{"line":74,"column":4},"end":{"line":79,"column":5}},"type":"if","locations":[{"start":{"line":74,"column":4},"end":{"line":79,"column":5}},{"start":{},"end":{}}],"line":74}},"s":{"0":10,"1":1,"2":1,"3":2,"4":2,"5":2,"6":1,"7":1,"8":1,"9":3,"10":3,"11":2,"12":2,"13":1,"14":2,"15":1,"16":1,"17":1,"18":1,"19":1,"20":1,"21":2,"22":2,"23":1,"24":1,"25":1},"f":{"0":10,"1":1,"2":2,"3":2,"4":3,"5":2},"b":{"0":[1,1],"1":[2,1],"2":[1,1],"3":[2,1],"4":[1,1],"5":[1,0],"6":[1,1],"7":[1,1]},"_coverageSchema":"1a1c01bbd47fc00a2c39e90264f33305004495a9","hash":"1c6777f2a4ee97f38cabb519be00aef7adbc182d"}
,"D:\\www\\emanager.com\\backend\\src\\domain\\entities\\Team.js": {"path":"D:\\www\\emanager.com\\backend\\src\\domain\\entities\\Team.js","statementMap":{"0":{"start":{"line":28,"column":4},"end":{"line":28,"column":22}},"1":{"start":{"line":29,"column":4},"end":{"line":29,"column":30}},"2":{"start":{"line":30,"column":4},"end":{"line":30,"column":26}},"3":{"start":{"line":31,"column":4},"end":{"line":31,"column":24}},"4":{"start":{"line":32,"column":4},"end":{"line":32,"column":42}},"5":{"start":{"line":33,"column":4},"end":{"line":33,"column":40}},"6":{"start":{"line":34,"column":4},"end":{"line":34,"column":36}},"7":{"start":{"line":35,"column":4},"end":{"line":35,"column":36}},"8":{"start":{"line":36,"column":4},"end":{"line":36,"column":26}}},"fnMap":{"0":{"name":"(anonymous_0)","decl":{"start":{"line":27,"column":2},"end":{"line":27,"column":3}},"loc":{"start":{"line":27,"column":20},"end":{"line":37,"column":3}},"line":27}},"branchMap":{},"s":{"0":1,"1":1,"2":1,"3":1,"4":1,"5":1,"6":1,"7":1,"8":1},"f":{"0":1},"b":{},"_coverageSchema":"1a1c01bbd47fc00a2c39e90264f33305004495a9","hash":"d0da707d76a53d36884ff68d977db39a6db8d4a3"}
,"D:\\www\\emanager.com\\backend\\src\\domain\\entities\\User.js": {"path":"D:\\www\\emanager.com\\backend\\src\\domain\\entities\\User.js","statementMap":{"0":{"start":{"line":69,"column":4},"end":{"line":69,"column":22}},"1":{"start":{"line":70,"column":4},"end":{"line":70,"column":34}},"2":{"start":{"line":71,"column":4},"end":{"line":71,"column":28}},"3":{"start":{"line":72,"column":4},"end":{"line":72,"column":34}},"4":{"start":{"line":73,"column":4},"end":{"line":73,"column":36}},"5":{"start":{"line":74,"column":4},"end":{"line":74,"column":34}},"6":{"start":{"line":75,"column":4},"end":{"line":75,"column":45}},"7":{"start":{"line":76,"column":4},"end":{"line":76,"column":47}},"8":{"start":{"line":77,"column":4},"end":{"line":77,"column":52}},"9":{"start":{"line":78,"column":4},"end":{"line":78,"column":60}},"10":{"start":{"line":79,"column":4},"end":{"line":79,"column":38}},"11":{"start":{"line":80,"column":4},"end":{"line":80,"column":46}},"12":{"start":{"line":81,"column":4},"end":{"line":81,"column":50}},"13":{"start":{"line":82,"column":4},"end":{"line":82,"column":50}},"14":{"start":{"line":84,"column":4},"end":{"line":84,"column":20}},"15":{"start":{"line":92,"column":4},"end":{"line":97,"column":5}},"16":{"start":{"line":93,"column":6},"end":{"line":96,"column":8}},"17":{"start":{"line":99,"column":4},"end":{"line":104,"column":5}},"18":{"start":{"line":100,"column":6},"end":{"line":103,"column":8}},"19":{"start":{"line":106,"column":4},"end":{"line":111,"column":5}},"20":{"start":{"line":107,"column":6},"end":{"line":110,"column":8}},"21":{"start":{"line":113,"column":4},"end":{"line":118,"column":5}},"22":{"start":{"line":114,"column":6},"end":{"line":117,"column":8}},"23":{"start":{"line":120,"column":4},"end":{"line":125,"column":5}},"24":{"start":{"line":121,"column":6},"end":{"line":124,"column":8}},"25":{"start":{"line":127,"column":4},"end":{"line":132,"column":5}},"26":{"start":{"line":128,"column":6},"end":{"line":131,"column":8}},"27":{"start":{"line":134,"column":4},"end":{"line":139,"column":5}},"28":{"start":{"line":135,"column":6},"end":{"line":138,"column":8}},"29":{"start":{"line":141,"column":4},"end":{"line":143,"column":5}},"30":{"start":{"line":142,"column":6},"end":{"line":142,"column":100}},"31":{"start":{"line":151,"column":4},"end":{"line":151,"column":86}},"32":{"start":{"line":159,"column":4},"end":{"line":159,"column":42}},"33":{"start":{"line":167,"column":4},"end":{"line":167,"column":44}},"34":{"start":{"line":175,"column":4},"end":{"line":175,"column":46}},"35":{"start":{"line":183,"column":4},"end":{"line":187,"column":6}},"36":{"start":{"line":195,"column":4},"end":{"line":195,"column":86}},"37":{"start":{"line":204,"column":16},"end":{"line":214,"column":5}},"38":{"start":{"line":216,"column":4},"end":{"line":221,"column":5}},"39":{"start":{"line":217,"column":6},"end":{"line":217,"column":53}},"40":{"start":{"line":218,"column":6},"end":{"line":218,"column":61}},"41":{"start":{"line":219,"column":6},"end":{"line":219,"column":39}},"42":{"start":{"line":220,"column":6},"end":{"line":220,"column":47}},"43":{"start":{"line":223,"column":4},"end":{"line":223,"column":15}}},"fnMap":{"0":{"name":"(anonymous_0)","decl":{"start":{"line":68,"column":2},"end":{"line":68,"column":3}},"loc":{"start":{"line":68,"column":20},"end":{"line":85,"column":3}},"line":68},"1":{"name":"(anonymous_1)","decl":{"start":{"line":91,"column":2},"end":{"line":91,"column":3}},"loc":{"start":{"line":91,"column":13},"end":{"line":144,"column":3}},"line":91},"2":{"name":"(anonymous_2)","decl":{"start":{"line":150,"column":2},"end":{"line":150,"column":3}},"loc":{"start":{"line":150,"column":16},"end":{"line":152,"column":3}},"line":150},"3":{"name":"(anonymous_3)","decl":{"start":{"line":158,"column":2},"end":{"line":158,"column":3}},"loc":{"start":{"line":158,"column":12},"end":{"line":160,"column":3}},"line":158},"4":{"name":"(anonymous_4)","decl":{"start":{"line":166,"column":2},"end":{"line":166,"column":3}},"loc":{"start":{"line":166,"column":14},"end":{"line":168,"column":3}},"line":166},"5":{"name":"(anonymous_5)","decl":{"start":{"line":174,"column":2},"end":{"line":174,"column":3}},"loc":{"start":{"line":174,"column":21},"end":{"line":176,"column":3}},"line":174},"6":{"name":"(anonymous_6)","decl":{"start":{"line":182,"column":2},"end":{"line":182,"column":3}},"loc":{"start":{"line":182,"column":30},"end":{"line":188,"column":3}},"line":182},"7":{"name":"(anonymous_7)","decl":{"start":{"line":194,"column":2},"end":{"line":194,"column":3}},"loc":{"start":{"line":194,"column":23},"end":{"line":196,"column":3}},"line":194},"8":{"name":"(anonymous_8)","decl":{"start":{"line":203,"column":2},"end":{"line":203,"column":3}},"loc":{"start":{"line":203,"column":35},"end":{"line":224,"column":3}},"line":203}},"branchMap":{"0":{"loc":{"start":{"line":75,"column":16},"end":{"line":75,"column":44}},"type":"binary-expr","locations":[{"start":{"line":75,"column":16},"end":{"line":75,"column":25}},{"start":{"line":75,"column":29},"end":{"line":75,"column":44}}],"line":75},"1":{"loc":{"start":{"line":76,"column":22},"end":{"line":76,"column":46}},"type":"binary-expr","locations":[{"start":{"line":76,"column":22},"end":{"line":76,"column":37}},{"start":{"line":76,"column":41},"end":{"line":76,"column":46}}],"line":76},"2":{"loc":{"start":{"line":81,"column":21},"end":{"line":81,"column":49}},"type":"binary-expr","locations":[{"start":{"line":81,"column":21},"end":{"line":81,"column":35}},{"start":{"line":81,"column":39},"end":{"line":81,"column":49}}],"line":81},"3":{"loc":{"start":{"line":82,"column":21},"end":{"line":82,"column":49}},"type":"binary-expr","locations":[{"start":{"line":82,"column":21},"end":{"line":82,"column":35}},{"start":{"line":82,"column":39},"end":{"line":82,"column":49}}],"line":82},"4":{"loc":{"start":{"line":92,"column":4},"end":{"line":97,"column":5}},"type":"if","locations":[{"start":{"line":92,"column":4},"end":{"line":97,"column":5}},{"start":{},"end":{}}],"line":92},"5":{"loc":{"start":{"line":99,"column":4},"end":{"line":104,"column":5}},"type":"if","locations":[{"start":{"line":99,"column":4},"end":{"line":104,"column":5}},{"start":{},"end":{}}],"line":99},"6":{"loc":{"start":{"line":99,"column":8},"end":{"line":99,"column":96}},"type":"binary-expr","locations":[{"start":{"line":99,"column":8},"end":{"line":99,"column":50}},{"start":{"line":99,"column":54},"end":{"line":99,"column":96}}],"line":99},"7":{"loc":{"start":{"line":106,"column":4},"end":{"line":111,"column":5}},"type":"if","locations":[{"start":{"line":106,"column":4},"end":{"line":111,"column":5}},{"start":{},"end":{}}],"line":106},"8":{"loc":{"start":{"line":113,"column":4},"end":{"line":118,"column":5}},"type":"if","locations":[{"start":{"line":113,"column":4},"end":{"line":118,"column":5}},{"start":{},"end":{}}],"line":113},"9":{"loc":{"start":{"line":120,"column":4},"end":{"line":125,"column":5}},"type":"if","locations":[{"start":{"line":120,"column":4},"end":{"line":125,"column":5}},{"start":{},"end":{}}],"line":120},"10":{"loc":{"start":{"line":127,"column":4},"end":{"line":132,"column":5}},"type":"if","locations":[{"start":{"line":127,"column":4},"end":{"line":132,"column":5}},{"start":{},"end":{}}],"line":127},"11":{"loc":{"start":{"line":127,"column":8},"end":{"line":127,"column":65}},"type":"binary-expr","locations":[{"start":{"line":127,"column":8},"end":{"line":127,"column":22}},{"start":{"line":127,"column":26},"end":{"line":127,"column":65}}],"line":127},"12":{"loc":{"start":{"line":134,"column":4},"end":{"line":139,"column":5}},"type":"if","locations":[{"start":{"line":134,"column":4},"end":{"line":139,"column":5}},{"start":{},"end":{}}],"line":134},"13":{"loc":{"start":{"line":134,"column":8},"end":{"line":134,"column":63}},"type":"binary-expr","locations":[{"start":{"line":134,"column":8},"end":{"line":134,"column":21}},{"start":{"line":134,"column":25},"end":{"line":134,"column":63}}],"line":134},"14":{"loc":{"start":{"line":141,"column":4},"end":{"line":143,"column":5}},"type":"if","locations":[{"start":{"line":141,"column":4},"end":{"line":143,"column":5}},{"start":{},"end":{}}],"line":141},"15":{"loc":{"start":{"line":151,"column":11},"end":{"line":151,"column":85}},"type":"binary-expr","locations":[{"start":{"line":151,"column":11},"end":{"line":151,"column":68}},{"start":{"line":151,"column":72},"end":{"line":151,"column":85}}],"line":151},"16":{"loc":{"start":{"line":175,"column":11},"end":{"line":175,"column":45}},"type":"binary-expr","locations":[{"start":{"line":175,"column":11},"end":{"line":175,"column":27}},{"start":{"line":175,"column":31},"end":{"line":175,"column":45}}],"line":175},"17":{"loc":{"start":{"line":184,"column":6},"end":{"line":186,"column":45}},"type":"binary-expr","locations":[{"start":{"line":184,"column":6},"end":{"line":184,"column":28}},{"start":{"line":185,"column":6},"end":{"line":185,"column":32}},{"start":{"line":186,"column":6},"end":{"line":186,"column":45}}],"line":184},"18":{"loc":{"start":{"line":195,"column":11},"end":{"line":195,"column":85}},"type":"binary-expr","locations":[{"start":{"line":195,"column":11},"end":{"line":195,"column":26}},{"start":{"line":195,"column":30},"end":{"line":195,"column":49}},{"start":{"line":195,"column":53},"end":{"line":195,"column":85}}],"line":195},"19":{"loc":{"start":{"line":203,"column":9},"end":{"line":203,"column":33}},"type":"default-arg","locations":[{"start":{"line":203,"column":28},"end":{"line":203,"column":33}}],"line":203},"20":{"loc":{"start":{"line":216,"column":4},"end":{"line":221,"column":5}},"type":"if","locations":[{"start":{"line":216,"column":4},"end":{"line":221,"column":5}},{"start":{},"end":{}}],"line":216}},"s":{"0":5,"1":5,"2":5,"3":5,"4":5,"5":5,"6":5,"7":5,"8":5,"9":5,"10":5,"11":5,"12":5,"13":5,"14":5,"15":5,"16":0,"17":5,"18":1,"19":4,"20":0,"21":4,"22":1,"23":3,"24":0,"25":3,"26":0,"27":3,"28":0,"29":3,"30":1,"31":2,"32":2,"33":2,"34":1,"35":1,"36":1,"37":2,"38":2,"39":1,"40":1,"41":1,"42":1,"43":2},"f":{"0":5,"1":5,"2":2,"3":2,"4":2,"5":1,"6":1,"7":1,"8":2},"b":{"0":[5,3],"1":[5,4],"2":[5,5],"3":[5,5],"4":[0,5],"5":[1,4],"6":[5,4],"7":[0,4],"8":[1,3],"9":[0,3],"10":[0,3],"11":[3,1],"12":[0,3],"13":[3,1],"14":[1,2],"15":[2,1],"16":[1,1],"17":[1,1,1],"18":[1,1,1],"19":[1],"20":[1,1]},"_coverageSchema":"1a1c01bbd47fc00a2c39e90264f33305004495a9","hash":"096a819faf9422cc463242a7a04c14fac37c6ad3"}
,"D:\\www\\emanager.com\\backend\\src\\domain\\repositories\\SessionTokenRepository.js": {"path":"D:\\www\\emanager.com\\backend\\src\\domain\\repositories\\SessionTokenRepository.js","statementMap":{"0":{"start":{"line":20,"column":4},"end":{"line":20,"column":46}},"1":{"start":{"line":28,"column":4},"end":{"line":28,"column":46}},"2":{"start":{"line":36,"column":4},"end":{"line":36,"column":46}},"3":{"start":{"line":44,"column":4},"end":{"line":44,"column":46}},"4":{"start":{"line":53,"column":4},"end":{"line":53,"column":46}}},"fnMap":{"0":{"name":"(anonymous_0)","decl":{"start":{"line":19,"column":2},"end":{"line":19,"column":3}},"loc":{"start":{"line":19,"column":22},"end":{"line":21,"column":3}},"line":19},"1":{"name":"(anonymous_1)","decl":{"start":{"line":27,"column":2},"end":{"line":27,"column":3}},"loc":{"start":{"line":27,"column":28},"end":{"line":29,"column":3}},"line":27},"2":{"name":"(anonymous_2)","decl":{"start":{"line":35,"column":2},"end":{"line":35,"column":3}},"loc":{"start":{"line":35,"column":24},"end":{"line":37,"column":3}},"line":35},"3":{"name":"(anonymous_3)","decl":{"start":{"line":43,"column":2},"end":{"line":43,"column":3}},"loc":{"start":{"line":43,"column":30},"end":{"line":45,"column":3}},"line":43},"4":{"name":"(anonymous_4)","decl":{"start":{"line":52,"column":2},"end":{"line":52,"column":3}},"loc":{"start":{"line":52,"column":27},"end":{"line":54,"column":3}},"line":52}},"branchMap":{},"s":{"0":1,"1":1,"2":1,"3":1,"4":1},"f":{"0":1,"1":1,"2":1,"3":1,"4":1},"b":{},"_coverageSchema":"1a1c01bbd47fc00a2c39e90264f33305004495a9","hash":"2d0a5c24e646087d0544d536ef5394ac724673ef"}
,"D:\\www\\emanager.com\\backend\\src\\domain\\repositories\\TeamRepository.js": {"path":"D:\\www\\emanager.com\\backend\\src\\domain\\repositories\\TeamRepository.js","statementMap":{"0":{"start":{"line":18,"column":4},"end":{"line":18,"column":46}},"1":{"start":{"line":29,"column":4},"end":{"line":29,"column":46}},"2":{"start":{"line":40,"column":4},"end":{"line":40,"column":46}},"3":{"start":{"line":52,"column":4},"end":{"line":52,"column":46}},"4":{"start":{"line":64,"column":4},"end":{"line":64,"column":46}},"5":{"start":{"line":75,"column":4},"end":{"line":75,"column":46}}},"fnMap":{"0":{"name":"(anonymous_0)","decl":{"start":{"line":17,"column":2},"end":{"line":17,"column":3}},"loc":{"start":{"line":17,"column":18},"end":{"line":19,"column":3}},"line":17},"1":{"name":"(anonymous_1)","decl":{"start":{"line":28,"column":2},"end":{"line":28,"column":3}},"loc":{"start":{"line":28,"column":21},"end":{"line":30,"column":3}},"line":28},"2":{"name":"(anonymous_2)","decl":{"start":{"line":39,"column":2},"end":{"line":39,"column":3}},"loc":{"start":{"line":39,"column":29},"end":{"line":41,"column":3}},"line":39},"3":{"name":"(anonymous_3)","decl":{"start":{"line":51,"column":2},"end":{"line":51,"column":3}},"loc":{"start":{"line":51,"column":29},"end":{"line":53,"column":3}},"line":51},"4":{"name":"(anonymous_4)","decl":{"start":{"line":63,"column":2},"end":{"line":63,"column":3}},"loc":{"start":{"line":63,"column":25},"end":{"line":65,"column":3}},"line":63},"5":{"name":"(anonymous_5)","decl":{"start":{"line":74,"column":2},"end":{"line":74,"column":3}},"loc":{"start":{"line":74,"column":19},"end":{"line":76,"column":3}},"line":74}},"branchMap":{},"s":{"0":1,"1":1,"2":1,"3":1,"4":1,"5":1},"f":{"0":1,"1":1,"2":1,"3":1,"4":1,"5":1},"b":{},"_coverageSchema":"1a1c01bbd47fc00a2c39e90264f33305004495a9","hash":"5956502154d6d2328cba0e48976eb7efc5247c95"}
,"D:\\www\\emanager.com\\backend\\src\\domain\\repositories\\UserRepository.js": {"path":"D:\\www\\emanager.com\\backend\\src\\domain\\repositories\\UserRepository.js","statementMap":{"0":{"start":{"line":29,"column":4},"end":{"line":29,"column":46}},"1":{"start":{"line":40,"column":4},"end":{"line":40,"column":46}},"2":{"start":{"line":51,"column":4},"end":{"line":51,"column":46}},"3":{"start":{"line":62,"column":4},"end":{"line":62,"column":46}},"4":{"start":{"line":74,"column":4},"end":{"line":74,"column":46}},"5":{"start":{"line":85,"column":4},"end":{"line":85,"column":46}},"6":{"start":{"line":99,"column":4},"end":{"line":99,"column":46}},"7":{"start":{"line":110,"column":4},"end":{"line":110,"column":46}},"8":{"start":{"line":121,"column":4},"end":{"line":121,"column":46}},"9":{"start":{"line":134,"column":4},"end":{"line":134,"column":46}},"10":{"start":{"line":146,"column":4},"end":{"line":146,"column":46}},"11":{"start":{"line":159,"column":4},"end":{"line":159,"column":46}}},"fnMap":{"0":{"name":"(anonymous_0)","decl":{"start":{"line":28,"column":2},"end":{"line":28,"column":3}},"loc":{"start":{"line":28,"column":21},"end":{"line":30,"column":3}},"line":28},"1":{"name":"(anonymous_1)","decl":{"start":{"line":39,"column":2},"end":{"line":39,"column":3}},"loc":{"start":{"line":39,"column":27},"end":{"line":41,"column":3}},"line":39},"2":{"name":"(anonymous_2)","decl":{"start":{"line":50,"column":2},"end":{"line":50,"column":3}},"loc":{"start":{"line":50,"column":33},"end":{"line":52,"column":3}},"line":50},"3":{"name":"(anonymous_3)","decl":{"start":{"line":61,"column":2},"end":{"line":61,"column":3}},"loc":{"start":{"line":61,"column":21},"end":{"line":63,"column":3}},"line":61},"4":{"name":"(anonymous_4)","decl":{"start":{"line":73,"column":2},"end":{"line":73,"column":3}},"loc":{"start":{"line":73,"column":25},"end":{"line":75,"column":3}},"line":73},"5":{"name":"(anonymous_5)","decl":{"start":{"line":84,"column":2},"end":{"line":84,"column":3}},"loc":{"start":{"line":84,"column":19},"end":{"line":86,"column":3}},"line":84},"6":{"name":"(anonymous_6)","decl":{"start":{"line":98,"column":2},"end":{"line":98,"column":3}},"loc":{"start":{"line":98,"column":61},"end":{"line":100,"column":3}},"line":98},"7":{"name":"(anonymous_7)","decl":{"start":{"line":109,"column":2},"end":{"line":109,"column":3}},"loc":{"start":{"line":109,"column":39},"end":{"line":111,"column":3}},"line":109},"8":{"name":"(anonymous_8)","decl":{"start":{"line":120,"column":2},"end":{"line":120,"column":3}},"loc":{"start":{"line":120,"column":32},"end":{"line":122,"column":3}},"line":120},"9":{"name":"(anonymous_9)","decl":{"start":{"line":133,"column":2},"end":{"line":133,"column":3}},"loc":{"start":{"line":133,"column":51},"end":{"line":135,"column":3}},"line":133},"10":{"name":"(anonymous_10)","decl":{"start":{"line":145,"column":2},"end":{"line":145,"column":3}},"loc":{"start":{"line":145,"column":36},"end":{"line":147,"column":3}},"line":145},"11":{"name":"(anonymous_11)","decl":{"start":{"line":158,"column":2},"end":{"line":158,"column":3}},"loc":{"start":{"line":158,"column":44},"end":{"line":160,"column":3}},"line":158}},"branchMap":{"0":{"loc":{"start":{"line":98,"column":16},"end":{"line":98,"column":59}},"type":"default-arg","locations":[{"start":{"line":98,"column":57},"end":{"line":98,"column":59}}],"line":98},"1":{"loc":{"start":{"line":98,"column":18},"end":{"line":98,"column":26}},"type":"default-arg","locations":[{"start":{"line":98,"column":25},"end":{"line":98,"column":26}}],"line":98},"2":{"loc":{"start":{"line":98,"column":28},"end":{"line":98,"column":38}},"type":"default-arg","locations":[{"start":{"line":98,"column":36},"end":{"line":98,"column":38}}],"line":98},"3":{"loc":{"start":{"line":98,"column":40},"end":{"line":98,"column":52}},"type":"default-arg","locations":[{"start":{"line":98,"column":50},"end":{"line":98,"column":52}}],"line":98}},"s":{"0":1,"1":1,"2":1,"3":1,"4":1,"5":1,"6":1,"7":1,"8":1,"9":1,"10":1,"11":1},"f":{"0":1,"1":1,"2":1,"3":1,"4":1,"5":1,"6":1,"7":1,"8":1,"9":1,"10":1,"11":1},"b":{"0":[1],"1":[1],"2":[1],"3":[1]},"_coverageSchema":"1a1c01bbd47fc00a2c39e90264f33305004495a9","hash":"f69045671c151aa366f39ca1345df5ac9002a98c"}
,"D:\\www\\emanager.com\\backend\\src\\infrastructure\\app.js": {"path":"D:\\www\\emanager.com\\backend\\src\\infrastructure\\app.js","statementMap":{"0":{"start":{"line":11,"column":12},"end":{"line":11,"column":21}},"1":{"start":{"line":14,"column":0},"end":{"line":14,"column":26}},"2":{"start":{"line":17,"column":0},"end":{"line":17,"column":29}},"3":{"start":{"line":20,"column":0},"end":{"line":20,"column":22}},"4":{"start":{"line":23,"column":0},"end":{"line":25,"column":1}},"5":{"start":{"line":24,"column":2},"end":{"line":24,"column":25}},"6":{"start":{"line":28,"column":0},"end":{"line":28,"column":16}},"7":{"start":{"line":31,"column":0},"end":{"line":33,"column":1}},"8":{"start":{"line":32,"column":2},"end":{"line":32,"column":23}},"9":{"start":{"line":36,"column":0},"end":{"line":36,"column":25}},"10":{"start":{"line":37,"column":0},"end":{"line":37,"column":22}}},"fnMap":{},"branchMap":{"0":{"loc":{"start":{"line":23,"column":0},"end":{"line":25,"column":1}},"type":"if","locations":[{"start":{"line":23,"column":0},"end":{"line":25,"column":1}},{"start":{},"end":{}}],"line":23},"1":{"loc":{"start":{"line":31,"column":0},"end":{"line":33,"column":1}},"type":"if","locations":[{"start":{"line":31,"column":0},"end":{"line":33,"column":1}},{"start":{},"end":{}}],"line":31}},"s":{"0":3,"1":3,"2":3,"3":3,"4":3,"5":0,"6":3,"7":3,"8":0,"9":3,"10":3},"f":{},"b":{"0":[0,3],"1":[0,3]},"_coverageSchema":"1a1c01bbd47fc00a2c39e90264f33305004495a9","hash":"02cd7175fc1851acf4fd31393b17b22db9cee3a9"}
,"D:\\www\\emanager.com\\backend\\src\\infrastructure\\controllers\\AuthController.js": {"path":"D:\\www\\emanager.com\\backend\\src\\infrastructure\\controllers\\AuthController.js","statementMap":{"0":{"start":{"line":9,"column":4},"end":{"line":9,"column":35}},"1":{"start":{"line":19,"column":4},"end":{"line":25,"column":5}},"2":{"start":{"line":20,"column":44},"end":{"line":20,"column":52}},"3":{"start":{"line":21,"column":6},"end":{"line":21,"column":69}},"4":{"start":{"line":22,"column":6},"end":{"line":22,"column":91}},"5":{"start":{"line":24,"column":6},"end":{"line":24,"column":18}},"6":{"start":{"line":35,"column":4},"end":{"line":49,"column":5}},"7":{"start":{"line":36,"column":20},"end":{"line":36,"column":55}},"8":{"start":{"line":39,"column":6},"end":{"line":41,"column":7}},"9":{"start":{"line":40,"column":8},"end":{"line":40,"column":60}},"10":{"start":{"line":43,"column":6},"end":{"line":43,"column":48}},"11":{"start":{"line":44,"column":6},"end":{"line":46,"column":89}},"12":{"start":{"line":48,"column":6},"end":{"line":48,"column":18}},"13":{"start":{"line":59,"column":4},"end":{"line":65,"column":5}},"14":{"start":{"line":60,"column":34},"end":{"line":60,"column":42}},"15":{"start":{"line":61,"column":21},"end":{"line":61,"column":66}},"16":{"start":{"line":62,"column":6},"end":{"line":62,"column":95}},"17":{"start":{"line":64,"column":6},"end":{"line":64,"column":18}},"18":{"start":{"line":75,"column":4},"end":{"line":80,"column":5}},"19":{"start":{"line":76,"column":19},"end":{"line":76,"column":60}},"20":{"start":{"line":77,"column":6},"end":{"line":77,"column":62}},"21":{"start":{"line":79,"column":6},"end":{"line":79,"column":18}},"22":{"start":{"line":90,"column":4},"end":{"line":104,"column":5}},"23":{"start":{"line":91,"column":31},"end":{"line":91,"column":39}},"24":{"start":{"line":92,"column":6},"end":{"line":97,"column":7}},"25":{"start":{"line":93,"column":8},"end":{"line":96,"column":10}},"26":{"start":{"line":98,"column":21},"end":{"line":98,"column":70}},"27":{"start":{"line":99,"column":6},"end":{"line":101,"column":92}},"28":{"start":{"line":103,"column":6},"end":{"line":103,"column":18}},"29":{"start":{"line":114,"column":4},"end":{"line":120,"column":5}},"30":{"start":{"line":115,"column":31},"end":{"line":115,"column":39}},"31":{"start":{"line":116,"column":6},"end":{"line":116,"column":50}},"32":{"start":{"line":117,"column":6},"end":{"line":117,"column":94}},"33":{"start":{"line":119,"column":6},"end":{"line":119,"column":18}},"34":{"start":{"line":130,"column":4},"end":{"line":140,"column":5}},"35":{"start":{"line":131,"column":24},"end":{"line":131,"column":32}},"36":{"start":{"line":132,"column":6},"end":{"line":132,"column":51}},"37":{"start":{"line":133,"column":6},"end":{"line":137,"column":9}},"38":{"start":{"line":139,"column":6},"end":{"line":139,"column":18}},"39":{"start":{"line":150,"column":4},"end":{"line":159,"column":5}},"40":{"start":{"line":151,"column":24},"end":{"line":151,"column":34}},"41":{"start":{"line":152,"column":30},"end":{"line":152,"column":38}},"42":{"start":{"line":153,"column":6},"end":{"line":153,"column":63}},"43":{"start":{"line":154,"column":6},"end":{"line":156,"column":91}},"44":{"start":{"line":158,"column":6},"end":{"line":158,"column":18}},"45":{"start":{"line":162,"column":23},"end":{"line":172,"column":3}},"46":{"start":{"line":163,"column":4},"end":{"line":171,"column":5}},"47":{"start":{"line":164,"column":24},"end":{"line":164,"column":32}},"48":{"start":{"line":165,"column":6},"end":{"line":165,"column":55}},"49":{"start":{"line":166,"column":6},"end":{"line":168,"column":100}},"50":{"start":{"line":170,"column":6},"end":{"line":170,"column":18}}},"fnMap":{"0":{"name":"(anonymous_0)","decl":{"start":{"line":8,"column":2},"end":{"line":8,"column":3}},"loc":{"start":{"line":8,"column":27},"end":{"line":10,"column":3}},"line":8},"1":{"name":"(anonymous_1)","decl":{"start":{"line":18,"column":2},"end":{"line":18,"column":3}},"loc":{"start":{"line":18,"column":33},"end":{"line":26,"column":3}},"line":18},"2":{"name":"(anonymous_2)","decl":{"start":{"line":34,"column":2},"end":{"line":34,"column":3}},"loc":{"start":{"line":34,"column":36},"end":{"line":50,"column":3}},"line":34},"3":{"name":"(anonymous_3)","decl":{"start":{"line":58,"column":2},"end":{"line":58,"column":3}},"loc":{"start":{"line":58,"column":30},"end":{"line":66,"column":3}},"line":58},"4":{"name":"(anonymous_4)","decl":{"start":{"line":74,"column":2},"end":{"line":74,"column":3}},"loc":{"start":{"line":74,"column":30},"end":{"line":81,"column":3}},"line":74},"5":{"name":"(anonymous_5)","decl":{"start":{"line":89,"column":2},"end":{"line":89,"column":3}},"loc":{"start":{"line":89,"column":37},"end":{"line":105,"column":3}},"line":89},"6":{"name":"(anonymous_6)","decl":{"start":{"line":113,"column":2},"end":{"line":113,"column":3}},"loc":{"start":{"line":113,"column":31},"end":{"line":121,"column":3}},"line":113},"7":{"name":"(anonymous_7)","decl":{"start":{"line":129,"column":2},"end":{"line":129,"column":3}},"loc":{"start":{"line":129,"column":39},"end":{"line":141,"column":3}},"line":129},"8":{"name":"(anonymous_8)","decl":{"start":{"line":149,"column":2},"end":{"line":149,"column":3}},"loc":{"start":{"line":149,"column":38},"end":{"line":160,"column":3}},"line":149},"9":{"name":"(anonymous_9)","decl":{"start":{"line":162,"column":23},"end":{"line":162,"column":24}},"loc":{"start":{"line":162,"column":43},"end":{"line":172,"column":3}},"line":162}},"branchMap":{"0":{"loc":{"start":{"line":36,"column":20},"end":{"line":36,"column":55}},"type":"binary-expr","locations":[{"start":{"line":36,"column":20},"end":{"line":36,"column":35}},{"start":{"line":36,"column":39},"end":{"line":36,"column":55}}],"line":36},"1":{"loc":{"start":{"line":39,"column":6},"end":{"line":41,"column":7}},"type":"if","locations":[{"start":{"line":39,"column":6},"end":{"line":41,"column":7}},{"start":{},"end":{}}],"line":39},"2":{"loc":{"start":{"line":92,"column":6},"end":{"line":97,"column":7}},"type":"if","locations":[{"start":{"line":92,"column":6},"end":{"line":97,"column":7}},{"start":{},"end":{}}],"line":92}},"s":{"0":14,"1":2,"2":2,"3":2,"4":2,"5":0,"6":2,"7":2,"8":2,"9":1,"10":1,"11":1,"12":0,"13":2,"14":2,"15":2,"16":2,"17":0,"18":1,"19":1,"20":1,"21":0,"22":3,"23":3,"24":3,"25":1,"26":2,"27":2,"28":1,"29":2,"30":2,"31":2,"32":2,"33":0,"34":1,"35":1,"36":1,"37":1,"38":0,"39":1,"40":1,"41":1,"42":1,"43":1,"44":0,"45":14,"46":1,"47":1,"48":1,"49":1,"50":0},"f":{"0":14,"1":2,"2":2,"3":2,"4":1,"5":3,"6":2,"7":1,"8":1,"9":1},"b":{"0":[2,1],"1":[1,1],"2":[1,2]},"_coverageSchema":"1a1c01bbd47fc00a2c39e90264f33305004495a9","hash":"9fcfae6d12469b868048cf009e95cb9c413f94c4"}
,"D:\\www\\emanager.com\\backend\\src\\infrastructure\\controllers\\TeamController.js": {"path":"D:\\www\\emanager.com\\backend\\src\\infrastructure\\controllers\\TeamController.js","statementMap":{"0":{"start":{"line":8,"column":4},"end":{"line":8,"column":35}},"1":{"start":{"line":17,"column":16},"end":{"line":24,"column":3}},"2":{"start":{"line":18,"column":4},"end":{"line":23,"column":5}},"3":{"start":{"line":19,"column":20},"end":{"line":19,"column":56}},"4":{"start":{"line":20,"column":6},"end":{"line":20,"column":63}},"5":{"start":{"line":22,"column":6},"end":{"line":22,"column":18}},"6":{"start":{"line":32,"column":16},"end":{"line":46,"column":3}},"7":{"start":{"line":33,"column":4},"end":{"line":45,"column":5}},"8":{"start":{"line":34,"column":21},"end":{"line":34,"column":31}},"9":{"start":{"line":35,"column":19},"end":{"line":35,"column":57}},"10":{"start":{"line":37,"column":6},"end":{"line":40,"column":7}},"11":{"start":{"line":38,"column":30},"end":{"line":38,"column":96}},"12":{"start":{"line":39,"column":8},"end":{"line":39,"column":35}},"13":{"start":{"line":42,"column":6},"end":{"line":42,"column":62}},"14":{"start":{"line":44,"column":6},"end":{"line":44,"column":18}},"15":{"start":{"line":54,"column":15},"end":{"line":64,"column":3}},"16":{"start":{"line":55,"column":4},"end":{"line":63,"column":5}},"17":{"start":{"line":56,"column":23},"end":{"line":56,"column":31}},"18":{"start":{"line":57,"column":22},"end":{"line":57,"column":65}},"19":{"start":{"line":58,"column":6},"end":{"line":60,"column":90}},"20":{"start":{"line":62,"column":6},"end":{"line":62,"column":18}},"21":{"start":{"line":72,"column":15},"end":{"line":90,"column":3}},"22":{"start":{"line":73,"column":4},"end":{"line":89,"column":5}},"23":{"start":{"line":74,"column":21},"end":{"line":74,"column":31}},"24":{"start":{"line":75,"column":23},"end":{"line":75,"column":31}},"25":{"start":{"line":77,"column":26},"end":{"line":77,"column":73}},"26":{"start":{"line":79,"column":6},"end":{"line":82,"column":7}},"27":{"start":{"line":80,"column":30},"end":{"line":80,"column":96}},"28":{"start":{"line":81,"column":8},"end":{"line":81,"column":35}},"29":{"start":{"line":84,"column":6},"end":{"line":86,"column":94}},"30":{"start":{"line":88,"column":6},"end":{"line":88,"column":18}},"31":{"start":{"line":98,"column":15},"end":{"line":112,"column":3}},"32":{"start":{"line":99,"column":4},"end":{"line":111,"column":5}},"33":{"start":{"line":100,"column":21},"end":{"line":100,"column":31}},"34":{"start":{"line":101,"column":22},"end":{"line":101,"column":59}},"35":{"start":{"line":103,"column":6},"end":{"line":106,"column":7}},"36":{"start":{"line":104,"column":30},"end":{"line":104,"column":96}},"37":{"start":{"line":105,"column":8},"end":{"line":105,"column":35}},"38":{"start":{"line":108,"column":6},"end":{"line":108,"column":100}},"39":{"start":{"line":110,"column":6},"end":{"line":110,"column":18}},"40":{"start":{"line":120,"column":14},"end":{"line":138,"column":3}},"41":{"start":{"line":121,"column":4},"end":{"line":137,"column":5}},"42":{"start":{"line":122,"column":21},"end":{"line":122,"column":31}},"43":{"start":{"line":123,"column":25},"end":{"line":123,"column":33}},"44":{"start":{"line":125,"column":26},"end":{"line":125,"column":70}},"45":{"start":{"line":127,"column":6},"end":{"line":130,"column":7}},"46":{"start":{"line":128,"column":30},"end":{"line":128,"column":96}},"47":{"start":{"line":129,"column":8},"end":{"line":129,"column":35}},"48":{"start":{"line":132,"column":6},"end":{"line":134,"column":94}},"49":{"start":{"line":136,"column":6},"end":{"line":136,"column":18}},"50":{"start":{"line":146,"column":17},"end":{"line":164,"column":3}},"51":{"start":{"line":147,"column":4},"end":{"line":163,"column":5}},"52":{"start":{"line":148,"column":21},"end":{"line":148,"column":31}},"53":{"start":{"line":149,"column":25},"end":{"line":149,"column":33}},"54":{"start":{"line":151,"column":26},"end":{"line":151,"column":73}},"55":{"start":{"line":153,"column":6},"end":{"line":156,"column":7}},"56":{"start":{"line":154,"column":30},"end":{"line":154,"column":96}},"57":{"start":{"line":155,"column":8},"end":{"line":155,"column":35}},"58":{"start":{"line":158,"column":6},"end":{"line":160,"column":96}},"59":{"start":{"line":162,"column":6},"end":{"line":162,"column":18}}},"fnMap":{"0":{"name":"(anonymous_0)","decl":{"start":{"line":7,"column":2},"end":{"line":7,"column":3}},"loc":{"start":{"line":7,"column":27},"end":{"line":9,"column":3}},"line":7},"1":{"name":"(anonymous_1)","decl":{"start":{"line":17,"column":16},"end":{"line":17,"column":17}},"loc":{"start":{"line":17,"column":43},"end":{"line":24,"column":3}},"line":17},"2":{"name":"(anonymous_2)","decl":{"start":{"line":32,"column":16},"end":{"line":32,"column":17}},"loc":{"start":{"line":32,"column":42},"end":{"line":46,"column":3}},"line":32},"3":{"name":"(anonymous_3)","decl":{"start":{"line":54,"column":15},"end":{"line":54,"column":16}},"loc":{"start":{"line":54,"column":41},"end":{"line":64,"column":3}},"line":54},"4":{"name":"(anonymous_4)","decl":{"start":{"line":72,"column":15},"end":{"line":72,"column":16}},"loc":{"start":{"line":72,"column":41},"end":{"line":90,"column":3}},"line":72},"5":{"name":"(anonymous_5)","decl":{"start":{"line":98,"column":15},"end":{"line":98,"column":16}},"loc":{"start":{"line":98,"column":41},"end":{"line":112,"column":3}},"line":98},"6":{"name":"(anonymous_6)","decl":{"start":{"line":120,"column":14},"end":{"line":120,"column":15}},"loc":{"start":{"line":120,"column":40},"end":{"line":138,"column":3}},"line":120},"7":{"name":"(anonymous_7)","decl":{"start":{"line":146,"column":17},"end":{"line":146,"column":18}},"loc":{"start":{"line":146,"column":43},"end":{"line":164,"column":3}},"line":146}},"branchMap":{"0":{"loc":{"start":{"line":37,"column":6},"end":{"line":40,"column":7}},"type":"if","locations":[{"start":{"line":37,"column":6},"end":{"line":40,"column":7}},{"start":{},"end":{}}],"line":37},"1":{"loc":{"start":{"line":79,"column":6},"end":{"line":82,"column":7}},"type":"if","locations":[{"start":{"line":79,"column":6},"end":{"line":82,"column":7}},{"start":{},"end":{}}],"line":79},"2":{"loc":{"start":{"line":103,"column":6},"end":{"line":106,"column":7}},"type":"if","locations":[{"start":{"line":103,"column":6},"end":{"line":106,"column":7}},{"start":{},"end":{}}],"line":103},"3":{"loc":{"start":{"line":127,"column":6},"end":{"line":130,"column":7}},"type":"if","locations":[{"start":{"line":127,"column":6},"end":{"line":130,"column":7}},{"start":{},"end":{}}],"line":127},"4":{"loc":{"start":{"line":153,"column":6},"end":{"line":156,"column":7}},"type":"if","locations":[{"start":{"line":153,"column":6},"end":{"line":156,"column":7}},{"start":{},"end":{}}],"line":153}},"s":{"0":15,"1":15,"2":2,"3":2,"4":2,"5":0,"6":15,"7":2,"8":2,"9":2,"10":2,"11":1,"12":1,"13":1,"14":0,"15":15,"16":2,"17":2,"18":2,"19":2,"20":0,"21":15,"22":2,"23":2,"24":2,"25":2,"26":2,"27":1,"28":1,"29":1,"30":0,"31":15,"32":2,"33":2,"34":2,"35":2,"36":1,"37":1,"38":1,"39":0,"40":15,"41":2,"42":2,"43":2,"44":2,"45":2,"46":1,"47":1,"48":1,"49":0,"50":15,"51":2,"52":2,"53":2,"54":2,"55":2,"56":1,"57":1,"58":1,"59":0},"f":{"0":15,"1":2,"2":2,"3":2,"4":2,"5":2,"6":2,"7":2},"b":{"0":[1,1],"1":[1,1],"2":[1,1],"3":[1,1],"4":[1,1]},"_coverageSchema":"1a1c01bbd47fc00a2c39e90264f33305004495a9","hash":"4c04d888d0b7d1fa650e8c5c4b5b6f85c9bf4c2d"}
,"D:\\www\\emanager.com\\backend\\src\\infrastructure\\controllers\\UserController.js": {"path":"D:\\www\\emanager.com\\backend\\src\\infrastructure\\controllers\\UserController.js","statementMap":{"0":{"start":{"line":6,"column":4},"end":{"line":6,"column":35}},"1":{"start":{"line":15,"column":16},"end":{"line":22,"column":3}},"2":{"start":{"line":16,"column":4},"end":{"line":21,"column":5}},"3":{"start":{"line":17,"column":20},"end":{"line":17,"column":56}},"4":{"start":{"line":18,"column":6},"end":{"line":18,"column":63}},"5":{"start":{"line":20,"column":6},"end":{"line":20,"column":18}},"6":{"start":{"line":30,"column":16},"end":{"line":48,"column":3}},"7":{"start":{"line":31,"column":4},"end":{"line":47,"column":5}},"8":{"start":{"line":32,"column":21},"end":{"line":32,"column":31}},"9":{"start":{"line":33,"column":19},"end":{"line":33,"column":57}},"10":{"start":{"line":35,"column":6},"end":{"line":42,"column":7}},"11":{"start":{"line":36,"column":30},"end":{"line":40,"column":9}},"12":{"start":{"line":41,"column":8},"end":{"line":41,"column":35}},"13":{"start":{"line":44,"column":6},"end":{"line":44,"column":62}},"14":{"start":{"line":46,"column":6},"end":{"line":46,"column":18}},"15":{"start":{"line":56,"column":15},"end":{"line":78,"column":3}},"16":{"start":{"line":57,"column":4},"end":{"line":77,"column":5}},"17":{"start":{"line":58,"column":21},"end":{"line":58,"column":31}},"18":{"start":{"line":59,"column":23},"end":{"line":59,"column":31}},"19":{"start":{"line":61,"column":26},"end":{"line":61,"column":73}},"20":{"start":{"line":63,"column":6},"end":{"line":70,"column":7}},"21":{"start":{"line":64,"column":30},"end":{"line":68,"column":9}},"22":{"start":{"line":69,"column":8},"end":{"line":69,"column":35}},"23":{"start":{"line":72,"column":6},"end":{"line":74,"column":94}},"24":{"start":{"line":76,"column":6},"end":{"line":76,"column":18}},"25":{"start":{"line":86,"column":15},"end":{"line":104,"column":3}},"26":{"start":{"line":87,"column":4},"end":{"line":103,"column":5}},"27":{"start":{"line":88,"column":21},"end":{"line":88,"column":31}},"28":{"start":{"line":89,"column":22},"end":{"line":89,"column":59}},"29":{"start":{"line":91,"column":6},"end":{"line":98,"column":7}},"30":{"start":{"line":92,"column":30},"end":{"line":96,"column":9}},"31":{"start":{"line":97,"column":8},"end":{"line":97,"column":35}},"32":{"start":{"line":100,"column":6},"end":{"line":100,"column":100}},"33":{"start":{"line":102,"column":6},"end":{"line":102,"column":18}}},"fnMap":{"0":{"name":"(anonymous_0)","decl":{"start":{"line":5,"column":2},"end":{"line":5,"column":3}},"loc":{"start":{"line":5,"column":27},"end":{"line":7,"column":3}},"line":5},"1":{"name":"(anonymous_1)","decl":{"start":{"line":15,"column":16},"end":{"line":15,"column":17}},"loc":{"start":{"line":15,"column":42},"end":{"line":22,"column":3}},"line":15},"2":{"name":"(anonymous_2)","decl":{"start":{"line":30,"column":16},"end":{"line":30,"column":17}},"loc":{"start":{"line":30,"column":42},"end":{"line":48,"column":3}},"line":30},"3":{"name":"(anonymous_3)","decl":{"start":{"line":56,"column":15},"end":{"line":56,"column":16}},"loc":{"start":{"line":56,"column":41},"end":{"line":78,"column":3}},"line":56},"4":{"name":"(anonymous_4)","decl":{"start":{"line":86,"column":15},"end":{"line":86,"column":16}},"loc":{"start":{"line":86,"column":41},"end":{"line":104,"column":3}},"line":86}},"branchMap":{"0":{"loc":{"start":{"line":35,"column":6},"end":{"line":42,"column":7}},"type":"if","locations":[{"start":{"line":35,"column":6},"end":{"line":42,"column":7}},{"start":{},"end":{}}],"line":35},"1":{"loc":{"start":{"line":63,"column":6},"end":{"line":70,"column":7}},"type":"if","locations":[{"start":{"line":63,"column":6},"end":{"line":70,"column":7}},{"start":{},"end":{}}],"line":63},"2":{"loc":{"start":{"line":91,"column":6},"end":{"line":98,"column":7}},"type":"if","locations":[{"start":{"line":91,"column":6},"end":{"line":98,"column":7}},{"start":{},"end":{}}],"line":91}},"s":{"0":10,"1":10,"2":2,"3":2,"4":2,"5":0,"6":10,"7":2,"8":2,"9":2,"10":2,"11":1,"12":1,"13":1,"14":0,"15":10,"16":2,"17":2,"18":2,"19":2,"20":2,"21":1,"22":1,"23":1,"24":0,"25":10,"26":2,"27":2,"28":2,"29":2,"30":1,"31":1,"32":1,"33":0},"f":{"0":10,"1":2,"2":2,"3":2,"4":2},"b":{"0":[1,1],"1":[1,1],"2":[1,1]},"_coverageSchema":"1a1c01bbd47fc00a2c39e90264f33305004495a9","hash":"8951dfcbc2ff5020aa61ea6f8fc9b887fc3e54e2"}
,"D:\\www\\emanager.com\\backend\\src\\infrastructure\\middleware\\auth.js": {"path":"D:\\www\\emanager.com\\backend\\src\\infrastructure\\middleware\\auth.js","statementMap":{"0":{"start":{"line":8,"column":15},"end":{"line":8,"column":33}},"1":{"start":{"line":9,"column":21},"end":{"line":9,"column":39}},"2":{"start":{"line":16,"column":26},"end":{"line":26,"column":1}},"3":{"start":{"line":17,"column":2},"end":{"line":25,"column":3}},"4":{"start":{"line":18,"column":4},"end":{"line":18,"column":49}},"5":{"start":{"line":20,"column":4},"end":{"line":24,"column":6}},"6":{"start":{"line":34,"column":28},"end":{"line":90,"column":1}},"7":{"start":{"line":35,"column":2},"end":{"line":89,"column":3}},"8":{"start":{"line":36,"column":23},"end":{"line":36,"column":48}},"9":{"start":{"line":38,"column":4},"end":{"line":44,"column":5}},"10":{"start":{"line":39,"column":6},"end":{"line":43,"column":8}},"11":{"start":{"line":46,"column":28},"end":{"line":46,"column":49}},"12":{"start":{"line":48,"column":4},"end":{"line":54,"column":5}},"13":{"start":{"line":49,"column":6},"end":{"line":53,"column":8}},"14":{"start":{"line":56,"column":20},"end":{"line":56,"column":44}},"15":{"start":{"line":58,"column":17},"end":{"line":67,"column":6}},"16":{"start":{"line":69,"column":4},"end":{"line":75,"column":5}},"17":{"start":{"line":70,"column":6},"end":{"line":74,"column":8}},"18":{"start":{"line":77,"column":4},"end":{"line":83,"column":5}},"19":{"start":{"line":78,"column":6},"end":{"line":82,"column":8}},"20":{"start":{"line":85,"column":4},"end":{"line":85,"column":20}},"21":{"start":{"line":86,"column":4},"end":{"line":86,"column":11}},"22":{"start":{"line":88,"column":4},"end":{"line":88,"column":16}},"23":{"start":{"line":97,"column":25},"end":{"line":121,"column":1}},"24":{"start":{"line":98,"column":2},"end":{"line":120,"column":4}},"25":{"start":{"line":99,"column":4},"end":{"line":119,"column":5}},"26":{"start":{"line":100,"column":6},"end":{"line":106,"column":7}},"27":{"start":{"line":101,"column":8},"end":{"line":105,"column":10}},"28":{"start":{"line":108,"column":6},"end":{"line":114,"column":7}},"29":{"start":{"line":109,"column":8},"end":{"line":113,"column":10}},"30":{"start":{"line":116,"column":6},"end":{"line":116,"column":13}},"31":{"start":{"line":118,"column":6},"end":{"line":118,"column":18}},"32":{"start":{"line":129,"column":27},"end":{"line":159,"column":1}},"33":{"start":{"line":130,"column":2},"end":{"line":158,"column":3}},"34":{"start":{"line":131,"column":22},"end":{"line":131,"column":32}},"35":{"start":{"line":133,"column":30},"end":{"line":136,"column":6}},"36":{"start":{"line":138,"column":4},"end":{"line":144,"column":5}},"37":{"start":{"line":139,"column":6},"end":{"line":143,"column":8}},"38":{"start":{"line":146,"column":4},"end":{"line":152,"column":5}},"39":{"start":{"line":147,"column":6},"end":{"line":151,"column":8}},"40":{"start":{"line":154,"column":4},"end":{"line":154,"column":46}},"41":{"start":{"line":155,"column":4},"end":{"line":155,"column":11}},"42":{"start":{"line":157,"column":4},"end":{"line":157,"column":16}},"43":{"start":{"line":167,"column":40},"end":{"line":197,"column":1}},"44":{"start":{"line":168,"column":2},"end":{"line":196,"column":3}},"45":{"start":{"line":169,"column":22},"end":{"line":169,"column":32}},"46":{"start":{"line":171,"column":23},"end":{"line":174,"column":6}},"47":{"start":{"line":176,"column":4},"end":{"line":182,"column":5}},"48":{"start":{"line":177,"column":6},"end":{"line":181,"column":8}},"49":{"start":{"line":184,"column":4},"end":{"line":190,"column":5}},"50":{"start":{"line":185,"column":6},"end":{"line":189,"column":8}},"51":{"start":{"line":192,"column":4},"end":{"line":192,"column":32}},"52":{"start":{"line":193,"column":4},"end":{"line":193,"column":11}},"53":{"start":{"line":195,"column":4},"end":{"line":195,"column":16}},"54":{"start":{"line":203,"column":23},"end":{"line":205,"column":1}},"55":{"start":{"line":204,"column":2},"end":{"line":204,"column":30}},"56":{"start":{"line":211,"column":32},"end":{"line":213,"column":1}},"57":{"start":{"line":212,"column":2},"end":{"line":212,"column":41}}},"fnMap":{"0":{"name":"(anonymous_0)","decl":{"start":{"line":16,"column":26},"end":{"line":16,"column":27}},"loc":{"start":{"line":16,"column":37},"end":{"line":26,"column":1}},"line":16},"1":{"name":"(anonymous_1)","decl":{"start":{"line":34,"column":28},"end":{"line":34,"column":29}},"loc":{"start":{"line":34,"column":55},"end":{"line":90,"column":1}},"line":34},"2":{"name":"(anonymous_2)","decl":{"start":{"line":97,"column":25},"end":{"line":97,"column":26}},"loc":{"start":{"line":97,"column":41},"end":{"line":121,"column":1}},"line":97},"3":{"name":"(anonymous_3)","decl":{"start":{"line":98,"column":9},"end":{"line":98,"column":10}},"loc":{"start":{"line":98,"column":30},"end":{"line":120,"column":3}},"line":98},"4":{"name":"(anonymous_4)","decl":{"start":{"line":129,"column":27},"end":{"line":129,"column":28}},"loc":{"start":{"line":129,"column":54},"end":{"line":159,"column":1}},"line":129},"5":{"name":"(anonymous_5)","decl":{"start":{"line":167,"column":40},"end":{"line":167,"column":41}},"loc":{"start":{"line":167,"column":67},"end":{"line":197,"column":1}},"line":167},"6":{"name":"(anonymous_6)","decl":{"start":{"line":203,"column":23},"end":{"line":203,"column":24}},"loc":{"start":{"line":203,"column":29},"end":{"line":205,"column":1}},"line":203},"7":{"name":"(anonymous_7)","decl":{"start":{"line":211,"column":32},"end":{"line":211,"column":33}},"loc":{"start":{"line":211,"column":38},"end":{"line":213,"column":1}},"line":211}},"branchMap":{"0":{"loc":{"start":{"line":22,"column":6},"end":{"line":22,"column":54}},"type":"binary-expr","locations":[{"start":{"line":22,"column":6},"end":{"line":22,"column":16}},{"start":{"line":22,"column":20},"end":{"line":22,"column":54}}],"line":22},"1":{"loc":{"start":{"line":38,"column":4},"end":{"line":44,"column":5}},"type":"if","locations":[{"start":{"line":38,"column":4},"end":{"line":44,"column":5}},{"start":{},"end":{}}],"line":38},"2":{"loc":{"start":{"line":48,"column":4},"end":{"line":54,"column":5}},"type":"if","locations":[{"start":{"line":48,"column":4},"end":{"line":54,"column":5}},{"start":{},"end":{}}],"line":48},"3":{"loc":{"start":{"line":48,"column":8},"end":{"line":48,"column":37}},"type":"binary-expr","locations":[{"start":{"line":48,"column":8},"end":{"line":48,"column":27}},{"start":{"line":48,"column":31},"end":{"line":48,"column":37}}],"line":48},"4":{"loc":{"start":{"line":69,"column":4},"end":{"line":75,"column":5}},"type":"if","locations":[{"start":{"line":69,"column":4},"end":{"line":75,"column":5}},{"start":{},"end":{}}],"line":69},"5":{"loc":{"start":{"line":77,"column":4},"end":{"line":83,"column":5}},"type":"if","locations":[{"start":{"line":77,"column":4},"end":{"line":83,"column":5}},{"start":{},"end":{}}],"line":77},"6":{"loc":{"start":{"line":97,"column":26},"end":{"line":97,"column":36}},"type":"default-arg","locations":[{"start":{"line":97,"column":34},"end":{"line":97,"column":36}}],"line":97},"7":{"loc":{"start":{"line":100,"column":6},"end":{"line":106,"column":7}},"type":"if","locations":[{"start":{"line":100,"column":6},"end":{"line":106,"column":7}},{"start":{},"end":{}}],"line":100},"8":{"loc":{"start":{"line":108,"column":6},"end":{"line":114,"column":7}},"type":"if","locations":[{"start":{"line":108,"column":6},"end":{"line":114,"column":7}},{"start":{},"end":{}}],"line":108},"9":{"loc":{"start":{"line":108,"column":10},"end":{"line":108,"column":56}},"type":"binary-expr","locations":[{"start":{"line":108,"column":10},"end":{"line":108,"column":22}},{"start":{"line":108,"column":26},"end":{"line":108,"column":56}}],"line":108},"10":{"loc":{"start":{"line":138,"column":4},"end":{"line":144,"column":5}},"type":"if","locations":[{"start":{"line":138,"column":4},"end":{"line":144,"column":5}},{"start":{},"end":{}}],"line":138},"11":{"loc":{"start":{"line":146,"column":4},"end":{"line":152,"column":5}},"type":"if","locations":[{"start":{"line":146,"column":4},"end":{"line":152,"column":5}},{"start":{},"end":{}}],"line":146},"12":{"loc":{"start":{"line":176,"column":4},"end":{"line":182,"column":5}},"type":"if","locations":[{"start":{"line":176,"column":4},"end":{"line":182,"column":5}},{"start":{},"end":{}}],"line":176},"13":{"loc":{"start":{"line":184,"column":4},"end":{"line":190,"column":5}},"type":"if","locations":[{"start":{"line":184,"column":4},"end":{"line":190,"column":5}},{"start":{},"end":{}}],"line":184}},"s":{"0":3,"1":3,"2":3,"3":4,"4":4,"5":1,"6":3,"7":6,"8":6,"9":6,"10":1,"11":5,"12":5,"13":1,"14":4,"15":3,"16":3,"17":1,"18":2,"19":1,"20":1,"21":1,"22":5,"23":3,"24":23,"25":5,"26":5,"27":0,"28":5,"29":2,"30":3,"31":2,"32":3,"33":2,"34":2,"35":2,"36":2,"37":1,"38":1,"39":0,"40":1,"41":1,"42":1,"43":3,"44":1,"45":1,"46":1,"47":1,"48":0,"49":1,"50":1,"51":0,"52":0,"53":1,"54":3,"
[...]
,"line":69},"3":{"name":"(anonymous_3)","decl":{"start":{"line":86,"column":35},"end":{"line":86,"column":36}},"loc":{"start":{"line":86,"column":41},"end":{"line":96,"column":1}},"line":86},"4":{"name":"(anonymous_4)","decl":{"start":{"line":102,"column":39},"end":{"line":102,"column":40}},"loc":{"start":{"line":102,"column":45},"end":{"line":112,"column":1}},"line":102},"5":{"name":"(anonymous_5)","decl":{"start":{"line":118,"column":36},"end":{"line":118,"column":37}},"loc":{"start":{"line":118,"column":42},"end":{"line":128,"column":1}},"line":118},"6":{"name":"(anonymous_6)","decl":{"start":{"line":134,"column":35},"end":{"line":134,"column":36}},"loc":{"start":{"line":134,"column":41},"end":{"line":144,"column":1}},"line":134}},"branchMap":{"0":{"loc":{"start":{"line":21,"column":2},"end":{"line":21,"column":46}},"type":"default-arg","locations":[{"start":{"line":21,"column":9},"end":{"line":21,"column":46}}],"line":21},"1":{"loc":{"start":{"line":22,"column":2},"end":{"line":22,"column":44}},"type":"default-arg","locations":[{"start":{"line":22,"column":11},"end":{"line":22,"column":44}}],"line":22},"2":{"loc":{"start":{"line":25,"column":2},"end":{"line":34,"column":3}},"type":"if","locations":[{"start":{"line":25,"column":2},"end":{"line":34,"column":3}},{"start":{},"end":{}}],"line":25},"3":{"loc":{"start":{"line":25,"column":6},"end":{"line":25,"column":71}},"type":"binary-expr","locations":[{"start":{"line":25,"column":6},"end":{"line":25,"column":42}},{"start":{"line":25,"column":46},"end":{"line":25,"column":71}}],"line":25},"4":{"loc":{"start":{"line":28,"column":6},"end":{"line":28,"column":94}},"type":"binary-expr","locations":[{"start":{"line":28,"column":6},"end":{"line":28,"column":13}},{"start":{"line":28,"column":17},"end":{"line":28,"column":42}},{"start":{"line":28,"column":46},"end":{"line":28,"column":94}}],"line":28},"5":{"loc":{"start":{"line":30,"column":17},"end":{"line":30,"column":67}},"type":"binary-expr","locations":[{"start":{"line":30,"column":17},"end":{"line":30,"column":26}},{"start":{"line":30,"column":30},"end":{"line":30,"column":67}}],"line":30},"6":{"loc":{"start":{"line":31,"column":19},"end":{"line":31,"column":67}},"type":"binary-expr","locations":[{"start":{"line":31,"column":19},"end":{"line":31,"column":30}},{"start":{"line":31,"column":34},"end":{"line":31,"column":67}}],"line":31},"7":{"loc":{"start":{"line":32,"column":4},"end":{"line":32,"column":41}},"type":"if","locations":[{"start":{"line":32,"column":4},"end":{"line":32,"column":41}},{"start":{},"end":{}}],"line":32},"8":{"loc":{"start":{"line":38,"column":4},"end":{"line":38,"column":96}},"type":"binary-expr","locations":[{"start":{"line":38,"column":4},"end":{"line":38,"column":20}},{"start":{"line":38,"column":24},"end":{"line":38,"column":44}},{"start":{"line":38,"column":48},"end":{"line":38,"column":96}}],"line":38},"9":{"loc":{"start":{"line":51,"column":17},"end":{"line":51,"column":66}},"type":"binary-expr","locations":[{"start":{"line":51,"column":17},"end":{"line":51,"column":29}},{"start":{"line":51,"column":33},"end":{"line":51,"column":66}}],"line":51},"10":{"loc":{"start":{"line":52,"column":15},"end":{"line":52,"column":66}},"type":"binary-expr","locations":[{"start":{"line":52,"column":15},"end":{"line":52,"column":25}},{"start":{"line":52,"column":29},"end":{"line":52,"column":66}}],"line":52},"11":{"loc":{"start":{"line":54,"column":4},"end":{"line":54,"column":93}},"type":"binary-expr","locations":[{"start":{"line":54,"column":4},"end":{"line":54,"column":17}},{"start":{"line":54,"column":21},"end":{"line":54,"column":41}},{"start":{"line":54,"column":45},"end":{"line":54,"column":93}}],"line":54},"12":{"loc":{"start":{"line":60,"column":8},"end":{"line":60,"column":51}},"type":"binary-expr","locations":[{"start":{"line":60,"column":8},"end":{"line":60,"column":21}},{"start":{"line":60,"column":25},"end":{"line":60,"column":51}}],"line":60}},"s":{"0":26,"1":58,"2":6,"3":6,"4":6,"5":6,"6":6,"7":5,"8":6,"9":52,"10":52,"11":52,"12":52,"13":26,"14":1,"15":1,"16":1,"17":1,"18":26,"19":1,"20":1,"21":1,"22":1,"23":26,"24":1,"25":1,"26":1,"27":1,"28":26,"29":1,"30":1,"31":1,"32":1,"33":26,"34":1,"35":1,"36":1,"37":1,"38":26,"39":1,"40":1,"41":1,"42":1},"f":{"0":58,"1":1,"2":1,"3":1,"4":1,"5":1,"6":1},"b":{"0":[7],"1":[37],"2":[6,52],"3":[58,6],"4":[6,0,0],"5":[6,0],"6":[6,0],"7":[5,1],"8":[52,0,0],"9":[1,0],"10":[1,0],"11":[1,0,0],"12":[1,0]},"_coverageSchema":"1a1c01bbd47fc00a2c39e90264f33305004495a9","hash":"5c4a2fa238fc51eee05e79221fb5ac241c2cf1de"}
,"D:\\www\\emanager.com\\backend\\src\\shared\\utils\\sanitize.js": {"path":"D:\\www\\emanager.com\\backend\\src\\shared\\utils\\sanitize.js","statementMap":{"0":{"start":{"line":9,"column":30},"end":{"line":22,"column":1}},"1":{"start":{"line":10,"column":2},"end":{"line":10,"column":23}},"2":{"start":{"line":10,"column":12},"end":{"line":10,"column":23}},"3":{"start":{"line":11,"column":2},"end":{"line":21,"column":3}},"4":{"start":{"line":12,"column":4},"end":{"line":16,"column":14}},"5":{"start":{"line":19,"column":4},"end":{"line":19,"column":78}},"6":{"start":{"line":20,"column":4},"end":{"line":20,"column":30}},"7":{"start":{"line":29,"column":29},"end":{"line":32,"column":1}},"8":{"start":{"line":30,"column":2},"end":{"line":30,"column":27}},"9":{"start":{"line":30,"column":14},"end":{"line":30,"column":27}},"10":{"start":{"line":31,"column":2},"end":{"line":31,"column":45}},"11":{"start":{"line":39,"column":30},"end":{"line":43,"column":1}},"12":{"start":{"line":40,"column":2},"end":{"line":40,"column":52}},"13":{"start":{"line":40,"column":41},"end":{"line":40,"column":52}},"14":{"start":{"line":41,"column":17},"end":{"line":41,"column":28}},"15":{"start":{"line":42,"column":2},"end":{"line":42,"column":36}},"16":{"start":{"line":50,"column":30},"end":{"line":74,"column":1}},"17":{"start":{"line":51,"column":2},"end":{"line":51,"column":50}},"18":{"start":{"line":51,"column":39},"end":{"line":51,"column":50}},"19":{"start":{"line":53,"column":20},"end":{"line":53,"column":22}},"20":{"start":{"line":54,"column":2},"end":{"line":72,"column":3}},"21":{"start":{"line":55,"column":4},"end":{"line":71,"column":5}},"22":{"start":{"line":56,"column":6},"end":{"line":56,"column":45}},"23":{"start":{"line":57,"column":11},"end":{"line":71,"column":5}},"24":{"start":{"line":58,"column":6},"end":{"line":63,"column":9}},"25":{"start":{"line":59,"column":8},"end":{"line":59,"column":60}},"26":{"start":{"line":59,"column":34},"end":{"line":59,"column":60}},"27":{"start":{"line":60,"column":8},"end":{"line":60,"column":83}},"28":{"start":{"line":60,"column":55},"end":{"line":60,"column":83}},"29":{"start":{"line":61,"column":8},"end":{"line":61,"column":66}},"30":{"start":{"line":61,"column":38},"end":{"line":61,"column":66}},"31":{"start":{"line":62,"column":8},"end":{"line":62,"column":20}},"32":{"start":{"line":64,"column":11},"end":{"line":71,"column":5}},"33":{"start":{"line":66,"column":6},"end":{"line":66,"column":43}},"34":{"start":{"line":67,"column":11},"end":{"line":71,"column":5}},"35":{"start":{"line":68,"column":6},"end":{"line":68,"column":45}},"36":{"start":{"line":70,"column":6},"end":{"line":70,"column":29}},"37":{"start":{"line":73,"column":2},"end":{"line":73,"column":19}},"38":{"start":{"line":81,"column":31},"end":{"line":103,"column":1}},"39":{"start":{"line":82,"column":2},"end":{"line":102,"column":3}},"40":{"start":{"line":84,"column":4},"end":{"line":86,"column":5}},"41":{"start":{"line":85,"column":6},"end":{"line":85,"column":44}},"42":{"start":{"line":89,"column":4},"end":{"line":91,"column":5}},"43":{"start":{"line":90,"column":6},"end":{"line":90,"column":42}},"44":{"start":{"line":94,"column":4},"end":{"line":96,"column":5}},"45":{"start":{"line":95,"column":6},"end":{"line":95,"column":46}},"46":{"start":{"line":98,"column":4},"end":{"line":98,"column":15}},"47":{"start":{"line":100,"column":4},"end":{"line":100,"column":54}},"48":{"start":{"line":101,"column":4},"end":{"line":101,"column":15}},"49":{"start":{"line":110,"column":32},"end":{"line":129,"column":1}},"50":{"start":{"line":111,"column":2},"end":{"line":128,"column":3}},"51":{"start":{"line":112,"column":4},"end":{"line":114,"column":5}},"52":{"start":{"line":113,"column":6},"end":{"line":113,"column":32}},"53":{"start":{"line":115,"column":4},"end":{"line":117,"column":5}},"54":{"start":{"line":116,"column":6},"end":{"line":116,"column":34}},"55":{"start":{"line":118,"column":4},"end":{"line":120,"column":5}},"56":{"start":{"line":119,"column":6},"end":{"line":119,"column":34}},"57":{"start":{"line":121,"column":4},"end":{"line":123,"column":5}},"58":{"start":{"line":122,"column":6},"end":{"line":122,"column":56}},"59":{"start":{"line":122,"column":32},"end":{"line":122,"column":54}},"60":{"start":{"line":124,"column":4},"end":{"line":124,"column":16}},"61":{"start":{"line":126,"column":4},"end":{"line":126,"column":55}},"62":{"start":{"line":127,"column":4},"end":{"line":127,"column":16}}},"fnMap":{"0":{"name":"(anonymous_0)","decl":{"start":{"line":9,"column":30},"end":{"line":9,"column":31}},"loc":{"start":{"line":9,"column":39},"end":{"line":22,"column":1}},"line":9},"1":{"name":"(anonymous_1)","decl":{"start":{"line":29,"column":29},"end":{"line":29,"column":30}},"loc":{"start":{"line":29,"column":40},"end":{"line":32,"column":1}},"line":29},"2":{"name":"(anonymous_2)","decl":{"start":{"line":39,"column":30},"end":{"line":39,"column":31}},"loc":{"start":{"line":39,"column":39},"end":{"line":43,"column":1}},"line":39},"3":{"name":"(anonymous_3)","decl":{"start":{"line":50,"column":30},"end":{"line":50,"column":31}},"loc":{"start":{"line":50,"column":39},"end":{"line":74,"column":1}},"line":50},"4":{"name":"(anonymous_4)","decl":{"start":{"line":58,"column":33},"end":{"line":58,"column":34}},"loc":{"start":{"line":58,"column":43},"end":{"line":63,"column":7}},"line":58},"5":{"name":"(anonymous_5)","decl":{"start":{"line":81,"column":31},"end":{"line":81,"column":32}},"loc":{"start":{"line":81,"column":40},"end":{"line":103,"column":1}},"line":81},"6":{"name":"(anonymous_6)","decl":{"start":{"line":110,"column":32},"end":{"line":110,"column":33}},"loc":{"start":{"line":110,"column":42},"end":{"line":129,"column":1}},"line":110},"7":{"name":"(anonymous_7)","decl":{"start":{"line":122,"column":22},"end":{"line":122,"column":23}},"loc":{"start":{"line":122,"column":32},"end":{"line":122,"column":54}},"line":122}},"branchMap":{"0":{"loc":{"start":{"line":10,"column":2},"end":{"line":10,"column":23}},"type":"if","locations":[{"start":{"line":10,"column":2},"end":{"line":10,"column":23}},{"start":{},"end":{}}],"line":10},"1":{"loc":{"start":{"line":30,"column":2},"end":{"line":30,"column":27}},"type":"if","locations":[{"start":{"line":30,"column":2},"end":{"line":30,"column":27}},{"start":{},"end":{}}],"line":30},"2":{"loc":{"start":{"line":40,"column":2},"end":{"line":40,"column":52}},"type":"if","locations":[{"start":{"line":40,"column":2},"end":{"line":40,"column":52}},{"start":{},"end":{}}],"line":40},"3":{"loc":{"start":{"line":40,"column":6},"end":{"line":40,"column":39}},"type":"binary-expr","locations":[{"start":{"line":40,"column":6},"end":{"line":40,"column":23}},{"start":{"line":40,"column":27},"end":{"line":40,"column":39}}],"line":40},"4":{"loc":{"start":{"line":42,"column":9},"end":{"line":42,"column":35}},"type":"cond-expr","locations":[{"start":{"line":42,"column":25},"end":{"line":42,"column":26}},{"start":{"line":42,"column":29},"end":{"line":42,"column":35}}],"line":42},"5":{"loc":{"start":{"line":51,"column":2},"end":{"line":51,"column":50}},"type":"if","locations":[{"start":{"line":51,"column":2},"end":{"line":51,"column":50}},{"start":{},"end":{}}],"line":51},"6":{"loc":{"start":{"line":51,"column":6},"end":{"line":51,"column":37}},"type":"binary-expr","locations":[{"start":{"line":51,"column":6},"end":{"line":51,"column":10}},{"start":{"line":51,"column":14},"end":{"line":51,"column":37}}],"line":51},"7":{"loc":{"start":{"line":55,"column":4},"end":{"line":71,"column":5}},"type":"if","locations":[{"start":{"line":55,"column":4},"end":{"line":71,"column":5}},{"start":{"line":57,"column":11},"end":{"line":71,"column":5}}],"line":55},"8":{"loc":{"start":{"line":57,"column":11},"end":{"line":71,"column":5}},"type":"if","locations":[{"start":{"line":57,"column":11},"end":{"line":71,"column":5}},{"start":{"line":64,"column":11},"end":{"line":71,"column":5}}],"line":57},"9":{"loc":{"start":{"line":59,"column":8},"end":{"line":59,"column":60}},"type":"if","locations":[{"start":{"line":59,"column":8},"end":{"line":59,"column":60}},{"start":{},"end":{}}],"line":59},"10":{"loc":{"start":{"line":60,"column":8},"end":{"line":60,"column":83}},"type":"if","locations":[{"start":{"line":60,"column":8},"end":{"line":60,"column":83}},{"start":{},"end":{}}],"line":60},"11":{"loc":{"start":{"line":60,"column":12},"end":{"line":60,"column":53}},"type":"binary-expr","locations":[{"start":{"line":60,"column":12},"end":{"line":60,"column":36}},{"start":{"line":60,"column":40},"end":{"line":60,"column":53}}],"line":60},"12":{"loc":{"start":{"line":61,"column":8},"end":{"line":61,"column":66}},"type":"if","locations":[{"start":{"line":61,"column":8},"end":{"line":61,"column":66}},{"start":{},"end":{}}],"line":61},"13":{"loc":{"start":{"line":64,"column":11},"end":{"line":71,"column":5}},"type":"if","locations":[{"start":{"line":64,"column":11},"end":{"line":71,"column":5}},{"start":{"line":67,"column":11},"end":{"line":71,"column":5}}],"line":64},"14":{"loc":{"start":{"line":67,"column":11},"end":{"line":71,"column":5}},"type":"if","locations":[{"start":{"line":67,"column":11},"end":{"line":71,"column":5}},{"start":{"line":69,"column":11},"end":{"line":71,"column":5}}],"line":67},"15":{"loc":{"start":{"line":67,"column":15},"end":{"line":67,"column":58}},"type":"binary-expr","locations":[{"start":{"line":67,"column":15},"end":{"line":67,"column":40}},{"start":{"line":67,"column":44},"end":{"line":67,"column":58}}],"line":67},"16":{"loc":{"start":{"line":84,"column":4},"end":{"line":86,"column":5}},"type":"if","locations":[{"start":{"line":84,"column":4},"end":{"line":86,"column":5}},{"start":{},"end":{}}],"line":84},"17":{"loc":{"start":{"line":89,"column":4},"end":{"line":91,"column":5}},"type":"if","locations":[{"start":{"line":89,"column":4},"end":{"line":91,"column":5}},{"start":{},"end":{}}],"line":89},"18":{"loc":{"start":{"line":94,"column":4},"end":{"line":96,"column":5}},"type":"if","locations":[{"start":{"line":94,"column":4},"end":{"line":96,"column":5}},{"start":{},"end":{}}],"line":94},"19":{"loc":{"start":{"line":112,"column":4},"end":{"line":114,"column":5}},"type":"if","locations":[{"start":{"line":112,"column":4},"end":{"line":114,"column":5}},{"start":{},"end":{}}],"line":112},"20":{"loc":{"start":{"line":115,"column":4},"end":{"line":117,"column":5}},"type":"if","locations":[{"start":{"line":115,"column":4},"end":{"line":117,"column":5}},{"start":{},"end":{}}],"line":115},"21":{"loc":{"start":{"line":118,"column":4},"end":{"line":120,"column":5}},"type":"if","locations":[{"start":{"line":118,"column":4},"end":{"line":120,"column":5}},{"start":{},"end":{}}],"line":118},"22":{"loc":{"start":{"line":118,"column":8},"end":{"line":118,"column":49}},"type":"binary-expr","locations":[{"start":{"line":118,"column":8},"end":{"line":118,"column":32}},{"start":{"line":118,"column":36},"end":{"line":118,"column":49}}],"line":118},"23":{"loc":{"start":{"line":121,"column":4},"end":{"line":123,"column":5}},"type":"if","locations":[{"start":{"line":121,"column":4},"end":{"line":123,"column":5}},{"start":{},"end":{}}],"line":121}},"s":{"0":13,"1":23,"2":0,"3":23,"4":23,"5":1,"6":1,"7":13,"8":3,"9":0,"10":3,"11":13,"12":4,"13":0,"14":4,"15":4,"16":13,"17":27,"18":0,"19":27,"20":27,"21":11,"22":7,"23":4,"24":1,"25":2,"26":1,"27":1,"28":0,"29":1,"30":1,"31":0,"32":3,"33":1,"34":2,"35":2,"36":0,"37":27,"38":13,"39":11,"40":11,"41":11,"42":11,"43":1,"44":11,"45":11,"46":11,"47":0,"48":0,"49":13,"50":4,"51":4,"52":0,"53":4,"54":3,"55":1,"56":1,"57":0,"58":0,"59":0,"60":0,"61":0,"62":0},"f":{"0":23,"1":3,"2":4,"3":27,"4":2,"5":11,"6":4,"7":0},"b":{"0":[0,23],"1":[0,3],"2":[0,4],"3":[4,4],"4":[1,3],"5":[0,27],"6":[27,27],"7":[7,4],"8":[1,3],"9":[1,1],"10":[0,1],"11":[1,0],"12":[1,0],"13":[1,2],"14":[2,0],"15":[2,2],"16":[11,0],"17":[1,10],"18":[11,0],"19":[0,4],"20":[3,1],"21":[1,0],"22":[1,1],"23":[0,0]},"_coverageSchema":"1a1c01bbd47fc00a2c39e90264f33305004495a9","hash":"a7cd2936488964ecb7df375c6b4f80c818f72ebf"}
,"D:\\www\\emanager.com\\backend\\src\\shared\\utils\\token.js": {"path":"D:\\www\\emanager.com\\backend\\src\\shared\\utils\\token.js","statementMap":{"0":{"start":{"line":18,"column":4},"end":{"line":18,"column":25}},"1":{"start":{"line":19,"column":4},"end":{"line":19,"column":39}},"2":{"start":{"line":20,"column":4},"end":{"line":20,"column":43}},"3":{"start":{"line":21,"column":4},"end":{"line":21,"column":45}},"4":{"start":{"line":30,"column":4},"end":{"line":40,"column":5}},"5":{"start":{"line":31,"column":6},"end":{"line":34,"column":9}},"6":{"start":{"line":36,"column":6},"end":{"line":39,"column":8}},"7":{"start":{"line":49,"column":4},"end":{"line":59,"column":5}},"8":{"start":{"line":50,"column":6},"end":{"line":53,"column":9}},"9":{"start":{"line":55,"column":6},"end":{"line":58,"column":8}},"10":{"start":{"line":68,"column":4},"end":{"line":71,"column":6}},"11":{"start":{"line":80,"column":4},"end":{"line":87,"column":5}},"12":{"start":{"line":81,"column":6},"end":{"line":81,"column":44}},"13":{"start":{"line":83,"column":6},"end":{"line":86,"column":8}},"14":{"start":{"line":96,"column":4},"end":{"line":103,"column":5}},"15":{"start":{"line":97,"column":6},"end":{"line":97,"column":51}},"16":{"start":{"line":99,"column":6},"end":{"line":102,"column":8}}},"fnMap":{"0":{"name":"(anonymous_0)","decl":{"start":{"line":12,"column":2},"end":{"line":12,"column":3}},"loc":{"start":{"line":17,"column":4},"end":{"line":22,"column":3}},"line":17},"1":{"name":"(anonymous_1)","decl":{"start":{"line":29,"column":2},"end":{"line":29,"column":3}},"loc":{"start":{"line":29,"column":31},"end":{"line":41,"column":3}},"line":29},"2":{"name":"(anonymous_2)","decl":{"start":{"line":48,"column":2},"end":{"line":48,"column":3}},"loc":{"start":{"line":48,"column":32},"end":{"line":60,"column":3}},"line":48},"3":{"name":"(anonymous_3)","decl":{"start":{"line":67,"column":2},"end":{"line":67,"column":3}},"loc":{"start":{"line":67,"column":26},"end":{"line":72,"column":3}},"line":67},"4":{"name":"(anonymous_4)","decl":{"start":{"line":79,"column":2},"end":{"line":79,"column":3}},"loc":{"start":{"line":79,"column":27},"end":{"line":88,"column":3}},"line":79},"5":{"name":"(anonymous_5)","decl":{"start":{"line":95,"column":2},"end":{"line":95,"column":3}},"loc":{"start":{"line":95,"column":28},"end":{"line":104,"column":3}},"line":95}},"branchMap":{"0":{"loc":{"start":{"line":13,"column":4},"end":{"line":13,"column":30}},"type":"default-arg","locations":[{"start":{"line":13,"column":13},"end":{"line":13,"column":30}}],"line":13},"1":{"loc":{"start":{"line":14,"column":4},"end":{"line":14,"column":44}},"type":"default-arg","locations":[{"start":{"line":14,"column":20},"end":{"line":14,"column":44}}],"line":14},"2":{"loc":{"start":{"line":15,"column":4},"end":{"line":15,"column":42}},"type":"default-arg","locations":[{"start":{"line":15,"column":22},"end":{"line":15,"column":42}}],"line":15},"3":{"loc":{"start":{"line":16,"column":4},"end":{"line":16,"column":50}},"type":"default-arg","locations":[{"start":{"line":16,"column":23},"end":{"line":16,"column":50}}],"line":16}},"s":{"0":8,"1":8,"2":8,"3":8,"4":1,"5":1,"6":0,"7":1,"8":1,"9":0,"10":1,"11":2,"12":2,"13":1,"14":1,"15":1,"16":0},"f":{"0":8,"1":1,"2":1,"3":1,"4":2,"5":1},"b":{"0":[4],"1":[4],"2":[4],"3":[4]},"_coverageSchema":"1a1c01bbd47fc00a2c39e90264f33305004495a9","hash":"602025c1c4437cf530a69b692709d05f7fc3cac9"}
}
