{"C:\\Users\\alfon\\www\\acamae-backend\\src\\application\\dtos\\TeamDto.js": {"path":"C:\\Users\\alfon\\www\\acamae-backend\\src\\application\\dtos\\TeamDto.js","statementMap":{"0":{"start":{"line":12,"column":29},"end":{"line":12,"column":31}},"1":{"start":{"line":21,"column":29},"end":{"line":21,"column":31}}},"fnMap":{},"branchMap":{},"s":{"0":0,"1":0},"f":{},"b":{}}
,"C:\\Users\\alfon\\www\\acamae-backend\\src\\application\\dtos\\UserDto.js": {"path":"C:\\Users\\alfon\\www\\acamae-backend\\src\\application\\dtos\\UserDto.js","statementMap":{"0":{"start":{"line":17,"column":29},"end":{"line":17,"column":31}},"1":{"start":{"line":32,"column":29},"end":{"line":32,"column":31}},"2":{"start":{"line":49,"column":31},"end":{"line":49,"column":33}},"3":{"start":{"line":58,"column":35},"end":{"line":58,"column":37}},"4":{"start":{"line":66,"column":30},"end":{"line":66,"column":32}},"5":{"start":{"line":74,"column":33},"end":{"line":74,"column":35}},"6":{"start":{"line":81,"column":27},"end":{"line":81,"column":29}},"7":{"start":{"line":89,"column":35},"end":{"line":89,"column":37}},"8":{"start":{"line":95,"column":35},"end":{"line":95,"column":37}},"9":{"start":{"line":101,"column":43},"end":{"line":101,"column":45}},"10":{"start":{"line":108,"column":36},"end":{"line":108,"column":38}}},"fnMap":{},"branchMap":{},"s":{"0":0,"1":0,"2":0,"3":0,"4":0,"5":0,"6":0,"7":0,"8":0,"9":0,"10":0},"f":{},"b":{}}
,"C:\\Users\\alfon\\www\\acamae-backend\\src\\application\\services\\AuthService.js": {"path":"C:\\Users\\alfon\\www\\acamae-backend\\src\\application\\services\\AuthService.js","statementMap":{"0":{"start":{"line":47,"column":4},"end":{"line":47,"column":41}},"1":{"start":{"line":48,"column":4},"end":{"line":48,"column":57}},"2":{"start":{"line":49,"column":4},"end":{"line":49,"column":26}},"3":{"start":{"line":50,"column":4},"end":{"line":50,"column":43}},"4":{"start":{"line":59,"column":42},"end":{"line":59,"column":50}},"5":{"start":{"line":62,"column":50},"end":{"line":65,"column":6}},"6":{"start":{"line":67,"column":4},"end":{"line":83,"column":5}},"7":{"start":{"line":68,"column":6},"end":{"line":82,"column":9}},"8":{"start":{"line":85,"column":4},"end":{"line":101,"column":5}},"9":{"start":{"line":86,"column":6},"end":{"line":100,"column":9}},"10":{"start":{"line":103,"column":30},"end":{"line":103,"column":38}},"11":{"start":{"line":104,"column":34},"end":{"line":104,"column":93}},"12":{"start":{"line":106,"column":4},"end":{"line":127,"column":5}},"13":{"start":{"line":107,"column":6},"end":{"line":107,"column":75}},"14":{"start":{"line":109,"column":6},"end":{"line":109,"column":64}},"15":{"start":{"line":112,"column":6},"end":{"line":126,"column":9}},"16":{"start":{"line":130,"column":24},"end":{"line":137,"column":6}},"17":{"start":{"line":139,"column":4},"end":{"line":149,"column":5}},"18":{"start":{"line":140,"column":6},"end":{"line":148,"column":9}},"19":{"start":{"line":152,"column":38},"end":{"line":152,"column":49}},"20":{"start":{"line":154,"column":4},"end":{"line":154,"column":16}},"21":{"start":{"line":163,"column":27},"end":{"line":163,"column":48}},"22":{"start":{"line":165,"column":4},"end":{"line":181,"column":5}},"23":{"start":{"line":166,"column":6},"end":{"line":180,"column":9}},"24":{"start":{"line":184,"column":17},"end":{"line":184,"column":82}},"25":{"start":{"line":186,"column":4},"end":{"line":202,"column":5}},"26":{"start":{"line":187,"column":6},"end":{"line":201,"column":9}},"27":{"start":{"line":204,"column":4},"end":{"line":220,"column":5}},"28":{"start":{"line":205,"column":6},"end":{"line":219,"column":9}},"29":{"start":{"line":223,"column":4},"end":{"line":239,"column":5}},"30":{"start":{"line":224,"column":6},"end":{"line":238,"column":9}},"31":{"start":{"line":241,"column":4},"end":{"line":279,"column":5}},"32":{"start":{"line":242,"column":27},"end":{"line":242,"column":79}},"33":{"start":{"line":244,"column":6},"end":{"line":260,"column":7}},"34":{"start":{"line":245,"column":8},"end":{"line":259,"column":11}},"35":{"start":{"line":262,"column":6},"end":{"line":262,"column":26}},"36":{"start":{"line":264,"column":6},"end":{"line":278,"column":9}},"37":{"start":{"line":290,"column":19},"end":{"line":290,"column":63}},"38":{"start":{"line":292,"column":4},"end":{"line":308,"column":5}},"39":{"start":{"line":293,"column":6},"end":{"line":307,"column":9}},"40":{"start":{"line":310,"column":28},"end":{"line":310,"column":79}},"41":{"start":{"line":311,"column":4},"end":{"line":327,"column":5}},"42":{"start":{"line":312,"column":6},"end":{"line":326,"column":9}},"43":{"start":{"line":333,"column":4},"end":{"line":349,"column":5}},"44":{"start":{"line":334,"column":6},"end":{"line":348,"column":9}},"45":{"start":{"line":352,"column":4},"end":{"line":357,"column":5}},"46":{"start":{"line":353,"column":6},"end":{"line":353,"column":86}},"47":{"start":{"line":355,"column":6},"end":{"line":355,"column":70}},"48":{"start":{"line":359,"column":17},"end":{"line":368,"column":5}},"49":{"start":{"line":370,"column":19},"end":{"line":374,"column":6}},"50":{"start":{"line":377,"column":4},"end":{"line":386,"column":5}},"51":{"start":{"line":378,"column":6},"end":{"line":383,"column":9}},"52":{"start":{"line":385,"column":6},"end":{"line":385,"column":72}},"53":{"start":{"line":388,"column":4},"end":{"line":391,"column":6}},"54":{"start":{"line":400,"column":19},"end":{"line":400,"column":61}},"55":{"start":{"line":402,"column":4},"end":{"line":418,"column":5}},"56":{"start":{"line":403,"column":6},"end":{"line":417,"column":9}},"57":{"start":{"line":420,"column":38},"end":{"line":420,"column":44}},"58":{"start":{"line":421,"column":4},"end":{"line":421,"column":16}},"59":{"start":{"line":430,"column":4},"end":{"line":602,"column":5}},"60":{"start":{"line":431,"column":6},"end":{"line":447,"column":7}},"61":{"start":{"line":432,"column":8},"end":{"line":446,"column":11}},"62":{"start":{"line":449,"column":27},"end":{"line":449,"column":86}},"63":{"start":{"line":450,"column":6},"end":{"line":466,"column":7}},"64":{"start":{"line":451,"column":8},"end":{"line":465,"column":11}},"65":{"start":{"line":468,"column":6},"end":{"line":506,"column":7}},"66":{"start":{"line":470,"column":29},"end":{"line":470,"column":90}},"67":{"start":{"line":472,"column":8},"end":{"line":488,"column":9}},"68":{"start":{"line":473,"column":10},"end":{"line":487,"column":13}},"69":{"start":{"line":491,"column":8},"end":{"line":505,"column":11}},"70":{"start":{"line":509,"column":6},"end":{"line":509,"column":96}},"71":{"start":{"line":512,"column":22},"end":{"line":512,"column":72}},"72":{"start":{"line":515,"column":21},"end":{"line":515,"column":71}},"73":{"start":{"line":517,"column":6},"end":{"line":533,"column":7}},"74":{"start":{"line":518,"column":8},"end":{"line":532,"column":11}},"75":{"start":{"line":536,"column":24},"end":{"line":540,"column":8}},"76":{"start":{"line":542,"column":6},"end":{"line":558,"column":7}},"77":{"start":{"line":543,"column":8},"end":{"line":557,"column":11}},"78":{"start":{"line":561,"column":27},"end":{"line":564,"column":8}},"79":{"start":{"line":566,"column":6},"end":{"line":582,"column":7}},"80":{"start":{"line":567,"column":8},"end":{"line":581,"column":11}},"81":{"start":{"line":584,"column":6},"end":{"line":584,"column":23}},"82":{"start":{"line":586,"column":6},"end":{"line":586,"column":54}},"83":{"start":{"line":587,"column":6},"end":{"line":601,"column":9}},"84":{"start":{"line":613,"column":18},"end":{"line":613,"column":79}},"85":{"start":{"line":615,"column":4},"end":{"line":631,"column":5}},"86":{"start":{"line":616,"column":6},"end":{"line":630,"column":9}},"87":{"start":{"line":633,"column":4},"end":{"line":633,"column":16}},"88":{"start":{"line":642,"column":19},"end":{"line":642,"column":63}},"89":{"start":{"line":644,"column":4},"end":{"line":660,"column":5}},"90":{"start":{"line":645,"column":6},"end":{"line":659,"column":9}},"91":{"start":{"line":663,"column":23},"end":{"line":663,"column":61}},"92":{"start":{"line":664,"column":27},"end":{"line":664,"column":87}},"93":{"start":{"line":666,"column":4},"end":{"line":688,"column":5}},"94":{"start":{"line":667,"column":6},"end":{"line":667,"column":76}},"95":{"start":{"line":669,"column":6},"end":{"line":669,"column":66}},"96":{"start":{"line":672,"column":6},"end":{"line":687,"column":9}},"97":{"start":{"line":691,"column":24},"end":{"line":695,"column":5}},"98":{"start":{"line":697,"column":4},"end":{"line":713,"column":5}},"99":{"start":{"line":698,"column":6},"end":{"line":712,"column":9}},"100":{"start":{"line":715,"column":4},"end":{"line":715,"column":16}},"101":{"start":{"line":725,"column":4},"end":{"line":859,"column":5}},"102":{"start":{"line":727,"column":6},"end":{"line":743,"column":7}},"103":{"start":{"line":728,"column":8},"end":{"line":742,"column":11}},"104":{"start":{"line":746,"column":19},"end":{"line":746,"column":68}},"105":{"start":{"line":748,"column":6},"end":{"line":806,"column":7}},"106":{"start":{"line":750,"column":24},"end":{"line":750,"column":76}},"107":{"start":{"line":752,"column":8},"end":{"line":768,"column":9}},"108":{"start":{"line":753,"column":10},"end":{"line":767,"column":13}},"109":{"start":{"line":771,"column":8},"end":{"line":787,"column":9}},"110":{"start":{"line":772,"column":10},"end":{"line":786,"column":13}},"111":{"start":{"line":789,"column":8},"end":{"line":805,"column":9}},"112":{"start":{"line":790,"column":10},"end":{"line":804,"column":13}},"113":{"start":{"line":809,"column":29},"end":{"line":809,"column":63}},"114":{"start":{"line":812,"column":26},"end":{"line":812,"column":91}},"115":{"start":{"line":814,"column":6},"end":{"line":830,"column":7}},"116":{"start":{"line":815,"column":8},"end":{"line":829,"column":11}},"117":{"start":{"line":835,"column":6},"end":{"line":835,"column":18}},"118":{"start":{"line":838,"column":6},"end":{"line":840,"column":7}},"119":{"start":{"line":839,"column":8},"end":{"line":839,"column":20}},"120":{"start":{"line":843,"column":6},"end":{"line":843,"column":65}},"121":{"start":{"line":844,"column":6},"end":{"line":858,"column":9}},"122":{"start":{"line":868,"column":4},"end":{"line":939,"column":5}},"123":{"start":{"line":870,"column":6},"end":{"line":876,"column":7}},"124":{"start":{"line":871,"column":8},"end":{"line":875,"column":10}},"125":{"start":{"line":879,"column":19},"end":{"line":879,"column":71}},"126":{"start":{"line":881,"column":6},"end":{"line":887,"column":7}},"127":{"start":{"line":882,"column":8},"end":{"line":886,"column":10}},"128":{"start":{"line":890,"column":6},"end":{"line":896,"column":7}},"129":{"start":{"line":891,"column":8},"end":{"line":895,"column":10}},"130":{"start":{"line":899,"column":6},"end":{"line":905,"column":7}},"131":{"start":{"line":900,"column":8},"end":{"line":904,"column":10}},"132":{"start":{"line":908,"column":6},"end":{"line":914,"column":7}},"133":{"start":{"line":909,"column":8},"end":{"line":913,"column":10}},"134":{"start":{"line":917,"column":6},"end":{"line":921,"column":8}},"135":{"start":{"line":923,"column":6},"end":{"line":923,"column":60}},"136":{"start":{"line":924,"column":6},"end":{"line":938,"column":9}},"137":{"start":{"line":948,"column":4},"end":{"line":948,"column":58}},"138":{"start":{"line":948,"column":45},"end":{"line":948,"column":58}},"139":{"start":{"line":949,"column":4},"end":{"line":949,"column":42}},"140":{"start":{"line":949,"column":29},"end":{"line":949,"column":42}},"141":{"start":{"line":950,"column":23},"end":{"line":950,"column":42}},"142":{"start":{"line":951,"column":4},"end":{"line":951,"column":34}},"143":{"start":{"line":960,"column":4},"end":{"line":964,"column":5}},"144":{"start":{"line":961,"column":6},"end":{"line":963,"column":8}},"145":{"start":{"line":966,"column":23},"end":{"line":968,"column":6}},"146":{"start":{"line":969,"column":28},"end":{"line":981,"column":5}},"147":{"start":{"line":982,"column":21},"end":{"line":982,"column":87}},"148":{"start":{"line":983,"column":23},"end":{"line":983,"column":45}},"149":{"start":{"line":985,"column":24},"end":{"line":991,"column":50}},"150":{"start":{"line":993,"column":4},"end":{"line":993,"column":45}},"151":{"start":{"line":1002,"column":17},"end":{"line":1002,"column":61}},"152":{"start":{"line":1004,"column":4},"end":{"line":1020,"column":5}},"153":{"start":{"line":1005,"column":6},"end":{"line":1019,"column":9}},"154":{"start":{"line":1022,"column":4},"end":{"line":1038,"column":5}},"155":{"start":{"line":1023,"column":6},"end":{"line":1037,"column":9}},"156":{"start":{"line":1041,"column":30},"end":{"line":1041,"column":38}},"157":{"start":{"line":1042,"column":34},"end":{"line":1042,"column":93}},"158":{"start":{"line":1044,"column":4},"end":{"line":1048,"column":6}},"159":{"start":{"line":1051,"column":4},"end":{"line":1051,"column":83}},"160":{"start":{"line":1061,"column":4},"end":{"line":1065,"column":5}},"161":{"start":{"line":1062,"column":6},"end":{"line":1064,"column":8}},"162":{"start":{"line":1067,"column":23},"end":{"line":1069,"column":6}},"163":{"start":{"line":1070,"column":28},"end":{"line":1082,"column":5}},"164":{"start":{"line":1083,"column":21},"end":{"line":1083,"column":87}},"165":{"start":{"line":1084,"column":23},"end":{"line":1084,"column":45}},"166":{"start":{"line":1086,"column":24},"end":{"line":1092,"column":41}},"167":{"start":{"line":1094,"column":4},"end":{"line":1094,"column":45}},"168":{"start":{"line":1102,"column":4},"end":{"line":1102,"column":70}}},"fnMap":{"0":{"name":"(anonymous_0)","decl":{"start":{"line":46,"column":2},"end":{"line":46,"column":3}},"loc":{"start":{"line":46,"column":54},"end":{"line":51,"column":3}},"line":46},"1":{"name":"(anonymous_1)","decl":{"start":{"line":58,"column":2},"end":{"line":58,"column":3}},"loc":{"start":{"line":58,"column":27},"end":{"line":155,"column":3}},"line":58},"2":{"name":"(anonymous_2)","decl":{"start":{"line":162,"column":2},"end":{"line":162,"column":3}},"loc":{"start":{"line":162,"column":27},"end":{"line":280,"column":3}},"line":162},"3":{"name":"(anonymous_3)","decl":{"start":{"line":289,"column":2},"end":{"line":289,"column":3}},"loc":{"start":{"line":289,"column":49},"end":{"line":392,"column":3}},"line":289},"4":{"name":"(anonymous_4)","decl":{"start":{"line":399,"column":2},"end":{"line":399,"column":3}},"loc":{"start":{"line":399,"column":22},"end":{"line":422,"column":3}},"line":399},"5":{"name":"(anonymous_5)","decl":{"start":{"line":429,"column":2},"end":{"line":429,"column":3}},"loc":{"start":{"line":429,"column":35},"end":{"line":603,"column":3}},"line":429},"6":{"name":"(anonymous_6)","decl":{"start":{"line":611,"column":2},"end":{"line":611,"column":3}},"loc":{"start":{"line":611,"column":29},"end":{"line":634,"column":3}},"line":611},"7":{"name":"(anonymous_7)","decl":{"start":{"line":641,"column":2},"end":{"line":641,"column":3}},"loc":{"start":{"line":641,"column":30},"end":{"line":716,"column":3}},"line":641},"8":{"name":"(anonymous_8)","decl":{"start":{"line":724,"column":2},"end":{"line":724,"column":3}},"loc":{"start":{"line":724,"column":42},"end":{"line":860,"column":3}},"line":724},"9":{"name":"(anonymous_9)","decl":{"start":{"line":867,"column":2},"end":{"line":867,"column":3}},"loc":{"start":{"line":867,"column":34},"end":{"line":940,"column":3}},"line":867},"10":{"name":"(anonymous_10)","decl":{"start":{"line":947,"column":2},"end":{"line":947,"column":3}},"loc":{"start":{"line":947,"column":28},"end":{"line":952,"column":3}},"line":947},"11":{"name":"(anonymous_11)","decl":{"start":{"line":959,"column":2},"end":{"line":959,"column":3}},"loc":{"start":{"line":959,"column":54},"end":{"line":994,"column":3}},"line":959},"12":{"name":"(anonymous_12)","decl":{"start":{"line":1001,"column":2},"end":{"line":1001,"column":3}},"loc":{"start":{"line":1001,"column":34},"end":{"line":1052,"column":3}},"line":1001},"13":{"name":"(anonymous_13)","decl":{"start":{"line":1060,"column":2},"end":{"line":1060,"column":3}},"loc":{"start":{"line":1060,"column":55},"end":{"line":1095,"column":3}},"line":1060},"14":{"name":"(anonymous_14)","decl":{"start":{"line":1101,"column":2},"end":{"line":1101,"column":3}},"loc":{"start":{"line":1101,"column":41},"end":{"line":1103,"column":3}},"line":1101}},"branchMap":{"0":{"loc":{"start":{"line":67,"column":4},"end":{"line":83,"column":5}},"type":"if","locations":[{"start":{"line":67,"column":4},"end":{"line":83,"column":5}},{"start":{},"end":{}}],"line":67},"1":{"loc":{"start":{"line":85,"column":4},"end":{"line":101,"column":5}},"type":"if","locations":[{"start":{"line":85,"column":4},"end":{"line":101,"column":5}},{"start":{},"end":{}}],"line":85},"2":{"loc":{"start":{"line":139,"column":4},"end":{"line":149,"column":5}},"type":"if","locations":[{"start":{"line":139,"column":4},"end":{"line":149,"column":5}},{"start":{},"end":{}}],"line":139},"3":{"loc":{"start":{"line":165,"column":4},"end":{"line":181,"column":5}},"type":"if","locations":[{"start":{"line":165,"column":4},"end":{"line":181,"column":5}},{"start":{},"end":{}}],"line":165},"4":{"loc":{"start":{"line":186,"column":4},"end":{"line":202,"column":5}},"type":"if","locations":[{"start":{"line":186,"column":4},"end":{"line":202,"column":5}},{"start":{},"end":{}}],"line":186},"5":{"loc":{"start":{"line":204,"column":4},"end":{"line":220,"column":5}},"type":"if","locations":[{"start":{"line":204,"column":4},"end":{"line":220,"column":5}},{"start":{},"end":{}}],"line":204},"6":{"loc":{"start":{"line":223,"column":4},"end":{"line":239,"column":5}},"type":"if","locations":[{"start":{"line":223,"column":4},"end":{"line":239,"column":5}},{"start":{},"end":{}}],"line":223},"7":{"loc":{"start":{"line":223,"column":8},"end":{"line":223,"column":77}},"type":"binary-expr","locations":[{"start":{"line":223,"column":8},"end":{"line":223,"column":34}},{"start":{"line":223,"column":38},"end":{"line":223,"column":77}}],"line":223},"8":{"loc":{"start":{"line":244,"column":6},"end":{"line":260,"column":7}},"type":"if","locations":[{"start":{"line":244,"column":6},"end":{"line":260,"column":7}},{"start":{},"end":{}}],"line":244},"9":{"loc":{"start":{"line":289,"column":31},"end":{"line":289,"column":47}},"type":"default-arg","locations":[{"start":{"line":289,"column":43},"end":{"line":289,"column":47}}],"line":289},"10":{"loc":{"start":{"line":292,"column":4},"end":{"line":308,"column":5}},"type":"if","locations":[{"start":{"line":292,"column":4},"end":{"line":308,"column":5}},{"start":{},"end":{}}],"line":292},"11":{"loc":{"start":{"line":311,"column":4},"end":{"line":327,"column":5}},"type":"if","locations":[{"start":{"line":311,"column":4},"end":{"line":327,"column":5}},{"start":{},"end":{}}],"line":311},"12":{"loc":{"start":{"line":333,"column":4},"end":{"line":349,"column":5}},"type":"if","locations":[{"start":{"line":333,"column":4},"end":{"line":349,"column":5}},{"start":{},"end":{}}],"line":333},"13":{"loc":{"start":{"line":402,"column":4},"end":{"line":418,"column":5}},"type":"if","locations":[{"start":{"line":402,"column":4},"end":{"line":418,"column":5}},{"start":{},"end":{}}],"line":402},"14":{"loc":{"start":{"line":431,"column":6},"end":{"line":447,"column":7}},"type":"if","locations":[{"start":{"line":431,"column":6},"end":{"line":447,"column":7}},{"start":{},"end":{}}],"line":431},"15":{"loc":{"start":{"line":450,"column":6},"end":{"line":466,"column":7}},"type":"if","locations":[{"start":{"line":450,"column":6},"end":{"line":466,"column":7}},{"start":{},"end":{}}],"line":450},"16":{"loc":{"start":{"line":468,"column":6},"end":{"line":506,"column":7}},"type":"if","locations":[{"start":{"line":468,"column":6},"end":{"line":506,"column":7}},{"start":{},"end":{}}],"line":468},"17":{"loc":{"start":{"line":472,"column":8},"end":{"line":488,"column":9}},"type":"if","locations":[{"start":{"line":472,"column":8},"end":{"line":488,"column":9}},{"start":{},"end":{}}],"line":472},"18":{"loc":{"start":{"line":517,"column":6},"end":{"line":533,"column":7}},"type":"if","locations":[{"start":{"line":517,"column":6},"end":{"line":533,"column":7}},{"start":{},"end":{}}],"line":517},"19":{"loc":{"start":{"line":542,"column":6},"end":{"line":558,"column":7}},"type":"if","locations":[{"start":{"line":542,"column":6},"end":{"line":558,"column":7}},{"start":{},"end":{}}],"line":542},"20":{"loc":{"start":{"line":566,"column":6},"end":{"line":582,"column":7}},"type":"if","locations":[{"start":{"line":566,"column":6},"end":{"line":582,"column":7}},{"start":{},"end":{}}],"line":566},"21":{"loc":{"start":{"line":615,"column":4},"end":{"line":631,"column":5}},"type":"if","locations":[{"start":{"line":615,"column":4},"end":{"line":631,"column":5}},{"start":{},"end":{}}],"line":615},"22":{"loc":{"start":{"line":644,"column":4},"end":{"line":660,"column":5}},"type":"if","locations":[{"start":{"line":644,"column":4},"end":{"line":660,"column":5}},{"start":{},"end":{}}],"line":644},"23":{"loc":{"start":{"line":697,"column":4},"end":{"line":713,"column":5}},"type":"if","locations":[{"start":{"line":697,"column":4},"end":{"line":713,"column":5}},{"start":{},"end":{}}],"line":697},"24":{"loc":{"start":{"line":727,"column":6},"end":{"line":743,"column":7}},"type":"if","locations":[{"start":{"line":727,"column":6},"end":{"line":743,"column":7}},{"start":{},"end":{}}],"line":727},"25":{"loc":{"start":{"line":748,"column":6},"end":{"line":806,"column":7}},"type":"if","locations":[{"start":{"line":748,"column":6},"end":{"line":806,"column":7}},{"start":{},"end":{}}],"line":748},"26":{"loc":{"start":{"line":752,"column":8},"end":{"line":768,"column":9}},"type":"if","locations":[{"start":{"line":752,"column":8},"end":{"line":768,"column":9}},{"start":{},"end":{}}],"line":752},"27":{"loc":{"start":{"line":771,"column":8},"end":{"line":787,"column":9}},"type":"if","locations":[{"start":{"line":771,"column":8},"end":{"line":787,"column":9}},{"start":{},"end":{}}],"line":771},"28":{"loc":{"start":{"line":789,"column":8},"end":{"line":805,"column":9}},"type":"if","locations":[{"start":{"line":789,"column":8},"end":{"line":805,"column":9}},{"start":{},"end":{}}],"line":789},"29":{"loc":{"start":{"line":789,"column":12},"end":{"line":789,"column":73}},"type":"binary-expr","locations":[{"start":{"line":789,"column":12},"end":{"line":789,"column":34}},{"start":{"line":789,"column":38},"end":{"line":789,"column":73}}],"line":789},"30":{"loc":{"start":{"line":814,"column":6},"end":{"line":830,"column":7}},"type":"if","locations":[{"start":{"line":814,"column":6},"end":{"line":830,"column":7}},{"start":{},"end":{}}],"line":814},"31":{"loc":{"start":{"line":838,"column":6},"end":{"line":840,"column":7}},"type":"if","locations":[{"start":{"line":838,"column":6},"end":{"line":840,"column":7}},{"start":{},"end":{}}],"line":838},"32":{"loc":{"start":{"line":870,"column":6},"end":{"line":876,"column":7}},"type":"if","locations":[{"start":{"line":870,"column":6},"end":{"line":876,"column":7}},{"start":{},"end":{}}],"line":870},"33":{"loc":{"start":{"line":881,"column":6},"end":{"line":887,"column":7}},"type":"if","locations":[{"start":{"line":881,"column":6},"end":{"line":887,"column":7}},{"start":{},"end":{}}],"line":881},"34":{"loc":{"start":{"line":890,"column":6},"end":{"line":896,"column":7}},"type":"if","locations":[{"start":{"line":890,"column":6},"end":{"line":896,"column":7}},{"start":{},"end":{}}],"line":890},"35":{"loc":{"start":{"line":899,"column":6},"end":{"line":905,"column":7}},"type":"if","locations":[{"start":{"line":899,"column":6},"end":{"line":905,"column":7}},{"start":{},"end":{}}],"line":899},"36":{"loc":{"start":{"line":908,"column":6},"end":{"line":914,"column":7}},"type":"if","locations":[{"start":{"line":908,"column":6},"end":{"line":914,"column":7}},{"start":{},"end":{}}],"line":908},"37":{"loc":{"start":{"line":908,"column":10},"end":{"line":908,"column":65}},"type":"binary-expr","locations":[{"start":{"line":908,"column":10},"end":{"line":908,"column":29}},{"start":{"line":908,"column":33},"end":{"line":908,"column":65}}],"line":908},"38":{"loc":{"start":{"line":948,"column":4},"end":{"line":948,"column":58}},"type":"if","locations":[{"start":{"line":948,"column":4},"end":{"line":948,"column":58}},{"start":{},"end":{}}],"line":948},"39":{"loc":{"start":{"line":948,"column":8},"end":{"line":948,"column":43}},"type":"binary-expr","locations":[{"start":{"line":948,"column":8},"end":{"line":948,"column":14}},{"start":{"line":948,"column":18},"end":{"line":948,"column":43}}],"line":948},"40":{"loc":{"start":{"line":949,"column":4},"end":{"line":949,"column":42}},"type":"if","locations":[{"start":{"line":949,"column":4},"end":{"line":949,"column":42}},{"start":{},"end":{}}],"line":949},"41":{"loc":{"start":{"line":960,"column":4},"end":{"line":964,"column":5}},"type":"if","locations":[{"start":{"line":960,"column":4},"end":{"line":964,"column":5}},{"start":{},"end":{}}],"line":960},"42":{"loc":{"start":{"line":1004,"column":4},"end":{"line":1020,"column":5}},"type":"if","locations":[{"start":{"line":1004,"column":4},"end":{"line":1020,"column":5}},{"start":{},"end":{}}],"line":1004},"43":{"loc":{"start":{"line":1022,"column":4},"end":{"line":1038,"column":5}},"type":"if","locations":[{"start":{"line":1022,"column":4},"end":{"line":1038,"column":5}},{"start":{},"end":{}}],"line":1022},"44":{"loc":{"start":{"line":1061,"column":4},"end":{"line":1065,"column":5}},"type":"if","locations":[{"start":{"line":1061,"column":4},"end":{"line":1065,"column":5}},{"start":{},"end":{}}],"line":1061}},"s":{"0":0,"1":0,"2":0,"3":0,"4":0,"5":0,"6":0,"7":0,"8":0,"9":0,"10":0,"11":0,"12":0,"13":0,"14":0,"15":0,"16":0,"17":0,"18":0,"19":0,"20":0,"21":0,"22":0,"23":0,"24":0,"25":0,"26":0,"27":0,"28":0,"29":0,"30":0,"31":0,"32":0,"33":0,"34":0,"35":0,"36":0,"37":0,"38":0,"39":0,"40":0,"41":0,"42":0,"43":0,"44":0,"45":0,"46":0,"47":0,"48":0,"49":0,"50":0,"51":0,"52":0,"53":0,"54":0,"55":0,"56":0,"57":0,"58":0,"59":0,"60":0,"61":0,"62":0,"63":0,"64":0,"65":0,"66":0,"67":0,"68":0,"69":0,"70":0,"71":0,"72":0,"73":0,"74":0,"75":0,"76":0,"77":0,"78":0,"79":0,"80":0,"81":0,"82":0,"83":0,"84":0,"85":0,"86":0,"87":0,"88":0,"89":0,"90":0,"91":0,"92":0,"93":0,"94":0,"95":0,"96":0,"97":0,"98":0,"99":0,"100":0,"101":0,"102":0,"103":0,"104":0,"105":0,"106":0,"107":0,"108":0,"109":0,"110":0,"111":0,"112":0,"113":0,"114":0,"115":0,"116":0,"117":0,"118":0,"119":0,"120":0,"121":0,"122":0,"123":0,"124":0,"125":0,"126":0,"127":0,"128":0,"129":0,"130":0,"131":0,"132":0,"133":0,"134":0,"135":0,"136":0,"137":0,"138":0,"139":0,"140":0,"141":0,"142":0,"143":0,"144":0,"145":0,"146":0,"147":0,"148":0,"149":0,"150":0,"151":0,"152":0,"153":0,"154":0,"155":0,"156":0,"157":0,"158":0,"159":0,"160":0,"161":0,"162":0,"163":0,"164":0,"165":0,"166":0,"167":0,"168":0},"f":{"0":0,"1":0,"2":0,"3":0,"4":0,"5":0,"6":0,"7":0,"8":0,"9":0,"10":0,"11":0,"12":0,"13":0,"14":0},"b":{"0":[0,0],"1":[0,0],"2":[0,0],"3":[0,0],"4":[0,0],"5":[0,0],"6":[0,0],"7":[0,0],"8":[0,0],"9":[0],"10":[0,0],"11":[0,0],"12":[0,0],"13":[0,0],"14":[0,0],"15":[0,0],"16":[0,0],"17":[0,0],"18":[0,0],"19":[0,0],"20":[0,0],"21":[0,0],"22":[0,0],"23":[0,0],"24":[0,0],"25":[0,0],"26":[0,0],"27":[0,0],"28":[0,0],"29":[0,0],"30":[0,0],"31":[0,0],"32":[0,0],"33":[0,0],"34":[0,0],"35":[0,0],"36":[0,0],"37":[0,0],"38":[0,0],"39":[0,0],"40":[0,0],"41":[0,0],"42":[0,0],"43":[0,0],"44":[0,0]}}
,"C:\\Users\\alfon\\www\\acamae-backend\\src\\application\\services\\NameModerationService.js": {"path":"C:\\Users\\alfon\\www\\acamae-backend\\src\\application\\services\\NameModerationService.js","statementMap":{"0":{"start":{"line":11,"column":4},"end":{"line":11,"column":45}},"1":{"start":{"line":12,"column":4},"end":{"line":12,"column":86}},"2":{"start":{"line":13,"column":4},"end":{"line":13,"column":33}},"3":{"start":{"line":22,"column":4},"end":{"line":27,"column":5}},"4":{"start":{"line":23,"column":6},"end":{"line":25,"column":8}},"5":{"start":{"line":26,"column":6},"end":{"line":26,"column":19}},"6":{"start":{"line":29,"column":4},"end":{"line":78,"column":5}},"7":{"start":{"line":30,"column":23},"end":{"line":40,"column":8}},"8":{"start":{"line":42,"column":21},"end":{"line":42,"column":50}},"9":{"start":{"line":45,"column":23},"end":{"line":45,"column":64}},"10":{"start":{"line":46,"column":21},"end":{"line":46,"column":60}},"11":{"start":{"line":47,"column":24},"end":{"line":47,"column":66}},"12":{"start":{"line":48,"column":21},"end":{"line":48,"column":60}},"13":{"start":{"line":49,"column":31},"end":{"line":49,"column":81}},"14":{"start":{"line":52,"column":24},"end":{"line":52,"column":60}},"15":{"start":{"line":55,"column":8},"end":{"line":59,"column":36}},"16":{"start":{"line":61,"column":6},"end":{"line":69,"column":7}},"17":{"start":{"line":62,"column":8},"end":{"line":68,"column":11}},"18":{"start":{"line":71,"column":6},"end":{"line":71,"column":29}},"19":{"start":{"line":73,"column":6},"end":{"line":73,"column":93}},"20":{"start":{"line":77,"column":6},"end":{"line":77,"column":19}},"21":{"start":{"line":88,"column":21},"end":{"line":88,"column":75}},"22":{"start":{"line":89,"column":4},"end":{"line":89,"column":46}},"23":{"start":{"line":98,"column":4},"end":{"line":98,"column":46}},"24":{"start":{"line":107,"column":4},"end":{"line":109,"column":5}},"25":{"start":{"line":108,"column":6},"end":{"line":108,"column":54}},"26":{"start":{"line":111,"column":4},"end":{"line":146,"column":5}},"27":{"start":{"line":112,"column":23},"end":{"line":122,"column":8}},"28":{"start":{"line":124,"column":21},"end":{"line":124,"column":50}},"29":{"start":{"line":125,"column":24},"end":{"line":125,"column":60}},"30":{"start":{"line":127,"column":6},"end":{"line":139,"column":8}},"31":{"start":{"line":141,"column":6},"end":{"line":145,"column":8}},"32":{"start":{"line":157,"column":4},"end":{"line":163,"column":6}},"33":{"start":{"line":168,"column":37},"end":{"line":168,"column":64}}},"fnMap":{"0":{"name":"(anonymous_0)","decl":{"start":{"line":10,"column":2},"end":{"line":10,"column":3}},"loc":{"start":{"line":10,"column":16},"end":{"line":14,"column":3}},"line":10},"1":{"name":"(anonymous_1)","decl":{"start":{"line":21,"column":2},"end":{"line":21,"column":3}},"loc":{"start":{"line":21,"column":34},"end":{"line":79,"column":3}},"line":21},"2":{"name":"(anonymous_2)","decl":{"start":{"line":87,"column":2},"end":{"line":87,"column":3}},"loc":{"start":{"line":87,"column":53},"end":{"line":90,"column":3}},"line":87},"3":{"name":"(anonymous_3)","decl":{"start":{"line":97,"column":2},"end":{"line":97,"column":3}},"loc":{"start":{"line":97,"column":42},"end":{"line":99,"column":3}},"line":97},"4":{"name":"(anonymous_4)","decl":{"start":{"line":106,"column":2},"end":{"line":106,"column":3}},"loc":{"start":{"line":106,"column":35},"end":{"line":147,"column":3}},"line":106},"5":{"name":"(anonymous_5)","decl":{"start":{"line":156,"column":2},"end":{"line":156,"column":3}},"loc":{"start":{"line":156,"column":38},"end":{"line":164,"column":3}},"line":156}},"branchMap":{"0":{"loc":{"start":{"line":22,"column":4},"end":{"line":27,"column":5}},"type":"if","locations":[{"start":{"line":22,"column":4},"end":{"line":27,"column":5}},{"start":{},"end":{}}],"line":22},"1":{"loc":{"start":{"line":45,"column":23},"end":{"line":45,"column":64}},"type":"binary-expr","locations":[{"start":{"line":45,"column":23},"end":{"line":45,"column":59}},{"start":{"line":45,"column":63},"end":{"line":45,"column":64}}],"line":45},"2":{"loc":{"start":{"line":46,"column":21},"end":{"line":46,"column":60}},"type":"binary-expr","locations":[{"start":{"line":46,"column":21},"end":{"line":46,"column":55}},{"start":{"line":46,"column":59},"end":{"line":46,"column":60}}],"line":46},"3":{"loc":{"start":{"line":47,"column":24},"end":{"line":47,"column":66}},"type":"binary-expr","locations":[{"start":{"line":47,"column":24},"end":{"line":47,"column":61}},{"start":{"line":47,"column":65},"end":{"line":47,"column":66}}],"line":47},"4":{"loc":{"start":{"line":48,"column":21},"end":{"line":48,"column":60}},"type":"binary-expr","locations":[{"start":{"line":48,"column":21},"end":{"line":48,"column":55}},{"start":{"line":48,"column":59},"end":{"line":48,"column":60}}],"line":48},"5":{"loc":{"start":{"line":49,"column":31},"end":{"line":49,"column":81}},"type":"binary-expr","locations":[{"start":{"line":49,"column":31},"end":{"line":49,"column":76}},{"start":{"line":49,"column":80},"end":{"line":49,"column":81}}],"line":49},"6":{"loc":{"start":{"line":52,"column":24},"end":{"line":52,"column":60}},"type":"binary-expr","locations":[{"start":{"line":52,"column":24},"end":{"line":52,"column":53}},{"start":{"line":52,"column":57},"end":{"line":52,"column":60}}],"line":52},"7":{"loc":{"start":{"line":55,"column":8},"end":{"line":59,"column":36}},"type":"binary-expr","locations":[{"start":{"line":55,"column":8},"end":{"line":55,"column":28}},{"start":{"line":56,"column":8},"end":{"line":56,"column":26}},{"start":{"line":57,"column":8},"end":{"line":57,"column":29}},{"start":{"line":58,"column":8},"end":{"line":58,"column":26}},{"start":{"line":59,"column":8},"end":{"line":59,"column":36}}],"line":55},"8":{"loc":{"start":{"line":61,"column":6},"end":{"line":69,"column":7}},"type":"if","locations":[{"start":{"line":61,"column":6},"end":{"line":69,"column":7}},{"start":{},"end":{}}],"line":61},"9":{"loc":{"start":{"line":107,"column":4},"end":{"line":109,"column":5}},"type":"if","locations":[{"start":{"line":107,"column":4},"end":{"line":109,"column":5}},{"start":{},"end":{}}],"line":107},"10":{"loc":{"start":{"line":125,"column":24},"end":{"line":125,"column":60}},"type":"binary-expr","locations":[{"start":{"line":125,"column":24},"end":{"line":125,"column":53}},{"start":{"line":125,"column":57},"end":{"line":125,"column":60}}],"line":125},"11":{"loc":{"start":{"line":131,"column":32},"end":{"line":131,"column":73}},"type":"binary-expr","locations":[{"start":{"line":131,"column":32},"end":{"line":131,"column":68}},{"start":{"line":131,"column":72},"end":{"line":131,"column":73}}],"line":131},"12":{"loc":{"start":{"line":132,"column":30},"end":{"line":132,"column":69}},"type":"binary-expr","locations":[{"start":{"line":132,"column":30},"end":{"line":132,"column":64}},{"start":{"line":132,"column":68},"end":{"line":132,"column":69}}],"line":132},"13":{"loc":{"start":{"line":133,"column":33},"end":{"line":133,"column":75}},"type":"binary-expr","locations":[{"start":{"line":133,"column":33},"end":{"line":133,"column":70}},{"start":{"line":133,"column":74},"end":{"line":133,"column":75}}],"line":133},"14":{"loc":{"start":{"line":134,"column":30},"end":{"line":134,"column":69}},"type":"binary-expr","locations":[{"start":{"line":134,"column":30},"end":{"line":134,"column":64}},{"start":{"line":134,"column":68},"end":{"line":134,"column":69}}],"line":134},"15":{"loc":{"start":{"line":135,"column":40},"end":{"line":135,"column":90}},"type":"binary-expr","locations":[{"start":{"line":135,"column":40},"end":{"line":135,"column":85}},{"start":{"line":135,"column":89},"end":{"line":135,"column":90}}],"line":135},"16":{"loc":{"start":{"line":158,"column":6},"end":{"line":162,"column":70}},"type":"binary-expr","locations":[{"start":{"line":158,"column":6},"end":{"line":158,"column":61}},{"start":{"line":159,"column":6},"end":{"line":159,"column":59}},{"start":{"line":160,"column":6},"end":{"line":160,"column":62}},{"start":{"line":161,"column":6},"end":{"line":161,"column":59}},{"start":{"line":162,"column":6},"end":{"line":162,"column":70}}],"line":158},"17":{"loc":{"start":{"line":158,"column":7},"end":{"line":158,"column":48}},"type":"binary-expr","locations":[{"start":{"line":158,"column":7},"end":{"line":158,"column":43}},{"start":{"line":158,"column":47},"end":{"line":158,"column":48}}],"line":158},"18":{"loc":{"start":{"line":159,"column":7},"end":{"line":159,"column":46}},"type":"binary-expr","locations":[{"start":{"line":159,"column":7},"end":{"line":159,"column":41}},{"start":{"line":159,"column":45},"end":{"line":159,"column":46}}],"line":159},"19":{"loc":{"start":{"line":160,"column":7},"end":{"line":160,"column":49}},"type":"binary-expr","locations":[{"start":{"line":160,"column":7},"end":{"line":160,"column":44}},{"start":{"line":160,"column":48},"end":{"line":160,"column":49}}],"line":160},"20":{"loc":{"start":{"line":161,"column":7},"end":{"line":161,"column":46}},"type":"binary-expr","locations":[{"start":{"line":161,"column":7},"end":{"line":161,"column":41}},{"start":{"line":161,"column":45},"end":{"line":161,"column":46}}],"line":161},"21":{"loc":{"start":{"line":162,"column":7},"end":{"line":162,"column":57}},"type":"binary-expr","locations":[{"start":{"line":162,"column":7},"end":{"line":162,"column":52}},{"start":{"line":162,"column":56},"end":{"line":162,"column":57}}],"line":162}},"s":{"0":0,"1":0,"2":0,"3":0,"4":0,"5":0,"6":0,"7":0,"8":0,"9":0,"10":0,"11":0,"12":0,"13":0,"14":0,"15":0,"16":0,"17":0,"18":0,"19":0,"20":0,"21":0,"22":0,"23":0,"24":0,"25":0,"26":0,"27":0,"28":0,"29":0,"30":0,"31":0,"32":0,"33":0},"f":{"0":0,"1":0,"2":0,"3":0,"4":0,"5":0},"b":{"0":[0,0],"1":[0,0],"2":[0,0],"3":[0,0],"4":[0,0],"5":[0,0],"6":[0,0],"7":[0,0,0,0,0],"8":[0,0],"9":[0,0],"10":[0,0],"11":[0,0],"12":[0,0],"13":[0,0],"14":[0,0],"15":[0,0],"16":[0,0,0,0,0],"17":[0,0],"18":[0,0],"19":[0,0],"20":[0,0],"21":[0,0]}}
,"C:\\Users\\alfon\\www\\acamae-backend\\src\\application\\services\\TeamService.js": {"path":"C:\\Users\\alfon\\www\\acamae-backend\\src\\application\\services\\TeamService.js","statementMap":{"0":{"start":{"line":18,"column":4},"end":{"line":18,"column":41}},"1":{"start":{"line":19,"column":4},"end":{"line":19,"column":41}},"2":{"start":{"line":27,"column":18},"end":{"line":27,"column":53}},"3":{"start":{"line":29,"column":4},"end":{"line":39,"column":5}},"4":{"start":{"line":30,"column":6},"end":{"line":38,"column":9}},"5":{"start":{"line":41,"column":4},"end":{"line":41,"column":17}},"6":{"start":{"line":50,"column":17},"end":{"line":50,"column":55}},"7":{"start":{"line":52,"column":4},"end":{"line":68,"column":5}},"8":{"start":{"line":53,"column":6},"end":{"line":67,"column":9}},"9":{"start":{"line":70,"column":4},"end":{"line":70,"column":16}},"10":{"start":{"line":79,"column":35},"end":{"line":79,"column":43}},"11":{"start":{"line":81,"column":21},"end":{"line":81,"column":56}},"12":{"start":{"line":82,"column":25},"end":{"line":82,"column":79}},"13":{"start":{"line":82,"column":46},"end":{"line":82,"column":78}},"14":{"start":{"line":84,"column":4},"end":{"line":119,"column":5}},"15":{"start":{"line":85,"column":6},"end":{"line":101,"column":7}},"16":{"start":{"line":86,"column":8},"end":{"line":100,"column":11}},"17":{"start":{"line":102,"column":6},"end":{"line":118,"column":7}},"18":{"start":{"line":103,"column":8},"end":{"line":117,"column":11}},"19":{"start":{"line":121,"column":24},"end":{"line":121,"column":80}},"20":{"start":{"line":123,"column":4},"end":{"line":133,"column":5}},"21":{"start":{"line":124,"column":6},"end":{"line":132,"column":9}},"22":{"start":{"line":135,"column":4},"end":{"line":135,"column":23}},"23":{"start":{"line":145,"column":26},"end":{"line":145,"column":34}},"24":{"start":{"line":147,"column":18},"end":{"line":147,"column":53}},"25":{"start":{"line":148,"column":25},"end":{"line":148,"column":93}},"26":{"start":{"line":148,"column":43},"end":{"line":148,"column":92}},"27":{"start":{"line":150,"column":4},"end":{"line":185,"column":5}},"28":{"start":{"line":151,"column":6},"end":{"line":167,"column":7}},"29":{"start":{"line":152,"column":8},"end":{"line":166,"column":11}},"30":{"start":{"line":168,"column":6},"end":{"line":184,"column":7}},"31":{"start":{"line":169,"column":8},"end":{"line":183,"column":11}},"32":{"start":{"line":187,"column":24},"end":{"line":187,"column":70}},"33":{"start":{"line":189,"column":4},"end":{"line":199,"column":5}},"34":{"start":{"line":190,"column":6},"end":{"line":198,"column":9}},"35":{"start":{"line":201,"column":4},"end":{"line":201,"column":23}},"36":{"start":{"line":210,"column":17},"end":{"line":210,"column":55}},"37":{"start":{"line":212,"column":4},"end":{"line":228,"column":5}},"38":{"start":{"line":213,"column":6},"end":{"line":227,"column":9}},"39":{"start":{"line":230,"column":20},"end":{"line":230,"column":56}},"40":{"start":{"line":232,"column":4},"end":{"line":242,"column":5}},"41":{"start":{"line":233,"column":6},"end":{"line":241,"column":9}},"42":{"start":{"line":244,"column":4},"end":{"line":244,"column":16}},"43":{"start":{"line":248,"column":17},"end":{"line":248,"column":59}},"44":{"start":{"line":250,"column":4},"end":{"line":266,"column":5}},"45":{"start":{"line":251,"column":6},"end":{"line":265,"column":9}},"46":{"start":{"line":268,"column":19},"end":{"line":268,"column":61}},"47":{"start":{"line":270,"column":4},"end":{"line":286,"column":5}},"48":{"start":{"line":271,"column":6},"end":{"line":285,"column":9}},"49":{"start":{"line":289,"column":4},"end":{"line":305,"column":5}},"50":{"start":{"line":289,"column":38},"end":{"line":289,"column":58}},"51":{"start":{"line":290,"column":6},"end":{"line":304,"column":9}},"52":{"start":{"line":307,"column":24},"end":{"line":307,"column":75}},"53":{"start":{"line":309,"column":4},"end":{"line":321,"column":5}},"54":{"start":{"line":310,"column":6},"end":{"line":320,"column":9}},"55":{"start":{"line":323,"column":4},"end":{"line":323,"column":23}},"56":{"start":{"line":327,"column":17},"end":{"line":327,"column":59}},"57":{"start":{"line":329,"column":4},"end":{"line":345,"column":5}},"58":{"start":{"line":330,"column":6},"end":{"line":344,"column":9}},"59":{"start":{"line":348,"column":4},"end":{"line":364,"column":5}},"60":{"start":{"line":348,"column":39},"end":{"line":348,"column":59}},"61":{"start":{"line":349,"column":6},"end":{"line":363,"column":9}},"62":{"start":{"line":367,"column":4},"end":{"line":383,"column":5}},"63":{"start":{"line":368,"column":6},"end":{"line":382,"column":9}},"64":{"start":{"line":385,"column":24},"end":{"line":385,"column":78}},"65":{"start":{"line":387,"column":4},"end":{"line":399,"column":5}},"66":{"start":{"line":388,"column":6},"end":{"line":398,"column":9}},"67":{"start":{"line":401,"column":4},"end":{"line":401,"column":23}}},"fnMap":{"0":{"name":"(anonymous_0)","decl":{"start":{"line":17,"column":2},"end":{"line":17,"column":3}},"loc":{"start":{"line":17,"column":46},"end":{"line":20,"column":3}},"line":17},"1":{"name":"(anonymous_1)","decl":{"start":{"line":26,"column":2},"end":{"line":26,"column":3}},"loc":{"start":{"line":26,"column":22},"end":{"line":42,"column":3}},"line":26},"2":{"name":"(anonymous_2)","decl":{"start":{"line":49,"column":2},"end":{"line":49,"column":3}},"loc":{"start":{"line":49,"column":24},"end":{"line":71,"column":3}},"line":49},"3":{"name":"(anonymous_3)","decl":{"start":{"line":78,"column":2},"end":{"line":78,"column":3}},"loc":{"start":{"line":78,"column":29},"end":{"line":136,"column":3}},"line":78},"4":{"name":"(anonymous_4)","decl":{"start":{"line":82,"column":39},"end":{"line":82,"column":40}},"loc":{"start":{"line":82,"column":46},"end":{"line":82,"column":78}},"line":82},"5":{"name":"(anonymous_5)","decl":{"start":{"line":144,"column":2},"end":{"line":144,"column":3}},"loc":{"start":{"line":144,"column":33},"end":{"line":202,"column":3}},"line":144},"6":{"name":"(anonymous_6)","decl":{"start":{"line":148,"column":36},"end":{"line":148,"column":37}},"loc":{"start":{"line":148,"column":43},"end":{"line":148,"column":92}},"line":148},"7":{"name":"(anonymous_7)","decl":{"start":{"line":209,"column":2},"end":{"line":209,"column":3}},"loc":{"start":{"line":209,"column":23},"end":{"line":245,"column":3}},"line":209},"8":{"name":"(anonymous_8)","decl":{"start":{"line":247,"column":2},"end":{"line":247,"column":3}},"loc":{"start":{"line":247,"column":34},"end":{"line":324,"column":3}},"line":247},"9":{"name":"(anonymous_9)","decl":{"start":{"line":289,"column":26},"end":{"line":289,"column":27}},"loc":{"start":{"line":289,"column":38},"end":{"line":289,"column":58}},"line":289},"10":{"name":"(anonymous_10)","decl":{"start":{"line":326,"column":2},"end":{"line":326,"column":3}},"loc":{"start":{"line":326,"column":37},"end":{"line":402,"column":3}},"line":326},"11":{"name":"(anonymous_11)","decl":{"start":{"line":348,"column":27},"end":{"line":348,"column":28}},"loc":{"start":{"line":348,"column":39},"end":{"line":348,"column":59}},"line":348}},"branchMap":{"0":{"loc":{"start":{"line":29,"column":4},"end":{"line":39,"column":5}},"type":"if","locations":[{"start":{"line":29,"column":4},"end":{"line":39,"column":5}},{"start":{},"end":{}}],"line":29},"1":{"loc":{"start":{"line":52,"column":4},"end":{"line":68,"column":5}},"type":"if","locations":[{"start":{"line":52,"column":4},"end":{"line":68,"column":5}},{"start":{},"end":{}}],"line":52},"2":{"loc":{"start":{"line":82,"column":46},"end":{"line":82,"column":78}},"type":"binary-expr","locations":[{"start":{"line":82,"column":46},"end":{"line":82,"column":61}},{"start":{"line":82,"column":65},"end":{"line":82,"column":78}}],"line":82},"3":{"loc":{"start":{"line":84,"column":4},"end":{"line":119,"column":5}},"type":"if","locations":[{"start":{"line":84,"column":4},"end":{"line":119,"column":5}},{"start":{},"end":{}}],"line":84},"4":{"loc":{"start":{"line":85,"column":6},"end":{"line":101,"column":7}},"type":"if","locations":[{"start":{"line":85,"column":6},"end":{"line":101,"column":7}},{"start":{},"end":{}}],"line":85},"5":{"loc":{"start":{"line":102,"column":6},"end":{"line":118,"column":7}},"type":"if","locations":[{"start":{"line":102,"column":6},"end":{"line":118,"column":7}},{"start":{},"end":{}}],"line":102},"6":{"loc":{"start":{"line":123,"column":4},"end":{"line":133,"column":5}},"type":"if","locations":[{"start":{"line":123,"column":4},"end":{"line":133,"column":5}},{"start":{},"end":{}}],"line":123},"7":{"loc":{"start":{"line":148,"column":43},"end":{"line":148,"column":92}},"type":"binary-expr","locations":[{"start":{"line":148,"column":44},"end":{"line":148,"column":59}},{"start":{"line":148,"column":63},"end":{"line":148,"column":76}},{"start":{"line":148,"column":81},"end":{"line":148,"column":92}}],"line":148},"8":{"loc":{"start":{"line":150,"column":4},"end":{"line":185,"column":5}},"type":"if","locations":[{"start":{"line":150,"column":4},"end":{"line":185,"column":5}},{"start":{},"end":{}}],"line":150},"9":{"loc":{"start":{"line":151,"column":6},"end":{"line":167,"column":7}},"type":"if","locations":[{"start":{"line":151,"column":6},"end":{"line":167,"column":7}},{"start":{},"end":{}}],"line":151},"10":{"loc":{"start":{"line":168,"column":6},"end":{"line":184,"column":7}},"type":"if","locations":[{"start":{"line":168,"column":6},"end":{"line":184,"column":7}},{"start":{},"end":{}}],"line":168},"11":{"loc":{"start":{"line":189,"column":4},"end":{"line":199,"column":5}},"type":"if","locations":[{"start":{"line":189,"column":4},"end":{"line":199,"column":5}},{"start":{},"end":{}}],"line":189},"12":{"loc":{"start":{"line":212,"column":4},"end":{"line":228,"column":5}},"type":"if","locations":[{"start":{"line":212,"column":4},"end":{"line":228,"column":5}},{"start":{},"end":{}}],"line":212},"13":{"loc":{"start":{"line":232,"column":4},"end":{"line":242,"column":5}},"type":"if","locations":[{"start":{"line":232,"column":4},"end":{"line":242,"column":5}},{"start":{},"end":{}}],"line":232},"14":{"loc":{"start":{"line":250,"column":4},"end":{"line":266,"column":5}},"type":"if","locations":[{"start":{"line":250,"column":4},"end":{"line":266,"column":5}},{"start":{},"end":{}}],"line":250},"15":{"loc":{"start":{"line":270,"column":4},"end":{"line":286,"column":5}},"type":"if","locations":[{"start":{"line":270,"column":4},"end":{"line":286,"column":5}},{"start":{},"end":{}}],"line":270},"16":{"loc":{"start":{"line":289,"column":4},"end":{"line":305,"column":5}},"type":"if","locations":[{"start":{"line":289,"column":4},"end":{"line":305,"column":5}},{"start":{},"end":{}}],"line":289},"17":{"loc":{"start":{"line":309,"column":4},"end":{"line":321,"column":5}},"type":"if","locations":[{"start":{"line":309,"column":4},"end":{"line":321,"column":5}},{"start":{},"end":{}}],"line":309},"18":{"loc":{"start":{"line":329,"column":4},"end":{"line":345,"column":5}},"type":"if","locations":[{"start":{"line":329,"column":4},"end":{"line":345,"column":5}},{"start":{},"end":{}}],"line":329},"19":{"loc":{"start":{"line":348,"column":4},"end":{"line":364,"column":5}},"type":"if","locations":[{"start":{"line":348,"column":4},"end":{"line":364,"column":5}},{"start":{},"end":{}}],"line":348},"20":{"loc":{"start":{"line":367,"column":4},"end":{"line":383,"column":5}},"type":"if","locations":[{"start":{"line":367,"column":4},"end":{"line":383,"column":5}},{"start":{},"end":{}}],"line":367},"21":{"loc":{"start":{"line":387,"column":4},"end":{"line":399,"column":5}},"type":"if","locations":[{"start":{"line":387,"column":4},"end":{"line":399,"column":5}},{"start":{},"end":{}}],"line":387}},"s":{"0":0,"1":0,"2":0,"3":0,"4":0,"5":0,"6":0,"7":0,"8":0,"9":0,"10":0,"11":0,"12":0,"13":0,"14":0,"15":0,"16":0,"17":0,"18":0,"19":0,"20":0,"21":0,"22":0,"23":0,"24":0,"25":0,"26":0,"27":0,"28":0,"29":0,"30":0,"31":0,"32":0,"33":0,"34":0,"35":0,"36":0,"37":0,"38":0,"39":0,"40":0,"41":0,"42":0,"43":0,"44":0,"45":0,"46":0,"47":0,"48":0,"49":0,"50":0,"51":0,"52":0,"53":0,"54":0,"55":0,"56":0,"57":0,"58":0,"59":0,"60":0,"61":0,"62":0,"63":0,"64":0,"65":0,"66":0,"67":0},"f":{"0":0,"1":0,"2":0,"3":0,"4":0,"5":0,"6":0,"7":0,"8":0,"9":0,"10":0,"11":0},"b":{"0":[0,0],"1":[0,0],"2":[0,0],"3":[0,0],"4":[0,0],"5":[0,0],"6":[0,0],"7":[0,0,0],"8":[0,0],"9":[0,0],"10":[0,0],"11":[0,0],"12":[0,0],"13":[0,0],"14":[0,0],"15":[0,0],"16":[0,0],"17":[0,0],"18":[0,0],"19":[0,0],"20":[0,0],"21":[0,0]}}
,"C:\\Users\\alfon\\www\\acamae-backend\\src\\application\\services\\UserService.js": {"path":"C:\\Users\\alfon\\www\\acamae-backend\\src\\application\\services\\UserService.js","statementMap":{"0":{"start":{"line":13,"column":4},"end":{"line":13,"column":41}},"1":{"start":{"line":25,"column":18},"end":{"line":25,"column":77}},"2":{"start":{"line":27,"column":4},"end":{"line":37,"column":5}},"3":{"start":{"line":28,"column":6},"end":{"line":36,"column":9}},"4":{"start":{"line":39,"column":4},"end":{"line":39,"column":58}},"5":{"start":{"line":39,"column":52},"end":{"line":39,"column":56}},"6":{"start":{"line":48,"column":17},"end":{"line":48,"column":55}},"7":{"start":{"line":49,"column":4},"end":{"line":65,"column":5}},"8":{"start":{"line":50,"column":6},"end":{"line":64,"column":9}},"9":{"start":{"line":66,"column":43},"end":{"line":66,"column":47}},"10":{"start":{"line":67,"column":4},"end":{"line":67,"column":21}},"11":{"start":{"line":77,"column":32},"end":{"line":77,"column":40}},"12":{"start":{"line":80,"column":4},"end":{"line":99,"column":5}},"13":{"start":{"line":81,"column":23},"end":{"line":81,"column":67}},"14":{"start":{"line":82,"column":6},"end":{"line":98,"column":7}},"15":{"start":{"line":83,"column":8},"end":{"line":97,"column":11}},"16":{"start":{"line":100,"column":4},"end":{"line":119,"column":5}},"17":{"start":{"line":101,"column":23},"end":{"line":101,"column":73}},"18":{"start":{"line":102,"column":6},"end":{"line":118,"column":7}},"19":{"start":{"line":103,"column":8},"end":{"line":117,"column":11}},"20":{"start":{"line":121,"column":20},"end":{"line":121,"column":66}},"21":{"start":{"line":123,"column":4},"end":{"line":139,"column":5}},"22":{"start":{"line":124,"column":6},"end":{"line":138,"column":9}},"23":{"start":{"line":141,"column":43},"end":{"line":141,"column":50}},"24":{"start":{"line":142,"column":4},"end":{"line":142,"column":21}},"25":{"start":{"line":151,"column":21},"end":{"line":151,"column":59}},"26":{"start":{"line":152,"column":4},"end":{"line":168,"column":5}},"27":{"start":{"line":153,"column":6},"end":{"line":167,"column":9}},"28":{"start":{"line":170,"column":20},"end":{"line":170,"column":56}},"29":{"start":{"line":172,"column":4},"end":{"line":188,"column":5}},"30":{"start":{"line":173,"column":6},"end":{"line":187,"column":9}},"31":{"start":{"line":189,"column":4},"end":{"line":189,"column":16}}},"fnMap":{"0":{"name":"(anonymous_0)","decl":{"start":{"line":12,"column":2},"end":{"line":12,"column":3}},"loc":{"start":{"line":12,"column":30},"end":{"line":14,"column":3}},"line":12},"1":{"name":"(anonymous_1)","decl":{"start":{"line":24,"column":2},"end":{"line":24,"column":3}},"loc":{"start":{"line":24,"column":65},"end":{"line":40,"column":3}},"line":24},"2":{"name":"(anonymous_2)","decl":{"start":{"line":39,"column":21},"end":{"line":39,"column":22}},"loc":{"start":{"line":39,"column":52},"end":{"line":39,"column":56}},"line":39},"3":{"name":"(anonymous_3)","decl":{"start":{"line":47,"column":2},"end":{"line":47,"column":3}},"loc":{"start":{"line":47,"column":24},"end":{"line":68,"column":3}},"line":47},"4":{"name":"(anonymous_4)","decl":{"start":{"line":76,"column":2},"end":{"line":76,"column":3}},"loc":{"start":{"line":76,"column":33},"end":{"line":143,"column":3}},"line":76},"5":{"name":"(anonymous_5)","decl":{"start":{"line":150,"column":2},"end":{"line":150,"column":3}},"loc":{"start":{"line":150,"column":23},"end":{"line":190,"column":3}},"line":150}},"branchMap":{"0":{"loc":{"start":{"line":24,"column":20},"end":{"line":24,"column":63}},"type":"default-arg","locations":[{"start":{"line":24,"column":61},"end":{"line":24,"column":63}}],"line":24},"1":{"loc":{"start":{"line":24,"column":22},"end":{"line":24,"column":30}},"type":"default-arg","locations":[{"start":{"line":24,"column":29},"end":{"line":24,"column":30}}],"line":24},"2":{"loc":{"start":{"line":24,"column":32},"end":{"line":24,"column":42}},"type":"default-arg","locations":[{"start":{"line":24,"column":40},"end":{"line":24,"column":42}}],"line":24},"3":{"loc":{"start":{"line":24,"column":44},"end":{"line":24,"column":56}},"type":"default-arg","locations":[{"start":{"line":24,"column":54},"end":{"line":24,"column":56}}],"line":24},"4":{"loc":{"start":{"line":27,"column":4},"end":{"line":37,"column":5}},"type":"if","locations":[{"start":{"line":27,"column":4},"end":{"line":37,"column":5}},{"start":{},"end":{}}],"line":27},"5":{"loc":{"start":{"line":49,"column":4},"end":{"line":65,"column":5}},"type":"if","locations":[{"start":{"line":49,"column":4},"end":{"line":65,"column":5}},{"start":{},"end":{}}],"line":49},"6":{"loc":{"start":{"line":80,"column":4},"end":{"line":99,"column":5}},"type":"if","locations":[{"start":{"line":80,"column":4},"end":{"line":99,"column":5}},{"start":{},"end":{}}],"line":80},"7":{"loc":{"start":{"line":82,"column":6},"end":{"line":98,"column":7}},"type":"if","locations":[{"start":{"line":82,"column":6},"end":{"line":98,"column":7}},{"start":{},"end":{}}],"line":82},"8":{"loc":{"start":{"line":82,"column":10},"end":{"line":82,"column":40}},"type":"binary-expr","locations":[{"start":{"line":82,"column":10},"end":{"line":82,"column":18}},{"start":{"line":82,"column":22},"end":{"line":82,"column":40}}],"line":82},"9":{"loc":{"start":{"line":100,"column":4},"end":{"line":119,"column":5}},"type":"if","locations":[{"start":{"line":100,"column":4},"end":{"line":119,"column":5}},{"start":{},"end":{}}],"line":100},"10":{"loc":{"start":{"line":102,"column":6},"end":{"line":118,"column":7}},"type":"if","locations":[{"start":{"line":102,"column":6},"end":{"line":118,"column":7}},{"start":{},"end":{}}],"line":102},"11":{"loc":{"start":{"line":102,"column":10},"end":{"line":102,"column":40}},"type":"binary-expr","locations":[{"start":{"line":102,"column":10},"end":{"line":102,"column":18}},{"start":{"line":102,"column":22},"end":{"line":102,"column":40}}],"line":102},"12":{"loc":{"start":{"line":123,"column":4},"end":{"line":139,"column":5}},"type":"if","locations":[{"start":{"line":123,"column":4},"end":{"line":139,"column":5}},{"start":{},"end":{}}],"line":123},"13":{"loc":{"start":{"line":152,"column":4},"end":{"line":168,"column":5}},"type":"if","locations":[{"start":{"line":152,"column":4},"end":{"line":168,"column":5}},{"start":{},"end":{}}],"line":152},"14":{"loc":{"start":{"line":172,"column":4},"end":{"line":188,"column":5}},"type":"if","locations":[{"start":{"line":172,"column":4},"end":{"line":188,"column":5}},{"start":{},"end":{}}],"line":172}},"s":{"0":0,"1":0,"2":0,"3":0,"4":0,"5":0,"6":0,"7":0,"8":0,"9":0,"10":0,"11":0,"12":0,"13":0,"14":0,"15":0,"16":0,"17":0,"18":0,"19":0,"20":0,"21":0,"22":0,"23":0,"24":0,"25":0,"26":0,"27":0,"28":0,"29":0,"30":0,"31":0},"f":{"0":0,"1":0,"2":0,"3":0,"4":0,"5":0},"b":{"0":[0],"1":[0],"2":[0],"3":[0],"4":[0,0],"5":[0,0],"6":[0,0],"7":[0,0],"8":[0,0],"9":[0,0],"10":[0,0],"11":[0,0],"12":[0,0],"13":[0,0],"14":[0,0]}}
,"C:\\Users\\alfon\\www\\acamae-backend\\src\\domain\\entities\\Team.js": {"path":"C:\\Users\\alfon\\www\\acamae-backend\\src\\domain\\entities\\Team.js","statementMap":{"0":{"start":{"line":39,"column":4},"end":{"line":39,"column":22}},"1":{"start":{"line":40,"column":4},"end":{"line":40,"column":30}},"2":{"start":{"line":41,"column":4},"end":{"line":41,"column":26}},"3":{"start":{"line":42,"column":4},"end":{"line":42,"column":24}},"4":{"start":{"line":43,"column":4},"end":{"line":43,"column":42}},"5":{"start":{"line":44,"column":4},"end":{"line":44,"column":40}},"6":{"start":{"line":45,"column":4},"end":{"line":45,"column":36}},"7":{"start":{"line":46,"column":4},"end":{"line":46,"column":36}},"8":{"start":{"line":47,"column":4},"end":{"line":47,"column":26}},"9":{"start":{"line":55,"column":4},"end":{"line":71,"column":5}},"10":{"start":{"line":56,"column":6},"end":{"line":70,"column":9}},"11":{"start":{"line":73,"column":4},"end":{"line":89,"column":5}},"12":{"start":{"line":74,"column":6},"end":{"line":88,"column":9}},"13":{"start":{"line":91,"column":4},"end":{"line":107,"column":5}},"14":{"start":{"line":92,"column":6},"end":{"line":106,"column":9}},"15":{"start":{"line":109,"column":4},"end":{"line":125,"column":5}},"16":{"start":{"line":110,"column":6},"end":{"line":124,"column":9}},"17":{"start":{"line":127,"column":4},"end":{"line":143,"column":5}},"18":{"start":{"line":128,"column":6},"end":{"line":142,"column":9}}},"fnMap":{"0":{"name":"(anonymous_0)","decl":{"start":{"line":38,"column":2},"end":{"line":38,"column":3}},"loc":{"start":{"line":38,"column":20},"end":{"line":48,"column":3}},"line":38},"1":{"name":"(anonymous_1)","decl":{"start":{"line":54,"column":2},"end":{"line":54,"column":3}},"loc":{"start":{"line":54,"column":13},"end":{"line":144,"column":3}},"line":54}},"branchMap":{"0":{"loc":{"start":{"line":55,"column":4},"end":{"line":71,"column":5}},"type":"if","locations":[{"start":{"line":55,"column":4},"end":{"line":71,"column":5}},{"start":{},"end":{}}],"line":55},"1":{"loc":{"start":{"line":73,"column":4},"end":{"line":89,"column":5}},"type":"if","locations":[{"start":{"line":73,"column":4},"end":{"line":89,"column":5}},{"start":{},"end":{}}],"line":73},"2":{"loc":{"start":{"line":73,"column":8},"end":{"line":73,"column":90}},"type":"binary-expr","locations":[{"start":{"line":73,"column":8},"end":{"line":73,"column":47}},{"start":{"line":73,"column":51},"end":{"line":73,"column":90}}],"line":73},"3":{"loc":{"start":{"line":91,"column":4},"end":{"line":107,"column":5}},"type":"if","locations":[{"start":{"line":91,"column":4},"end":{"line":107,"column":5}},{"start":{},"end":{}}],"line":91},"4":{"loc":{"start":{"line":109,"column":4},"end":{"line":125,"column":5}},"type":"if","locations":[{"start":{"line":109,"column":4},"end":{"line":125,"column":5}},{"start":{},"end":{}}],"line":109},"5":{"loc":{"start":{"line":109,"column":8},"end":{"line":109,"column":86}},"type":"binary-expr","locations":[{"start":{"line":109,"column":8},"end":{"line":109,"column":45}},{"start":{"line":109,"column":49},"end":{"line":109,"column":86}}],"line":109},"6":{"loc":{"start":{"line":127,"column":4},"end":{"line":143,"column":5}},"type":"if","locations":[{"start":{"line":127,"column":4},"end":{"line":143,"column":5}},{"start":{},"end":{}}],"line":127},"7":{"loc":{"start":{"line":127,"column":8},"end":{"line":127,"column":81}},"type":"binary-expr","locations":[{"start":{"line":127,"column":8},"end":{"line":127,"column":24}},{"start":{"line":127,"column":28},"end":{"line":127,"column":81}}],"line":127}},"s":{"0":0,"1":0,"2":0,"3":0,"4":0,"5":0,"6":0,"7":0,"8":0,"9":0,"10":0,"11":0,"12":0,"13":0,"14":0,"15":0,"16":0,"17":0,"18":0},"f":{"0":0,"1":0},"b":{"0":[0,0],"1":[0,0],"2":[0,0],"3":[0,0],"4":[0,0],"5":[0,0],"6":[0,0],"7":[0,0]}}
,"C:\\Users\\alfon\\www\\acamae-backend\\src\\domain\\entities\\User.js": {"path":"C:\\Users\\alfon\\www\\acamae-backend\\src\\domain\\entities\\User.js","statementMap":{"0":{"start":{"line":82,"column":4},"end":{"line":82,"column":22}},"1":{"start":{"line":83,"column":4},"end":{"line":83,"column":34}},"2":{"start":{"line":84,"column":4},"end":{"line":84,"column":28}},"3":{"start":{"line":85,"column":4},"end":{"line":85,"column":34}},"4":{"start":{"line":86,"column":4},"end":{"line":86,"column":36}},"5":{"start":{"line":87,"column":4},"end":{"line":87,"column":34}},"6":{"start":{"line":88,"column":4},"end":{"line":88,"column":45}},"7":{"start":{"line":89,"column":4},"end":{"line":89,"column":47}},"8":{"start":{"line":90,"column":4},"end":{"line":90,"column":42}},"9":{"start":{"line":91,"column":4},"end":{"line":91,"column":40}},"10":{"start":{"line":92,"column":4},"end":{"line":92,"column":40}},"11":{"start":{"line":93,"column":4},"end":{"line":93,"column":52}},"12":{"start":{"line":94,"column":4},"end":{"line":94,"column":60}},"13":{"start":{"line":95,"column":4},"end":{"line":95,"column":38}},"14":{"start":{"line":96,"column":4},"end":{"line":96,"column":46}},"15":{"start":{"line":97,"column":4},"end":{"line":97,"column":50}},"16":{"start":{"line":98,"column":4},"end":{"line":98,"column":50}},"17":{"start":{"line":100,"column":4},"end":{"line":100,"column":20}},"18":{"start":{"line":108,"column":4},"end":{"line":124,"column":5}},"19":{"start":{"line":109,"column":6},"end":{"line":123,"column":9}},"20":{"start":{"line":126,"column":4},"end":{"line":142,"column":5}},"21":{"start":{"line":127,"column":6},"end":{"line":141,"column":9}},"22":{"start":{"line":144,"column":4},"end":{"line":160,"column":5}},"23":{"start":{"line":145,"column":6},"end":{"line":159,"column":9}},"24":{"start":{"line":162,"column":4},"end":{"line":178,"column":5}},"25":{"start":{"line":163,"column":6},"end":{"line":177,"column":9}},"26":{"start":{"line":180,"column":4},"end":{"line":196,"column":5}},"27":{"start":{"line":181,"column":6},"end":{"line":195,"column":9}},"28":{"start":{"line":198,"column":4},"end":{"line":214,"column":5}},"29":{"start":{"line":199,"column":6},"end":{"line":213,"column":9}},"30":{"start":{"line":216,"column":4},"end":{"line":232,"column":5}},"31":{"start":{"line":217,"column":6},"end":{"line":231,"column":9}},"32":{"start":{"line":234,"column":4},"end":{"line":250,"column":5}},"33":{"start":{"line":235,"column":6},"end":{"line":249,"column":9}},"34":{"start":{"line":258,"column":4},"end":{"line":258,"column":86}},"35":{"start":{"line":266,"column":4},"end":{"line":266,"column":42}},"36":{"start":{"line":274,"column":4},"end":{"line":274,"column":44}},"37":{"start":{"line":282,"column":4},"end":{"line":282,"column":46}},"38":{"start":{"line":290,"column":4},"end":{"line":294,"column":6}},"39":{"start":{"line":302,"column":4},"end":{"line":302,"column":86}},"40":{"start":{"line":311,"column":16},"end":{"line":324,"column":5}},"41":{"start":{"line":326,"column":4},"end":{"line":331,"column":5}},"42":{"start":{"line":327,"column":6},"end":{"line":327,"column":53}},"43":{"start":{"line":328,"column":6},"end":{"line":328,"column":61}},"44":{"start":{"line":329,"column":6},"end":{"line":329,"column":39}},"45":{"start":{"line":330,"column":6},"end":{"line":330,"column":47}},"46":{"start":{"line":333,"column":4},"end":{"line":333,"column":15}}},"fnMap":{"0":{"name":"(anonymous_0)","decl":{"start":{"line":81,"column":2},"end":{"line":81,"column":3}},"loc":{"start":{"line":81,"column":20},"end":{"line":101,"column":3}},"line":81},"1":{"name":"(anonymous_1)","decl":{"start":{"line":107,"column":2},"end":{"line":107,"column":3}},"loc":{"start":{"line":107,"column":13},"end":{"line":251,"column":3}},"line":107},"2":{"name":"(anonymous_2)","decl":{"start":{"line":257,"column":2},"end":{"line":257,"column":3}},"loc":{"start":{"line":257,"column":16},"end":{"line":259,"column":3}},"line":257},"3":{"name":"(anonymous_3)","decl":{"start":{"line":265,"column":2},"end":{"line":265,"column":3}},"loc":{"start":{"line":265,"column":12},"end":{"line":267,"column":3}},"line":265},"4":{"name":"(anonymous_4)","decl":{"start":{"line":273,"column":2},"end":{"line":273,"column":3}},"loc":{"start":{"line":273,"column":14},"end":{"line":275,"column":3}},"line":273},"5":{"name":"(anonymous_5)","decl":{"start":{"line":281,"column":2},"end":{"line":281,"column":3}},"loc":{"start":{"line":281,"column":21},"end":{"line":283,"column":3}},"line":281},"6":{"name":"(anonymous_6)","decl":{"start":{"line":289,"column":2},"end":{"line":289,"column":3}},"loc":{"start":{"line":289,"column":30},"end":{"line":295,"column":3}},"line":289},"7":{"name":"(anonymous_7)","decl":{"start":{"line":301,"column":2},"end":{"line":301,"column":3}},"loc":{"start":{"line":301,"column":23},"end":{"line":303,"column":3}},"line":301},"8":{"name":"(anonymous_8)","decl":{"start":{"line":310,"column":2},"end":{"line":310,"column":3}},"loc":{"start":{"line":310,"column":35},"end":{"line":334,"column":3}},"line":310}},"branchMap":{"0":{"loc":{"start":{"line":88,"column":16},"end":{"line":88,"column":44}},"type":"binary-expr","locations":[{"start":{"line":88,"column":16},"end":{"line":88,"column":25}},{"start":{"line":88,"column":29},"end":{"line":88,"column":44}}],"line":88},"1":{"loc":{"start":{"line":89,"column":22},"end":{"line":89,"column":46}},"type":"binary-expr","locations":[{"start":{"line":89,"column":22},"end":{"line":89,"column":37}},{"start":{"line":89,"column":41},"end":{"line":89,"column":46}}],"line":89},"2":{"loc":{"start":{"line":90,"column":20},"end":{"line":90,"column":41}},"type":"binary-expr","locations":[{"start":{"line":90,"column":20},"end":{"line":90,"column":33}},{"start":{"line":90,"column":37},"end":{"line":90,"column":41}}],"line":90},"3":{"loc":{"start":{"line":97,"column":21},"end":{"line":97,"column":49}},"type":"binary-expr","locations":[{"start":{"line":97,"column":21},"end":{"line":97,"column":35}},{"start":{"line":97,"column":39},"end":{"line":97,"column":49}}],"line":97},"4":{"loc":{"start":{"line":98,"column":21},"end":{"line":98,"column":49}},"type":"binary-expr","locations":[{"start":{"line":98,"column":21},"end":{"line":98,"column":35}},{"start":{"line":98,"column":39},"end":{"line":98,"column":49}}],"line":98},"5":{"loc":{"start":{"line":108,"column":4},"end":{"line":124,"column":5}},"type":"if","locations":[{"start":{"line":108,"column":4},"end":{"line":124,"column":5}},{"start":{},"end":{}}],"line":108},"6":{"loc":{"start":{"line":126,"column":4},"end":{"line":142,"column":5}},"type":"if","locations":[{"start":{"line":126,"column":4},"end":{"line":142,"column":5}},{"start":{},"end":{}}],"line":126},"7":{"loc":{"start":{"line":126,"column":8},"end":{"line":126,"column":96}},"type":"binary-expr","locations":[{"start":{"line":126,"column":8},"end":{"line":126,"column":50}},{"start":{"line":126,"column":54},"end":{"line":126,"column":96}}],"line":126},"8":{"loc":{"start":{"line":144,"column":4},"end":{"line":160,"column":5}},"type":"if","locations":[{"start":{"line":144,"column":4},"end":{"line":160,"column":5}},{"start":{},"end":{}}],"line":144},"9":{"loc":{"start":{"line":162,"column":4},"end":{"line":178,"column":5}},"type":"if","locations":[{"start":{"line":162,"column":4},"end":{"line":178,"column":5}},{"start":{},"end":{}}],"line":162},"10":{"loc":{"start":{"line":180,"column":4},"end":{"line":196,"column":5}},"type":"if","locations":[{"start":{"line":180,"column":4},"end":{"line":196,"column":5}},{"start":{},"end":{}}],"line":180},"11":{"loc":{"start":{"line":198,"column":4},"end":{"line":214,"column":5}},"type":"if","locations":[{"start":{"line":198,"column":4},"end":{"line":214,"column":5}},{"start":{},"end":{}}],"line":198},"12":{"loc":{"start":{"line":198,"column":8},"end":{"line":198,"column":65}},"type":"binary-expr","locations":[{"start":{"line":198,"column":8},"end":{"line":198,"column":22}},{"start":{"line":198,"column":26},"end":{"line":198,"column":65}}],"line":198},"13":{"loc":{"start":{"line":216,"column":4},"end":{"line":232,"column":5}},"type":"if","locations":[{"start":{"line":216,"column":4},"end":{"line":232,"column":5}},{"start":{},"end":{}}],"line":216},"14":{"loc":{"start":{"line":216,"column":8},"end":{"line":216,"column":63}},"type":"binary-expr","locations":[{"start":{"line":216,"column":8},"end":{"line":216,"column":21}},{"start":{"line":216,"column":25},"end":{"line":216,"column":63}}],"line":216},"15":{"loc":{"start":{"line":234,"column":4},"end":{"line":250,"column":5}},"type":"if","locations":[{"start":{"line":234,"column":4},"end":{"line":250,"column":5}},{"start":{},"end":{}}],"line":234},"16":{"loc":{"start":{"line":258,"column":11},"end":{"line":258,"column":85}},"type":"binary-expr","locations":[{"start":{"line":258,"column":11},"end":{"line":258,"column":68}},{"start":{"line":258,"column":72},"end":{"line":258,"column":85}}],"line":258},"17":{"loc":{"start":{"line":282,"column":11},"end":{"line":282,"column":45}},"type":"binary-expr","locations":[{"start":{"line":282,"column":11},"end":{"line":282,"column":27}},{"start":{"line":282,"column":31},"end":{"line":282,"column":45}}],"line":282},"18":{"loc":{"start":{"line":291,"column":6},"end":{"line":293,"column":45}},"type":"binary-expr","locations":[{"start":{"line":291,"column":6},"end":{"line":291,"column":28}},{"start":{"line":292,"column":6},"end":{"line":292,"column":32}},{"start":{"line":293,"column":6},"end":{"line":293,"column":45}}],"line":291},"19":{"loc":{"start":{"line":302,"column":11},"end":{"line":302,"column":85}},"type":"binary-expr","locations":[{"start":{"line":302,"column":11},"end":{"line":302,"column":26}},{"start":{"line":302,"column":30},"end":{"line":302,"column":49}},{"start":{"line":302,"column":53},"end":{"line":302,"column":85}}],"line":302},"20":{"loc":{"start":{"line":310,"column":9},"end":{"line":310,"column":33}},"type":"default-arg","locations":[{"start":{"line":310,"column":28},"end":{"line":310,"column":33}}],"line":310},"21":{"loc":{"start":{"line":326,"column":4},"end":{"line":331,"column":5}},"type":"if","locations":[{"start":{"line":326,"column":4},"end":{"line":331,"column":5}},{"start":{},"end":{}}],"line":326}},"s":{"0":0,"1":0,"2":0,"3":0,"4":0,"5":0,"6":0,"7":0,"8":0,"9":0,"10":0,"11":0,"12":0,"13":0,"14":0,"15":0,"16":0,"17":0,"18":0,"19":0,"20":0,"21":0,"22":0,"23":0,"24":0,"25":0,"26":0,"27":0,"28":0,"29":0,"30":0,"31":0,"32":0,"33":0,"34":0,"35":0,"36":0,"37":0,"38":0,"39":0,"40":0,"41":0,"42":0,"43":0,"44":0,"45":0,"46":0},"f":{"0":0,"1":0,"2":0,"3":0,"4":0,"5":0,"6":0,"7":0,"8":0},"b":{"0":[0,0],"1":[0,0],"2":[0,0],"3":[0,0],"4":[0,0],"5":[0,0],"6":[0,0],"7":[0,0],"8":[0,0],"9":[0,0],"10":[0,0],"11":[0,0],"12":[0,0],"13":[0,0],"14":[0,0],"15":[0,0],"16":[0,0],"17":[0,0],"18":[0,0,0],"19":[0,0,0],"20":[0],"21":[0,0]}}
,"C:\\Users\\alfon\\www\\acamae-backend\\src\\domain\\repositories\\SessionTokenRepository.js": {"path":"C:\\Users\\alfon\\www\\acamae-backend\\src\\domain\\repositories\\SessionTokenRepository.js","statementMap":{"0":{"start":{"line":20,"column":4},"end":{"line":20,"column":46}},"1":{"start":{"line":28,"column":4},"end":{"line":28,"column":46}},"2":{"start":{"line":36,"column":4},"end":{"line":36,"column":46}},"3":{"start":{"line":44,"column":4},"end":{"line":44,"column":46}},"4":{"start":{"line":53,"column":4},"end":{"line":53,"column":46}}},"fnMap":{"0":{"name":"(anonymous_0)","decl":{"start":{"line":19,"column":2},"end":{"line":19,"column":3}},"loc":{"start":{"line":19,"column":22},"end":{"line":21,"column":3}},"line":19},"1":{"name":"(anonymous_1)","decl":{"start":{"line":27,"column":2},"end":{"line":27,"column":3}},"loc":{"start":{"line":27,"column":28},"end":{"line":29,"column":3}},"line":27},"2":{"name":"(anonymous_2)","decl":{"start":{"line":35,"column":2},"end":{"line":35,"column":3}},"loc":{"start":{"line":35,"column":24},"end":{"line":37,"column":3}},"line":35},"3":{"name":"(anonymous_3)","decl":{"start":{"line":43,"column":2},"end":{"line":43,"column":3}},"loc":{"start":{"line":43,"column":30},"end":{"line":45,"column":3}},"line":43},"4":{"name":"(anonymous_4)","decl":{"start":{"line":52,"column":2},"end":{"line":52,"column":3}},"loc":{"start":{"line":52,"column":27},"end":{"line":54,"column":3}},"line":52}},"branchMap":{},"s":{"0":0,"1":0,"2":0,"3":0,"4":0},"f":{"0":0,"1":0,"2":0,"3":0,"4":0},"b":{}}
,"C:\\Users\\alfon\\www\\acamae-backend\\src\\domain\\repositories\\TeamRepository.js": {"path":"C:\\Users\\alfon\\www\\acamae-backend\\src\\domain\\repositories\\TeamRepository.js","statementMap":{"0":{"start":{"line":19,"column":4},"end":{"line":19,"column":46}},"1":{"start":{"line":29,"column":4},"end":{"line":29,"column":46}},"2":{"start":{"line":39,"column":4},"end":{"line":39,"column":46}},"3":{"start":{"line":49,"column":4},"end":{"line":49,"column":46}},"4":{"start":{"line":60,"column":4},"end":{"line":60,"column":46}},"5":{"start":{"line":71,"column":4},"end":{"line":71,"column":46}},"6":{"start":{"line":81,"column":4},"end":{"line":81,"column":46}},"7":{"start":{"line":92,"column":4},"end":{"line":92,"column":46}},"8":{"start":{"line":103,"column":4},"end":{"line":103,"column":46}}},"fnMap":{"0":{"name":"(anonymous_0)","decl":{"start":{"line":18,"column":2},"end":{"line":18,"column":3}},"loc":{"start":{"line":18,"column":18},"end":{"line":20,"column":3}},"line":18},"1":{"name":"(anonymous_1)","decl":{"start":{"line":28,"column":2},"end":{"line":28,"column":3}},"loc":{"start":{"line":28,"column":21},"end":{"line":30,"column":3}},"line":28},"2":{"name":"(anonymous_2)","decl":{"start":{"line":38,"column":2},"end":{"line":38,"column":3}},"loc":{"start":{"line":38,"column":29},"end":{"line":40,"column":3}},"line":38},"3":{"name":"(anonymous_3)","decl":{"start":{"line":48,"column":2},"end":{"line":48,"column":3}},"loc":{"start":{"line":48,"column":33},"end":{"line":50,"column":3}},"line":48},"4":{"name":"(anonymous_4)","decl":{"start":{"line":59,"column":2},"end":{"line":59,"column":3}},"loc":{"start":{"line":59,"column":29},"end":{"line":61,"column":3}},"line":59},"5":{"name":"(anonymous_5)","decl":{"start":{"line":70,"column":2},"end":{"line":70,"column":3}},"loc":{"start":{"line":70,"column":25},"end":{"line":72,"column":3}},"line":70},"6":{"name":"(anonymous_6)","decl":{"start":{"line":80,"column":2},"end":{"line":80,"column":3}},"loc":{"start":{"line":80,"column":19},"end":{"line":82,"column":3}},"line":80},"7":{"name":"(anonymous_7)","decl":{"start":{"line":91,"column":2},"end":{"line":91,"column":3}},"loc":{"start":{"line":91,"column":34},"end":{"line":93,"column":3}},"line":91},"8":{"name":"(anonymous_8)","decl":{"start":{"line":102,"column":2},"end":{"line":102,"column":3}},"loc":{"start":{"line":102,"column":37},"end":{"line":104,"column":3}},"line":102}},"branchMap":{},"s":{"0":0,"1":0,"2":0,"3":0,"4":0,"5":0,"6":0,"7":0,"8":0},"f":{"0":0,"1":0,"2":0,"3":0,"4":0,"5":0,"6":0,"7":0,"8":0},"b":{}}
,"C:\\Users\\alfon\\www\\acamae-backend\\src\\domain\\repositories\\UserRepository.js": {"path":"C:\\Users\\alfon\\www\\acamae-backend\\src\\domain\\repositories\\UserRepository.js","statementMap":{"0":{"start":{"line":28,"column":4},"end":{"line":28,"column":46}},"1":{"start":{"line":36,"column":4},"end":{"line":36,"column":46}},"2":{"start":{"line":44,"column":4},"end":{"line":44,"column":46}},"3":{"start":{"line":52,"column":4},"end":{"line":52,"column":46}},"4":{"start":{"line":61,"column":4},"end":{"line":61,"column":46}},"5":{"start":{"line":69,"column":4},"end":{"line":69,"column":46}},"6":{"start":{"line":80,"column":4},"end":{"line":80,"column":46}},"7":{"start":{"line":88,"column":4},"end":{"line":88,"column":46}},"8":{"start":{"line":96,"column":4},"end":{"line":96,"column":46}},"9":{"start":{"line":106,"column":4},"end":{"line":106,"column":46}},"10":{"start":{"line":115,"column":4},"end":{"line":115,"column":46}},"11":{"start":{"line":125,"column":4},"end":{"line":125,"column":46}},"12":{"start":{"line":134,"column":4},"end":{"line":134,"column":46}},"13":{"start":{"line":141,"column":4},"end":{"line":141,"column":46}},"14":{"start":{"line":150,"column":4},"end":{"line":150,"column":46}}},"fnMap":{"0":{"name":"(anonymous_0)","decl":{"start":{"line":27,"column":2},"end":{"line":27,"column":3}},"loc":{"start":{"line":27,"column":21},"end":{"line":29,"column":3}},"line":27},"1":{"name":"(anonymous_1)","decl":{"start":{"line":35,"column":2},"end":{"line":35,"column":3}},"loc":{"start":{"line":35,"column":27},"end":{"line":37,"column":3}},"line":35},"2":{"name":"(anonymous_2)","decl":{"start":{"line":43,"column":2},"end":{"line":43,"column":3}},"loc":{"start":{"line":43,"column":33},"end":{"line":45,"column":3}},"line":43},"3":{"name":"(anonymous_3)","decl":{"start":{"line":51,"column":2},"end":{"line":51,"column":3}},"loc":{"start":{"line":51,"column":21},"end":{"line":53,"column":3}},"line":51},"4":{"name":"(anonymous_4)","decl":{"start":{"line":60,"column":2},"end":{"line":60,"column":3}},"loc":{"start":{"line":60,"column":25},"end":{"line":62,"column":3}},"line":60},"5":{"name":"(anonymous_5)","decl":{"start":{"line":68,"column":2},"end":{"line":68,"column":3}},"loc":{"start":{"line":68,"column":19},"end":{"line":70,"column":3}},"line":68},"6":{"name":"(anonymous_6)","decl":{"start":{"line":79,"column":2},"end":{"line":79,"column":3}},"loc":{"start":{"line":79,"column":61},"end":{"line":81,"column":3}},"line":79},"7":{"name":"(anonymous_7)","decl":{"start":{"line":87,"column":2},"end":{"line":87,"column":3}},"loc":{"start":{"line":87,"column":39},"end":{"line":89,"column":3}},"line":87},"8":{"name":"(anonymous_8)","decl":{"start":{"line":95,"column":2},"end":{"line":95,"column":3}},"loc":{"start":{"line":95,"column":32},"end":{"line":97,"column":3}},"line":95},"9":{"name":"(anonymous_9)","decl":{"start":{"line":105,"column":2},"end":{"line":105,"column":3}},"loc":{"start":{"line":105,"column":51},"end":{"line":107,"column":3}},"line":105},"10":{"name":"(anonymous_10)","decl":{"start":{"line":114,"column":2},"end":{"line":114,"column":3}},"loc":{"start":{"line":114,"column":36},"end":{"line":116,"column":3}},"line":114},"11":{"name":"(anonymous_11)","decl":{"start":{"line":124,"column":2},"end":{"line":124,"column":3}},"loc":{"start":{"line":124,"column":54},"end":{"line":126,"column":3}},"line":124},"12":{"name":"(anonymous_12)","decl":{"start":{"line":133,"column":2},"end":{"line":133,"column":3}},"loc":{"start":{"line":133,"column":44},"end":{"line":135,"column":3}},"line":133},"13":{"name":"(anonymous_13)","decl":{"start":{"line":140,"column":2},"end":{"line":140,"column":3}},"loc":{"start":{"line":140,"column":41},"end":{"line":142,"column":3}},"line":140},"14":{"name":"(anonymous_14)","decl":{"start":{"line":149,"column":2},"end":{"line":149,"column":3}},"loc":{"start":{"line":149,"column":40},"end":{"line":151,"column":3}},"line":149}},"branchMap":{"0":{"loc":{"start":{"line":79,"column":16},"end":{"line":79,"column":59}},"type":"default-arg","locations":[{"start":{"line":79,"column":57},"end":{"line":79,"column":59}}],"line":79},"1":{"loc":{"start":{"line":79,"column":18},"end":{"line":79,"column":26}},"type":"default-arg","locations":[{"start":{"line":79,"column":25},"end":{"line":79,"column":26}}],"line":79},"2":{"loc":{"start":{"line":79,"column":28},"end":{"line":79,"column":38}},"type":"default-arg","locations":[{"start":{"line":79,"column":36},"end":{"line":79,"column":38}}],"line":79},"3":{"loc":{"start":{"line":79,"column":40},"end":{"line":79,"column":52}},"type":"default-arg","locations":[{"start":{"line":79,"column":50},"end":{"line
[...]
,"C:\\Users\\alfon\\www\\acamae-backend\\src\\shared\\utils\\error.js": {"path":"C:\\Users\\alfon\\www\\acamae-backend\\src\\shared\\utils\\error.js","statementMap":{"0":{"start":{"line":28,"column":27},"end":{"line":49,"column":1}},"1":{"start":{"line":38,"column":16},"end":{"line":40,"column":3}},"2":{"start":{"line":41,"column":2},"end":{"line":41,"column":20}},"3":{"start":{"line":42,"column":2},"end":{"line":42,"column":24}},"4":{"start":{"line":43,"column":2},"end":{"line":43,"column":30}},"5":{"start":{"line":44,"column":2},"end":{"line":44,"column":30}},"6":{"start":{"line":45,"column":2},"end":{"line":45,"column":26}},"7":{"start":{"line":46,"column":2},"end":{"line":46,"column":20}},"8":{"start":{"line":47,"column":2},"end":{"line":47,"column":54}},"9":{"start":{"line":47,"column":20},"end":{"line":47,"column":54}},"10":{"start":{"line":48,"column":2},"end":{"line":48,"column":15}}},"fnMap":{"0":{"name":"(anonymous_0)","decl":{"start":{"line":28,"column":27},"end":{"line":28,"column":28}},"loc":{"start":{"line":37,"column":11},"end":{"line":49,"column":1}},"line":37}},"branchMap":{"0":{"loc":{"start":{"line":28,"column":28},"end":{"line":37,"column":6}},"type":"default-arg","locations":[{"start":{"line":37,"column":4},"end":{"line":37,"column":6}}],"line":28},"1":{"loc":{"start":{"line":30,"column":2},"end":{"line":30,"column":46}},"type":"default-arg","locations":[{"start":{"line":30,"column":9},"end":{"line":30,"column":46}}],"line":30},"2":{"loc":{"start":{"line":31,"column":2},"end":{"line":31,"column":44}},"type":"default-arg","locations":[{"start":{"line":31,"column":11},"end":{"line":31,"column":44}}],"line":31},"3":{"loc":{"start":{"line":32,"column":2},"end":{"line":32,"column":38}},"type":"default-arg","locations":[{"start":{"line":32,"column":14},"end":{"line":32,"column":38}}],"line":32},"4":{"loc":{"start":{"line":33,"column":2},"end":{"line":33,"column":23}},"type":"default-arg","locations":[{"start":{"line":33,"column":14},"end":{"line":33,"column":23}}],"line":33},"5":{"loc":{"start":{"line":34,"column":2},"end":{"line":34,"column":17}},"type":"default-arg","locations":[{"start":{"line":34,"column":12},"end":{"line":34,"column":17}}],"line":34},"6":{"loc":{"start":{"line":35,"column":2},"end":{"line":35,"column":13}},"type":"default-arg","locations":[{"start":{"line":35,"column":9},"end":{"line":35,"column":13}}],"line":35},"7":{"loc":{"start":{"line":36,"column":2},"end":{"line":36,"column":21}},"type":"default-arg","locations":[{"start":{"line":36,"column":17},"end":{"line":36,"column":21}}],"line":36},"8":{"loc":{"start":{"line":39,"column":4},"end":{"line":39,"column":87}},"type":"binary-expr","locations":[{"start":{"line":39,"column":4},"end":{"line":39,"column":11}},{"start":{"line":39,"column":15},"end":{"line":39,"column":35}},{"start":{"line":39,"column":39},"end":{"line":39,"column":87}}],"line":39},"9":{"loc":{"start":{"line":47,"column":2},"end":{"line":47,"column":54}},"type":"if","locations":[{"start":{"line":47,"column":2},"end":{"line":47,"column":54}},{"start":{},"end":{}}],"line":47}},"s":{"0":0,"1":0,"2":0,"3":0,"4":0,"5":0,"6":0,"7":0,"8":0,"9":0,"10":0},"f":{"0":0},"b":{"0":[0],"1":[0],"2":[0],"3":[0],"4":[0],"5":[0],"6":[0],"7":[0],"8":[0,0,0],"9":[0,0]}}
,"C:\\Users\\alfon\\www\\acamae-backend\\src\\shared\\utils\\sanitize.js": {"path":"C:\\Users\\alfon\\www\\acamae-backend\\src\\shared\\utils\\sanitize.js","statementMap":{"0":{"start":{"line":9,"column":30},"end":{"line":22,"column":1}},"1":{"start":{"line":10,"column":2},"end":{"line":10,"column":23}},"2":{"start":{"line":10,"column":12},"end":{"line":10,"column":23}},"3":{"start":{"line":11,"column":2},"end":{"line":21,"column":3}},"4":{"start":{"line":12,"column":4},"end":{"line":16,"column":14}},"5":{"start":{"line":19,"column":4},"end":{"line":19,"column":78}},"6":{"start":{"line":20,"column":4},"end":{"line":20,"column":30}},"7":{"start":{"line":29,"column":29},"end":{"line":32,"column":1}},"8":{"start":{"line":30,"column":2},"end":{"line":30,"column":27}},"9":{"start":{"line":30,"column":14},"end":{"line":30,"column":27}},"10":{"start":{"line":31,"column":2},"end":{"line":31,"column":45}},"11":{"start":{"line":39,"column":30},"end":{"line":43,"column":1}},"12":{"start":{"line":40,"column":2},"end":{"line":40,"column":52}},"13":{"start":{"line":40,"column":41},"end":{"line":40,"column":52}},"14":{"start":{"line":41,"column":17},"end":{"line":41,"column":28}},"15":{"start":{"line":42,"column":2},"end":{"line":42,"column":36}},"16":{"start":{"line":50,"column":30},"end":{"line":74,"column":1}},"17":{"start":{"line":51,"column":2},"end":{"line":51,"column":50}},"18":{"start":{"line":51,"column":39},"end":{"line":51,"column":50}},"19":{"start":{"line":53,"column":20},"end":{"line":53,"column":22}},"20":{"start":{"line":54,"column":2},"end":{"line":72,"column":3}},"21":{"start":{"line":55,"column":4},"end":{"line":71,"column":5}},"22":{"start":{"line":56,"column":6},"end":{"line":56,"column":45}},"23":{"start":{"line":57,"column":11},"end":{"line":71,"column":5}},"24":{"start":{"line":58,"column":6},"end":{"line":63,"column":9}},"25":{"start":{"line":59,"column":8},"end":{"line":59,"column":60}},"26":{"start":{"line":59,"column":34},"end":{"line":59,"column":60}},"27":{"start":{"line":60,"column":8},"end":{"line":60,"column":83}},"28":{"start":{"line":60,"column":55},"end":{"line":60,"column":83}},"29":{"start":{"line":61,"column":8},"end":{"line":61,"column":66}},"30":{"start":{"line":61,"column":38},"end":{"line":61,"column":66}},"31":{"start":{"line":62,"column":8},"end":{"line":62,"column":20}},"32":{"start":{"line":64,"column":11},"end":{"line":71,"column":5}},"33":{"start":{"line":66,"column":6},"end":{"line":66,"column":43}},"34":{"start":{"line":67,"column":11},"end":{"line":71,"column":5}},"35":{"start":{"line":68,"column":6},"end":{"line":68,"column":45}},"36":{"start":{"line":70,"column":6},"end":{"line":70,"column":29}},"37":{"start":{"line":73,"column":2},"end":{"line":73,"column":19}},"38":{"start":{"line":81,"column":31},"end":{"line":103,"column":1}},"39":{"start":{"line":82,"column":2},"end":{"line":102,"column":3}},"40":{"start":{"line":84,"column":4},"end":{"line":86,"column":5}},"41":{"start":{"line":85,"column":6},"end":{"line":85,"column":44}},"42":{"start":{"line":89,"column":4},"end":{"line":91,"column":5}},"43":{"start":{"line":90,"column":6},"end":{"line":90,"column":42}},"44":{"start":{"line":94,"column":4},"end":{"line":96,"column":5}},"45":{"start":{"line":95,"column":6},"end":{"line":95,"column":46}},"46":{"start":{"line":98,"column":4},"end":{"line":98,"column":15}},"47":{"start":{"line":100,"column":4},"end":{"line":100,"column":54}},"48":{"start":{"line":101,"column":4},"end":{"line":101,"column":15}},"49":{"start":{"line":110,"column":32},"end":{"line":129,"column":1}},"50":{"start":{"line":111,"column":2},"end":{"line":128,"column":3}},"51":{"start":{"line":112,"column":4},"end":{"line":114,"column":5}},"52":{"start":{"line":113,"column":6},"end":{"line":113,"column":32}},"53":{"start":{"line":115,"column":4},"end":{"line":117,"column":5}},"54":{"start":{"line":116,"column":6},"end":{"line":116,"column":34}},"55":{"start":{"line":118,"column":4},"end":{"line":120,"column":5}},"56":{"start":{"line":119,"column":6},"end":{"line":119,"column":34}},"57":{"start":{"line":121,"column":4},"end":{"line":123,"column":5}},"58":{"start":{"line":122,"column":6},"end":{"line":122,"column":56}},"59":{"start":{"line":122,"column":32},"end":{"line":122,"column":54}},"60":{"start":{"line":124,"column":4},"end":{"line":124,"column":16}},"61":{"start":{"line":126,"column":4},"end":{"line":126,"column":55}},"62":{"start":{"line":127,"column":4},"end":{"line":127,"column":16}}},"fnMap":{"0":{"name":"(anonymous_0)","decl":{"start":{"line":9,"column":30},"end":{"line":9,"column":31}},"loc":{"start":{"line":9,"column":39},"end":{"line":22,"column":1}},"line":9},"1":{"name":"(anonymous_1)","decl":{"start":{"line":29,"column":29},"end":{"line":29,"column":30}},"loc":{"start":{"line":29,"column":40},"end":{"line":32,"column":1}},"line":29},"2":{"name":"(anonymous_2)","decl":{"start":{"line":39,"column":30},"end":{"line":39,"column":31}},"loc":{"start":{"line":39,"column":39},"end":{"line":43,"column":1}},"line":39},"3":{"name":"(anonymous_3)","decl":{"start":{"line":50,"column":30},"end":{"line":50,"column":31}},"loc":{"start":{"line":50,"column":39},"end":{"line":74,"column":1}},"line":50},"4":{"name":"(anonymous_4)","decl":{"start":{"line":58,"column":33},"end":{"line":58,"column":34}},"loc":{"start":{"line":58,"column":43},"end":{"line":63,"column":7}},"line":58},"5":{"name":"(anonymous_5)","decl":{"start":{"line":81,"column":31},"end":{"line":81,"column":32}},"loc":{"start":{"line":81,"column":40},"end":{"line":103,"column":1}},"line":81},"6":{"name":"(anonymous_6)","decl":{"start":{"line":110,"column":32},"end":{"line":110,"column":33}},"loc":{"start":{"line":110,"column":42},"end":{"line":129,"column":1}},"line":110},"7":{"name":"(anonymous_7)","decl":{"start":{"line":122,"column":22},"end":{"line":122,"column":23}},"loc":{"start":{"line":122,"column":32},"end":{"line":122,"column":54}},"line":122}},"branchMap":{"0":{"loc":{"start":{"line":10,"column":2},"end":{"line":10,"column":23}},"type":"if","locations":[{"start":{"line":10,"column":2},"end":{"line":10,"column":23}},{"start":{},"end":{}}],"line":10},"1":{"loc":{"start":{"line":30,"column":2},"end":{"line":30,"column":27}},"type":"if","locations":[{"start":{"line":30,"column":2},"end":{"line":30,"column":27}},{"start":{},"end":{}}],"line":30},"2":{"loc":{"start":{"line":40,"column":2},"end":{"line":40,"column":52}},"type":"if","locations":[{"start":{"line":40,"column":2},"end":{"line":40,"column":52}},{"start":{},"end":{}}],"line":40},"3":{"loc":{"start":{"line":40,"column":6},"end":{"line":40,"column":39}},"type":"binary-expr","locations":[{"start":{"line":40,"column":6},"end":{"line":40,"column":23}},{"start":{"line":40,"column":27},"end":{"line":40,"column":39}}],"line":40},"4":{"loc":{"start":{"line":42,"column":9},"end":{"line":42,"column":35}},"type":"cond-expr","locations":[{"start":{"line":42,"column":25},"end":{"line":42,"column":26}},{"start":{"line":42,"column":29},"end":{"line":42,"column":35}}],"line":42},"5":{"loc":{"start":{"line":51,"column":2},"end":{"line":51,"column":50}},"type":"if","locations":[{"start":{"line":51,"column":2},"end":{"line":51,"column":50}},{"start":{},"end":{}}],"line":51},"6":{"loc":{"start":{"line":51,"column":6},"end":{"line":51,"column":37}},"type":"binary-expr","locations":[{"start":{"line":51,"column":6},"end":{"line":51,"column":10}},{"start":{"line":51,"column":14},"end":{"line":51,"column":37}}],"line":51},"7":{"loc":{"start":{"line":55,"column":4},"end":{"line":71,"column":5}},"type":"if","locations":[{"start":{"line":55,"column":4},"end":{"line":71,"column":5}},{"start":{"line":57,"column":11},"end":{"line":71,"column":5}}],"line":55},"8":{"loc":{"start":{"line":57,"column":11},"end":{"line":71,"column":5}},"type":"if","locations":[{"start":{"line":57,"column":11},"end":{"line":71,"column":5}},{"start":{"line":64,"column":11},"end":{"line":71,"column":5}}],"line":57},"9":{"loc":{"start":{"line":59,"column":8},"end":{"line":59,"column":60}},"type":"if","locations":[{"start":{"line":59,"column":8},"end":{"line":59,"column":60}},{"start":{},"end":{}}],"line":59},"10":{"loc":{"start":{"line":60,"column":8},"end":{"line":60,"column":83}},"type":"if","locations":[{"start":{"line":60,"column":8},"end":{"line":60,"column":83}},{"start":{},"end":{}}],"line":60},"11":{"loc":{"start":{"line":60,"column":12},"end":{"line":60,"column":53}},"type":"binary-expr","locations":[{"start":{"line":60,"column":12},"end":{"line":60,"column":36}},{"start":{"line":60,"column":40},"end":{"line":60,"column":53}}],"line":60},"12":{"loc":{"start":{"line":61,"column":8},"end":{"line":61,"column":66}},"type":"if","locations":[{"start":{"line":61,"column":8},"end":{"line":61,"column":66}},{"start":{},"end":{}}],"line":61},"13":{"loc":{"start":{"line":64,"column":11},"end":{"line":71,"column":5}},"type":"if","locations":[{"start":{"line":64,"column":11},"end":{"line":71,"column":5}},{"start":{"line":67,"column":11},"end":{"line":71,"column":5}}],"line":64},"14":{"loc":{"start":{"line":67,"column":11},"end":{"line":71,"column":5}},"type":"if","locations":[{"start":{"line":67,"column":11},"end":{"line":71,"column":5}},{"start":{"line":69,"column":11},"end":{"line":71,"column":5}}],"line":67},"15":{"loc":{"start":{"line":67,"column":15},"end":{"line":67,"column":58}},"type":"binary-expr","locations":[{"start":{"line":67,"column":15},"end":{"line":67,"column":40}},{"start":{"line":67,"column":44},"end":{"line":67,"column":58}}],"line":67},"16":{"loc":{"start":{"line":84,"column":4},"end":{"line":86,"column":5}},"type":"if","locations":[{"start":{"line":84,"column":4},"end":{"line":86,"column":5}},{"start":{},"end":{}}],"line":84},"17":{"loc":{"start":{"line":89,"column":4},"end":{"line":91,"column":5}},"type":"if","locations":[{"start":{"line":89,"column":4},"end":{"line":91,"column":5}},{"start":{},"end":{}}],"line":89},"18":{"loc":{"start":{"line":94,"column":4},"end":{"line":96,"column":5}},"type":"if","locations":[{"start":{"line":94,"column":4},"end":{"line":96,"column":5}},{"start":{},"end":{}}],"line":94},"19":{"loc":{"start":{"line":112,"column":4},"end":{"line":114,"column":5}},"type":"if","locations":[{"start":{"line":112,"column":4},"end":{"line":114,"column":5}},{"start":{},"end":{}}],"line":112},"20":{"loc":{"start":{"line":115,"column":4},"end":{"line":117,"column":5}},"type":"if","locations":[{"start":{"line":115,"column":4},"end":{"line":117,"column":5}},{"start":{},"end":{}}],"line":115},"21":{"loc":{"start":{"line":118,"column":4},"end":{"line":120,"column":5}},"type":"if","locations":[{"start":{"line":118,"column":4},"end":{"line":120,"column":5}},{"start":{},"end":{}}],"line":118},"22":{"loc":{"start":{"line":118,"column":8},"end":{"line":118,"column":49}},"type":"binary-expr","locations":[{"start":{"line":118,"column":8},"end":{"line":118,"column":32}},{"start":{"line":118,"column":36},"end":{"line":118,"column":49}}],"line":118},"23":{"loc":{"start":{"line":121,"column":4},"end":{"line":123,"column":5}},"type":"if","locations":[{"start":{"line":121,"column":4},"end":{"line":123,"column":5}},{"start":{},"end":{}}],"line":121}},"s":{"0":0,"1":0,"2":0,"3":0,"4":0,"5":0,"6":0,"7":0,"8":0,"9":0,"10":0,"11":0,"12":0,"13":0,"14":0,"15":0,"16":0,"17":0,"18":0,"19":0,"20":0,"21":0,"22":0,"23":0,"24":0,"25":0,"26":0,"27":0,"28":0,"29":0,"30":0,"31":0,"32":0,"33":0,"34":0,"35":0,"36":0,"37":0,"38":0,"39":0,"40":0,"41":0,"42":0,"43":0,"44":0,"45":0,"46":0,"47":0,"48":0,"49":0,"50":0,"51":0,"52":0,"53":0,"54":0,"55":0,"56":0,"57":0,"58":0,"59":0,"60":0,"61":0,"62":0},"f":{"0":0,"1":0,"2":0,"3":0,"4":0,"5":0,"6":0,"7":0},"b":{"0":[0,0],"1":[0,0],"2":[0,0],"3":[0,0],"4":[0,0],"5":[0,0],"6":[0,0],"7":[0,0],"8":[0,0],"9":[0,0],"10":[0,0],"11":[0,0],"12":[0,0],"13":[0,0],"14":[0,0],"15":[0,0],"16":[0,0],"17":[0,0],"18":[0,0],"19":[0,0],"20":[0,0],"21":[0,0],"22":[0,0],"23":[0,0]}}
,"C:\\Users\\alfon\\www\\acamae-backend\\src\\shared\\utils\\token.js": {"path":"C:\\Users\\alfon\\www\\acamae-backend\\src\\shared\\utils\\token.js","statementMap":{"0":{"start":{"line":19,"column":4},"end":{"line":19,"column":25}},"1":{"start":{"line":20,"column":4},"end":{"line":20,"column":39}},"2":{"start":{"line":21,"column":4},"end":{"line":21,"column":43}},"3":{"start":{"line":22,"column":4},"end":{"line":22,"column":45}},"4":{"start":{"line":31,"column":4},"end":{"line":46,"column":5}},"5":{"start":{"line":32,"column":6},"end":{"line":35,"column":9}},"6":{"start":{"line":37,"column":6},"end":{"line":45,"column":9}},"7":{"start":{"line":55,"column":4},"end":{"line":70,"column":5}},"8":{"start":{"line":56,"column":6},"end":{"line":59,"column":9}},"9":{"start":{"line":61,"column":6},"end":{"line":69,"column":9}},"10":{"start":{"line":79,"column":4},"end":{"line":82,"column":6}},"11":{"start":{"line":91,"column":4},"end":{"line":103,"column":5}},"12":{"start":{"line":92,"column":6},"end":{"line":92,"column":44}},"13":{"start":{"line":94,"column":6},"end":{"line":102,"column":9}},"14":{"start":{"line":112,"column":4},"end":{"line":124,"column":5}},"15":{"start":{"line":113,"column":6},"end":{"line":113,"column":51}},"16":{"start":{"line":115,"column":6},"end":{"line":123,"column":9}}},"fnMap":{"0":{"name":"(anonymous_0)","decl":{"start":{"line":13,"column":2},"end":{"line":13,"column":3}},"loc":{"start":{"line":18,"column":4},"end":{"line":23,"column":3}},"line":18},"1":{"name":"(anonymous_1)","decl":{"start":{"line":30,"column":2},"end":{"line":30,"column":3}},"loc":{"start":{"line":30,"column":31},"end":{"line":47,"column":3}},"line":30},"2":{"name":"(anonymous_2)","decl":{"start":{"line":54,"column":2},"end":{"line":54,"column":3}},"loc":{"start":{"line":54,"column":32},"end":{"line":71,"column":3}},"line":54},"3":{"name":"(anonymous_3)","decl":{"start":{"line":78,"column":2},"end":{"line":78,"column":3}},"loc":{"start":{"line":78,"column":26},"end":{"line":83,"column":3}},"line":78},"4":{"name":"(anonymous_4)","decl":{"start":{"line":90,"column":2},"end":{"line":90,"column":3}},"loc":{"start":{"line":90,"column":27},"end":{"line":104,"column":3}},"line":90},"5":{"name":"(anonymous_5)","decl":{"start":{"line":111,"column":2},"end":{"line":111,"column":3}},"loc":{"start":{"line":111,"column":28},"end":{"line":125,"column":3}},"line":111}},"branchMap":{"0":{"loc":{"start":{"line":14,"column":4},"end":{"line":14,"column":30}},"type":"default-arg","locations":[{"start":{"line":14,"column":13},"end":{"line":14,"column":30}}],"line":14},"1":{"loc":{"start":{"line":15,"column":4},"end":{"line":15,"column":44}},"type":"default-arg","locations":[{"start":{"line":15,"column":20},"end":{"line":15,"column":44}}],"line":15},"2":{"loc":{"start":{"line":16,"column":4},"end":{"line":16,"column":42}},"type":"default-arg","locations":[{"start":{"line":16,"column":22},"end":{"line":16,"column":42}}],"line":16},"3":{"loc":{"start":{"line":17,"column":4},"end":{"line":17,"column":50}},"type":"default-arg","locations":[{"start":{"line":17,"column":23},"end":{"line":17,"column":50}}],"line":17}},"s":{"0":0,"1":0,"2":0,"3":0,"4":0,"5":0,"6":0,"7":0,"8":0,"9":0,"10":0,"11":0,"12":0,"13":0,"14":0,"15":0,"16":0},"f":{"0":0,"1":0,"2":0,"3":0,"4":0,"5":0},"b":{"0":[0],"1":[0],"2":[0],"3":[0]}}
}
