TN:
SF:src\application\dtos\TeamDto.js
FNF:0
FNH:0
LF:0
LH:0
BRF:0
BRH:0
end_of_record
TN:
SF:src\application\dtos\UserDto.js
FNF:0
FNH:0
DA:14,0
DA:26,0
DA:40,0
DA:49,0
DA:57,0
DA:65,0
DA:72,0
DA:80,0
DA:86,0
DA:92,0
DA:99,0
LF:11
LH:0
BRF:0
BRH:0
end_of_record
TN:
SF:src\application\services\AuthService.js
FN:25,(anonymous_0)
FN:41,(anonymous_1)
FN:58,(anonymous_2)
FN:99,(anonymous_3)
FN:146,(anonymous_4)
FN:210,(anonymous_5)
FN:229,(anonymous_6)
FN:294,(anonymous_7)
FN:314,(anonymous_8)
FN:341,(anonymous_9)
FN:365,(anonymous_10)
FNF:11
FNH:7
FNDA:12,(anonymous_0)
FNDA:24,(anonymous_1)
FNDA:3,(anonymous_2)
FNDA:2,(anonymous_3)
FNDA:2,(anonymous_4)
FNDA:0,(anonymous_5)
FNDA:1,(anonymous_6)
FNDA:2,(anonymous_7)
FNDA:0,(anonymous_8)
FNDA:0,(anonymous_9)
FNDA:0,(anonymous_10)
DA:26,12
DA:27,12
DA:28,12
DA:29,12
DA:31,12
DA:32,12
DA:33,12
DA:42,24
DA:43,24
DA:44,24
DA:45,24
DA:46,24
DA:47,24
DA:48,24
DA:49,24
DA:50,24
DA:59,3
DA:62,3
DA:67,3
DA:68,2
DA:74,1
DA:75,1
DA:77,1
DA:87,1
DA:90,1
DA:91,1
DA:100,2
DA:102,2
DA:103,1
DA:110,1
DA:112,1
DA:113,0
DA:119,1
DA:120,0
DA:127,1
DA:128,0
DA:135,1
DA:137,1
DA:147,2
DA:149,2
DA:150,1
DA:156,1
DA:157,1
DA:158,0
DA:164,1
DA:165,0
DA:171,1
DA:181,1
DA:188,1
DA:189,1
DA:196,0
DA:199,1
DA:211,0
DA:213,0
DA:214,0
DA:220,0
DA:221,0
DA:230,1
DA:232,1
DA:233,1
DA:234,1
DA:240,0
DA:242,0
DA:243,0
DA:250,0
DA:253,0
DA:256,0
DA:258,0
DA:259,0
DA:266,0
DA:273,0
DA:278,0
DA:280,1
DA:281,1
DA:296,2
DA:298,2
DA:299,1
DA:306,1
DA:315,0
DA:317,0
DA:318,0
DA:324,0
DA:325,0
DA:332,0
DA:342,0
DA:344,0
DA:345,0
DA:351,0
DA:357,0
DA:366,0
DA:367,0
DA:368,0
DA:371,0
DA:372,0
DA:373,0
DA:379,0
DA:381,0
DA:390,0
DA:392,0
DA:394,0
LF:100
LH:56
BRDA:31,0,0,12
BRDA:31,0,1,12
BRDA:42,1,0,0
BRDA:42,1,1,24
BRDA:43,2,0,0
BRDA:43,2,1,24
BRDA:46,3,0,0
BRDA:46,3,1,24
BRDA:67,4,0,2
BRDA:67,4,1,1
BRDA:67,5,0,3
BRDA:67,5,1,2
BRDA:102,6,0,1
BRDA:102,6,1,1
BRDA:112,7,0,0
BRDA:112,7,1,1
BRDA:119,8,0,0
BRDA:119,8,1,1
BRDA:127,9,0,0
BRDA:127,9,1,1
BRDA:127,10,0,1
BRDA:127,10,1,1
BRDA:149,11,0,1
BRDA:149,11,1,1
BRDA:157,12,0,0
BRDA:157,12,1,1
BRDA:164,13,0,0
BRDA:164,13,1,1
BRDA:213,14,0,0
BRDA:213,14,1,0
BRDA:233,15,0,1
BRDA:233,15,1,0
BRDA:240,16,0,0
BRDA:240,16,1,0
BRDA:258,17,0,0
BRDA:258,17,1,0
BRDA:298,18,0,1
BRDA:298,18,1,1
BRDA:317,19,0,0
BRDA:317,19,1,0
BRDA:344,20,0,0
BRDA:344,20,1,0
BRDA:366,21,0,0
BRDA:366,21,1,0
BRF:44
BRH:23
end_of_record
TN:
SF:src\application\services\TeamService.js
FN:12,(anonymous_0)
FN:21,(anonymous_1)
FN:31,(anonymous_2)
FN:46,(anonymous_3)
FN:50,(anonymous_4)
FN:72,(anonymous_5)
FN:76,(anonymous_6)
FN:97,(anonymous_7)
FN:109,(anonymous_8)
FN:123,(anonymous_9)
FN:135,(anonymous_10)
FN:143,(anonymous_11)
FNF:12
FNH:8
FNDA:14,(anonymous_0)
FNDA:0,(anonymous_1)
FNDA:2,(anonymous_2)
FNDA:3,(anonymous_3)
FNDA:2,(anonymous_4)
FNDA:0,(anonymous_5)
FNDA:0,(anonymous_6)
FNDA:0,(anonymous_7)
FNDA:4,(anonymous_8)
FNDA:1,(anonymous_9)
FNDA:3,(anonymous_10)
FNDA:4,(anonymous_11)
DA:13,14
DA:14,14
DA:22,0
DA:23,0
DA:32,2
DA:34,2
DA:35,1
DA:38,1
DA:47,3
DA:49,3
DA:50,3
DA:52,3
DA:53,2
DA:54,1
DA:56,1
DA:57,1
DA:61,1
DA:63,1
DA:73,0
DA:75,0
DA:76,0
DA:78,0
DA:79,0
DA:80,0
DA:82,0
DA:83,0
DA:87,0
DA:89,0
DA:98,0
DA:100,0
DA:101,0
DA:104,0
DA:106,0
DA:110,4
DA:112,4
DA:113,1
DA:116,3
DA:118,3
DA:119,1
DA:123,2
DA:124,1
DA:130,1
DA:132,1
DA:136,3
DA:138,3
DA:139,0
DA:143,4
DA:144,1
DA:148,2
DA:149,1
DA:152,1
DA:154,1
LF:52
LH:34
BRDA:34,0,0,1
BRDA:34,0,1,1
BRDA:50,1,0,2
BRDA:50,1,1,1
BRDA:52,2,0,2
BRDA:52,2,1,1
BRDA:53,3,0,1
BRDA:53,3,1,1
BRDA:56,4,0,1
BRDA:56,4,1,0
BRDA:76,5,0,0
BRDA:76,5,1,0
BRDA:76,5,2,0
BRDA:78,6,0,0
BRDA:78,6,1,0
BRDA:79,7,0,0
BRDA:79,7,1,0
BRDA:82,8,0,0
BRDA:82,8,1,0
BRDA:100,9,0,0
BRDA:100,9,1,0
BRDA:112,10,0,1
BRDA:112,10,1,3
BRDA:118,11,0,1
BRDA:118,11,1,2
BRDA:123,12,0,1
BRDA:123,12,1,1
BRDA:138,13,0,0
BRDA:138,13,1,3
BRDA:143,14,0,1
BRDA:143,14,1,2
BRDA:148,15,0,1
BRDA:148,15,1,1
BRF:33
BRH:20
end_of_record
TN:
SF:src\application\services\UserService.js
FN:8,(anonymous_0)
FN:16,(anonymous_1)
FN:19,(anonymous_2)
FN:26,(anonymous_3)
FN:41,(anonymous_4)
FN:72,(anonymous_5)
FNF:6
FNH:6
FNDA:10,(anonymous_0)
FNDA:1,(anonymous_1)
FNDA:2,(anonymous_2)
FNDA:2,(anonymous_3)
FNDA:3,(anonymous_4)
FNDA:2,(anonymous_5)
DA:9,10
DA:17,1
DA:19,2
DA:27,2
DA:28,2
DA:29,1
DA:34,1
DA:35,1
DA:42,3
DA:45,3
DA:46,2
DA:47,2
DA:48,1
DA:54,2
DA:55,1
DA:56,1
DA:57,1
DA:64,1
DA:65,1
DA:66,1
DA:73,2
DA:74,2
DA:75,1
DA:81,1
DA:82,1
LF:25
LH:25
BRDA:28,0,0,1
BRDA:28,0,1,1
BRDA:45,1,0,2
BRDA:45,1,1,1
BRDA:47,2,0,1
BRDA:47,2,1,1
BRDA:47,3,0,2
BRDA:47,3,1,1
BRDA:54,4,0,1
BRDA:54,4,1,1
BRDA:56,5,0,1
BRDA:56,5,1,0
BRDA:56,6,0,1
BRDA:56,6,1,1
BRDA:74,7,0,1
BRDA:74,7,1,1
BRF:16
BRH:15
end_of_record
TN:
SF:src\domain\entities\Team.js
FN:27,(anonymous_0)
FNF:1
FNH:1
FNDA:1,(anonymous_0)
DA:28,1
DA:29,1
DA:30,1
DA:31,1
DA:32,1
DA:33,1
DA:34,1
DA:35,1
DA:36,1
LF:9
LH:9
BRF:0
BRH:0
end_of_record
TN:
SF:src\domain\entities\User.js
FN:68,(anonymous_0)
FN:91,(anonymous_1)
FN:150,(anonymous_2)
FN:158,(anonymous_3)
FN:166,(anonymous_4)
FN:174,(anonymous_5)
FN:182,(anonymous_6)
FN:194,(anonymous_7)
FN:203,(anonymous_8)
FNF:9
FNH:9
FNDA:5,(anonymous_0)
FNDA:5,(anonymous_1)
FNDA:2,(anonymous_2)
FNDA:2,(anonymous_3)
FNDA:2,(anonymous_4)
FNDA:1,(anonymous_5)
FNDA:1,(anonymous_6)
FNDA:1,(anonymous_7)
FNDA:2,(anonymous_8)
DA:69,5
DA:70,5
DA:71,5
DA:72,5
DA:73,5
DA:74,5
DA:75,5
DA:76,5
DA:77,5
DA:78,5
DA:79,5
DA:80,5
DA:81,5
DA:82,5
DA:84,5
DA:92,5
DA:93,0
DA:99,5
DA:100,1
DA:106,4
DA:107,0
DA:113,4
DA:114,1
DA:120,3
DA:121,0
DA:127,3
DA:128,0
DA:134,3
DA:135,0
DA:141,3
DA:142,1
DA:151,2
DA:159,2
DA:167,2
DA:175,1
DA:183,1
DA:195,1
DA:204,2
DA:216,2
DA:217,1
DA:218,1
DA:219,1
DA:220,1
DA:223,2
LF:44
LH:39
BRDA:75,0,0,5
BRDA:75,0,1,3
BRDA:76,1,0,5
BRDA:76,1,1,4
BRDA:81,2,0,5
BRDA:81,2,1,5
BRDA:82,3,0,5
BRDA:82,3,1,5
BRDA:92,4,0,0
BRDA:92,4,1,5
BRDA:99,5,0,1
BRDA:99,5,1,4
BRDA:99,6,0,5
BRDA:99,6,1,4
BRDA:106,7,0,0
BRDA:106,7,1,4
BRDA:113,8,0,1
BRDA:113,8,1,3
BRDA:120,9,0,0
BRDA:120,9,1,3
BRDA:127,10,0,0
BRDA:127,10,1,3
BRDA:127,11,0,3
BRDA:127,11,1,1
BRDA:134,12,0,0
BRDA:134,12,1,3
BRDA:134,13,0,3
BRDA:134,13,1,1
BRDA:141,14,0,1
BRDA:141,14,1,2
BRDA:151,15,0,2
BRDA:151,15,1,1
BRDA:175,16,0,1
BRDA:175,16,1,1
BRDA:184,17,0,1
BRDA:184,17,1,1
BRDA:184,17,2,1
BRDA:195,18,0,1
BRDA:195,18,1,1
BRDA:195,18,2,1
BRDA:203,19,0,1
BRDA:216,20,0,1
BRDA:216,20,1,1
BRF:43
BRH:38
end_of_record
TN:
SF:src\domain\repositories\SessionTokenRepository.js
FN:19,(anonymous_0)
FN:27,(anonymous_1)
FN:35,(anonymous_2)
FN:43,(anonymous_3)
FN:52,(anonymous_4)
FNF:5
FNH:5
FNDA:1,(anonymous_0)
FNDA:1,(anonymous_1)
FNDA:1,(anonymous_2)
FNDA:1,(anonymous_3)
FNDA:1,(anonymous_4)
DA:20,1
DA:28,1
DA:36,1
DA:44,1
DA:53,1
LF:5
LH:5
BRF:0
BRH:0
end_of_record
TN:
SF:src\domain\repositories\TeamRepository.js
FN:17,(anonymous_0)
FN:28,(anonymous_1)
FN:39,(anonymous_2)
FN:51,(anonymous_3)
FN:63,(anonymous_4)
FN:74,(anonymous_5)
FNF:6
FNH:6
FNDA:1,(anonymous_0)
FNDA:1,(anonymous_1)
FNDA:1,(anonymous_2)
FNDA:1,(anonymous_3)
FNDA:1,(anonymous_4)
FNDA:1,(anonymous_5)
DA:18,1
DA:29,1
DA:40,1
DA:52,1
DA:64,1
DA:75,1
LF:6
LH:6
BRF:0
BRH:0
end_of_record
TN:
SF:src\domain\repositories\UserRepository.js
FN:28,(anonymous_0)
FN:39,(anonymous_1)
FN:50,(anonymous_2)
FN:61,(anonymous_3)
FN:73,(anonymous_4)
FN:84,(anonymous_5)
FN:98,(anonymous_6)
FN:109,(anonymous_7)
FN:120,(anonymous_8)
FN:133,(anonymous_9)
FN:145,(anonymous_10)
FN:158,(anonymous_11)
FNF:12
FNH:12
FNDA:1,(anonymous_0)
FNDA:1,(anonymous_1)
FNDA:1,(anonymous_2)
FNDA:1,(anonymous_3)
FNDA:1,(anonymous_4)
FNDA:1,(anonymous_5)
FNDA:1,(anonymous_6)
FNDA:1,(anonymous_7)
FNDA:1,(anonymous_8)
FNDA:1,(anonymous_9)
FNDA:1,(anonymous_10)
FNDA:1,(anonymous_11)
DA:29,1
DA:40,1
DA:51,1
DA:62,1
DA:74,1
DA:85,1
DA:99,1
DA:110,1
DA:121,1
DA:134,1
DA:146,1
DA:159,1
LF:12
LH:12
BRDA:98,0,0,1
BRDA:98,1,0,1
BRDA:98,2,0,1
BRDA:98,3,0,1
BRF:4
BRH:4
end_of_record
TN:
SF:src\infrastructure\app.js
FNF:0
FNH:0
DA:11,3
DA:14,3
DA:17,3
DA:20,3
DA:23,3
DA:24,0
DA:28,3
DA:31,3
DA:32,0
DA:36,3
DA:37,3
LF:11
LH:9
BRDA:23,0,0,0
BRDA:23,0,1,3
BRDA:31,1,0,0
BRDA:31,1,1,3
BRF:4
BRH:2
end_of_record
TN:
SF:src\infrastructure\controllers\AuthController.js
FN:8,(anonymous_0)
FN:18,(anonymous_1)
FN:34,(anonymous_2)
FN:58,(anonymous_3)
FN:74,(anonymous_4)
FN:89,(anonymous_5)
FN:113,(anonymous_6)
FN:129,(anonymous_7)
FN:149,(anonymous_8)
FN:162,(anonymous_9)
FNF:10
FNH:10
FNDA:14,(anonymous_0)
FNDA:2,(anonymous_1)
FNDA:2,(anonymous_2)
FNDA:2,(anonymous_3)
FNDA:1,(anonymous_4)
FNDA:3,(anonymous_5)
FNDA:2,(anonymous_6)
FNDA:1,(anonymous_7)
FNDA:1,(anonymous_8)
FNDA:1,(anonymous_9)
DA:9,14
DA:19,2
DA:20,2
DA:21,2
DA:22,2
DA:24,0
DA:35,2
DA:36,2
DA:39,2
DA:40,1
DA:43,1
DA:44,1
DA:48,0
DA:59,2
DA:60,2
DA:61,2
DA:62,2
DA:64,0
DA:75,1
DA:76,1
DA:77,1
DA:79,0
DA:90,3
DA:91,3
DA:92,3
DA:93,1
DA:98,2
DA:99,2
DA:103,1
DA:114,2
DA:115,2
DA:116,2
DA:117,2
DA:119,0
DA:130,1
DA:131,1
DA:132,1
DA:133,1
DA:139,0
DA:150,1
DA:151,1
DA:152,1
DA:153,1
DA:154,1
DA:158,0
DA:162,14
DA:163,1
DA:164,1
DA:165,1
DA:166,1
DA:170,0
LF:51
LH:43
BRDA:36,0,0,2
BRDA:36,0,1,1
BRDA:39,1,0,1
BRDA:39,1,1,1
BRDA:92,2,0,1
BRDA:92,2,1,2
BRF:6
BRH:6
end_of_record
TN:
SF:src\infrastructure\controllers\TeamController.js
FN:7,(anonymous_0)
FN:17,(anonymous_1)
FN:32,(anonymous_2)
FN:54,(anonymous_3)
FN:72,(anonymous_4)
FN:98,(anonymous_5)
FN:120,(anonymous_6)
FN:146,(anonymous_7)
FNF:8
FNH:8
FNDA:15,(anonymous_0)
FNDA:2,(anonymous_1)
FNDA:2,(anonymous_2)
FNDA:2,(anonymous_3)
FNDA:2,(anonymous_4)
FNDA:2,(anonymous_5)
FNDA:2,(anonymous_6)
FNDA:2,(anonymous_7)
DA:8,15
DA:17,15
DA:18,2
DA:19,2
DA:20,2
DA:22,0
DA:32,15
DA:33,2
DA:34,2
DA:35,2
DA:37,2
DA:38,1
DA:39,1
DA:42,1
DA:44,0
DA:54,15
DA:55,2
DA:56,2
DA:57,2
DA:58,2
DA:62,0
DA:72,15
DA:73,2
DA:74,2
DA:75,2
DA:77,2
DA:79,2
DA:80,1
DA:81,1
DA:84,1
DA:88,0
DA:98,15
DA:99,2
DA:100,2
DA:101,2
DA:103,2
DA:104,1
DA:105,1
DA:108,1
DA:110,0
DA:120,15
DA:121,2
DA:122,2
DA:123,2
DA:125,2
DA:127,2
DA:128,1
DA:129,1
DA:132,1
DA:136,0
DA:146,15
DA:147,2
DA:148,2
DA:149,2
DA:151,2
DA:153,2
DA:154,1
DA:155,1
DA:158,1
DA:162,0
LF:60
LH:53
BRDA:37,0,0,1
BRDA:37,0,1,1
BRDA:79,1,0,1
BRDA:79,1,1,1
BRDA:103,2,0,1
BRDA:103,2,1,1
BRDA:127,3,0,1
BRDA:127,3,1,1
BRDA:153,4,0,1
BRDA:153,4,1,1
BRF:10
BRH:10
end_of_record
TN:
SF:src\infrastructure\controllers\UserController.js
FN:5,(anonymous_0)
FN:15,(anonymous_1)
FN:30,(anonymous_2)
FN:56,(anonymous_3)
FN:86,(anonymous_4)
FNF:5
FNH:5
FNDA:10,(anonymous_0)
FNDA:2,(anonymous_1)
FNDA:2,(anonymous_2)
FNDA:2,(anonymous_3)
FNDA:2,(anonymous_4)
DA:6,10
DA:15,10
DA:16,2
DA:17,2
DA:18,2
DA:20,0
DA:30,10
DA:31,2
DA:32,2
DA:33,2
DA:35,2
DA:36,1
DA:41,1
DA:44,1
DA:46,0
DA:56,10
DA:57,2
DA:58,2
DA:59,2
DA:61,2
DA:63,2
DA:64,1
DA:69,1
DA:72,1
DA:76,0
DA:86,10
DA:87,2
DA:88,2
DA:89,2
DA:91,2
DA:92,1
DA:97,1
DA:100,1
DA:102,0
LF:34
LH:30
BRDA:35,0,0,1
BRDA:35,0,1,1
BRDA:63,1,0,1
BRDA:63,1,1,1
BRDA:91,2,0,1
BRDA:91,2,1,1
BRF:6
BRH:6
end_of_record
TN:
SF:src\infrastructure\middleware\auth.js
FN:16,(anonymous_0)
FN:34,(anonymous_1)
FN:97,(anonymous_2)
FN:98,(anonymous_3)
FN:129,(anonymous_4)
FN:167,(anonymous_5)
FN:203,(anonymous_6)
FN:211,(anonymous_7)
FNF:8
FNH:8
FNDA:4,(anonymous_0)
FNDA:6,(anonymous_1)
FNDA:23,(anonymous_2)
FNDA:5,(anonymous_3)
FNDA:2,(anonymous_4)
FNDA:1,(anonymous_5)
FNDA:2,(anonymous_6)
FNDA:1,(anonymous_7)
DA:8,3
DA:9,3
DA:16,3
DA:17,4
DA:18,4
DA:20,1
DA:34,3
DA:35,6
DA:36,6
DA:38,6
DA:39,1
DA:46,5
DA:48,5
DA:49,1
DA:56,4
DA:58,3
DA:69,3
DA:70,1
DA:77,2
DA:78,1
DA:85,1
DA:86,1
DA:88,5
DA:97,3
DA:98,23
DA:99,5
DA:100,5
DA:101,0
DA:108,5
DA:109,2
DA:116,3
DA:118,2
DA:129,3
DA:130,2
DA:131,2
DA:133,2
DA:138,2
DA:139,1
DA:146,1
DA:147,0
DA:154,1
DA:155,1
DA:157,1
DA:167,3
DA:168,1
DA:169,1
DA:171,1
DA:176,1
DA:177,0
DA:184,1
DA:185,1
DA:192,0
DA:193,0
DA:195,1
DA:203,3
DA:204,2
DA:211,3
DA:212,1
LF:58
LH:53
BRDA:22,0,0,1
BRDA:22,0,1,0
BRDA:38,1,0,1
BRDA:38,1,1,5
BRDA:48,2,0,1
BRDA:48,2,1,4
BRDA:48,3,0,5
BRDA:48,3,1,4
BRDA:69,4,0,1
BRDA:69,4,1,2
BRDA:77,5,0,1
BRDA:77,5,1,1
BRDA:97,6,0,0
BRDA:100,7,0,0
BRDA:100,7,1,5
BRDA:108,8,0,2
BRDA:108,8,1,3
BRDA:108,9,0,5
BRDA:108,9,1,5
BRDA:138,10,0,1
BRDA:138,10,1,1
BRDA:146,11,0,0
BRDA:146,11,1,1
BRDA:176,12,0,0
BRDA:176,12,1,1
BRDA:184,13,0,1
BRDA:184,13,1,0
BRF:27
BRH:21
end_of_record
TN:
SF:src\infrastructure\middleware\compression.js
FN:11,(anonymous_0)
FN:14,(anonymous_1)
FN:36,(anonymous_2)
FNF:3
FNH:3
FNDA:3,(anonymous_0)
FNDA:6,(anonymous_1)
FNDA:2,(anonymous_2)
DA:11,4
DA:12,3
DA:16,6
DA:17,0
DA:21,6
DA:36,4
DA:37,2
DA:38,1
DA:46,1
LF:9
LH:8
BRDA:16,0,0,0
BRDA:16,0,1,6
BRDA:37,1,0,1
BRDA:37,1,1,1
BRF:4
BRH:3
end_of_record
TN:
SF:src\infrastructure\middleware\errorHandler.js
FN:18,(anonymous_0)
FN:98,(anonymous_1)
FN:109,(anonymous_2)
FN:109,(anonymous_3)
FN:110,(anonymous_4)
FNF:5
FNH:4
FNDA:4,(anonymous_0)
FNDA:5,(anonymous_1)
FNDA:66,(anonymous_2)
FNDA:9,(anonymous_3)
FNDA:0,(anonymous_4)
DA:18,6
DA:20,4
DA:34,4
DA:37,4
DA:38,2
DA:40,1
DA:47,1
DA:53,0
DA:62,2
DA:64,1
DA:65,1
DA:67,1
DA:70,1
DA:71,1
DA:73,1
DA:82,1
DA:83,1
DA:98,6
DA:99,5
DA:100,5
DA:109,66
DA:110,9
DA:111,0
DA:119,0
LF:24
LH:21
BRDA:37,0,0,2
BRDA:37,0,1,2
BRDA:38,1,0,1
BRDA:38,1,1,1
BRDA:38,1,2,0
BRDA:62,2,0,1
BRDA:62,2,1,1
BRDA:64,3,0,1
BRDA:64,3,1,0
BRDA:65,4,0,1
BRDA:65,4,1,0
BRDA:67,5,0,1
BRDA:67,5,1,0
BRDA:67,5,2,0
BRDA:71,6,0,0
BRDA:71,6,1,1
BRDA:77,7,0,1
BRDA:77,7,1,0
BRDA:98,8,0,1
BRF:19
BRH:12
end_of_record
TN:
SF:src\infrastructure\middleware\logging.js
FN:11,(anonymous_0)
FN:57,(anonymous_1)
FN:63,(anonymous_2)
FN:87,(anonymous_3)
FN:114,(anonymous_4)
FN:124,(anonymous_5)
FN:140,(anonymous_6)
FN:149,(anonymous_7)
FN:158,(anonymous_8)
FNF:9
FNH:9
FNDA:5,(anonymous_0)
FNDA:2,(anonymous_1)
FNDA:2,(anonymous_2)
FNDA:1,(anonymous_3)
FNDA:1,(anonymous_4)
FNDA:1,(anonymous_5)
FNDA:1,(anonymous_6)
FNDA:1,(anonymous_7)
FNDA:1,(anonymous_8)
DA:3,5
DA:11,5
DA:12,5
DA:13,5
DA:19,0
DA:38,0
DA:39,0
DA:46,0
DA:49,5
DA:57,5
DA:58,2
DA:59,2
DA:61,2
DA:63,2
DA:64,2
DA:66,2
DA:77,2
DA:87,5
DA:88,1
DA:105,1
DA:114,5
DA:115,1
DA:124,5
DA:125,1
DA:140,5
DA:141,1
DA:149,5
DA:150,1
DA:158,5
DA:159,1
LF:30
LH:26
BRDA:12,0,0,5
BRDA:12,0,1,0
BRDA:20,1,0,0
BRDA:20,1,1,0
BRDA:38,2,0,0
BRDA:38,2,1,0
BRDA:114,3,0,0
BRDA:124,4,0,1
BRDA:140,5,0,1
BRDA:149,6,0,1
BRDA:158,7,0,1
BRF:11
BRH:5
end_of_record
TN:
SF:src\infrastructure\middleware\notFoundHandler.js
FN:11,(anonymous_0)
FNF:1
FNH:1
FNDA:1,(anonymous_0)
DA:11,4
DA:12,1
LF:2
LH:2
BRF:0
BRH:0
end_of_record
TN:
SF:src\infrastructure\middleware\security.js
FN:21,(anonymous_0)
FN:22,(anonymous_1)
FN:26,(anonymous_2)
FN:35,(anonymous_3)
FN:61,(anonymous_4)
FN:62,(anonymous_5)
FN:82,(anonymous_6)
FN:146,(anonymous_7)
FN:160,(anonymous_8)
FN:198,(anonymous_9)
FN:224,(anonymous_10)
FN:240,(anonymous_11)
FN:254,(anonymous_12)
FN:265,(anonymous_13)
FN:276,(anonymous_14)
FN:287,(anonymous_15)
FN:298,(anonymous_16)
FN:310,(anonymous_17)
FNF:18
FNH:15
FNDA:4,(anonymous_0)
FNDA:10,(anonymous_1)
FNDA:0,(anonymous_2)
FNDA:0,(anonymous_3)
FNDA:4,(anonymous_4)
FNDA:10,(anonymous_5)
FNDA:4,(anonymous_6)
FNDA:10,(anonymous_7)
FNDA:10,(anonymous_8)
FNDA:10,(anonymous_9)
FNDA:60,(anonymous_10)
FNDA:1,(anonymous_11)
FNDA:1,(anonymous_12)
FNDA:1,(anonymous_13)
FNDA:1,(anonymous_14)
FNDA:1,(anonymous_15)
FNDA:1,(anonymous_16)
FNDA:0,(anonymous_17)
DA:21,5
DA:22,4
DA:23,10
DA:25,10
DA:26,10
DA:27,0
DA:28,0
DA:34,10
DA:35,0
DA:36,0
DA:37,0
DA:42,10
DA:44,0
DA:61,5
DA:62,4
DA:63,10
DA:64,10
DA:65,10
DA:67,0
DA:82,5
DA:84,4
DA:87,4
DA:97,4
DA:100,4
DA:103,4
DA:106,4
DA:115,4
DA:118,4
DA:129,4
DA:140,4
DA:143,4
DA:146,4
DA:148,10
DA:151,10
DA:154,10
DA:156,10
DA:160,4
DA:162,10
DA:165,10
DA:168,10
DA:171,10
DA:174,10
DA:175,10
DA:176,10
DA:179,10
DA:182,10
DA:188,10
DA:190,10
DA:194,4
DA:195,4
DA:198,4
DA:202,10
DA:210,10
DA:211,0
DA:212,0
DA:213,0
DA:221,10
DA:222,10
DA:224,60
DA:225,0
DA:230,10
DA:240,5
DA:241,1
DA:245,1
DA:254,5
DA:255,1
DA:256,1
DA:265,5
DA:266,1
DA:267,1
DA:276,5
DA:277,1
DA:278,1
DA:287,5
DA:288,1
DA:289,1
DA:298,5
DA:299,1
DA:300,1
DA:301,1
DA:302,1
DA:303,1
DA:310,5
DA:311,0
DA:312,0
DA:313,0
DA:314,0
DA:315,0
DA:316,0
DA:317,0
LF:90
LH:72
BRDA:25,0,0,10
BRDA:25,0,1,0
BRDA:27,1,0,0
BRDA:27,1,1,0
BRDA:34,2,0,0
BRDA:34,2,1,10
BRDA:36,3,0,0
BRDA:36,3,1,0
BRDA:148,4,0,10
BRDA:148,4,1,10
BRDA:210,5,0,0
BRDA:210,5,1,10
BRDA:212,6,0,0
BRDA:212,6,1,0
BRDA:222,7,0,10
BRDA:222,7,1,10
BRDA:224,8,0,0
BRDA:224,8,1,10
BRF:18
BRH:8
end_of_record
TN:
SF:src\infrastructure\middleware\validation.js
FN:104,(anonymous_0)
FN:148,(anonymous_1)
FN:149,(anonymous_2)
FN:170,(anonymous_3)
FN:229,(anonymous_4)
FN:232,(anonymous_5)
FN:249,(anonymous_6)
FN:253,(anonymous_7)
FN:262,(anonymous_8)
FNF:9
FNH:4
FNDA:1,(anonymous_0)
FNDA:29,(anonymous_1)
FNDA:8,(anonymous_2)
FNDA:6,(anonymous_3)
FNDA:0,(anonymous_4)
FNDA:0,(anonymous_5)
FNDA:0,(anonymous_6)
FNDA:0,(anonymous_7)
FNDA:0,(anonymous_8)
DA:30,4
DA:104,1
DA:148,4
DA:149,29
DA:150,8
DA:151,8
DA:152,8
DA:153,1
DA:161,7
DA:164,3
DA:166,3
DA:168,5
DA:170,6
DA:175,4
DA:182,1
DA:190,4
DA:195,4
DA:200,4
DA:205,4
DA:210,4
DA:215,4
DA:220,4
DA:229,4
DA:230,0
DA:232,0
DA:233,0
DA:234,0
DA:237,0
DA:239,0
DA:249,4
DA:250,0
DA:252,0
DA:253,0
DA:254,0
DA:255,0
DA:261,0
DA:262,0
DA:263,0
DA:264,0
DA:269,0
DA:271,0
DA:272,0
LF:42
LH:24
BRDA:152,0,0,1
BRDA:152,0,1,7
BRDA:168,1,0,4
BRDA:168,1,1,1
BRDA:233,2,0,0
BRDA:233,2,1,0
BRDA:252,3,0,0
BRDA:252,3,1,0
BRDA:254,4,0,0
BRDA:254,4,1,0
BRDA:261,5,0,0
BRDA:261,5,1,0
BRDA:263,6,0,0
BRDA:263,6,1,0
BRF:14
BRH:4
end_of_record
TN:
SF:src\infrastructure\repositories\PrismaSessionTokenRepository.js
FN:9,(anonymous_0)
FN:25,(anonymous_1)
FN:37,(anonymous_2)
FN:42,(anonymous_3)
FN:46,(anonymous_4)
FN:51,(anonymous_5)
FNF:6
FNH:5
FNDA:7,(anonymous_0)
FNDA:1,(anonymous_1)
FNDA:2,(anonymous_2)
FNDA:0,(anonymous_3)
FNDA:1,(anonymous_4)
FNDA:1,(anonymous_5)
DA:10,7
DA:14,4
DA:15,3
DA:26,1
DA:34,1
DA:38,2
DA:39,2
DA:43,0
DA:47,1
DA:48,1
DA:52,1
DA:60,1
LF:12
LH:11
BRDA:14,0,0,1
BRDA:14,0,1,3
BRF:2
BRH:2
end_of_record
TN:
SF:src\infrastructure\repositories\PrismaTeamRepository.js
FN:11,(anonymous_0)
FN:51,(anonymous_1)
FN:55,(anonymous_2)
FN:63,(anonymous_3)
FN:76,(anonymous_4)
FN:81,(anonymous_5)
FN:90,(anonymous_6)
FN:109,(anonymous_7)
FN:127,(anonymous_8)
FN:138,(anonymous_9)
FN:156,(anonymous_10)
FNF:11
FNH:11
FNDA:8,(anonymous_0)
FNDA:1,(anonymous_1)
FNDA:1,(anonymous_2)
FNDA:1,(anonymous_3)
FNDA:1,(anonymous_4)
FNDA:1,(anonymous_5)
FNDA:1,(anonymous_6)
FNDA:1,(anonymous_7)
FNDA:1,(anonymous_8)
FNDA:1,(anonymous_9)
FNDA:1,(anonymous_10)
DA:12,8
DA:21,7
DA:23,7
DA:52,1
DA:55,1
DA:64,1
DA:68,1
DA:77,1
DA:81,1
DA:91,1
DA:100,1
DA:110,1
DA:119,1
DA:128,1
DA:139,1
DA:148,1
DA:157,1
DA:166,1
LF:18
LH:18
BRDA:21,0,0,0
BRDA:21,0,1,7
BRDA:28,1,0,7
BRDA:28,1,1,7
BRDA:29,2,0,7
BRDA:29,2,1,7
BRDA:32,3,0,7
BRDA:32,3,1,0
BRDA:68,4,0,1
BRDA:68,4,1,0
BRF:10
BRH:7
end_of_record
TN:
SF:src\infrastructure\repositories\PrismaUserRepository.js
FN:15,(anonymous_0)
FN:49,(anonymous_1)
FN:51,(anonymous_2)
FN:59,(anonymous_3)
FN:71,(anonymous_4)
FN:83,(anonymous_5)
FN:95,(anonymous_6)
FN:135,(anonymous_7)
FN:166,(anonymous_8)
FN:178,(anonymous_9)
FN:198,(anonymous_10)
FN:217,(anonymous_11)
FN:234,(anonymous_12)
FN:252,(anonymous_13)
FNF:14
FNH:8
FNDA:10,(anonymous_0)
FNDA:1,(anonymous_1)
FNDA:1,(anonymous_2)
FNDA:2,(anonymous_3)
FNDA:0,(anonymous_4)
FNDA:0,(anonymous_5)
FNDA:2,(anonymous_6)
FNDA:1,(anonymous_7)
FNDA:0,(anonymous_8)
FNDA:1,(anonymous_9)
FNDA:0,(anonymous_10)
FNDA:0,(anonymous_11)
FNDA:1,(anonymous_12)
FNDA:0,(anonymous_13)
DA:16,10
DA:25,5
DA:27,5
DA:50,1
DA:51,1
DA:60,2
DA:63,2
DA:72,0
DA:75,0
DA:84,0
DA:87,0
DA:96,2
DA:97,2
DA:99,2
DA:115,1
DA:117,1
DA:118,1
DA:119,1
DA:121,0
DA:122,0
DA:125,0
DA:136,1
DA:149,1
DA:150,0
DA:153,1
DA:158,1
DA:167,0
DA:179,1
DA:188,1
DA:199,0
DA:207,0
DA:218,0
DA:226,0
DA:235,1
DA:244,1
DA:253,0
DA:262,0
LF:37
LH:22
BRDA:25,0,0,0
BRDA:25,0,1,5
BRDA:32,1,0,5
BRDA:32,1,1,4
BRDA:33,2,0,5
BRDA:33,2,1,5
BRDA:36,3,0,5
BRDA:36,3,1,5
BRDA:37,4,0,5
BRDA:37,4,1,5
BRDA:38,5,0,5
BRDA:38,5,1,5
BRDA:39,6,0,5
BRDA:39,6,1,5
BRDA:63,7,0,1
BRDA:63,7,1,1
BRDA:75,8,0,0
BRDA:75,8,1,0
BRDA:87,9,0,0
BRDA:87,9,1,0
BRDA:106,10,0,2
BRDA:106,10,1,2
BRDA:117,11,0,1
BRDA:117,11,1,0
BRDA:118,12,0,1
BRDA:118,12,1,0
BRDA:121,13,0,0
BRDA:121,13,1,0
BRDA:149,14,0,0
BRDA:149,14,1,1
BRDA:244,15,0,0
BRDA:244,15,1,1
BRDA:262,16,0,0
BRDA:262,16,1,0
BRF:34
BRH:21
end_of_record
TN:
SF:src\infrastructure\validators\UserValidator.js
FN:16,(anonymous_0)
FN:35,(anonymous_1)
FN:54,(anonymous_2)
FN:67,(anonymous_3)
FN:79,(anonymous_4)
FN:92,(anonymous_5)
FN:118,(anonymous_6)
FN:130,(anonymous_7)
FN:136,(anonymous_8)
FN:142,(anonymous_9)
FN:148,(anonymous_10)
FN:154,(anonymous_11)
FN:160,(anonymous_12)
FN:166,(anonymous_13)
FN:174,(anonymous_14)
FN:184,(anonymous_15)
FN:191,(anonymous_16)
FN:198,(anonymous_17)
FN:205,(anonymous_18)
FNF:19
FNH:16
FNDA:3,(anonymous_0)
FNDA:0,(anonymous_1)
FNDA:1,(anonymous_2)
FNDA:1,(anonymous_3)
FNDA:0,(anonymous_4)
FNDA:1,(anonymous_5)
FNDA:1,(anonymous_6)
FNDA:1,(anonymous_7)
FNDA:1,(anonymous_8)
FNDA:1,(anonymous_9)
FNDA:1,(anonymous_10)
FNDA:1,(anonymous_11)
FNDA:1,(anonymous_12)
FNDA:1,(anonymous_13)
FNDA:1,(anonymous_14)
FNDA:1,(anonymous_15)
FNDA:0,(anonymous_16)
FNDA:1,(anonymous_17)
FNDA:1,(anonymous_18)
DA:18,3
DA:21,3
DA:22,1
DA:25,2
DA:26,1
DA:37,0
DA:40,0
DA:41,0
DA:44,0
DA:45,0
DA:56,1
DA:59,1
DA:68,1
DA:69,1
DA:71,0
DA:81,0
DA:84,0
DA:93,1
DA:94,0
DA:97,1
DA:98,0
DA:102,1
DA:109,1
DA:110,1
DA:120,1
DA:123,1
DA:124,1
DA:132,1
DA:138,1
DA:144,1
DA:150,1
DA:156,1
DA:162,1
DA:167,1
DA:168,1
DA:169,1
DA:175,1
DA:176,1
DA:185,1
DA:186,1
DA:192,0
DA:193,0
DA:199,1
DA:200,1
DA:206,1
DA:207,1
LF:46
LH:34
BRDA:21,0,0,1
BRDA:21,0,1,2
BRDA:21,1,0,3
BRDA:21,1,1,1
BRDA:25,2,0,1
BRDA:25,2,1,1
BRDA:40,3,0,0
BRDA:40,3,1,0
BRDA:40,4,0,0
BRDA:40,4,1,0
BRDA:44,5,0,0
BRDA:44,5,1,0
BRDA:68,6,0,1
BRDA:68,6,1,0
BRDA:93,7,0,0
BRDA:93,7,1,1
BRDA:97,8,0,0
BRDA:97,8,1,1
BRDA:123,9,0,1
BRDA:123,9,1,0
BRDA:168,10,0,1
BRDA:168,10,1,0
BRDA:175,11,0,1
BRDA:175,11,1,0
BRDA:175,12,0,1
BRDA:175,12,1,1
BRDA:185,13,0,1
BRDA:185,13,1,0
BRDA:192,14,0,0
BRDA:192,14,1,0
BRDA:199,15,0,1
BRDA:199,15,1,0
BRDA:206,16,0,1
BRDA:206,16,1,0
BRF:34
BRH:17
end_of_record
TN:
SF:src\shared\constants\apiCodes.js
FNF:0
FNH:0
DA:25,26
DA:87,26
DA:95,26
LF:3
LH:3
BRF:0
BRH:0
end_of_record
TN:
SF:src\shared\constants\apiRoutes.js
FN:45,(anonymous_0)
FN:48,(anonymous_1)
FN:51,(anonymous_2)
FN:53,(anonymous_3)
FN:55,(anonymous_4)
FN:57,(anonymous_5)
FN:59,(anonymous_6)
FN:61,(anonymous_7)
FNF:8
FNH:0
FNDA:0,(anonymous_0)
FNDA:0,(anonymous_1)
FNDA:0,(anonymous_2)
FNDA:0,(anonymous_3)
FNDA:0,(anonymous_4)
FNDA:0,(anonymous_5)
FNDA:0,(anonymous_6)
FNDA:0,(anonymous_7)
DA:1,5
DA:45,5
DA:46,0
DA:48,5
DA:49,0
DA:51,5
DA:53,5
DA:55,5
DA:57,5
DA:59,5
DA:61,5
LF:11
LH:9
BRF:0
BRH:0
end_of_record
TN:
SF:src\shared\constants\appRoutes.js
FNF:0
FNH:0
DA:1,7
LF:1
LH:1
BRF:0
BRH:0
end_of_record
TN:
SF:src\shared\constants\httpStatus.js
FNF:0
FNH:0
DA:5,26
LF:1
LH:1
BRF:0
BRH:0
end_of_record
TN:
SF:src\shared\constants\resources.js
FNF:0
FNH:0
DA:10,26
DA:51,26
LF:2
LH:2
BRF:0
BRH:0
end_of_record
TN:
SF:src\shared\constants\roles.js
FNF:0
FNH:0
DA:18,26
LF:1
LH:1
BRF:0
BRH:0
end_of_record
TN:
SF:src\shared\constants\tokens.js
FNF:0
FNH:0
DA:4,1
LF:1
LH:1
BRF:0
BRH:0
end_of_record
TN:
SF:src\shared\constants\validation.js
FNF:0
FNH:0
DA:7,26
DA:8,26
DA:9,26
DA:10,26
DA:11,26
DA:12,26
DA:13,26
DA:14,26
DA:15,26
DA:16,26
DA:19,26
DA:20,26
DA:21,26
DA:22,26
DA:23,26
DA:28,26
DA:40,26
LF:17
LH:17
BRDA:7,0,0,26
BRDA:7,0,1,26
BRDA:8,1,0,26
BRDA:8,1,1,26
BRDA:9,2,0,26
BRDA:9,2,1,26
BRDA:10,3,0,26
BRDA:10,3,1,26
BRF:8
BRH:8
end_of_record
TN:
SF:src\shared\utils\error.js
FN:19,(anonymous_0)
FN:50,(anonymous_1)
FN:69,(anonymous_2)
FN:86,(anonymous_3)
FN:102,(anonymous_4)
FN:118,(anonymous_5)
FN:134,(anonymous_6)
FNF:7
FNH:7
FNDA:58,(anonymous_0)
FNDA:1,(anonymous_1)
FNDA:1,(anonymous_2)
FNDA:1,(anonymous_3)
FNDA:1,(anonymous_4)
FNDA:1,(anonymous_5)
FNDA:1,(anonymous_6)
DA:19,26
DA:25,58
DA:26,6
DA:27,6
DA:30,6
DA:31,6
DA:32,6
DA:33,6
DA:37,52
DA:40,52
DA:41,52
DA:42,52
DA:50,26
DA:51,1
DA:52,1
DA:54,1
DA:56,1
DA:69,26
DA:70,1
DA:71,1
DA:72,1
DA:74,1
DA:86,26
DA:87,1
DA:88,1
DA:89,1
DA:91,1
DA:102,26
DA:103,1
DA:104,1
DA:105,1
DA:107,1
DA:118,26
DA:119,1
DA:120,1
DA:121,1
DA:123,1
DA:134,26
DA:135,1
DA:136,1
DA:137,1
DA:139,1
LF:42
LH:42
BRDA:21,0,0,7
BRDA:22,1,0,37
BRDA:25,2,0,6
BRDA:25,2,1,52
BRDA:25,3,0,58
BRDA:25,3,1,6
BRDA:28,4,0,6
BRDA:28,4,1,0
BRDA:28,4,2,0
BRDA:30,5,0,6
BRDA:30,5,1,0
BRDA:31,6,0,6
BRDA:31,6,1,0
BRDA:32,7,0,5
BRDA:32,7,1,1
BRDA:38,8,0,52
BRDA:38,8,1,0
BRDA:38,8,2,0
BRDA:51,9,0,1
BRDA:51,9,1,0
BRDA:52,10,0,1
BRDA:52,10,1,0
BRDA:54,11,0,1
BRDA:54,11,1,0
BRDA:54,11,2,0
BRDA:60,12,0,1
BRDA:60,12,1,0
BRF:27
BRH:16
end_of_record
TN:
SF:src\shared\utils\sanitize.js
FN:9,(anonymous_0)
FN:29,(anonymous_1)
FN:39,(anonymous_2)
FN:50,(anonymous_3)
FN:58,(anonymous_4)
FN:81,(anonymous_5)
FN:110,(anonymous_6)
FN:122,(anonymous_7)
FNF:8
FNH:7
FNDA:23,(anonymous_0)
FNDA:3,(anonymous_1)
FNDA:4,(anonymous_2)
FNDA:27,(anonymous_3)
FNDA:2,(anonymous_4)
FNDA:11,(anonymous_5)
FNDA:4,(anonymous_6)
FNDA:0,(anonymous_7)
DA:9,13
DA:10,23
DA:11,23
DA:12,23
DA:19,1
DA:20,1
DA:29,13
DA:30,3
DA:31,3
DA:39,13
DA:40,4
DA:41,4
DA:42,4
DA:50,13
DA:51,27
DA:53,27
DA:54,27
DA:55,11
DA:56,7
DA:57,4
DA:58,1
DA:59,2
DA:60,1
DA:61,1
DA:62,0
DA:64,3
DA:66,1
DA:67,2
DA:68,2
DA:70,0
DA:73,27
DA:81,13
DA:82,11
DA:84,11
DA:85,11
DA:89,11
DA:90,1
DA:94,11
DA:95,11
DA:98,11
DA:100,0
DA:101,0
DA:110,13
DA:111,4
DA:112,4
DA:113,0
DA:115,4
DA:116,3
DA:118,1
DA:119,1
DA:121,0
DA:122,0
DA:124,0
DA:126,0
DA:127,0
LF:55
LH:45
BRDA:10,0,0,0
BRDA:10,0,1,23
BRDA:30,1,0,0
BRDA:30,1,1,3
BRDA:40,2,0,0
BRDA:40,2,1,4
BRDA:40,3,0,4
BRDA:40,3,1,4
BRDA:42,4,0,1
BRDA:42,4,1,3
BRDA:51,5,0,0
BRDA:51,5,1,27
BRDA:51,6,0,27
BRDA:51,6,1,27
BRDA:55,7,0,7
BRDA:55,7,1,4
BRDA:57,8,0,1
BRDA:57,8,1,3
BRDA:59,9,0,1
BRDA:59,9,1,1
BRDA:60,10,0,0
BRDA:60,10,1,1
BRDA:60,11,0,1
BRDA:60,11,1,0
BRDA:61,12,0,1
BRDA:61,12,1,0
BRDA:64,13,0,1
BRDA:64,13,1,2
BRDA:67,14,0,2
BRDA:67,14,1,0
BRDA:67,15,0,2
BRDA:67,15,1,2
BRDA:84,16,0,11
BRDA:84,16,1,0
BRDA:89,17,0,1
BRDA:89,17,1,10
BRDA:94,18,0,11
BRDA:94,18,1,0
BRDA:112,19,0,0
BRDA:112,19,1,4
BRDA:115,20,0,3
BRDA:115,20,1,1
BRDA:118,21,0,1
BRDA:118,21,1,0
BRDA:118,22,0,1
BRDA:118,22,1,1
BRDA:121,23,0,0
BRDA:121,23,1,0
BRF:48
BRH:34
end_of_record
TN:
SF:src\shared\utils\token.js
FN:12,(anonymous_0)
FN:29,(anonymous_1)
FN:48,(anonymous_2)
FN:67,(anonymous_3)
FN:79,(anonymous_4)
FN:95,(anonymous_5)
FNF:6
FNH:6
FNDA:8,(anonymous_0)
FNDA:1,(anonymous_1)
FNDA:1,(anonymous_2)
FNDA:1,(anonymous_3)
FNDA:2,(anonymous_4)
FNDA:1,(anonymous_5)
DA:18,8
DA:19,8
DA:20,8
DA:21,8
DA:30,1
DA:31,1
DA:36,0
DA:49,1
DA:50,1
DA:55,0
DA:68,1
DA:80,2
DA:81,2
DA:83,1
DA:96,1
DA:97,1
DA:99,0
LF:17
LH:14
BRDA:13,0,0,4
BRDA:14,1,0,4
BRDA:15,2,0,4
BRDA:16,3,0,4
BRF:4
BRH:4
end_of_record
