TN:
SF:src\application\dtos\TeamDto.js
FNF:0
FNH:0
LF:0
LH:0
BRF:0
BRH:0
end_of_record
TN:
SF:src\application\dtos\UserDto.js
FNF:0
FNH:0
DA:14,0
DA:26,0
DA:40,0
DA:49,0
DA:57,0
DA:65,0
DA:72,0
DA:80,0
DA:86,0
DA:92,0
DA:99,0
LF:11
LH:0
BRF:0
BRH:0
end_of_record
TN:
SF:src\application\services\AuthService.js
FN:25,(anonymous_0)
FN:37,(anonymous_1)
FN:92,(anonymous_2)
FN:172,(anonymous_3)
FN:236,(anonymous_4)
FN:255,(anonymous_5)
FN:320,(anonymous_6)
FN:340,(anonymous_7)
FN:367,(anonymous_8)
FN:391,(anonymous_9)
FN:432,(anonymous_10)
FN:467,(anonymous_11)
FNF:12
FNH:0
FNDA:0,(anonymous_0)
FNDA:0,(anonymous_1)
FNDA:0,(anonymous_2)
FNDA:0,(anonymous_3)
FNDA:0,(anonymous_4)
FNDA:0,(anonymous_5)
FNDA:0,(anonymous_6)
FNDA:0,(anonymous_7)
FNDA:0,(anonymous_8)
FNDA:0,(anonymous_9)
FNDA:0,(anonymous_10)
FNDA:0,(anonymous_11)
DA:26,0
DA:27,0
DA:28,0
DA:29,0
DA:38,0
DA:41,0
DA:46,0
DA:47,0
DA:53,0
DA:54,0
DA:56,0
DA:66,0
DA:67,0
DA:69,0
DA:70,0
DA:71,0
DA:73,0
DA:74,0
DA:78,0
DA:80,0
DA:93,0
DA:95,0
DA:96,0
DA:103,0
DA:105,0
DA:106,0
DA:110,0
DA:115,0
DA:118,0
DA:119,0
DA:123,0
DA:128,0
DA:132,0
DA:133,0
DA:137,0
DA:142,0
DA:145,0
DA:146,0
DA:147,0
DA:153,0
DA:157,0
DA:162,0
DA:173,0
DA:175,0
DA:176,0
DA:182,0
DA:183,0
DA:184,0
DA:190,0
DA:191,0
DA:197,0
DA:207,0
DA:214,0
DA:215,0
DA:222,0
DA:225,0
DA:237,0
DA:239,0
DA:240,0
DA:246,0
DA:247,0
DA:256,0
DA:258,0
DA:259,0
DA:260,0
DA:266,0
DA:268,0
DA:269,0
DA:276,0
DA:279,0
DA:282,0
DA:284,0
DA:285,0
DA:292,0
DA:299,0
DA:304,0
DA:306,0
DA:307,0
DA:322,0
DA:324,0
DA:325,0
DA:332,0
DA:341,0
DA:343,0
DA:344,0
DA:350,0
DA:351,0
DA:358,0
DA:368,0
DA:370,0
DA:371,0
DA:377,0
DA:383,0
DA:392,0
DA:393,0
DA:394,0
DA:397,0
DA:400,0
DA:413,0
DA:414,0
DA:416,0
DA:424,0
DA:433,0
DA:435,0
DA:436,0
DA:442,0
DA:443,0
DA:450,0
DA:451,0
DA:453,0
DA:460,0
DA:468,0
LF:112
LH:0
BRDA:46,0,0,0
BRDA:46,0,1,0
BRDA:46,1,0,0
BRDA:46,1,1,0
BRDA:95,2,0,0
BRDA:95,2,1,0
BRDA:105,3,0,0
BRDA:105,3,1,0
BRDA:118,4,0,0
BRDA:118,4,1,0
BRDA:132,5,0,0
BRDA:132,5,1,0
BRDA:132,6,0,0
BRDA:132,6,1,0
BRDA:175,7,0,0
BRDA:175,7,1,0
BRDA:183,8,0,0
BRDA:183,8,1,0
BRDA:190,9,0,0
BRDA:190,9,1,0
BRDA:239,10,0,0
BRDA:239,10,1,0
BRDA:259,11,0,0
BRDA:259,11,1,0
BRDA:266,12,0,0
BRDA:266,12,1,0
BRDA:284,13,0,0
BRDA:284,13,1,0
BRDA:324,14,0,0
BRDA:324,14,1,0
BRDA:343,15,0,0
BRDA:343,15,1,0
BRDA:370,16,0,0
BRDA:370,16,1,0
BRDA:392,17,0,0
BRDA:392,17,1,0
BRDA:435,18,0,0
BRDA:435,18,1,0
BRDA:442,19,0,0
BRDA:442,19,1,0
BRF:40
BRH:0
end_of_record
TN:
SF:src\application\services\TeamService.js
FN:12,(anonymous_0)
FN:21,(anonymous_1)
FN:31,(anonymous_2)
FN:46,(anonymous_3)
FN:50,(anonymous_4)
FN:72,(anonymous_5)
FN:76,(anonymous_6)
FN:97,(anonymous_7)
FN:109,(anonymous_8)
FN:123,(anonymous_9)
FN:135,(anonymous_10)
FN:143,(anonymous_11)
FNF:12
FNH:0
FNDA:0,(anonymous_0)
FNDA:0,(anonymous_1)
FNDA:0,(anonymous_2)
FNDA:0,(anonymous_3)
FNDA:0,(anonymous_4)
FNDA:0,(anonymous_5)
FNDA:0,(anonymous_6)
FNDA:0,(anonymous_7)
FNDA:0,(anonymous_8)
FNDA:0,(anonymous_9)
FNDA:0,(anonymous_10)
FNDA:0,(anonymous_11)
DA:13,0
DA:14,0
DA:22,0
DA:23,0
DA:32,0
DA:34,0
DA:35,0
DA:38,0
DA:47,0
DA:49,0
DA:50,0
DA:52,0
DA:53,0
DA:54,0
DA:56,0
DA:57,0
DA:61,0
DA:63,0
DA:73,0
DA:75,0
DA:76,0
DA:78,0
DA:79,0
DA:80,0
DA:82,0
DA:83,0
DA:87,0
DA:89,0
DA:98,0
DA:100,0
DA:101,0
DA:104,0
DA:106,0
DA:110,0
DA:112,0
DA:113,0
DA:116,0
DA:118,0
DA:119,0
DA:123,0
DA:124,0
DA:130,0
DA:132,0
DA:136,0
DA:138,0
DA:139,0
DA:143,0
DA:144,0
DA:148,0
DA:149,0
DA:152,0
DA:154,0
LF:52
LH:0
BRDA:34,0,0,0
BRDA:34,0,1,0
BRDA:50,1,0,0
BRDA:50,1,1,0
BRDA:52,2,0,0
BRDA:52,2,1,0
BRDA:53,3,0,0
BRDA:53,3,1,0
BRDA:56,4,0,0
BRDA:56,4,1,0
BRDA:76,5,0,0
BRDA:76,5,1,0
BRDA:76,5,2,0
BRDA:78,6,0,0
BRDA:78,6,1,0
BRDA:79,7,0,0
BRDA:79,7,1,0
BRDA:82,8,0,0
BRDA:82,8,1,0
BRDA:100,9,0,0
BRDA:100,9,1,0
BRDA:112,10,0,0
BRDA:112,10,1,0
BRDA:118,11,0,0
BRDA:118,11,1,0
BRDA:123,12,0,0
BRDA:123,12,1,0
BRDA:138,13,0,0
BRDA:138,13,1,0
BRDA:143,14,0,0
BRDA:143,14,1,0
BRDA:148,15,0,0
BRDA:148,15,1,0
BRF:33
BRH:0
end_of_record
TN:
SF:src\application\services\UserService.js
FN:8,(anonymous_0)
FN:16,(anonymous_1)
FN:19,(anonymous_2)
FN:26,(anonymous_3)
FN:41,(anonymous_4)
FN:72,(anonymous_5)
FNF:6
FNH:0
FNDA:0,(anonymous_0)
FNDA:0,(anonymous_1)
FNDA:0,(anonymous_2)
FNDA:0,(anonymous_3)
FNDA:0,(anonymous_4)
FNDA:0,(anonymous_5)
DA:9,0
DA:17,0
DA:19,0
DA:27,0
DA:28,0
DA:29,0
DA:34,0
DA:35,0
DA:42,0
DA:45,0
DA:46,0
DA:47,0
DA:48,0
DA:54,0
DA:55,0
DA:56,0
DA:57,0
DA:64,0
DA:65,0
DA:66,0
DA:73,0
DA:74,0
DA:75,0
DA:81,0
DA:82,0
LF:25
LH:0
BRDA:28,0,0,0
BRDA:28,0,1,0
BRDA:45,1,0,0
BRDA:45,1,1,0
BRDA:47,2,0,0
BRDA:47,2,1,0
BRDA:47,3,0,0
BRDA:47,3,1,0
BRDA:54,4,0,0
BRDA:54,4,1,0
BRDA:56,5,0,0
BRDA:56,5,1,0
BRDA:56,6,0,0
BRDA:56,6,1,0
BRDA:74,7,0,0
BRDA:74,7,1,0
BRF:16
BRH:0
end_of_record
TN:
SF:src\domain\entities\Team.js
FN:27,(anonymous_0)
FNF:1
FNH:0
FNDA:0,(anonymous_0)
DA:28,0
DA:29,0
DA:30,0
DA:31,0
DA:32,0
DA:33,0
DA:34,0
DA:35,0
DA:36,0
LF:9
LH:0
BRF:0
BRH:0
end_of_record
TN:
SF:src\domain\entities\User.js
FN:68,(anonymous_0)
FN:91,(anonymous_1)
FN:150,(anonymous_2)
FN:158,(anonymous_3)
FN:166,(anonymous_4)
FN:174,(anonymous_5)
FN:182,(anonymous_6)
FN:194,(anonymous_7)
FN:203,(anonymous_8)
FNF:9
FNH:0
FNDA:0,(anonymous_0)
FNDA:0,(anonymous_1)
FNDA:0,(anonymous_2)
FNDA:0,(anonymous_3)
FNDA:0,(anonymous_4)
FNDA:0,(anonymous_5)
FNDA:0,(anonymous_6)
FNDA:0,(anonymous_7)
FNDA:0,(anonymous_8)
DA:69,0
DA:70,0
DA:71,0
DA:72,0
DA:73,0
DA:74,0
DA:75,0
DA:76,0
DA:77,0
DA:78,0
DA:79,0
DA:80,0
DA:81,0
DA:82,0
DA:84,0
DA:92,0
DA:93,0
DA:99,0
DA:100,0
DA:106,0
DA:107,0
DA:113,0
DA:114,0
DA:120,0
DA:121,0
DA:127,0
DA:128,0
DA:134,0
DA:135,0
DA:141,0
DA:142,0
DA:151,0
DA:159,0
DA:167,0
DA:175,0
DA:183,0
DA:195,0
DA:204,0
DA:216,0
DA:217,0
DA:218,0
DA:219,0
DA:220,0
DA:223,0
LF:44
LH:0
BRDA:75,0,0,0
BRDA:75,0,1,0
BRDA:76,1,0,0
BRDA:76,1,1,0
BRDA:81,2,0,0
BRDA:81,2,1,0
BRDA:82,3,0,0
BRDA:82,3,1,0
BRDA:92,4,0,0
BRDA:92,4,1,0
BRDA:99,5,0,0
BRDA:99,5,1,0
BRDA:99,6,0,0
BRDA:99,6,1,0
BRDA:106,7,0,0
BRDA:106,7,1,0
BRDA:113,8,0,0
BRDA:113,8,1,0
BRDA:120,9,0,0
BRDA:120,9,1,0
BRDA:127,10,0,0
BRDA:127,10,1,0
BRDA:127,11,0,0
BRDA:127,11,1,0
BRDA:134,12,0,0
BRDA:134,12,1,0
BRDA:134,13,0,0
BRDA:134,13,1,0
BRDA:141,14,0,0
BRDA:141,14,1,0
BRDA:151,15,0,0
BRDA:151,15,1,0
BRDA:175,16,0,0
BRDA:175,16,1,0
BRDA:184,17,0,0
BRDA:184,17,1,0
BRDA:184,17,2,0
BRDA:195,18,0,0
BRDA:195,18,1,0
BRDA:195,18,2,0
BRDA:203,19,0,0
BRDA:216,20,0,0
BRDA:216,20,1,0
BRF:43
BRH:0
end_of_record
TN:
SF:src\domain\repositories\SessionTokenRepository.js
FN:19,(anonymous_0)
FN:27,(anonymous_1)
FN:35,(anonymous_2)
FN:43,(anonymous_3)
FN:52,(anonymous_4)
FNF:5
FNH:0
FNDA:0,(anonymous_0)
FNDA:0,(anonymous_1)
FNDA:0,(anonymous_2)
FNDA:0,(anonymous_3)
FNDA:0,(anonymous_4)
DA:20,0
DA:28,0
DA:36,0
DA:44,0
DA:53,0
LF:5
LH:0
BRF:0
BRH:0
end_of_record
TN:
SF:src\domain\repositories\TeamRepository.js
FN:17,(anonymous_0)
FN:28,(anonymous_1)
FN:39,(anonymous_2)
FN:51,(anonymous_3)
FN:63,(anonymous_4)
FN:74,(anonymous_5)
FNF:6
FNH:0
FNDA:0,(anonymous_0)
FNDA:0,(anonymous_1)
FNDA:0,(anonymous_2)
FNDA:0,(anonymous_3)
FNDA:0,(anonymous_4)
FNDA:0,(anonymous_5)
DA:18,0
DA:29,0
DA:40,0
DA:52,0
DA:64,0
DA:75,0
LF:6
LH:0
BRF:0
BRH:0
end_of_record
TN:
SF:src\domain\repositories\UserRepository.js
FN:30,(anonymous_0)
FN:41,(anonymous_1)
FN:52,(anonymous_2)
FN:63,(anonymous_3)
FN:75,(anonymous_4)
FN:86,(anonymous_5)
FN:100,(anonymous_6)
FN:111,(anonymous_7)
FN:122,(anonymous_8)
FN:135,(anonymous_9)
FN:147,(anonymous_10)
FN:160,(anonymous_11)
FN:172,(anonymous_12)
FN:182,(anonymous_13)
FNF:14
FNH:0
FNDA:0,(anonymous_0)
FNDA:0,(anonymous_1)
FNDA:0,(anonymous_2)
FNDA:0,(anonymous_3)
FNDA:0,(anonymous_4)
FNDA:0,(anonymous_5)
FNDA:0,(anonymous_6)
FNDA:0,(anonymous_7)
FNDA:0,(anonymous_8)
FNDA:0,(anonymous_9)
FNDA:0,(anonymous_10)
FNDA:0,(anonymous_11)
FNDA:0,(anonymous_12)
FNDA:0,(anonymous_13)
DA:31,0
DA:42,0
DA:53,0
DA:64,0
DA:76,0
DA:87,0
DA:101,0
DA:112,0
DA:123,0
DA:136,0
DA:148,0
DA:161,0
DA:173,0
DA:183,0
LF:14
LH:0
BRDA:100,0,0,0
BRDA:100,1,0,0
BRDA:100,2,0,0
BRDA:100,3,0,0
BRDA:172,4,0,0
BRF:5
BRH:0
end_of_record
TN:
SF:src\infrastructure\app.js
FNF:0
FNH:0
DA:15,0
DA:18,0
DA:21,0
DA:24,0
DA:27,0
DA:30,0
DA:33,0
DA:34,0
DA:38,0
DA:41,0
DA:42,0
DA:46,0
DA:49,0
LF:13
LH:0
BRDA:33,0,0,0
BRDA:33,0,1,0
BRDA:41,1,0,0
BRDA:41,1,1,0
BRF:4
BRH:0
end_of_record
TN:
SF:src\infrastructure\controllers\AuthController.js
FN:7,(anonymous_0)
FN:17,(anonymous_1)
FN:43,(anonymous_2)
FN:139,(anonymous_3)
FN:157,(anonymous_4)
FN:174,(anonymous_5)
FN:199,(anonymous_6)
FN:217,(anonymous_7)
FN:237,(anonymous_8)
FN:256,(anonymous_9)
FNF:10
FNH:0
FNDA:0,(anonymous_0)
FNDA:0,(anonymous_1)
FNDA:0,(anonymous_2)
FNDA:0,(anonymous_3)
FNDA:0,(anonymous_4)
FNDA:0,(anonymous_5)
FNDA:0,(anonymous_6)
FNDA:0,(anonymous_7)
FNDA:0,(anonymous_8)
FNDA:0,(anonymous_9)
DA:8,0
DA:18,0
DA:19,0
DA:20,0
DA:27,0
DA:31,0
DA:33,0
DA:44,0
DA:45,0
DA:48,0
DA:49,0
DA:52,0
DA:55,0
DA:58,0
DA:59,0
DA:66,0
DA:68,0
DA:69,0
DA:70,0
DA:71,0
DA:75,0
DA:77,0
DA:78,0
DA:79,0
DA:80,0
DA:84,0
DA:86,0
DA:87,0
DA:88,0
DA:89,0
DA:99,0
DA:101,0
DA:102,0
DA:103,0
DA:104,0
DA:114,0
DA:116,0
DA:117,0
DA:118,0
DA:119,0
DA:125,0
DA:129,0
DA:140,0
DA:141,0
DA:142,0
DA:145,0
DA:147,0
DA:158,0
DA:159,0
DA:162,0
DA:164,0
DA:175,0
DA:176,0
DA:177,0
DA:178,0
DA:184,0
DA:187,0
DA:189,0
DA:200,0
DA:201,0
DA:202,0
DA:205,0
DA:207,0
DA:218,0
DA:219,0
DA:220,0
DA:223,0
DA:227,0
DA:238,0
DA:239,0
DA:240,0
DA:241,0
DA:244,0
DA:246,0
DA:257,0
DA:258,0
DA:259,0
DA:262,0
DA:266,0
LF:79
LH:0
BRDA:27,0,0,0
BRDA:27,0,1,0
BRDA:45,1,0,0
BRDA:45,1,1,0
BRDA:48,2,0,0
BRDA:48,2,1,0
BRDA:58,3,0,0
BRDA:58,3,1,0
BRDA:66,4,0,0
BRDA:66,4,1,0
BRDA:66,4,2,0
BRDA:66,4,3,0
BRDA:66,4,4,0
BRDA:177,5,0,0
BRDA:177,5,1,0
BRF:15
BRH:0
end_of_record
TN:
SF:src\infrastructure\controllers\TeamController.js
FN:8,(anonymous_0)
FN:18,(anonymous_1)
FN:35,(anonymous_2)
FN:63,(anonymous_3)
FN:81,(anonymous_4)
FN:111,(anonymous_5)
FN:139,(anonymous_6)
FN:169,(anonymous_7)
FNF:8
FNH:0
FNDA:0,(anonymous_0)
FNDA:0,(anonymous_1)
FNDA:0,(anonymous_2)
FNDA:0,(anonymous_3)
FNDA:0,(anonymous_4)
FNDA:0,(anonymous_5)
FNDA:0,(anonymous_6)
FNDA:0,(anonymous_7)
DA:9,0
DA:19,0
DA:20,0
DA:23,0
DA:25,0
DA:36,0
DA:37,0
DA:38,0
DA:40,0
DA:42,0
DA:47,0
DA:51,0
DA:53,0
DA:64,0
DA:65,0
DA:66,0
DA:69,0
DA:71,0
DA:82,0
DA:83,0
DA:84,0
DA:86,0
DA:88,0
DA:90,0
DA:95,0
DA:99,0
DA:101,0
DA:112,0
DA:113,0
DA:114,0
DA:116,0
DA:118,0
DA:123,0
DA:127,0
DA:129,0
DA:140,0
DA:141,0
DA:142,0
DA:144,0
DA:146,0
DA:148,0
DA:153,0
DA:157,0
DA:159,0
DA:170,0
DA:171,0
DA:172,0
DA:174,0
DA:176,0
DA:178,0
DA:183,0
DA:187,0
DA:189,0
LF:53
LH:0
BRDA:40,0,0,0
BRDA:40,0,1,0
BRDA:88,1,0,0
BRDA:88,1,1,0
BRDA:116,2,0,0
BRDA:116,2,1,0
BRDA:146,3,0,0
BRDA:146,3,1,0
BRDA:176,4,0,0
BRDA:176,4,1,0
BRF:10
BRH:0
end_of_record
TN:
SF:src\infrastructure\controllers\UserController.js
FN:6,(anonymous_0)
FN:16,(anonymous_1)
FN:50,(anonymous_2)
FN:78,(anonymous_3)
FN:108,(anonymous_4)
FNF:5
FNH:0
FNDA:0,(anonymous_0)
FNDA:0,(anonymous_1)
FNDA:0,(anonymous_2)
FNDA:0,(anonymous_3)
FNDA:0,(anonymous_4)
DA:7,0
DA:17,0
DA:19,0
DA:20,0
DA:22,0
DA:25,0
DA:36,0
DA:40,0
DA:51,0
DA:52,0
DA:53,0
DA:55,0
DA:57,0
DA:62,0
DA:66,0
DA:68,0
DA:79,0
DA:80,0
DA:81,0
DA:83,0
DA:85,0
DA:87,0
DA:92,0
DA:96,0
DA:98,0
DA:109,0
DA:110,0
DA:111,0
DA:113,0
DA:115,0
DA:120,0
DA:124,0
DA:126,0
LF:33
LH:0
BRDA:19,0,0,0
BRDA:19,0,1,0
BRDA:20,1,0,0
BRDA:20,1,1,0
BRDA:55,2,0,0
BRDA:55,2,1,0
BRDA:85,3,0,0
BRDA:85,3,1,0
BRDA:113,4,0,0
BRDA:113,4,1,0
BRF:10
BRH:0
end_of_record
TN:
SF:src\infrastructure\middleware\auth.js
FN:15,(anonymous_0)
FN:33,(anonymous_1)
FN:93,(anonymous_2)
FN:94,(anonymous_3)
FN:123,(anonymous_4)
FN:131,(anonymous_5)
FNF:6
FNH:0
FNDA:0,(anonymous_0)
FNDA:0,(anonymous_1)
FNDA:0,(anonymous_2)
FNDA:0,(anonymous_3)
FNDA:0,(anonymous_4)
FNDA:0,(anonymous_5)
DA:7,1
DA:8,1
DA:15,1
DA:16,0
DA:17,0
DA:19,0
DA:33,1
DA:34,0
DA:35,0
DA:37,0
DA:38,0
DA:45,0
DA:47,0
DA:48,0
DA:55,0
DA:57,0
DA:65,0
DA:66,0
DA:73,0
DA:74,0
DA:81,0
DA:82,0
DA:84,0
DA:93,1
DA:94,0
DA:95,0
DA:96,0
DA:97,0
DA:104,0
DA:105,0
DA:112,0
DA:114,0
DA:123,1
DA:124,0
DA:131,1
DA:132,0
LF:36
LH:7
BRDA:21,0,0,0
BRDA:21,0,1,0
BRDA:37,1,0,0
BRDA:37,1,1,0
BRDA:47,2,0,0
BRDA:47,2,1,0
BRDA:47,3,0,0
BRDA:47,3,1,0
BRDA:65,4,0,0
BRDA:65,4,1,0
BRDA:73,5,0,0
BRDA:73,5,1,0
BRDA:93,6,0,0
BRDA:96,7,0,0
BRDA:96,7,1,0
BRDA:104,8,0,0
BRDA:104,8,1,0
BRDA:104,9,0,0
BRDA:104,9,1,0
BRF:19
BRH:0
end_of_record
TN:
SF:src\infrastructure\middleware\compression.js
FN:11,(anonymous_0)
FN:14,(anonymous_1)
FN:36,(anonymous_2)
FNF:3
FNH:0
FNDA:0,(anonymous_0)
FNDA:0,(anonymous_1)
FNDA:0,(anonymous_2)
DA:11,1
DA:12,0
DA:16,0
DA:17,0
DA:21,0
DA:36,1
DA:37,0
DA:38,0
DA:46,0
LF:9
LH:2
BRDA:16,0,0,0
BRDA:16,0,1,0
BRDA:37,1,0,0
BRDA:37,1,1,0
BRF:4
BRH:0
end_of_record
TN:
SF:src\infrastructure\middleware\errorHandler.js
FN:20,(anonymous_0)
FN:184,(anonymous_1)
FN:195,(anonymous_2)
FN:195,(anonymous_3)
FN:196,(anonymous_4)
FN:216,(anonymous_5)
FNF:6
FNH:0
FNDA:0,(anonymous_0)
FNDA:0,(anonymous_1)
FNDA:0,(anonymous_2)
FNDA:0,(anonymous_3)
FNDA:0,(anonymous_4)
FNDA:0,(anonymous_5)
DA:20,1
DA:22,0
DA:23,0
DA:27,0
DA:42,0
DA:49,0
DA:52,0
DA:53,0
DA:61,0
DA:62,0
DA:71,0
DA:72,0
DA:86,0
DA:87,0
DA:89,0
DA:106,0
DA:119,0
DA:136,0
DA:137,0
DA:138,0
DA:139,0
DA:143,0
DA:151,0
DA:152,0
DA:155,0
DA:159,0
DA:160,0
DA:184,1
DA:185,0
DA:186,0
DA:195,1
DA:196,0
DA:197,0
DA:206,0
DA:216,1
DA:217,0
LF:36
LH:4
BRDA:22,0,0,0
BRDA:22,0,1,0
BRDA:52,1,0,0
BRDA:52,1,1,0
BRDA:61,2,0,0
BRDA:61,2,1,0
BRDA:71,3,0,0
BRDA:71,3,1,0
BRDA:80,4,0,0
BRDA:80,4,1,0
BRDA:86,5,0,0
BRDA:86,5,1,0
BRDA:87,6,0,0
BRDA:87,6,1,0
BRDA:87,6,2,0
BRDA:98,7,0,0
BRDA:98,7,1,0
BRDA:126,8,0,0
BRDA:126,8,1,0
BRDA:136,9,0,0
BRDA:136,9,1,0
BRDA:137,10,0,0
BRDA:137,10,1,0
BRDA:138,11,0,0
BRDA:138,11,1,0
BRDA:140,12,0,0
BRDA:140,12,1,0
BRDA:140,12,2,0
BRDA:145,13,0,0
BRDA:145,13,1,0
BRDA:151,14,0,0
BRDA:151,14,1,0
BRDA:167,15,0,0
BRDA:167,15,1,0
BRDA:184,16,0,0
BRF:35
BRH:0
end_of_record
TN:
SF:src\infrastructure\middleware\logging.js
FN:11,(anonymous_0)
FN:57,(anonymous_1)
FN:63,(anonymous_2)
FN:87,(anonymous_3)
FN:114,(anonymous_4)
FN:124,(anonymous_5)
FN:140,(anonymous_6)
FN:149,(anonymous_7)
FN:158,(anonymous_8)
FNF:9
FNH:1
FNDA:1,(anonymous_0)
FNDA:0,(anonymous_1)
FNDA:0,(anonymous_2)
FNDA:0,(anonymous_3)
FNDA:0,(anonymous_4)
FNDA:0,(anonymous_5)
FNDA:0,(anonymous_6)
FNDA:0,(anonymous_7)
FNDA:0,(anonymous_8)
DA:3,1
DA:11,1
DA:12,1
DA:13,1
DA:19,0
DA:38,0
DA:39,0
DA:46,0
DA:49,1
DA:57,1
DA:58,0
DA:59,0
DA:61,0
DA:63,0
DA:64,0
DA:66,0
DA:77,0
DA:87,1
DA:88,0
DA:105,0
DA:114,1
DA:115,0
DA:124,1
DA:125,0
DA:140,1
DA:141,0
DA:149,1
DA:150,0
DA:158,1
DA:159,0
LF:30
LH:12
BRDA:12,0,0,1
BRDA:12,0,1,0
BRDA:20,1,0,0
BRDA:20,1,1,0
BRDA:38,2,0,0
BRDA:38,2,1,0
BRDA:114,3,0,0
BRDA:124,4,0,0
BRDA:140,5,0,0
BRDA:149,6,0,0
BRDA:158,7,0,0
BRF:11
BRH:1
end_of_record
TN:
SF:src\infrastructure\middleware\notFoundHandler.js
FN:11,(anonymous_0)
FNF:1
FNH:0
FNDA:0,(anonymous_0)
DA:11,0
DA:12,0
LF:2
LH:0
BRF:0
BRH:0
end_of_record
TN:
SF:src\infrastructure\middleware\requestId.js
FN:11,(anonymous_0)
FNF:1
FNH:0
FNDA:0,(anonymous_0)
DA:11,1
DA:12,0
DA:14,0
DA:17,0
DA:19,0
DA:22,0
DA:23,0
DA:24,0
DA:25,0
LF:9
LH:1
BRDA:14,0,0,0
BRDA:14,0,1,0
BRF:2
BRH:0
end_of_record
TN:
SF:src\infrastructure\middleware\responseHelpers.js
FN:16,(anonymous_0)
FN:44,(anonymous_1)
FN:72,(anonymous_2)
FN:74,(anonymous_3)
FN:75,(anonymous_4)
FNF:5
FNH:0
FNDA:0,(anonymous_0)
FNDA:0,(anonymous_1)
FNDA:0,(anonymous_2)
FNDA:0,(anonymous_3)
FNDA:0,(anonymous_4)
DA:16,1
DA:17,0
DA:27,0
DA:28,0
DA:31,0
DA:44,1
DA:45,0
DA:55,0
DA:56,0
DA:59,0
DA:60,0
DA:63,0
DA:72,1
DA:74,0
DA:75,0
DA:76,0
DA:78,0
LF:17
LH:3
BRDA:16,0,0,0
BRDA:16,1,0,0
BRDA:16,2,0,0
BRDA:24,3,0,0
BRDA:24,3,1,0
BRDA:27,4,0,0
BRDA:27,4,1,0
BRDA:44,5,0,0
BRDA:44,6,0,0
BRDA:52,7,0,0
BRDA:52,7,1,0
BRDA:55,8,0,0
BRDA:55,8,1,0
BRDA:59,9,0,0
BRDA:59,9,1,0
BRF:15
BRH:0
end_of_record
TN:
SF:src\infrastructure\middleware\security.js
FN:21,(anonymous_0)
FN:22,(anonymous_1)
FN:26,(anonymous_2)
FN:35,(anonymous_3)
FN:61,(anonymous_4)
FN:62,(anonymous_5)
FN:82,(anonymous_6)
FN:146,(anonymous_7)
FN:160,(anonymous_8)
FN:198,(anonymous_9)
FN:224,(anonymous_10)
FN:240,(anonymous_11)
FN:254,(anonymous_12)
FN:265,(anonymous_13)
FN:276,(anonymous_14)
FN:287,(anonymous_15)
FN:298,(anonymous_16)
FN:310,(anonymous_17)
FNF:18
FNH:0
FNDA:0,(anonymous_0)
FNDA:0,(anonymous_1)
FNDA:0,(anonymous_2)
FNDA:0,(anonymous_3)
FNDA:0,(anonymous_4)
FNDA:0,(anonymous_5)
FNDA:0,(anonymous_6)
FNDA:0,(anonymous_7)
FNDA:0,(anonymous_8)
FNDA:0,(anonymous_9)
FNDA:0,(anonymous_10)
FNDA:0,(anonymous_11)
FNDA:0,(anonymous_12)
FNDA:0,(anonymous_13)
FNDA:0,(anonymous_14)
FNDA:0,(anonymous_15)
FNDA:0,(anonymous_16)
FNDA:0,(anonymous_17)
DA:21,1
DA:22,0
DA:23,0
DA:25,0
DA:26,0
DA:27,0
DA:28,0
DA:34,0
DA:35,0
DA:36,0
DA:37,0
DA:42,0
DA:44,0
DA:61,1
DA:62,0
DA:63,0
DA:64,0
DA:65,0
DA:67,0
DA:82,1
DA:84,0
DA:87,0
DA:97,0
DA:100,0
DA:103,0
DA:106,0
DA:115,0
DA:118,0
DA:129,0
DA:140,0
DA:143,0
DA:146,0
DA:148,0
DA:151,0
DA:154,0
DA:156,0
DA:160,0
DA:162,0
DA:165,0
DA:168,0
DA:171,0
DA:174,0
DA:175,0
DA:176,0
DA:179,0
DA:182,0
DA:188,0
DA:190,0
DA:194,0
DA:195,0
DA:198,0
DA:202,0
DA:210,0
DA:211,0
DA:212,0
DA:213,0
DA:221,0
DA:222,0
DA:224,0
DA:225,0
DA:230,0
DA:240,1
DA:241,0
DA:245,0
DA:254,1
DA:255,0
DA:256,0
DA:265,1
DA:266,0
DA:267,0
DA:276,1
DA:277,0
DA:278,0
DA:287,1
DA:288,0
DA:289,0
DA:298,1
DA:299,0
DA:300,0
DA:301,0
DA:302,0
DA:303,0
DA:310,1
DA:311,0
DA:312,0
DA:313,0
DA:314,0
DA:315,0
DA:316,0
DA:317,0
LF:90
LH:10
BRDA:25,0,0,0
BRDA:25,0,1,0
BRDA:27,1,0,0
BRDA:27,1,1,0
BRDA:34,2,0,0
BRDA:34,2,1,0
BRDA:36,3,0,0
BRDA:36,3,1,0
BRDA:148,4,0,0
BRDA:148,4,1,0
BRDA:210,5,0,0
BRDA:210,5,1,0
BRDA:212,6,0,0
BRDA:212,6,1,0
BRDA:222,7,0,0
BRDA:222,7,1,0
BRDA:224,8,0,0
BRDA:224,8,1,0
BRF:18
BRH:0
end_of_record
TN:
SF:src\infrastructure\middleware\validation.js
FN:104,(anonymous_0)
FN:148,(anonymous_1)
FN:149,(anonymous_2)
FN:170,(anonymous_3)
FN:206,(anonymous_4)
FN:262,(anonymous_5)
FN:265,(anonymous_6)
FN:282,(anonymous_7)
FN:286,(anonymous_8)
FN:295,(anonymous_9)
FNF:10
FNH:1
FNDA:0,(anonymous_0)
FNDA:7,(anonymous_1)
FNDA:0,(anonymous_2)
FNDA:0,(anonymous_3)
FNDA:0,(anonymous_4)
FNDA:0,(anonymous_5)
FNDA:0,(anonymous_6)
FNDA:0,(anonymous_7)
FNDA:0,(anonymous_8)
FNDA:0,(anonymous_9)
DA:30,1
DA:104,0
DA:148,1
DA:149,7
DA:150,0
DA:151,0
DA:152,0
DA:153,0
DA:161,0
DA:164,0
DA:166,0
DA:168,0
DA:170,0
DA:175,0
DA:182,0
DA:190,1
DA:195,1
DA:200,1
DA:206,1
DA:207,0
DA:208,0
DA:210,0
DA:211,0
DA:219,0
DA:220,0
DA:222,0
DA:224,0
DA:225,0
DA:231,0
DA:238,1
DA:243,1
DA:248,1
DA:253,1
DA:262,1
DA:263,0
DA:265,0
DA:266,0
DA:267,0
DA:270,0
DA:272,0
DA:282,1
DA:283,0
DA:285,0
DA:286,0
DA:287,0
DA:288,0
DA:294,0
DA:295,0
DA:296,0
DA:297,0
DA:302,0
DA:304,0
DA:305,0
LF:53
LH:13
BRDA:152,0,0,0
BRDA:152,0,1,0
BRDA:168,1,0,0
BRDA:168,1,1,0
BRDA:210,2,0,0
BRDA:210,2,1,0
BRDA:224,3,0,0
BRDA:224,3,1,0
BRDA:266,4,0,0
BRDA:266,4,1,0
BRDA:285,5,0,0
BRDA:285,5,1,0
BRDA:287,6,0,0
BRDA:287,6,1,0
BRDA:294,7,0,0
BRDA:294,7,1,0
BRDA:296,8,0,0
BRDA:296,8,1,0
BRF:18
BRH:0
end_of_record
TN:
SF:src\infrastructure\repositories\PrismaSessionTokenRepository.js
FN:9,(anonymous_0)
FN:25,(anonymous_1)
FN:37,(anonymous_2)
FN:42,(anonymous_3)
FN:46,(anonymous_4)
FN:51,(anonymous_5)
FNF:6
FNH:0
FNDA:0,(anonymous_0)
FNDA:0,(anonymous_1)
FNDA:0,(anonymous_2)
FNDA:0,(anonymous_3)
FNDA:0,(anonymous_4)
FNDA:0,(anonymous_5)
DA:10,0
DA:14,0
DA:15,0
DA:26,0
DA:34,0
DA:38,0
DA:39,0
DA:43,0
DA:47,0
DA:48,0
DA:52,0
DA:60,0
LF:12
LH:0
BRDA:14,0,0,0
BRDA:14,0,1,0
BRF:2
BRH:0
end_of_record
TN:
SF:src\infrastructure\repositories\PrismaTeamRepository.js
FN:11,(anonymous_0)
FN:51,(anonymous_1)
FN:55,(anonymous_2)
FN:63,(anonymous_3)
FN:76,(anonymous_4)
FN:81,(anonymous_5)
FN:90,(anonymous_6)
FN:109,(anonymous_7)
FN:127,(anonymous_8)
FN:138,(anonymous_9)
FN:156,(anonymous_10)
FNF:11
FNH:0
FNDA:0,(anonymous_0)
FNDA:0,(anonymous_1)
FNDA:0,(anonymous_2)
FNDA:0,(anonymous_3)
FNDA:0,(anonymous_4)
FNDA:0,(anonymous_5)
FNDA:0,(anonymous_6)
FNDA:0,(anonymous_7)
FNDA:0,(anonymous_8)
FNDA:0,(anonymous_9)
FNDA:0,(anonymous_10)
DA:12,0
DA:21,0
DA:23,0
DA:52,0
DA:55,0
DA:64,0
DA:68,0
DA:77,0
DA:81,0
DA:91,0
DA:100,0
DA:110,0
DA:119,0
DA:128,0
DA:139,0
DA:148,0
DA:157,0
DA:166,0
LF:18
LH:0
BRDA:21,0,0,0
BRDA:21,0,1,0
BRDA:28,1,0,0
BRDA:28,1,1,0
BRDA:29,2,0,0
BRDA:29,2,1,0
BRDA:32,3,0,0
BRDA:32,3,1,0
BRDA:68,4,0,0
BRDA:68,4,1,0
BRF:10
BRH:0
end_of_record
TN:
SF:src\infrastructure\repositories\PrismaUserRepository.js
FN:15,(anonymous_0)
FN:49,(anonymous_1)
FN:51,(anonymous_2)
FN:59,(anonymous_3)
FN:71,(anonymous_4)
FN:83,(anonymous_5)
FN:95,(anonymous_6)
FN:135,(anonymous_7)
FN:166,(anonymous_8)
FN:178,(anonymous_9)
FN:199,(anonymous_10)
FN:218,(anonymous_11)
FN:235,(anonymous_12)
FN:250,(anonymous_13)
FN:268,(anonymous_14)
FN:287,(anonymous_15)
FN:304,(anonymous_16)
FN:330,(anonymous_17)
FNF:18
FNH:1
FNDA:1,(anonymous_0)
FNDA:0,(anonymous_1)
FNDA:0,(anonymous_2)
FNDA:0,(anonymous_3)
FNDA:0,(anonymous_4)
FNDA:0,(anonymous_5)
FNDA:0,(anonymous_6)
FNDA:0,(anonymous_7)
FNDA:0,(anonymous_8)
FNDA:0,(anonymous_9)
FNDA:0,(anonymous_10)
FNDA:0,(anonymous_11)
FNDA:0,(anonymous_12)
FNDA:0,(anonymous_13)
FNDA:0,(anonymous_14)
FNDA:0,(anonymous_15)
FNDA:0,(anonymous_16)
FNDA:0,(anonymous_17)
DA:16,1
DA:25,0
DA:27,0
DA:50,0
DA:51,0
DA:60,0
DA:63,0
DA:72,0
DA:75,0
DA:84,0
DA:87,0
DA:96,0
DA:97,0
DA:99,0
DA:115,0
DA:117,0
DA:118,0
DA:119,0
DA:121,0
DA:122,0
DA:125,0
DA:136,0
DA:149,0
DA:150,0
DA:153,0
DA:158,0
DA:167,0
DA:179,0
DA:189,0
DA:200,0
DA:208,0
DA:219,0
DA:227,0
DA:236,0
DA:242,0
DA:251,0
DA:260,0
DA:269,0
DA:278,0
DA:289,0
DA:302,0
DA:303,0
DA:304,0
DA:305,0
DA:306,0
DA:311,0
DA:312,0
DA:313,0
DA:314,0
DA:315,0
DA:318,0
DA:323,0
DA:331,0
DA:332,0
DA:347,0
DA:349,0
DA:350,0
LF:57
LH:1
BRDA:25,0,0,0
BRDA:25,0,1,0
BRDA:32,1,0,0
BRDA:32,1,1,0
BRDA:33,2,0,0
BRDA:33,2,1,0
BRDA:36,3,0,0
BRDA:36,3,1,0
BRDA:37,4,0,0
BRDA:37,4,1,0
BRDA:38,5,0,0
BRDA:38,5,1,0
BRDA:39,6,0,0
BRDA:39,6,1,0
BRDA:63,7,0,0
BRDA:63,7,1,0
BRDA:75,8,0,0
BRDA:75,8,1,0
BRDA:87,9,0,0
BRDA:87,9,1,0
BRDA:106,10,0,0
BRDA:106,10,1,0
BRDA:117,11,0,0
BRDA:117,11,1,0
BRDA:118,12,0,0
BRDA:118,12,1,0
BRDA:121,13,0,0
BRDA:121,13,1,0
BRDA:149,14,0,0
BRDA:149,14,1,0
BRDA:242,15,0,0
BRDA:242,15,1,0
BRDA:260,16,0,0
BRDA:260,16,1,0
BRDA:278,17,0,0
BRDA:278,17,1,0
BRDA:287,18,0,0
BRDA:303,19,0,0
BRDA:303,19,1,0
BRDA:305,20,0,0
BRDA:305,20,1,0
BRDA:323,21,0,0
BRDA:323,21,1,0
BRF:43
BRH:0
end_of_record
TN:
SF:src\infrastructure\validators\UserValidator.js
FN:16,(anonymous_0)
FN:35,(anonymous_1)
FN:54,(anonymous_2)
FN:67,(anonymous_3)
FN:79,(anonymous_4)
FN:92,(anonymous_5)
FN:118,(anonymous_6)
FN:130,(anonymous_7)
FN:136,(anonymous_8)
FN:142,(anonymous_9)
FN:148,(anonymous_10)
FN:154,(anonymous_11)
FN:160,(anonymous_12)
FN:166,(anonymous_13)
FN:174,(anonymous_14)
FN:184,(anonymous_15)
FN:191,(anonymous_16)
FN:198,(anonymous_17)
FN:205,(anonymous_18)
FNF:19
FNH:0
FNDA:0,(anonymous_0)
FNDA:0,(anonymous_1)
FNDA:0,(anonymous_2)
FNDA:0,(anonymous_3)
FNDA:0,(anonymous_4)
FNDA:0,(anonymous_5)
FNDA:0,(anonymous_6)
FNDA:0,(anonymous_7)
FNDA:0,(anonymous_8)
FNDA:0,(anonymous_9)
FNDA:0,(anonymous_10)
FNDA:0,(anonymous_11)
FNDA:0,(anonymous_12)
FNDA:0,(anonymous_13)
FNDA:0,(anonymous_14)
FNDA:0,(anonymous_15)
FNDA:0,(anonymous_16)
FNDA:0,(anonymous_17)
FNDA:0,(anonymous_18)
DA:18,0
DA:21,0
DA:22,0
DA:25,0
DA:26,0
DA:37,0
DA:40,0
DA:41,0
DA:44,0
DA:45,0
DA:56,0
DA:59,0
DA:68,0
DA:69,0
DA:71,0
DA:81,0
DA:84,0
DA:93,0
DA:94,0
DA:97,0
DA:98,0
DA:102,0
DA:109,0
DA:110,0
DA:120,0
DA:123,0
DA:124,0
DA:132,0
DA:138,0
DA:144,0
DA:150,0
DA:156,0
DA:162,0
DA:167,0
DA:168,0
DA:169,0
DA:175,0
DA:176,0
DA:185,0
DA:186,0
DA:192,0
DA:193,0
DA:199,0
DA:200,0
DA:206,0
DA:207,0
LF:46
LH:0
BRDA:21,0,0,0
BRDA:21,0,1,0
BRDA:21,1,0,0
BRDA:21,1,1,0
BRDA:25,2,0,0
BRDA:25,2,1,0
BRDA:40,3,0,0
BRDA:40,3,1,0
BRDA:40,4,0,0
BRDA:40,4,1,0
BRDA:44,5,0,0
BRDA:44,5,1,0
BRDA:68,6,0,0
BRDA:68,6,1,0
BRDA:93,7,0,0
BRDA:93,7,1,0
BRDA:97,8,0,0
BRDA:97,8,1,0
BRDA:123,9,0,0
BRDA:123,9,1,0
BRDA:168,10,0,0
BRDA:168,10,1,0
BRDA:175,11,0,0
BRDA:175,11,1,0
BRDA:175,12,0,0
BRDA:175,12,1,0
BRDA:185,13,0,0
BRDA:185,13,1,0
BRDA:192,14,0,0
BRDA:192,14,1,0
BRDA:199,15,0,0
BRDA:199,15,1,0
BRDA:206,16,0,0
BRDA:206,16,1,0
BRF:34
BRH:0
end_of_record
TN:
SF:src\shared\constants\apiCodes.js
FNF:0
FNH:0
DA:25,1
DA:109,1
DA:117,1
LF:3
LH:3
BRF:0
BRH:0
end_of_record
TN:
SF:src\shared\constants\apiRoutes.js
FN:45,(anonymous_0)
FN:48,(anonymous_1)
FN:51,(anonymous_2)
FN:53,(anonymous_3)
FN:55,(anonymous_4)
FN:57,(anonymous_5)
FN:59,(anonymous_6)
FN:61,(anonymous_7)
FNF:8
FNH:0
FNDA:0,(anonymous_0)
FNDA:0,(anonymous_1)
FNDA:0,(anonymous_2)
FNDA:0,(anonymous_3)
FNDA:0,(anonymous_4)
FNDA:0,(anonymous_5)
FNDA:0,(anonymous_6)
FNDA:0,(anonymous_7)
DA:1,1
DA:45,1
DA:46,0
DA:48,1
DA:49,0
DA:51,1
DA:53,1
DA:55,1
DA:57,1
DA:59,1
DA:61,1
LF:11
LH:9
BRF:0
BRH:0
end_of_record
TN:
SF:src\shared\constants\appRoutes.js
FNF:0
FNH:0
DA:1,0
LF:1
LH:0
BRF:0
BRH:0
end_of_record
TN:
SF:src\shared\constants\httpStatus.js
FNF:0
FNH:0
DA:5,1
LF:1
LH:1
BRF:0
BRH:0
end_of_record
TN:
SF:src\shared\constants\resources.js
FNF:0
FNH:0
DA:10,1
DA:51,1
LF:2
LH:2
BRF:0
BRH:0
end_of_record
TN:
SF:src\shared\constants\roles.js
FNF:0
FNH:0
DA:18,1
LF:1
LH:1
BRF:0
BRH:0
end_of_record
TN:
SF:src\shared\constants\tokens.js
FNF:0
FNH:0
DA:4,0
LF:1
LH:0
BRF:0
BRH:0
end_of_record
TN:
SF:src\shared\constants\validation.js
FNF:0
FNH:0
DA:7,1
DA:8,1
DA:9,1
DA:10,1
DA:11,1
DA:12,1
DA:13,1
DA:14,1
DA:15,1
DA:16,1
DA:19,1
DA:20,1
DA:21,1
DA:22,1
DA:23,1
DA:28,1
DA:40,1
LF:17
LH:17
BRDA:7,0,0,1
BRDA:7,0,1,1
BRDA:8,1,0,1
BRDA:8,1,1,1
BRDA:9,2,0,1
BRDA:9,2,1,1
BRDA:10,3,0,1
BRDA:10,3,1,1
BRF:8
BRH:8
end_of_record
TN:
SF:src\shared\utils\error.js
FN:19,(anonymous_0)
FN:50,(anonymous_1)
FN:69,(anonymous_2)
FN:86,(anonymous_3)
FN:102,(anonymous_4)
FN:118,(anonymous_5)
FN:134,(anonymous_6)
FNF:7
FNH:0
FNDA:0,(anonymous_0)
FNDA:0,(anonymous_1)
FNDA:0,(anonymous_2)
FNDA:0,(anonymous_3)
FNDA:0,(anonymous_4)
FNDA:0,(anonymous_5)
FNDA:0,(anonymous_6)
DA:19,1
DA:25,0
DA:26,0
DA:27,0
DA:30,0
DA:31,0
DA:32,0
DA:33,0
DA:37,0
DA:40,0
DA:41,0
DA:42,0
DA:50,1
DA:51,0
DA:52,0
DA:54,0
DA:56,0
DA:69,1
DA:70,0
DA:71,0
DA:72,0
DA:74,0
DA:86,1
DA:87,0
DA:88,0
DA:89,0
DA:91,0
DA:102,1
DA:103,0
DA:104,0
DA:105,0
DA:107,0
DA:118,1
DA:119,0
DA:120,0
DA:121,0
DA:123,0
DA:134,1
DA:135,0
DA:136,0
DA:137,0
DA:139,0
LF:42
LH:7
BRDA:21,0,0,0
BRDA:22,1,0,0
BRDA:25,2,0,0
BRDA:25,2,1,0
BRDA:25,3,0,0
BRDA:25,3,1,0
BRDA:28,4,0,0
BRDA:28,4,1,0
BRDA:28,4,2,0
BRDA:30,5,0,0
BRDA:30,5,1,0
BRDA:31,6,0,0
BRDA:31,6,1,0
BRDA:32,7,0,0
BRDA:32,7,1,0
BRDA:38,8,0,0
BRDA:38,8,1,0
BRDA:38,8,2,0
BRDA:51,9,0,0
BRDA:51,9,1,0
BRDA:52,10,0,0
BRDA:52,10,1,0
BRDA:54,11,0,0
BRDA:54,11,1,0
BRDA:54,11,2,0
BRDA:60,12,0,0
BRDA:60,12,1,0
BRF:27
BRH:0
end_of_record
TN:
SF:src\shared\utils\sanitize.js
FN:9,(anonymous_0)
FN:29,(anonymous_1)
FN:39,(anonymous_2)
FN:50,(anonymous_3)
FN:58,(anonymous_4)
FN:81,(anonymous_5)
FN:110,(anonymous_6)
FN:122,(anonymous_7)
FNF:8
FNH:0
FNDA:0,(anonymous_0)
FNDA:0,(anonymous_1)
FNDA:0,(anonymous_2)
FNDA:0,(anonymous_3)
FNDA:0,(anonymous_4)
FNDA:0,(anonymous_5)
FNDA:0,(anonymous_6)
FNDA:0,(anonymous_7)
DA:9,1
DA:10,0
DA:11,0
DA:12,0
DA:19,0
DA:20,0
DA:29,1
DA:30,0
DA:31,0
DA:39,1
DA:40,0
DA:41,0
DA:42,0
DA:50,1
DA:51,0
DA:53,0
DA:54,0
DA:55,0
DA:56,0
DA:57,0
DA:58,0
DA:59,0
DA:60,0
DA:61,0
DA:62,0
DA:64,0
DA:66,0
DA:67,0
DA:68,0
DA:70,0
DA:73,0
DA:81,1
DA:82,0
DA:84,0
DA:85,0
DA:89,0
DA:90,0
DA:94,0
DA:95,0
DA:98,0
DA:100,0
DA:101,0
DA:110,1
DA:111,0
DA:112,0
DA:113,0
DA:115,0
DA:116,0
DA:118,0
DA:119,0
DA:121,0
DA:122,0
DA:124,0
DA:126,0
DA:127,0
LF:55
LH:6
BRDA:10,0,0,0
BRDA:10,0,1,0
BRDA:30,1,0,0
BRDA:30,1,1,0
BRDA:40,2,0,0
BRDA:40,2,1,0
BRDA:40,3,0,0
BRDA:40,3,1,0
BRDA:42,4,0,0
BRDA:42,4,1,0
BRDA:51,5,0,0
BRDA:51,5,1,0
BRDA:51,6,0,0
BRDA:51,6,1,0
BRDA:55,7,0,0
BRDA:55,7,1,0
BRDA:57,8,0,0
BRDA:57,8,1,0
BRDA:59,9,0,0
BRDA:59,9,1,0
BRDA:60,10,0,0
BRDA:60,10,1,0
BRDA:60,11,0,0
BRDA:60,11,1,0
BRDA:61,12,0,0
BRDA:61,12,1,0
BRDA:64,13,0,0
BRDA:64,13,1,0
BRDA:67,14,0,0
BRDA:67,14,1,0
BRDA:67,15,0,0
BRDA:67,15,1,0
BRDA:84,16,0,0
BRDA:84,16,1,0
BRDA:89,17,0,0
BRDA:89,17,1,0
BRDA:94,18,0,0
BRDA:94,18,1,0
BRDA:112,19,0,0
BRDA:112,19,1,0
BRDA:115,20,0,0
BRDA:115,20,1,0
BRDA:118,21,0,0
BRDA:118,21,1,0
BRDA:118,22,0,0
BRDA:118,22,1,0
BRDA:121,23,0,0
BRDA:121,23,1,0
BRF:48
BRH:0
end_of_record
TN:
SF:src\shared\utils\token.js
FN:12,(anonymous_0)
FN:29,(anonymous_1)
FN:48,(anonymous_2)
FN:67,(anonymous_3)
FN:79,(anonymous_4)
FN:95,(anonymous_5)
FNF:6
FNH:1
FNDA:1,(anonymous_0)
FNDA:0,(anonymous_1)
FNDA:0,(anonymous_2)
FNDA:0,(anonymous_3)
FNDA:0,(anonymous_4)
FNDA:0,(anonymous_5)
DA:18,1
DA:19,1
DA:20,1
DA:21,1
DA:30,0
DA:31,0
DA:36,0
DA:49,0
DA:50,0
DA:55,0
DA:68,0
DA:80,0
DA:81,0
DA:83,0
DA:96,0
DA:97,0
DA:99,0
LF:17
LH:4
BRDA:13,0,0,1
BRDA:14,1,0,1
BRDA:15,2,0,1
BRDA:16,3,0,1
BRF:4
BRH:4
end_of_record
